#
# A fatal error has been detected by the Java Runtime Environment:
#
#  EXCEPTION_ACCESS_VIOLATION (0xc0000005) at pc=0x00007ffcdb6ce24e, pid=6084, tid=5772
#
# JRE version: Java(TM) SE Runtime Environment (8.0_20-b26) (build 1.8.0_20-b26)
# Java VM: Java HotSpot(TM) 64-Bit Server VM (25.20-b23 mixed mode windows-amd64 compressed oops)
# Problematic frame:
# C  [ig75icd64.dll+0x4ee24e]
#
# Failed to write core dump. Minidumps are not enabled by default on client versions of Windows
#
# If you would like to submit a bug report, please visit:
#   http://bugreport.sun.com/bugreport/crash.jsp
# The crash happened outside the Java Virtual Machine in native code.
# See problematic frame for where to report the bug.
#

---------------  T H R E A D  ---------------

Current thread (0x00000000195dd800):  JavaThread "AWT-EventQueue-0" [_thread_in_native, id=5772, stack(0x000000001bd50000,0x000000001be50000)]

siginfo: ExceptionCode=0xc0000005, reading address 0x0000000000000000

Registers:
RAX=0x0000000000000000, RBX=0x000000001f56b880, RCX=0x0000000000000018, RDX=0x000000001b257e80
RSP=0x000000001be4cd80, RBP=0x0000000000000000, RSI=0x000000001f56bee0, RDI=0x000000001e7f0b60
R8 =0x0000000000000007, R9 =0x0000000000008000, R10=0x000000001e6da200, R11=0x0000000000000000
R12=0x0000000000000000, R13=0x000000001d039348, R14=0x000000001b24cf78, R15=0x0000000000000000
RIP=0x00007ffcdb6ce24e, EFLAGS=0x0000000000010246

Top of Stack: (sp=0x000000001be4cd80)
0x000000001be4cd80:   000000001e79fb80 000000001f5055f0
0x000000001be4cd90:   000000001f56b880 000000001e7f0b60
0x000000001be4cda0:   000000001e7f0b60 00007ffcdb353732
0x000000001be4cdb0:   000000001f5055f0 000000001e7f0b60
0x000000001be4cdc0:   0000000000000000 000000001e79fb80
0x000000001be4cdd0:   000000001f5055f0 00007ffcdb356d72
0x000000001be4cde0:   0000000000000000 000000001e7bd260
0x000000001be4cdf0:   000000001e6dc2a0 000000001b280ec0
0x000000001be4ce00:   00000000195dd800 0000000000000040
0x000000001be4ce10:   000000001b280ec0 00007ffcdb1f1bee
0x000000001be4ce20:   0000000000000000 000000001f54fe60
0x000000001be4ce30:   000000001b280ec0 000000001b280ec0
0x000000001be4ce40:   0000000000000008 00007ffcdb34fe68
0x000000001be4ce50:   000000001e6da200 0000000000000000
0x000000001be4ce60:   0000000000000038 0000000000000007
0x000000001be4ce70:   0000000000000008 00007ffcdb1f1a1e 

Instructions: (pc=0x00007ffcdb6ce24e)
0x00007ffcdb6ce22e:   00 00 00 00 74 0d 48 8b cf 48 83 c4 20 5f e9 df
0x00007ffcdb6ce23e:   01 00 00 48 83 c4 20 5f c3 48 8b 82 78 7c 02 00
0x00007ffcdb6ce24e:   48 8b 08 48 39 4b 10 77 a8 48 8b 82 78 7c 02 00
0x00007ffcdb6ce25e:   48 8b 08 48 39 4b 18 77 98 80 bf f8 00 00 00 00 


Register to memory mapping:

RAX=0x0000000000000000 is an unknown value
RBX=0x000000001f56b880 is an unknown value
RCX=0x0000000000000018 is an unknown value
RDX=0x000000001b257e80 is an unknown value
RSP=0x000000001be4cd80 is pointing into the stack for thread: 0x00000000195dd800
RBP=0x0000000000000000 is an unknown value
RSI=0x000000001f56bee0 is an unknown value
RDI=0x000000001e7f0b60 is an unknown value
R8 =0x0000000000000007 is an unknown value
R9 =0x0000000000008000 is an unknown value
R10=0x000000001e6da200 is an unknown value
R11=0x0000000000000000 is an unknown value
R12=0x0000000000000000 is an unknown value
R13={method} {0x000000001d039350} 'dispatch_wglDeleteContext0' '(JJ)Z' in 'jogamp/opengl/windows/wgl/WGL'
R14=0x000000001b24cf78 is an unknown value
R15=0x0000000000000000 is an unknown value


Stack: [0x000000001bd50000,0x000000001be50000],  sp=0x000000001be4cd80,  free space=1011k
Native frames: (J=compiled Java code, j=interpreted, Vv=VM code, C=native code)

Java frames: (J=compiled Java code, j=interpreted, Vv=VM code)
j  jogamp.opengl.windows.wgl.WGL.dispatch_wglDeleteContext0(JJ)Z+0
j  jogamp.opengl.windows.wgl.WGL.wglDeleteContext(J)Z+37
j  jogamp.opengl.windows.wgl.WindowsWGLContext.destroyImpl()V+10
j  jogamp.opengl.GLContextImpl.destroy()V+503
j  jogamp.opengl.GLDrawableHelper.disposeGL(Ljavax/media/opengl/GLAutoDrawable;Ljavax/media/opengl/GLContext;Z)V+128
j  javax.media.opengl.awt.GLCanvas$7.run()V+167
J 2895 C1 javax.media.opengl.Threading.invoke(ZLjava/lang/Runnable;Ljava/lang/Object;)V (39 bytes) @ 0x000000000319f9c4 [0x000000000319f6c0+0x304]
j  javax.media.opengl.awt.GLCanvas.destroyImpl(Z)V+9
j  javax.media.opengl.awt.GLCanvas$2.run()V+5
j  com.jogamp.nativewindow.awt.AWTWindowClosingProtocol$WindowClosingAdapter.windowClosing(Ljava/awt/event/WindowEvent;)V+22
j  java.awt.Window.processWindowEvent(Ljava/awt/event/WindowEvent;)V+68
j  javax.swing.JFrame.processWindowEvent(Ljava/awt/event/WindowEvent;)V+2
j  java.awt.Window.processEvent(Ljava/awt/AWTEvent;)V+69
J 3223 C1 java.awt.Component.dispatchEventImpl(Ljava/awt/AWTEvent;)V (883 bytes) @ 0x00000000032f9b64 [0x00000000032f4660+0x5504]
J 3256 C1 java.awt.Container.dispatchEventImpl(Ljava/awt/AWTEvent;)V (129 bytes) @ 0x0000000003333d04 [0x0000000003333bc0+0x144]
j  java.awt.Window.dispatchEventImpl(Ljava/awt/AWTEvent;)V+19
J 2794 C1 java.awt.EventQueue.dispatchEventImpl(Ljava/awt/AWTEvent;Ljava/lang/Object;)V (149 bytes) @ 0x0000000003117b0c [0x0000000003116480+0x168c]
J 2792 C1 java.awt.EventQueue$3.run()Ljava/lang/Void; (60 bytes) @ 0x00000000031158cc [0x00000000031156c0+0x20c]
J 2791 C1 java.awt.EventQueue$3.run()Ljava/lang/Object; (5 bytes) @ 0x0000000003115f8c [0x0000000003115f00+0x8c]
v  ~StubRoutines::call_stub
J 2474  java.security.AccessController.doPrivileged(Ljava/security/PrivilegedAction;Ljava/security/AccessControlContext;)Ljava/lang/Object; (0 bytes) @ 0x0000000003024c66 [0x0000000003024c00+0x66]
J 2545 C1 java.security.ProtectionDomain$1.doIntersectionPrivilege(Ljava/security/PrivilegedAction;Ljava/security/AccessControlContext;Ljava/security/AccessControlContext;)Ljava/lang/Object; (32 bytes) @ 0x0000000003056d9c [0x0000000003056aa0+0x2fc]
J 3226 C1 java.awt.EventQueue$4.run()Ljava/lang/Object; (5 bytes) @ 0x00000000032f2c4c [0x00000000032f2860+0x3ec]
v  ~StubRoutines::call_stub
J 2474  java.security.AccessController.doPrivileged(Ljava/security/PrivilegedAction;Ljava/security/AccessControlContext;)Ljava/lang/Object; (0 bytes) @ 0x0000000003024c66 [0x0000000003024c00+0x66]
J 2619 C1 java.awt.EventQueue.dispatchEvent(Ljava/awt/AWTEvent;)V (80 bytes) @ 0x000000000309c9f4 [0x000000000309bd40+0xcb4]
J 2623 C1 java.awt.EventDispatchThread.pumpOneEventForFilters(I)V (295 bytes) @ 0x000000000309f5dc [0x000000000309da80+0x1b5c]
j  java.awt.EventDispatchThread.pumpEventsForFilter(ILjava/awt/Conditional;Ljava/awt/EventFilter;)V+35
j  java.awt.EventDispatchThread.pumpEventsForHierarchy(ILjava/awt/Conditional;Ljava/awt/Component;)V+11
j  java.awt.EventDispatchThread.pumpEvents(ILjava/awt/Conditional;)V+4
j  java.awt.EventDispatchThread.pumpEvents(Ljava/awt/Conditional;)V+3
j  java.awt.EventDispatchThread.run()V+9
v  ~StubRoutines::call_stub

---------------  P R O C E S S  ---------------

Java Threads: ( => current thread )
  0x0000000019ada800 JavaThread "Abandoned connection cleanup thread" daemon [_thread_blocked, id=6512, stack(0x00000000212b0000,0x00000000213b0000)]
  0x00000000196c2800 JavaThread "Animation Thread-SharedResourceRunner" daemon [_thread_blocked, id=3920, stack(0x000000001c550000,0x000000001c650000)]
  0x00000000026ae000 JavaThread "DestroyJavaVM" [_thread_blocked, id=6632, stack(0x00000000026b0000,0x00000000027b0000)]
  0x00000000195e9000 JavaThread "Animation Thread" [_thread_blocked, id=560, stack(0x000000001c450000,0x000000001c550000)]
  0x00000000195d1000 JavaThread "D3D Screen Updater" daemon [_thread_blocked, id=5076, stack(0x000000001bf50000,0x000000001c050000)]
=>0x00000000195dd800 JavaThread "AWT-EventQueue-0" [_thread_in_native, id=5772, stack(0x000000001bd50000,0x000000001be50000)]
  0x0000000019554800 JavaThread "AWT-Windows" daemon [_thread_in_native, id=5220, stack(0x0000000019ed0000,0x0000000019fd0000)]
  0x0000000019553800 JavaThread "AWT-Shutdown" [_thread_blocked, id=7148, stack(0x0000000019dd0000,0x0000000019ed0000)]
  0x000000001906c000 JavaThread "Java2D Disposer" daemon [_thread_blocked, id=3280, stack(0x0000000019cd0000,0x0000000019dd0000)]
  0x0000000018c90800 JavaThread "Service Thread" daemon [_thread_blocked, id=2180, stack(0x0000000019070000,0x0000000019170000)]
  0x00000000173f5000 JavaThread "C1 CompilerThread2" daemon [_thread_blocked, id=4256, stack(0x0000000018b70000,0x0000000018c70000)]
  0x00000000173f2000 JavaThread "C2 CompilerThread1" daemon [_thread_blocked, id=1924, stack(0x0000000018a70000,0x0000000018b70000)]
  0x00000000173ef000 JavaThread "C2 CompilerThread0" daemon [_thread_blocked, id=3276, stack(0x0000000018970000,0x0000000018a70000)]
  0x00000000173ed800 JavaThread "Attach Listener" daemon [_thread_blocked, id=3704, stack(0x0000000018870000,0x0000000018970000)]
  0x00000000173ec000 JavaThread "Signal Dispatcher" daemon [_thread_blocked, id=3044, stack(0x0000000018770000,0x0000000018870000)]
  0x00000000173b7800 JavaThread "Finalizer" daemon [_thread_blocked, id=1392, stack(0x0000000018670000,0x0000000018770000)]
  0x00000000028a1800 JavaThread "Reference Handler" daemon [_thread_blocked, id=5936, stack(0x0000000018570000,0x0000000018670000)]

Other Threads:
  0x00000000173b5800 VMThread [stack: 0x0000000018470000,0x0000000018570000] [id=4372]
  0x0000000018c93000 WatcherThread [stack: 0x0000000019170000,0x0000000019270000] [id=3312]

VM state:not at safepoint (normal execution)

VM Mutex/Monitor currently owned by a thread: None

Heap:
 PSYoungGen      total 123392K, used 116002K [0x00000000d5e00000, 0x00000000e3b00000, 0x0000000100000000)
  eden space 55296K, 86% used [0x00000000d5e00000,0x00000000d8cc93f0,0x00000000d9400000)
  from space 68096K, 99% used [0x00000000de200000,0x00000000e247f4b0,0x00000000e2480000)
  to   space 79872K, 0% used [0x00000000d9400000,0x00000000d9400000,0x00000000de200000)
 ParOldGen       total 93696K, used 63680K [0x0000000081a00000, 0x0000000087580000, 0x00000000d5e00000)
  object space 93696K, 67% used [0x0000000081a00000,0x00000000858301e0,0x0000000087580000)
 Metaspace       used 22755K, capacity 22979K, committed 23296K, reserved 1071104K
  class space    used 2115K, capacity 2178K, committed 2304K, reserved 1048576K

Card table byte_map: [0x0000000011c70000,0x0000000012070000] byte_map_base: 0x0000000011863000

Marking Bits: (ParMarkBitMap*) 0x0000000077e1b460
 Begin Bits: [0x0000000012720000, 0x00000000146b8000)
 End Bits:   [0x00000000146b8000, 0x0000000016650000)

Polling page: 0x0000000002590000

CodeCache: size=245760Kb used=10538Kb max_used=10879Kb free=235221Kb
 bounds [0x00000000028b0000, 0x0000000003370000, 0x00000000118b0000]
 total_blobs=3911 nmethods=2939 adapters=884
 compilation: enabled

Compilation events (10 events):
Event: 70.017 Thread 0x00000000173f5000 3344       3       controlP5.DropdownList::updateInternalEvents (180 bytes)
Event: 70.026 Thread 0x00000000173f5000 nmethod 3344 0x0000000002d4a790 code [0x0000000002d4aa60, 0x0000000002d4c208]
Event: 70.584 Thread 0x00000000173f2000 3345       4       processing.core.PGraphics::fill (10 bytes)
Event: 70.605 Thread 0x00000000173f2000 nmethod 3345 0x0000000002de5bd0 code [0x0000000002de5d60, 0x0000000002de6248]
Event: 70.942 Thread 0x00000000173f5000 3346   !   3       java.util.concurrent.locks.AbstractQueuedSynchronizer::fullyRelease (54 bytes)
Event: 70.945 Thread 0x00000000173f5000 nmethod 3346 0x0000000002bc2e10 code [0x0000000002bc2fc0, 0x0000000002bc3588]
Event: 71.524 Thread 0x00000000173f5000 3347       3       controlP5.Tooltip::draw (499 bytes)
Event: 71.540 Thread 0x00000000173f5000 nmethod 3347 0x0000000002b099d0 code [0x0000000002b09dc0, 0x0000000002b0c428]
Event: 72.904 Thread 0x00000000173ef000 3348       4       processing.opengl.PJOGL::clearDepth (11 bytes)
Event: 72.934 Thread 0x00000000173ef000 nmethod 3348 0x00000000029b27d0 code [0x00000000029b2980, 0x00000000029b2c60]

GC Heap History (10 events):
Event: 40.117 GC heap before
{Heap before GC invocations=13 (full 1):
 PSYoungGen      total 99840K, used 98658K [0x00000000d5e00000, 0x00000000df580000, 0x0000000100000000)
  eden space 62464K, 100% used [0x00000000d5e00000,0x00000000d9b00000,0x00000000d9b00000)
  from space 37376K, 96% used [0x00000000d9b00000,0x00000000dbe588c0,0x00000000dbf80000)
  to   space 42496K, 0% used [0x00000000dcc00000,0x00000000dcc00000,0x00000000df580000)
 ParOldGen       total 93696K, used 45112K [0x0000000081a00000, 0x0000000087580000, 0x00000000d5e00000)
  object space 93696K, 48% used [0x0000000081a00000,0x000000008460e050,0x0000000087580000)
 Metaspace       used 22154K, capacity 22339K, committed 22704K, reserved 1069056K
  class space    used 2113K, capacity 2178K, committed 2304K, reserved 1048576K
Event: 40.159 GC heap after
Heap after GC invocations=13 (full 1):
 PSYoungGen      total 108032K, used 36162K [0x00000000d5e00000, 0x00000000dfd00000, 0x0000000100000000)
  eden space 65536K, 0% used [0x00000000d5e00000,0x00000000d5e00000,0x00000000d9e00000)
  from space 42496K, 85% used [0x00000000dcc00000,0x00000000def508c0,0x00000000df580000)
  to   space 47104K, 0% used [0x00000000d9e00000,0x00000000d9e00000,0x00000000dcc00000)
 ParOldGen       total 93696K, used 45112K [0x0000000081a00000, 0x0000000087580000, 0x00000000d5e00000)
  object space 93696K, 48% used [0x0000000081a00000,0x000000008460e050,0x0000000087580000)
 Metaspace       used 22154K, capacity 22339K, committed 22704K, reserved 1069056K
  class space    used 2113K, capacity 2178K, committed 2304K, reserved 1048576K
}
Event: 53.650 GC heap before
{Heap before GC invocations=14 (full 1):
 PSYoungGen      total 108032K, used 101698K [0x00000000d5e00000, 0x00000000dfd00000, 0x0000000100000000)
  eden space 65536K, 100% used [0x00000000d5e00000,0x00000000d9e00000,0x00000000d9e00000)
  from space 42496K, 85% used [0x00000000dcc00000,0x00000000def508c0,0x00000000df580000)
  to   space 47104K, 0% used [0x00000000d9e00000,0x00000000d9e00000,0x00000000dcc00000)
 ParOldGen       total 93696K, used 45112K [0x0000000081a00000, 0x0000000087580000, 0x00000000d5e00000)
  object space 93696K, 48% used [0x0000000081a00000,0x000000008460e050,0x0000000087580000)
 Metaspace       used 22248K, capacity 22467K, committed 22704K, reserved 1069056K
  class space    used 2113K, capacity 2178K, committed 2304K, reserved 1048576K
Event: 53.660 GC heap after
Heap after GC invocations=14 (full 1):
 PSYoungGen      total 112640K, used 36162K [0x00000000d5e00000, 0x00000000e0500000, 0x0000000100000000)
  eden space 65536K, 0% used [0x00000000d5e00000,0x00000000d5e00000,0x00000000d9e00000)
  from space 47104K, 76% used [0x00000000d9e00000,0x00000000dc1508c0,0x00000000dcc00000)
  to   space 50176K, 0% used [0x00000000dd400000,0x00000000dd400000,0x00000000e0500000)
 ParOldGen       total 93696K, used 45120K [0x0000000081a00000, 0x0000000087580000, 0x00000000d5e00000)
  object space 93696K, 48% used [0x0000000081a00000,0x0000000084610050,0x0000000087580000)
 Metaspace       used 22248K, capacity 22467K, committed 22704K, reserved 1069056K
  class space    used 2113K, capacity 2178K, committed 2304K, reserved 1048576K
}
Event: 56.526 GC heap before
{Heap before GC invocations=15 (full 1):
 PSYoungGen      total 112640K, used 101698K [0x00000000d5e00000, 0x00000000e0500000, 0x0000000100000000)
  eden space 65536K, 100% used [0x00000000d5e00000,0x00000000d9e00000,0x00000000d9e00000)
  from space 47104K, 76% used [0x00000000d9e00000,0x00000000dc1508c0,0x00000000dcc00000)
  to   space 50176K, 0% used [0x00000000dd400000,0x00000000dd400000,0x00000000e0500000)
 ParOldGen       total 93696K, used 45120K [0x0000000081a00000, 0x0000000087580000, 0x00000000d5e00000)
  object space 93696K, 48% used [0x0000000081a00000,0x0000000084610050,0x0000000087580000)
 Metaspace       used 22433K, capacity 22595K, committed 22784K, reserved 1069056K
  class space    used 2114K, capacity 2178K, committed 2304K, reserved 1048576K
Event: 56.633 GC heap after
Heap after GC invocations=15 (full 1):
 PSYoungGen      total 109056K, used 50168K [0x00000000d5e00000, 0x00000000e1e80000, 0x0000000100000000)
  eden space 58880K, 0% used [0x00000000d5e00000,0x00000000d5e00000,0x00000000d9780000)
  from space 50176K, 99% used [0x00000000dd400000,0x00000000e04fe088,0x00000000e0500000)
  to   space 61952K, 0% used [0x00000000d9780000,0x00000000d9780000,0x00000000dd400000)
 ParOldGen       total 93696K, used 55408K [0x0000000081a00000, 0x0000000087580000, 0x00000000d5e00000)
  object space 93696K, 59% used [0x0000000081a00000,0x000000008501c050,0x0000000087580000)
 Metaspace       used 22433K, capacity 22595K, committed 22784K, reserved 1069056K
  class space    used 2114K, capacity 2178K, committed 2304K, reserved 1048576K
}
Event: 58.898 GC heap before
{Heap before GC invocations=16 (full 1):
 PSYoungGen      total 109056K, used 109048K [0x00000000d5e00000, 0x00000000e1e80000, 0x0000000100000000)
  eden space 58880K, 100% used [0x00000000d5e00000,0x00000000d9780000,0x00000000d9780000)
  from space 50176K, 99% used [0x00000000dd400000,0x00000000e04fe088,0x00000000e0500000)
  to   space 61952K, 0% used [0x00000000d9780000,0x00000000d9780000,0x00000000dd400000)
 ParOldGen       total 93696K, used 55408K [0x0000000081a00000, 0x0000000087580000, 0x00000000d5e00000)
  object space 93696K, 59% used [0x0000000081a00000,0x000000008501c050,0x0000000087580000)
 Metaspace       used 22507K, capacity 22659K, committed 23040K, reserved 1071104K
  class space    used 2115K, capacity 2178K, committed 2304K, reserved 1048576K
Event: 58.972 GC heap after
Heap after GC invocations=16 (full 1):
 PSYoungGen      total 120832K, used 51915K [0x00000000d5e00000, 0x00000000e2480000, 0x0000000100000000)
  eden space 58880K, 0% used [0x00000000d5e00000,0x00000000d5e00000,0x00000000d9780000)
  from space 61952K, 83% used [0x00000000d9780000,0x00000000dca32c30,0x00000000dd400000)
  to   space 68096K, 0% used [0x00000000de200000,0x00000000de200000,0x00000000e2480000)
 ParOldGen       total 93696K, used 61864K [0x0000000081a00000, 0x0000000087580000, 0x00000000d5e00000)
  object space 93696K, 66% used [0x0000000081a00000,0x000000008566a1e0,0x0000000087580000)
 Metaspace       used 22507K, capacity 22659K, committed 23040K, reserved 1071104K
  class space    used 2115K, capacity 2178K, committed 2304K, reserved 1048576K
}
Event: 66.353 GC heap before
{Heap before GC invocations=17 (full 1):
 PSYoungGen      total 120832K, used 110795K [0x00000000d5e00000, 0x00000000e2480000, 0x0000000100000000)
  eden space 58880K, 100% used [0x00000000d5e00000,0x00000000d9780000,0x00000000d9780000)
  from space 61952K, 83% used [0x00000000d9780000,0x00000000dca32c30,0x00000000dd400000)
  to   space 68096K, 0% used [0x00000000de200000,0x00000000de200000,0x00000000e2480000)
 ParOldGen       total 93696K, used 61864K [0x0000000081a00000, 0x0000000087580000, 0x00000000d5e00000)
  object space 93696K, 66% used [0x0000000081a00000,0x000000008566a1e0,0x0000000087580000)
 Metaspace       used 22702K, capacity 22851K, committed 23040K, reserved 1071104K
  class space    used 2115K, capacity 2178K, committed 2304K, reserved 1048576K
Event: 66.499 GC heap after
Heap after GC invocations=17 (full 1):
 PSYoungGen      total 123392K, used 68093K [0x00000000d5e00000, 0x00000000e3b00000, 0x0000000100000000)
  eden space 55296K, 0% used [0x00000000d5e00000,0x00000000d5e00000,0x00000000d9400000)
  from space 68096K, 99% used [0x00000000de200000,0x00000000e247f4b0,0x00000000e2480000)
  to   space 79872K, 0% used [0x00000000d9400000,0x00000000d9400000,0x00000000de200000)
 ParOldGen       total 93696K, used 63680K [0x0000000081a00000, 0x0000000087580000, 0x00000000d5e00000)
  object space 93696K, 67% used [0x0000000081a00000,0x00000000858301e0,0x0000000087580000)
 Metaspace       used 22702K, capacity 22851K, committed 23040K, reserved 1071104K
  class space    used 2115K, capacity 2178K, committed 2304K, reserved 1048576K
}

Deoptimization events (10 events):
Event: 57.164 Thread 0x00000000195dd800 Uncommon trap: reason=class_check action=maybe_recompile pc=0x000000000309865c method=processing.core.PGraphics.textFont(Lprocessing/core/PFont;)V @ 15
Event: 57.164 Thread 0x00000000195dd800 Uncommon trap: reason=bimorphic action=maybe_recompile pc=0x0000000002e451e4 method=java.util.concurrent.ConcurrentHashMap.get(Ljava/lang/Object;)Ljava/lang/Object; @ 149
Event: 57.164 Thread 0x00000000195dd800 Uncommon trap: reason=bimorphic action=maybe_recompile pc=0x0000000002e451e4 method=java.util.concurrent.ConcurrentHashMap.get(Ljava/lang/Object;)Ljava/lang/Object; @ 149
Event: 57.164 Thread 0x00000000195dd800 Uncommon trap: reason=bimorphic action=maybe_recompile pc=0x0000000002e451e4 method=java.util.concurrent.ConcurrentHashMap.get(Ljava/lang/Object;)Ljava/lang/Object; @ 149
Event: 57.164 Thread 0x00000000195dd800 Uncommon trap: reason=bimorphic action=maybe_recompile pc=0x0000000002e451e4 method=java.util.concurrent.ConcurrentHashMap.get(Ljava/lang/Object;)Ljava/lang/Object; @ 149
Event: 57.166 Thread 0x00000000195dd800 Uncommon trap: reason=null_check action=make_not_entrant pc=0x00000000031898bc method=processing.opengl.PGraphicsOpenGL.getFontTexture(Lprocessing/core/PFont;)Lprocessing/opengl/FontTexture; @ 11
Event: 57.189 Thread 0x00000000195dd800 Uncommon trap: reason=predicate action=maybe_recompile pc=0x000000000309aa5c method=processing.core.PGraphics.textLineImpl([CIIFF)V @ 6
Event: 57.322 Thread 0x00000000195dd800 Uncommon trap: reason=class_check action=maybe_recompile pc=0x000000000309865c method=processing.core.PGraphics.textFont(Lprocessing/core/PFont;)V @ 15
Event: 57.382 Thread 0x00000000195dd800 Uncommon trap: reason=class_check action=maybe_recompile pc=0x000000000309865c method=processing.core.PGraphics.textFont(Lprocessing/core/PFont;)V @ 15
Event: 57.383 Thread 0x00000000195dd800 Uncommon trap: reason=class_check action=maybe_recompile pc=0x000000000309865c method=processing.core.PGraphics.textFont(Lprocessing/core/PFont;)V @ 15

Internal exceptions (10 events):
Event: 9.264 Thread 0x00000000195dd800 Exception <a 'java/security/PrivilegedActionException'> (0x00000000d67a5e28) thrown at [D:\re\workspace\8-2-build-windows-amd64-cygwin\jdk8u20\1074\hotspot\src\share\vm\prims\jvm.cpp, line 1275]
Event: 12.248 Thread 0x00000000195dd800 Exception <a 'java/lang/ClassCastException': controlP5.Button cannot be cast to controlP5.ControlGroup> (0x00000000d6d61780) thrown at [D:\re\workspace\8-2-build-windows-amd64-cygwin\jdk8u20\1074\hotspot\src\share\vm\interpreter\interpreterRuntime.cpp, linñ‡&L(@
Event: 12.248 Thread 0x00000000195dd800 Exception <a 'java/lang/reflect/InvocationTargetException'> (0x00000000d6d61ac0) thrown at [D:\re\workspace\8-2-build-windows-amd64-cygwin\jdk8u20\1074\hotspot\src\share\vm\runtime\reflection.cpp, line 1079]
Event: 27.312 Thread 0x00000000195dd800 Exception <a 'java/lang/ClassCastException': controlP5.Button cannot be cast to controlP5.ControlGroup> (0x00000000d991bc90) thrown at [D:\re\workspace\8-2-build-windows-amd64-cygwin\jdk8u20\1074\hotspot\src\share\vm\interpreter\interpreterRuntime.cpp, lin
Event: 27.312 Thread 0x00000000195dd800 Exception <a 'java/lang/reflect/InvocationTargetException'> (0x00000000d991bfd0) thrown at [D:\re\workspace\8-2-build-windows-amd64-cygwin\jdk8u20\1074\hotspot\src\share\vm\runtime\reflection.cpp, line 1079]
Event: 50.357 Thread 0x00000000195dd800 Exception <a 'java/lang/ClassCastException': controlP5.Slider cannot be cast to controlP5.ControlGroup> (0x00000000d8f1ab38) thrown at [D:\re\workspace\8-2-build-windows-amd64-cygwin\jdk8u20\1074\hotspot\src\share\vm\interpreter\interpreterRuntime.cpp, linwón³-I@
Event: 50.357 Thread 0x00000000195dd800 Exception <a 'java/lang/reflect/InvocationTargetException'> (0x00000000d8f1ae78) thrown at [D:\re\workspace\8-2-build-windows-amd64-cygwin\jdk8u20\1074\hotspot\src\share\vm\runtime\reflection.cpp, line 1079]
Event: 55.348 Thread 0x00000000195dd800 Exception <a 'java/security/PrivilegedActionException'> (0x00000000d65c3ea0) thrown at [D:\re\workspace\8-2-build-windows-amd64-cygwin\jdk8u20\1074\hotspot\src\share\vm\prims\jvm.cpp, line 1275]
Event: 55.938 Thread 0x00000000195dd800 Exception <a 'java/security/PrivilegedActionException'> (0x00000000d7b38488) thrown at [D:\re\workspace\8-2-build-windows-amd64-cygwin\jdk8u20\1074\hotspot\src\share\vm\prims\jvm.cpp, line 1275]
Event: 56.830 Thread 0x00000000195dd800 Exception <a 'java/security/PrivilegedActionException'> (0x00000000d6e311e8) thrown at [D:\re\workspace\8-2-build-windows-amd64-cygwin\jdk8u20\1074\hotspot\src\share\vm\prims\jvm.cpp, line 1275]

Events (10 events):
Event: 67.673 Thread 0x00000000173f2000 flushing nmethod 0x0000000002e3ba90
Event: 67.673 Thread 0x00000000173f2000 flushing nmethod 0x0000000002e40590
Event: 67.673 Thread 0x00000000173f2000 flushing nmethod 0x0000000002e45510
Event: 67.673 Thread 0x00000000173f2000 flushing nmethod 0x0000000002e45850
Event: 67.673 Thread 0x00000000173f2000 flushing nmethod 0x0000000002e663d0
Event: 67.674 Thread 0x00000000173f2000 flushing nmethod 0x0000000002e6b750
Event: 67.674 Thread 0x00000000173f2000 flushing nmethod 0x0000000002e6e790
Event: 67.674 Thread 0x00000000173f2000 flushing nmethod 0x0000000002e7c450
Event: 67.674 Thread 0x00000000173f2000 flushing nmethod 0x0000000002e96350
Event: 67.748 Thread 0x00000000173f2000 flushing nmethod 0x0000000002edf910


Dynamic libraries:
0x00007ff7a7120000 - 0x00007ff7a7154000 	C:\Program Files\Java\jdk1.8.0_20\jre\bin\java.exe
0x00007ffcf9470000 - 0x00007ffcf961c000 	C:\Windows\SYSTEM32\ntdll.dll
0x00007ffcf76d0000 - 0x00007ffcf780e000 	C:\Windows\system32\KERNEL32.DLL
0x00007ffcf69d0000 - 0x00007ffcf6ae5000 	C:\Windows\system32\KERNELBASE.dll
0x00007ffcf25c0000 - 0x00007ffcf264e000 	C:\Windows\system32\apphelp.dll
0x00007ffcf3350000 - 0x00007ffcf33a3000 	C:\Windows\AppPatch\AppPatch64\AcGenral.DLL
0x00007ffcf6b60000 - 0x00007ffcf6c0a000 	C:\Windows\system32\msvcrt.dll
0x00007ffcf63f0000 - 0x00007ffcf641e000 	C:\Windows\SYSTEM32\SspiCli.dll
0x00007ffcf7b50000 - 0x00007ffcf7ba4000 	C:\Windows\system32\SHLWAPI.dll
0x00007ffcf9290000 - 0x00007ffcf9407000 	C:\Windows\system32\USER32.dll
0x00007ffcf7330000 - 0x00007ffcf74c4000 	C:\Windows\system32\ole32.dll
0x00007ffcf7d70000 - 0x00007ffcf9288000 	C:\Windows\system32\SHELL32.dll
0x00007ffcf5d80000 - 0x00007ffcf5da1000 	C:\Windows\SYSTEM32\USERENV.dll
0x00007ffcf7610000 - 0x00007ffcf76ba000 	C:\Windows\system32\ADVAPI32.dll
0x00007ffce98e0000 - 0x00007ffce98fe000 	C:\Windows\SYSTEM32\MPR.dll
0x00007ffcf7000000 - 0x00007ffcf7141000 	C:\Windows\system32\RPCRT4.dll
0x00007ffcf6af0000 - 0x00007ffcf6b49000 	C:\Windows\SYSTEM32\sechost.dll
0x00007ffcf6de0000 - 0x00007ffcf6ff1000 	C:\Windows\SYSTEM32\combase.dll
0x00007ffcf6c80000 - 0x00007ffcf6dd1000 	C:\Windows\system32\GDI32.dll
0x00007ffcf65c0000 - 0x00007ffcf65d5000 	C:\Windows\SYSTEM32\profapi.dll
0x00007ffcf5110000 - 0x00007ffcf51c2000 	C:\Windows\SYSTEM32\SHCORE.dll
0x00007ffcf9430000 - 0x00007ffcf9466000 	C:\Windows\system32\IMM32.DLL
0x00007ffcf7c10000 - 0x00007ffcf7d61000 	C:\Windows\system32\MSCTF.dll
0x00007ffcf46c0000 - 0x00007ffcf493b000 	C:\Windows\WinSxS\amd64_microsoft.windows.common-controls_6595b64144ccf1df_6.0.9600.17415_none_6240486fecbd8abb\COMCTL32.dll
0x0000000077560000 - 0x0000000077632000 	C:\Program Files\Java\jdk1.8.0_20\jre\bin\msvcr100.dll
0x0000000077640000 - 0x0000000077e98000 	C:\Program Files\Java\jdk1.8.0_20\jre\bin\server\jvm.dll
0x00007ffcda860000 - 0x00007ffcda869000 	C:\Windows\SYSTEM32\WSOCK32.dll
0x00007ffcf4c30000 - 0x00007ffcf4c52000 	C:\Windows\SYSTEM32\WINMM.dll
0x00007ffcf76c0000 - 0x00007ffcf76c7000 	C:\Windows\system32\PSAPI.DLL
0x00007ffcf6c20000 - 0x00007ffcf6c7a000 	C:\Windows\system32\WS2_32.dll
0x00007ffcf4bd0000 - 0x00007ffcf4bfa000 	C:\Windows\SYSTEM32\WINMMBASE.dll
0x00007ffcf6b50000 - 0x00007ffcf6b59000 	C:\Windows\system32\NSI.dll
0x00007ffcf67a0000 - 0x00007ffcf67ef000 	C:\Windows\SYSTEM32\cfgmgr32.dll
0x00007ffcf53b0000 - 0x00007ffcf53d8000 	C:\Windows\SYSTEM32\DEVOBJ.dll
0x0000000077550000 - 0x000000007755f000 	C:\Program Files\Java\jdk1.8.0_20\jre\bin\verify.dll
0x0000000077520000 - 0x0000000077548000 	C:\Program Files\Java\jdk1.8.0_20\jre\bin\java.dll
0x0000000077500000 - 0x0000000077516000 	C:\Program Files\Java\jdk1.8.0_20\jre\bin\zip.dll
0x0000000077320000 - 0x00000000774b8000 	C:\Program Files\Java\jdk1.8.0_20\jre\bin\awt.dll
0x00007ffcf7540000 - 0x00007ffcf7601000 	C:\Windows\system32\OLEAUT32.dll
0x00007ffcf4970000 - 0x00007ffcf4991000 	C:\Windows\system32\DWMAPI.DLL
0x00007ffcf5230000 - 0x00007ffcf5359000 	C:\Windows\system32\uxtheme.dll
0x00007ffcf5400000 - 0x00007ffcf540b000 	C:\Windows\SYSTEM32\kernel.appcore.dll
0x00007ffcf6490000 - 0x00007ffcf649b000 	C:\Windows\SYSTEM32\CRYPTBASE.dll
0x00007ffcf6420000 - 0x00007ffcf6483000 	C:\Windows\SYSTEM32\bcryptPrimitives.dll
0x00007ffcea560000 - 0x00007ffcea781000 	C:\Windows\system32\d3d9.dll
0x00007ffcf4b50000 - 0x00007ffcf4b5a000 	C:\Windows\SYSTEM32\VERSION.dll
0x00007ffcf3c50000 - 0x00007ffcf3db4000 	C:\Windows\SYSTEM32\nvumdshimx.dll
0x00007ffcf7150000 - 0x00007ffcf732a000 	C:\Windows\system32\SETUPAPI.dll
0x00007ffcf4db0000 - 0x00007ffcf4de2000 	C:\Windows\SYSTEM32\nvinitx.dll
0x00007ffcd83f0000 - 0x00007ffcd970f000 	C:\Windows\system32\igdumdim64.dll
0x00007ffceacc0000 - 0x00007ffceb645000 	C:\Windows\SYSTEM32\igdusc64.dll
0x00000000772d0000 - 0x0000000077317000 	C:\Program Files\Java\jdk1.8.0_20\jre\bin\fontmanager.dll
0x00007ffcf5ff0000 - 0x00007ffcf6010000 	C:\Windows\SYSTEM32\CRYPTSP.dll
0x00007ffcf5a70000 - 0x00007ffcf5aa6000 	C:\Windows\system32\rsaenh.dll
0x00007ffcf60e0000 - 0x00007ffcf6106000 	C:\Windows\SYSTEM32\bcrypt.dll
0x00000000774e0000 - 0x00000000774fa000 	C:\Program Files\Java\jdk1.8.0_20\jre\bin\net.dll
0x00007ffcf5d20000 - 0x00007ffcf5d79000 	C:\Windows\system32\mswsock.dll
0x00007ffcf2750000 - 0x00007ffcf277a000 	C:\Windows\SYSTEM32\IPHLPAPI.DLL
0x00007ffcf2740000 - 0x00007ffcf274a000 	C:\Windows\SYSTEM32\WINNSI.DLL
0x00007ffcee930000 - 0x00007ffcee946000 	C:\Windows\SYSTEM32\dhcpcsvc6.DLL
0x00007ffceeb30000 - 0x00007ffceeb4a000 	C:\Windows\SYSTEM32\dhcpcsvc.DLL
0x00000000774c0000 - 0x00000000774d1000 	C:\Program Files\Java\jdk1.8.0_20\jre\bin\nio.dll
0x00000000637c0000 - 0x00000000637cd000 	C:\Users\Aran\AppData\Local\Temp\jogamp_0000\file_cache\jln5313521118991640371\jln7579885687167666052\gluegen-rt.dll
0x0000000076650000 - 0x0000000076657000 	C:\Program Files\Java\jdk1.8.0_20\jre\bin\jawt.dll
0x000000006a440000 - 0x000000006a44d000 	C:\Users\Aran\AppData\Local\Temp\jogamp_0000\file_cache\jln5313521118991640371\jln7579885687167666052\nativewindow_awt.dll
0x000000006c100000 - 0x000000006c10f000 	C:\Users\Aran\AppData\Local\Temp\jogamp_0000\file_cache\jln5313521118991640371\jln7579885687167666052\nativewindow_win32.dll
0x00007ffce8380000 - 0x00007ffce84ab000 	C:\Windows\SYSTEM32\OpenGL32.dll
0x00007ffcf1030000 - 0x00007ffcf105e000 	C:\Windows\SYSTEM32\GLU32.dll
0x00007ffce3640000 - 0x00007ffce3738000 	C:\Windows\SYSTEM32\DDRAW.dll
0x00007ffcf2f10000 - 0x00007ffcf2f19000 	C:\Windows\SYSTEM32\DCIMAN32.dll
0x0000000064500000 - 0x00000000645a0000 	C:\Users\Aran\AppData\Local\Temp\jogamp_0000\file_cache\jln5313521118991640371\jln7579885687167666052\jogl_desktop.dll
0x00007ffcf4c60000 - 0x00007ffcf4cbb000 	C:\Windows\system32\NV\nvoglshim64.dll
0x00007ffcdb1e0000 - 0x00007ffcdba64000 	C:\Windows\system32\ig75icd64.dll
0x00007ffcf6560000 - 0x00007ffcf65a6000 	C:\Windows\SYSTEM32\powrprof.dll
0x0000000077280000 - 0x00000000772c1000 	C:\Program Files\Java\jdk1.8.0_20\jre\bin\t2k.dll
0x00007ffcf5b90000 - 0x00007ffcf5c34000 	C:\Windows\SYSTEM32\DNSAPI.dll
0x00007ffceca10000 - 0x00007ffceca1a000 	C:\Windows\System32\rasadhlp.dll
0x00007ffceea00000 - 0x00007ffceea6b000 	C:\Windows\System32\fwpuclnt.dll
0x00007ffcf3980000 - 0x00007ffcf3b0a000 	C:\Windows\SYSTEM32\dbghelp.dll

VM Arguments:
jvm_args: -Dfile.encoding=UTF-8 
java_command: programmingproject.ProgrammingProject
java_class_path (initial): C:\Users\Aran\Documents\NetBeansProjects\programming-project-group-3\ProgrammingProject\lib\core.jar;C:\Users\Aran\Documents\NetBeansProjects\programming-project-group-3\ProgrammingProject\lib\gluegen-rt-natives-linux-amd64.jar;C:\Users\Aran\Documents\NetBeansProjects\programming-project-group-3\ProgrammingProject\lib\gluegen-rt-natives-linux-armv6hf.jar;C:\Users\Aran\Documents\NetBeansProjects\programming-project-group-3\ProgrammingProject\lib\gluegen-rt-natives-linux-i586.jar;C:\Users\Aran\Documents\NetBeansProjects\programming-project-group-3\ProgrammingProject\lib\gluegen-rt-natives-macosx-universal.jar;C:\Users\Aran\Documents\NetBeansProjects\programming-project-group-3\ProgrammingProject\lib\gluegen-rt-natives-windows-amd64.jar;C:\Users\Aran\Documents\NetBeansProjects\programming-project-group-3\ProgrammingProject\lib\gluegen-rt-natives-windows-i586.jar;C:\Users\Aran\Documents\NetBeansProjects\programming-project-group-3\ProgrammingProject\lib\gluegen-rt.jar;C:\Users\Aran\Documents\NetBeansProjects\programming-project-group-3\ProgrammingProject\lib\jogl-all-natives-linux-amd64.jar;C:\Users\Aran\Documents\NetBeansProjects\programming-project-group-3\ProgrammingProject\lib\jogl-all-natives-linux-armv6hf.jar;C:\Users\Aran\Documents\NetBeansProjects\programming-project-group-3\ProgrammingProject\lib\jogl-all-natives-linux-i586.jar;C:\Users\Aran\Documents\NetBeansProjects\programming-project-group-3\ProgrammingProject\lib\jogl-all-natives-macosx-universal.jar;C:\Users\Aran\Documents\NetBeansProjects\programming-project-group-3\ProgrammingProject\lib\jogl-all-natives-windows-amd64.jar;C:\Users\Aran\Documents\NetBeansProjects\programming-project-group-3\ProgrammingProject\lib\jogl-all-natives-windows-i586.jar;C:\Users\Aran\Documents\NetBeansProjects\programming-project-group-3\ProgrammingProject\lib\jogl-all.jar;C:\Users\Aran\Documents\NetBeansProjects\programming-project-group-3\ProgrammingProject\lib\mysql-connector-java-5.1.34-bin.jar;
Launcher Type: SUN_STANDARD

Environment Variables:
PATH=C:\Users\Aran\Documents\Enviroment Variables;C:\Program Files\Haskell Platform\2014.2.0.0\bin;C:\Program Files\Haskell Platform\2014.2.0.0\lib\extralibs\bin;C:\Program Files\Haskell Platform\2014.2.0.0\bin;C:\Python34;C:\Program Files\Java\jdk1.8.0_20\bin;C:\ProgramData\Oracle\Java\javapath;C:\Windows\system32;C:\Windows;C:\Windows\System32\Wbem;C:\Windows\System32\WindowsPowerShell\v1.0\;C:\Program Files\Haskell Platform\2014.2.0.0\mingw\bin;C:\Program Files (x86)\MiKTeX 2.9\miktex\bin\;C:\Program Files (x86)\Windows Kits\8.1\Windows Performance Toolkit\;C:\Program Files\Microsoft SQL Server\110\Tools\Binn\;C:\Program Files (x86)\Microsoft SDKs\TypeScript\1.0\;C:\Program Files\Microsoft SQL Server\120\Tools\Binn\;C:\Program Files (x86)\Windows Live\Shared;C:\Program Files\MATLAB\R2014b\bin;C:\Program Files (x86)\Git\cmd;C:\Users\Aran\AppData\Roaming\cabal\bin;.;
USERNAME=Aran
OS=Windows_NT
PROCESSOR_IDENTIFIER=Intel64 Family 6 Model 60 Stepping 3, GenuineIntel



---------------  S Y S T E M  ---------------

OS: Windows 8.1 , 64 bit Build 9600 

CPU:total 4 (2 cores per cpu, 2 threads per core) family 6 model 60 stepping 3, cmov, cx8, fxsr, mmx, sse, sse2, sse3, ssse3, sse4.1, sse4.2, popcnt, avx, avx2, aes, clmul, erms, lzcnt, ht, tsc, tscinvbit, bmi1, bmi2

Memory: 4k page, physical 8281560k(3621884k free), swap 15187644k(8622800k free)

vm_info: Java HotSpot(TM) 64-Bit Server VM (25.20-b23) for windows-amd64 JRE (1.8.0_20-b26), built on Jul 30 2014 13:51:23 by "java_re" with MS VC++ 10.0 (VS2010)

time: Sun Mar 22 00:10:49 2015
elapsed time: 73 seconds (0d 0h 1m 13s)

