#
# A fatal error has been detected by the Java Runtime Environment:
#
#  EXCEPTION_ACCESS_VIOLATION (0xc0000005) at pc=0x00007ffcdb6ce24e, pid=4324, tid=4568
#
# JRE version: Java(TM) SE Runtime Environment (8.0_20-b26) (build 1.8.0_20-b26)
# Java VM: Java HotSpot(TM) 64-Bit Server VM (25.20-b23 mixed mode windows-amd64 compressed oops)
# Problematic frame:
# C  [ig75icd64.dll+0x4ee24e]
#
# Failed to write core dump. Minidumps are not enabled by default on client versions of Windows
#
# If you would like to submit a bug report, please visit:
#   http://bugreport.sun.com/bugreport/crash.jsp
# The crash happened outside the Java Virtual Machine in native code.
# See problematic frame for where to report the bug.
#

---------------  T H R E A D  ---------------

Current thread (0x0000000019bd9800):  JavaThread "AWT-EventQueue-0" [_thread_in_native, id=4568, stack(0x000000001c370000,0x000000001c470000)]

siginfo: ExceptionCode=0xc0000005, reading address 0x0000000000000000

Registers:
RAX=0x0000000000000000, RBX=0x000000002d2d9d70, RCX=0x0000000000000018, RDX=0x000000001c9bbf40
RSP=0x000000001c46c830, RBP=0x0000000000000000, RSI=0x000000002d2d9ef0, RDI=0x000000001b8515c0
R8 =0x0000000000000007, R9 =0x0000000000008000, R10=0x00000000010c0cc0, R11=0x000000001b89be10
R12=0x0000000000000000, R13=0x000000001d7255f0, R14=0x000000001b846658, R15=0x0000000000001680
RIP=0x00007ffcdb6ce24e, EFLAGS=0x0000000000010246

Top of Stack: (sp=0x000000001c46c830)
0x000000001c46c830:   0000000000000003 00007ffcdb56f1c4
0x000000001c46c840:   0000000000001678 0000000000000000
0x000000001c46c850:   000000001b872290 00007ffcdb35c76d
0x000000001c46c860:   000000002d1fc140 000000001c9e4e00
0x000000001c46c870:   000000001b8515c0 0000000000000000
0x000000001c46c880:   000000001b8515c0 00007ffcdb359917
0x000000001c46c890:   000000002d2d32f8 000000002d1fc140
0x000000001c46c8a0:   00007ffcdb7c2140 000000001c9e4e00
0x000000001c46c8b0:   000000002d2d3280 00007ffcdb359ff3
0x000000001c46c8c0:   000000001c9e4e00 000000000000000b
0x000000001c46c8d0:   000000001c9e4e00 0000000000000000
0x000000001c46c8e0:   000000001c9e4e00 00007ffcdb35bfb1
0x000000001c46c8f0:   000000002d32ce30 000000002d2b5ba0
0x000000001c46c900:   0000000000001678 0000000000000000
0x000000001c46c910:   000000002d32cde0 00007ffcdb35c548
0x000000001c46c920:   000000001f5d9340 000000001c9e4e00 

Instructions: (pc=0x00007ffcdb6ce24e)
0x00007ffcdb6ce22e:   00 00 00 00 74 0d 48 8b cf 48 83 c4 20 5f e9 df
0x00007ffcdb6ce23e:   01 00 00 48 83 c4 20 5f c3 48 8b 82 78 7c 02 00
0x00007ffcdb6ce24e:   48 8b 08 48 39 4b 10 77 a8 48 8b 82 78 7c 02 00
0x00007ffcdb6ce25e:   48 8b 08 48 39 4b 18 77 98 80 bf f8 00 00 00 00 


Register to memory mapping:

RAX=0x0000000000000000 is an unknown value
RBX=0x000000002d2d9d70 is an unknown value
RCX=0x0000000000000018 is an unknown value
RDX=0x000000001c9bbf40 is an unknown value
RSP=0x000000001c46c830 is pointing into the stack for thread: 0x0000000019bd9800
RBP=0x0000000000000000 is an unknown value
RSI=0x000000002d2d9ef0 is an unknown value
RDI=0x000000001b8515c0 is an unknown value
R8 =0x0000000000000007 is an unknown value
R9 =0x0000000000008000 is an unknown value
R10=0x00000000010c0cc0 is an unknown value
R11=0x000000001b89be10 is an unknown value
R12=0x0000000000000000 is an unknown value
R13={method} {0x000000001d7255f8} 'dispatch_wglDeleteContext0' '(JJ)Z' in 'jogamp/opengl/windows/wgl/WGL'
R14=0x000000001b846658 is an unknown value
R15=0x0000000000001680 is an unknown value


Stack: [0x000000001c370000,0x000000001c470000],  sp=0x000000001c46c830,  free space=1010k
Native frames: (J=compiled Java code, j=interpreted, Vv=VM code, C=native code)

Java frames: (J=compiled Java code, j=interpreted, Vv=VM code)
j  jogamp.opengl.windows.wgl.WGL.dispatch_wglDeleteContext0(JJ)Z+0
j  jogamp.opengl.windows.wgl.WGL.wglDeleteContext(J)Z+37
j  jogamp.opengl.windows.wgl.WindowsWGLContext.destroyImpl()V+10
j  jogamp.opengl.GLContextImpl.destroy()V+503
j  jogamp.opengl.GLDrawableHelper.disposeGL(Ljavax/media/opengl/GLAutoDrawable;Ljavax/media/opengl/GLContext;Z)V+128
j  javax.media.opengl.awt.GLCanvas$7.run()V+167
J 2919 C1 javax.media.opengl.Threading.invoke(ZLjava/lang/Runnable;Ljava/lang/Object;)V (39 bytes) @ 0x00000000035853c4 [0x00000000035850c0+0x304]
j  javax.media.opengl.awt.GLCanvas.destroyImpl(Z)V+9
j  javax.media.opengl.awt.GLCanvas$2.run()V+5
j  com.jogamp.nativewindow.awt.AWTWindowClosingProtocol$WindowClosingAdapter.windowClosing(Ljava/awt/event/WindowEvent;)V+22
j  java.awt.Window.processWindowEvent(Ljava/awt/event/WindowEvent;)V+68
j  javax.swing.JFrame.processWindowEvent(Ljava/awt/event/WindowEvent;)V+2
j  java.awt.Window.processEvent(Ljava/awt/AWTEvent;)V+69
J 3148 C1 java.awt.Component.dispatchEventImpl(Ljava/awt/AWTEvent;)V (883 bytes) @ 0x0000000003649c24 [0x0000000003644720+0x5504]
j  java.awt.Container.dispatchEventImpl(Ljava/awt/AWTEvent;)V+42
j  java.awt.Window.dispatchEventImpl(Ljava/awt/AWTEvent;)V+19
J 2828 C1 java.awt.EventQueue.dispatchEventImpl(Ljava/awt/AWTEvent;Ljava/lang/Object;)V (149 bytes) @ 0x000000000353418c [0x0000000003532b00+0x168c]
J 2826 C1 java.awt.EventQueue$3.run()Ljava/lang/Void; (60 bytes) @ 0x0000000003531f4c [0x0000000003531d40+0x20c]
J 2825 C1 java.awt.EventQueue$3.run()Ljava/lang/Object; (5 bytes) @ 0x00000000035319cc [0x0000000003531940+0x8c]
v  ~StubRoutines::call_stub
J 2264  java.security.AccessController.doPrivileged(Ljava/security/PrivilegedAction;Ljava/security/AccessControlContext;)Ljava/lang/Object; (0 bytes) @ 0x000000000329eee6 [0x000000000329ee80+0x66]
J 2295 C1 java.security.ProtectionDomain$1.doIntersectionPrivilege(Ljava/security/PrivilegedAction;Ljava/security/AccessControlContext;Ljava/security/AccessControlContext;)Ljava/lang/Object; (32 bytes) @ 0x00000000032d009c [0x00000000032cfda0+0x2fc]
J 3467 C1 java.awt.EventQueue$4.run()Ljava/lang/Object; (5 bytes) @ 0x0000000002e4af4c [0x0000000002e4ab60+0x3ec]
v  ~StubRoutines::call_stub
J 2264  java.security.AccessController.doPrivileged(Ljava/security/PrivilegedAction;Ljava/security/AccessControlContext;)Ljava/lang/Object; (0 bytes) @ 0x000000000329eee6 [0x000000000329ee80+0x66]
J 2615 C1 java.awt.EventQueue.dispatchEvent(Ljava/awt/AWTEvent;)V (80 bytes) @ 0x0000000003437534 [0x0000000003436880+0xcb4]
J 2620 C1 java.awt.EventDispatchThread.pumpOneEventForFilters(I)V (295 bytes) @ 0x000000000345ff5c [0x000000000345e400+0x1b5c]
j  java.awt.EventDispatchThread.pumpEventsForFilter(ILjava/awt/Conditional;Ljava/awt/EventFilter;)V+35
j  java.awt.EventDispatchThread.pumpEventsForHierarchy(ILjava/awt/Conditional;Ljava/awt/Component;)V+11
j  java.awt.EventDispatchThread.pumpEvents(ILjava/awt/Conditional;)V+4
j  java.awt.EventDispatchThread.pumpEvents(Ljava/awt/Conditional;)V+3
j  java.awt.EventDispatchThread.run()V+9
v  ~StubRoutines::call_stub

---------------  P R O C E S S  ---------------

Java Threads: ( => current thread )
  0x000000001da2b800 JavaThread "Abandoned connection cleanup thread" daemon [_thread_blocked, id=2788, stack(0x0000000021950000,0x0000000021a50000)]
  0x000000001a1a0000 JavaThread "Animation Thread-SharedResourceRunner" daemon [_thread_blocked, id=3772, stack(0x000000001e780000,0x000000001e880000)]
  0x000000000128e000 JavaThread "DestroyJavaVM" [_thread_blocked, id=5744, stack(0x00000000029f0000,0x0000000002af0000)]
  0x0000000019c04800 JavaThread "Animation Thread" [_thread_blocked, id=4660, stack(0x000000001d2b0000,0x000000001d3b0000)]
  0x0000000019bf5000 JavaThread "D3D Screen Updater" daemon [_thread_blocked, id=4108, stack(0x000000001c570000,0x000000001c670000)]
=>0x0000000019bd9800 JavaThread "AWT-EventQueue-0" [_thread_in_native, id=4568, stack(0x000000001c370000,0x000000001c470000)]
  0x000000001937e000 JavaThread "AWT-Windows" daemon [_thread_in_native, id=4244, stack(0x000000001a4f0000,0x000000001a5f0000)]
  0x000000001937d800 JavaThread "AWT-Shutdown" [_thread_blocked, id=3300, stack(0x000000001a3f0000,0x000000001a4f0000)]
  0x000000001937a800 JavaThread "Java2D Disposer" daemon [_thread_blocked, id=1528, stack(0x000000001a2f0000,0x000000001a3f0000)]
  0x000000001778c800 JavaThread "Service Thread" daemon [_thread_blocked, id=5212, stack(0x0000000019380000,0x0000000019480000)]
  0x0000000017732000 JavaThread "C1 CompilerThread2" daemon [_thread_blocked, id=5804, stack(0x0000000018e80000,0x0000000018f80000)]
  0x000000001772f000 JavaThread "C2 CompilerThread1" daemon [_thread_blocked, id=2128, stack(0x0000000018d80000,0x0000000018e80000)]
  0x0000000017739800 JavaThread "C2 CompilerThread0" daemon [_thread_blocked, id=3796, stack(0x0000000018c80000,0x0000000018d80000)]
  0x0000000017737000 JavaThread "Attach Listener" daemon [_thread_blocked, id=3388, stack(0x0000000018b80000,0x0000000018c80000)]
  0x0000000017736000 JavaThread "Signal Dispatcher" daemon [_thread_blocked, id=5276, stack(0x0000000018a80000,0x0000000018b80000)]
  0x0000000002be7000 JavaThread "Finalizer" daemon [_thread_blocked, id=5656, stack(0x0000000018980000,0x0000000018a80000)]
  0x0000000002bde000 JavaThread "Reference Handler" daemon [_thread_blocked, id=5908, stack(0x0000000018880000,0x0000000018980000)]

Other Threads:
  0x00000000176f5800 VMThread [stack: 0x0000000018780000,0x0000000018880000] [id=4296]
  0x0000000018fa2000 WatcherThread [stack: 0x0000000019480000,0x0000000019580000] [id=3340]

VM state:not at safepoint (normal execution)

VM Mutex/Monitor currently owned by a thread: None

Heap:
 PSYoungGen      total 457728K, used 351608K [0x00000000d5e00000, 0x0000000100000000, 0x0000000100000000)
  eden space 251904K, 81% used [0x00000000d5e00000,0x00000000e26677b8,0x00000000e5400000)
  from space 205824K, 71% used [0x00000000f3700000,0x00000000fc5f6b38,0x0000000100000000)
  to   space 219136K, 0% used [0x00000000e5400000,0x00000000e5400000,0x00000000f2a00000)
 ParOldGen       total 502784K, used 319346K [0x0000000081a00000, 0x00000000a0500000, 0x00000000d5e00000)
  object space 502784K, 63% used [0x0000000081a00000,0x00000000951dca98,0x00000000a0500000)
 Metaspace       used 22700K, capacity 22857K, committed 23040K, reserved 1071104K
  class space    used 2126K, capacity 2179K, committed 2304K, reserved 1048576K

Card table byte_map: [0x0000000011fb0000,0x00000000123b0000] byte_map_base: 0x0000000011ba3000

Marking Bits: (ParMarkBitMap*) 0x0000000077e1b460
 Begin Bits: [0x0000000012a60000, 0x00000000149f8000)
 End Bits:   [0x00000000149f8000, 0x0000000016990000)

Polling page: 0x0000000001120000

CodeCache: size=245760Kb used=10743Kb max_used=10764Kb free=235016Kb
 bounds [0x0000000002bf0000, 0x0000000003690000, 0x0000000011bf0000]
 total_blobs=3938 nmethods=2968 adapters=883
 compilation: enabled

Compilation events (10 events):
Event: 221.828 Thread 0x0000000017732000 nmethod 3511 0x000000000366e990 code [0x000000000366edc0, 0x0000000003671808]
Event: 221.909 Thread 0x000000001772f000 nmethod 3510 0x0000000003678790 code [0x0000000003678c00, 0x000000000367d1e8]
Event: 222.174 Thread 0x0000000017739800 3513  s    4       java.util.Vector::iterator (10 bytes)
Event: 222.179 Thread 0x0000000017739800 nmethod 3513 0x0000000003665150 code [0x00000000036652a0, 0x0000000003665608]
Event: 222.517 Thread 0x0000000017732000 3514  s    3       sun.awt.im.InputContext::getInputMethod (34 bytes)
Event: 222.534 Thread 0x0000000017732000 nmethod 3514 0x0000000003664ad0 code [0x0000000003664c40, 0x0000000003665088]
Event: 228.099 Thread 0x000000001772f000 3515       4       java.util.WeakHashMap::put (162 bytes)
Event: 228.127 Thread 0x000000001772f000 nmethod 3515 0x00000000036763d0 code [0x0000000003676540, 0x0000000003676978]
Event: 230.654 Thread 0x0000000017732000 3516       3       java.lang.reflect.Field::setBoolean (52 bytes)
Event: 230.656 Thread 0x0000000017732000 nmethod 3516 0x00000000036661d0 code [0x00000000036663a0, 0x00000000036669e8]

GC Heap History (10 events):
Event: 94.123 GC heap before
{Heap before GC invocations=15 (full 2):
 PSYoungGen      total 279040K, used 279015K [0x00000000d5e00000, 0x00000000f1300000, 0x0000000100000000)
  eden space 176128K, 100% used [0x00000000d5e00000,0x00000000e0a00000,0x00000000e0a00000)
  from space 102912K, 99% used [0x00000000e7f80000,0x00000000ee3f9d40,0x00000000ee400000)
  to   space 120320K, 0% used [0x00000000e0a00000,0x00000000e0a00000,0x00000000e7f80000)
 ParOldGen       total 295936K, used 204734K [0x0000000081a00000, 0x0000000093b00000, 0x00000000d5e00000)
  object space 295936K, 69% used [0x0000000081a00000,0x000000008e1efbb8,0x0000000093b00000)
 Metaspace       used 22264K, capacity 22467K, committed 22704K, reserved 1069056K
  class space    used 2110K, capacity 2178K, committed 2304K, reserved 1048576K
Event: 94.405 GC heap after
Heap after GC invocations=15 (full 2):
 PSYoungGen      total 296448K, used 119755K [0x00000000d5e00000, 0x00000000f5580000, 0x0000000100000000)
  eden space 176128K, 0% used [0x00000000d5e00000,0x00000000d5e00000,0x00000000e0a00000)
  from space 120320K, 99% used [0x00000000e0a00000,0x00000000e7ef2cf0,0x00000000e7f80000)
  to   space 140800K, 0% used [0x00000000ecc00000,0x00000000ecc00000,0x00000000f5580000)
 ParOldGen       total 295936K, used 204734K [0x0000000081a00000, 0x0000000093b00000, 0x00000000d5e00000)
  object space 295936K, 69% used [0x0000000081a00000,0x000000008e1efbb8,0x0000000093b00000)
 Metaspace       used 22264K, capacity 22467K, committed 22704K, reserved 1069056K
  class space    used 2110K, capacity 2178K, committed 2304K, reserved 1048576K
}
Event: 155.751 GC heap before
{Heap before GC invocations=16 (full 2):
 PSYoungGen      total 296448K, used 295883K [0x00000000d5e00000, 0x00000000f5580000, 0x0000000100000000)
  eden space 176128K, 100% used [0x00000000d5e00000,0x00000000e0a00000,0x00000000e0a00000)
  from space 120320K, 99% used [0x00000000e0a00000,0x00000000e7ef2cf0,0x00000000e7f80000)
  to   space 140800K, 0% used [0x00000000ecc00000,0x00000000ecc00000,0x00000000f5580000)
 ParOldGen       total 295936K, used 204734K [0x0000000081a00000, 0x0000000093b00000, 0x00000000d5e00000)
  object space 295936K, 69% used [0x0000000081a00000,0x000000008e1efbb8,0x0000000093b00000)
 Metaspace       used 22466K, capacity 22665K, committed 23040K, reserved 1071104K
  class space    used 2125K, capacity 2179K, committed 2304K, reserved 1048576K
Event: 156.090 GC heap after
Heap after GC invocations=16 (full 2):
 PSYoungGen      total 362496K, used 110249K [0x00000000d5e00000, 0x00000000f6680000, 0x0000000100000000)
  eden space 221696K, 0% used [0x00000000d5e00000,0x00000000d5e00000,0x00000000e3680000)
  from space 140800K, 78% used [0x00000000ecc00000,0x00000000f37aa4e0,0x00000000f5580000)
  to   space 153088K, 0% used [0x00000000e3680000,0x00000000e3680000,0x00000000ecc00000)
 ParOldGen       total 295936K, used 224462K [0x0000000081a00000, 0x0000000093b00000, 0x00000000d5e00000)
  object space 295936K, 75% used [0x0000000081a00000,0x000000008f533bb8,0x0000000093b00000)
 Metaspace       used 22466K, capacity 22665K, committed 23040K, reserved 1071104K
  class space    used 2125K, capacity 2179K, committed 2304K, reserved 1048576K
}
Event: 161.600 GC heap before
{Heap before GC invocations=17 (full 2):
 PSYoungGen      total 362496K, used 331945K [0x00000000d5e00000, 0x00000000f6680000, 0x0000000100000000)
  eden space 221696K, 100% used [0x00000000d5e00000,0x00000000e3680000,0x00000000e3680000)
  from space 140800K, 78% used [0x00000000ecc00000,0x00000000f37aa4e0,0x00000000f5580000)
  to   space 153088K, 0% used [0x00000000e3680000,0x00000000e3680000,0x00000000ecc00000)
 ParOldGen       total 295936K, used 224462K [0x0000000081a00000, 0x0000000093b00000, 0x00000000d5e00000)
  object space 295936K, 75% used [0x0000000081a00000,0x000000008f533bb8,0x0000000093b00000)
 Metaspace       used 22468K, capacity 22665K, committed 23040K, reserved 1071104K
  class space    used 2125K, capacity 2179K, committed 2304K, reserved 1048576K
Event: 162.211 GC heap after
Heap after GC invocations=17 (full 2):
 PSYoungGen      total 374784K, used 153060K [0x00000000d5e00000, 0x0000000100000000, 0x0000000100000000)
  eden space 221696K, 0% used [0x00000000d5e00000,0x00000000d5e00000,0x00000000e3680000)
  from space 153088K, 99% used [0x00000000e3680000,0x00000000ecbf9088,0x00000000ecc00000)
  to   space 205824K, 0% used [0x00000000f3700000,0x00000000f3700000,0x0000000100000000)
 ParOldGen       total 297984K, used 297494K [0x0000000081a00000, 0x0000000093d00000, 0x00000000d5e00000)
  object space 297984K, 99% used [0x0000000081a00000,0x0000000093c85bb8,0x0000000093d00000)
 Metaspace       used 22468K, capacity 22665K, committed 23040K, reserved 1071104K
  class space    used 2125K, capacity 2179K, committed 2304K, reserved 1048576K
}
Event: 162.211 GC heap before
{Heap before GC invocations=18 (full 3):
 PSYoungGen      total 374784K, used 153060K [0x00000000d5e00000, 0x0000000100000000, 0x0000000100000000)
  eden space 221696K, 0% used [0x00000000d5e00000,0x00000000d5e00000,0x00000000e3680000)
  from space 153088K, 99% used [0x00000000e3680000,0x00000000ecbf9088,0x00000000ecc00000)
  to   space 205824K, 0% used [0x00000000f3700000,0x00000000f3700000,0x0000000100000000)
 ParOldGen       total 297984K, used 297494K [0x0000000081a00000, 0x0000000093d00000, 0x00000000d5e00000)
  object space 297984K, 99% used [0x0000000081a00000,0x0000000093c85bb8,0x0000000093d00000)
 Metaspace       used 22468K, capacity 22665K, committed 23040K, reserved 1071104K
  class space    used 2125K, capacity 2179K, committed 2304K, reserved 1048576K
Event: 165.684 GC heap after
Heap after GC invocations=18 (full 3):
 PSYoungGen      total 374784K, used 150832K [0x00000000d5e00000, 0x0000000100000000, 0x0000000100000000)
  eden space 221696K, 0% used [0x00000000d5e00000,0x00000000d5e00000,0x00000000e3680000)
  from space 153088K, 98% used [0x00000000e3680000,0x00000000ec9cc118,0x00000000ecc00000)
  to   space 205824K, 0% used [0x00000000f3700000,0x00000000f3700000,0x0000000100000000)
 ParOldGen       total 502784K, used 297199K [0x0000000081a00000, 0x00000000a0500000, 0x00000000d5e00000)
  object space 502784K, 59% used [0x0000000081a00000,0x0000000093c3bcf0,0x00000000a0500000)
 Metaspace       used 22468K, capacity 22665K, committed 23040K, reserved 1071104K
  class space    used 2125K, capacity 2179K, committed 2304K, reserved 1048576K
}
Event: 172.069 GC heap before
{Heap before GC invocations=19 (full 3):
 PSYoungGen      total 374784K, used 372528K [0x00000000d5e00000, 0x0000000100000000, 0x0000000100000000)
  eden space 221696K, 100% used [0x00000000d5e00000,0x00000000e3680000,0x00000000e3680000)
  from space 153088K, 98% used [0x00000000e3680000,0x00000000ec9cc118,0x00000000ecc00000)
  to   space 205824K, 0% used [0x00000000f3700000,0x00000000f3700000,0x0000000100000000)
 ParOldGen       total 502784K, used 297199K [0x0000000081a00000, 0x00000000a0500000, 0x00000000d5e00000)
  object space 502784K, 59% used [0x0000000081a00000,0x0000000093c3bcf0,0x00000000a0500000)
 Metaspace       used 22517K, capacity 22729K, committed 23040K, reserved 1071104K
  class space    used 2125K, capacity 2179K, committed 2304K, reserved 1048576K
Event: 172.648 GC heap after
Heap after GC invocations=19 (full 3):
 PSYoungGen      total 457728K, used 146394K [0x00000000d5e00000, 0x0000000100000000, 0x0000000100000000)
  eden space 251904K, 0% used [0x00000000d5e00000,0x00000000d5e00000,0x00000000e5400000)
  from space 205824K, 71% used [0x00000000f3700000,0x00000000fc5f6b38,0x0000000100000000)
  to   space 219136K, 0% used [0x00000000e5400000,0x00000000e5400000,0x00000000f2a00000)
 ParOldGen       total 502784K, used 319346K [0x0000000081a00000, 0x00000000a0500000, 0x00000000d5e00000)
  object space 502784K, 63% used [0x0000000081a00000,0x00000000951dca98,0x00000000a0500000)
 Metaspace       used 22517K, capacity 22729K, committed 23040K, reserved 1071104K
  class space    used 2125K, capacity 2179K, committed 2304K, reserved 1048576K
}

Deoptimization events (10 events):
Event: 41.105 Thread 0x0000000019bd9800 Uncommon trap: reason=bimorphic action=maybe_recompile pc=0x00000000032755f4 method=java.util.ArrayList.indexOf(Ljava/lang/Object;)I @ 51
Event: 41.105 Thread 0x0000000019bd9800 Uncommon trap: reason=bimorphic action=maybe_recompile pc=0x00000000032755f4 method=java.util.ArrayList.indexOf(Ljava/lang/Object;)I @ 51
Event: 92.109 Thread 0x0000000019bd9800 Uncommon trap: reason=null_check action=make_not_entrant pc=0x0000000003088b40 method=com.mysql.jdbc.ResultSetImpl.findColumn(Ljava/lang/String;)I @ 33
Event: 94.847 Thread 0x0000000019bd9800 Uncommon trap: reason=unloaded action=reinterpret pc=0x00000000035d8c80 method=programmingproject.TripAnimator.switchData()V @ 66
Event: 95.122 Thread 0x0000000019bd9800 Uncommon trap: reason=class_check action=maybe_recompile pc=0x00000000034231d8 method=java.util.regex.Matcher.search(I)Z @ 86
Event: 95.123 Thread 0x0000000019bd9800 Uncommon trap: reason=class_check action=maybe_recompile pc=0x00000000034231d8 method=java.util.regex.Matcher.search(I)Z @ 86
Event: 95.123 Thread 0x0000000019bd9800 Uncommon trap: reason=class_check action=maybe_recompile pc=0x00000000034231d8 method=java.util.regex.Matcher.search(I)Z @ 86
Event: 95.135 Thread 0x0000000019bd9800 Uncommon trap: reason=unloaded action=reinterpret pc=0x00000000035dd988 method=programmingproject.TripAnimator.draw()V @ 201
Event: 95.135 Thread 0x0000000019bd9800 Uncommon trap: reason=class_check action=maybe_recompile pc=0x00000000034231d8 method=java.util.regex.Matcher.search(I)Z @ 86
Event: 95.548 Thread 0x0000000019bd9800 Uncommon trap: reason=unloaded action=reinterpret pc=0x00000000035dfe7c method=programmingproject.TripAnimator.draw()V @ 201

Internal exceptions (10 events):
Event: 6.461 Thread 0x0000000019bd9800 Exception <a 'java/security/PrivilegedActionException'> (0x00000000d62b2458) thrown at [D:\re\workspace\8-2-build-windows-amd64-cygwin\jdk8u20\1074\hotspot\src\share\vm\prims\jvm.cpp, line 1275]
Event: 6.485 Thread 0x0000000019bd9800 Exception <a 'java/security/PrivilegedActionException'> (0x00000000d62bb4f8) thrown at [D:\re\workspace\8-2-build-windows-amd64-cygwin\jdk8u20\1074\hotspot\src\share\vm\prims\jvm.cpp, line 1275]
Event: 21.071 Thread 0x0000000019bd9800 Exception <a 'java/security/PrivilegedActionException'> (0x00000000dae6f5d0) thrown at [D:\re\workspace\8-2-build-windows-amd64-cygwin\jdk8u20\1074\hotspot\src\share\vm\prims\jvm.cpp, line 1275]
Event: 23.697 Thread 0x0000000019bd9800 Exception <a 'java/security/PrivilegedActionException'> (0x00000000dc1b3950) thrown at [D:\re\workspace\8-2-build-windows-amd64-cygwin\jdk8u20\1074\hotspot\src\share\vm\prims\jvm.cpp, line 1275]
Event: 27.915 Thread 0x0000000019bd9800 Implicit null exception at 0x00000000031b20fb to 0x00000000031b2369
Event: 33.134 Thread 0x0000000019bd9800 Implicit null exception at 0x000000000309dd17 to 0x000000000309e369
Event: 33.159 Thread 0x0000000019bd9800 Implicit null exception at 0x00000000032184df to 0x0000000003219d39
Event: 34.983 Thread 0x0000000019bd9800 Implicit null exception at 0x00000000032236fd to 0x0000000003224009
Event: 92.109 Thread 0x0000000019bd9800 Implicit null exception at 0x0000000003088717 to 0x0000000003088b25
Event: 93.776 Thread 0x0000000019bd9800 Exception <a 'java/security/PrivilegedActionException'> (0x00000000dd5d3550) thrown at [D:\re\workspace\8-2-build-windows-amd64-cygwin\jdk8u20\1074\hotspot\src\share\vm\prims\jvm.cpp, line 1275]

Events (10 events):
Event: 178.183 Thread 0x0000000017739800 flushing nmethod 0x00000000032583d0
Event: 178.183 Thread 0x0000000017739800 flushing nmethod 0x0000000003263890
Event: 178.183 Thread 0x0000000017739800 flushing nmethod 0x0000000003274e10
Event: 178.183 Thread 0x0000000017739800 flushing nmethod 0x0000000003279410
Event: 178.183 Thread 0x0000000017739800 flushing nmethod 0x0000000003281f90
Event: 178.601 Thread 0x0000000017739800 flushing nmethod 0x000000000344b250
Event: 179.036 loading class java/nio/DirectByteBuffer$1
Event: 179.036 loading class java/nio/DirectByteBuffer$1 done
Event: 187.767 loading class java/util/ArrayList$1
Event: 187.768 loading class java/util/ArrayList$1 done


Dynamic libraries:
0x00007ff765620000 - 0x00007ff765654000 	C:\Program Files\Java\jdk1.8.0_20\jre\bin\java.exe
0x00007ffcf9470000 - 0x00007ffcf961c000 	C:\Windows\SYSTEM32\ntdll.dll
0x00007ffcf76d0000 - 0x00007ffcf780e000 	C:\Windows\system32\KERNEL32.DLL
0x00007ffcf69d0000 - 0x00007ffcf6ae5000 	C:\Windows\system32\KERNELBASE.dll
0x00007ffcf25c0000 - 0x00007ffcf264e000 	C:\Windows\system32\apphelp.dll
0x00007ffcf33e0000 - 0x00007ffcf3433000 	C:\Windows\AppPatch\AppPatch64\AcGenral.DLL
0x00007ffcf6b60000 - 0x00007ffcf6c0a000 	C:\Windows\system32\msvcrt.dll
0x00007ffcf63f0000 - 0x00007ffcf641e000 	C:\Windows\SYSTEM32\SspiCli.dll
0x00007ffcf7b50000 - 0x00007ffcf7ba4000 	C:\Windows\system32\SHLWAPI.dll
0x00007ffcf9290000 - 0x00007ffcf9407000 	C:\Windows\system32\USER32.dll
0x00007ffcf7330000 - 0x00007ffcf74c4000 	C:\Windows\system32\ole32.dll
0x00007ffcf7d70000 - 0x00007ffcf9288000 	C:\Windows\system32\SHELL32.dll
0x00007ffcf5d80000 - 0x00007ffcf5da1000 	C:\Windows\SYSTEM32\USERENV.dll
0x00007ffcf7610000 - 0x00007ffcf76ba000 	C:\Windows\system32\ADVAPI32.dll
0x00007ffce98e0000 - 0x00007ffce98fe000 	C:\Windows\SYSTEM32\MPR.dll
0x00007ffcf7000000 - 0x00007ffcf7141000 	C:\Windows\system32\RPCRT4.dll
0x00007ffcf6af0000 - 0x00007ffcf6b49000 	C:\Windows\SYSTEM32\sechost.dll
0x00007ffcf6de0000 - 0x00007ffcf6ff1000 	C:\Windows\SYSTEM32\combase.dll
0x00007ffcf6c80000 - 0x00007ffcf6dd1000 	C:\Windows\system32\GDI32.dll
0x00007ffcf65c0000 - 0x00007ffcf65d5000 	C:\Windows\SYSTEM32\profapi.dll
0x00007ffcf5110000 - 0x00007ffcf51c2000 	C:\Windows\SYSTEM32\SHCORE.dll
0x00007ffcf9430000 - 0x00007ffcf9466000 	C:\Windows\system32\IMM32.DLL
0x00007ffcf7c10000 - 0x00007ffcf7d61000 	C:\Windows\system32\MSCTF.dll
0x00007ffcf46c0000 - 0x00007ffcf493b000 	C:\Windows\WinSxS\amd64_microsoft.windows.common-controls_6595b64144ccf1df_6.0.9600.17415_none_6240486fecbd8abb\COMCTL32.dll
0x0000000077560000 - 0x0000000077632000 	C:\Program Files\Java\jdk1.8.0_20\jre\bin\msvcr100.dll
0x0000000077640000 - 0x0000000077e98000 	C:\Program Files\Java\jdk1.8.0_20\jre\bin\server\jvm.dll
0x00007ffcda860000 - 0x00007ffcda869000 	C:\Windows\SYSTEM32\WSOCK32.dll
0x00007ffcf4d30000 - 0x00007ffcf4d52000 	C:\Windows\SYSTEM32\WINMM.dll
0x00007ffcf76c0000 - 0x00007ffcf76c7000 	C:\Windows\system32\PSAPI.DLL
0x00007ffcf6c20000 - 0x00007ffcf6c7a000 	C:\Windows\system32\WS2_32.dll
0x00007ffcf4d00000 - 0x00007ffcf4d2a000 	C:\Windows\SYSTEM32\WINMMBASE.dll
0x00007ffcf6b50000 - 0x00007ffcf6b59000 	C:\Windows\system32\NSI.dll
0x00007ffcf67a0000 - 0x00007ffcf67ef000 	C:\Windows\SYSTEM32\cfgmgr32.dll
0x00007ffcf53b0000 - 0x00007ffcf53d8000 	C:\Windows\SYSTEM32\DEVOBJ.dll
0x0000000077550000 - 0x000000007755f000 	C:\Program Files\Java\jdk1.8.0_20\jre\bin\verify.dll
0x0000000077520000 - 0x0000000077548000 	C:\Program Files\Java\jdk1.8.0_20\jre\bin\java.dll
0x0000000077500000 - 0x0000000077516000 	C:\Program Files\Java\jdk1.8.0_20\jre\bin\zip.dll
0x0000000077320000 - 0x00000000774b8000 	C:\Program Files\Java\jdk1.8.0_20\jre\bin\awt.dll
0x00007ffcf7540000 - 0x00007ffcf7601000 	C:\Windows\system32\OLEAUT32.dll
0x00007ffcf4970000 - 0x00007ffcf4991000 	C:\Windows\system32\DWMAPI.DLL
0x00007ffcf5230000 - 0x00007ffcf5359000 	C:\Windows\system32\uxtheme.dll
0x00007ffcf5400000 - 0x00007ffcf540b000 	C:\Windows\SYSTEM32\kernel.appcore.dll
0x00007ffcf6490000 - 0x00007ffcf649b000 	C:\Windows\SYSTEM32\CRYPTBASE.dll
0x00007ffcf6420000 - 0x00007ffcf6483000 	C:\Windows\SYSTEM32\bcryptPrimitives.dll
0x00007ffcea560000 - 0x00007ffcea781000 	C:\Windows\system32\d3d9.dll
0x00007ffcf4b50000 - 0x00007ffcf4b5a000 	C:\Windows\SYSTEM32\VERSION.dll
0x00007ffcf3c50000 - 0x00007ffcf3db4000 	C:\Windows\SYSTEM32\nvumdshimx.dll
0x00007ffcf7150000 - 0x00007ffcf732a000 	C:\Windows\system32\SETUPAPI.dll
0x00007ffcf4ff0000 - 0x00007ffcf5022000 	C:\Windows\SYSTEM32\nvinitx.dll
0x00007ffcd7020000 - 0x00007ffcd833f000 	C:\Windows\system32\igdumdim64.dll
0x00007ffcef790000 - 0x00007ffcf0115000 	C:\Windows\SYSTEM32\igdusc64.dll
0x00000000772d0000 - 0x0000000077317000 	C:\Program Files\Java\jdk1.8.0_20\jre\bin\fontmanager.dll
0x00007ffcf5ff0000 - 0x00007ffcf6010000 	C:\Windows\SYSTEM32\CRYPTSP.dll
0x00007ffcf5a70000 - 0x00007ffcf5aa6000 	C:\Windows\system32\rsaenh.dll
0x00007ffcf60e0000 - 0x00007ffcf6106000 	C:\Windows\SYSTEM32\bcrypt.dll
0x00000000774e0000 - 0x00000000774fa000 	C:\Program Files\Java\jdk1.8.0_20\jre\bin\net.dll
0x00007ffcf5d20000 - 0x00007ffcf5d79000 	C:\Windows\system32\mswsock.dll
0x00007ffcf2750000 - 0x00007ffcf277a000 	C:\Windows\SYSTEM32\IPHLPAPI.DLL
0x00007ffcf2740000 - 0x00007ffcf274a000 	C:\Windows\SYSTEM32\WINNSI.DLL
0x00007ffcee930000 - 0x00007ffcee946000 	C:\Windows\SYSTEM32\dhcpcsvc6.DLL
0x00007ffceeb30000 - 0x00007ffceeb4a000 	C:\Windows\SYSTEM32\dhcpcsvc.DLL
0x00000000774c0000 - 0x00000000774d1000 	C:\Program Files\Java\jdk1.8.0_20\jre\bin\nio.dll
0x00000000637c0000 - 0x00000000637cd000 	C:\Users\Aran\AppData\Local\Temp\jogamp_0000\file_cache\jln438387088246243874\jln5471710506253063730\gluegen-rt.dll
0x0000000077200000 - 0x0000000077207000 	C:\Program Files\Java\jdk1.8.0_20\jre\bin\jawt.dll
0x000000006a440000 - 0x000000006a44d000 	C:\Users\Aran\AppData\Local\Temp\jogamp_0000\file_cache\jln438387088246243874\jln5471710506253063730\nativewindow_awt.dll
0x000000006c100000 - 0x000000006c10f000 	C:\Users\Aran\AppData\Local\Temp\jogamp_0000\file_cache\jln438387088246243874\jln5471710506253063730\nativewindow_win32.dll
0x00007ffce2580000 - 0x00007ffce26ab000 	C:\Windows\SYSTEM32\OpenGL32.dll
0x00007ffcf31a0000 - 0x00007ffcf31ce000 	C:\Windows\SYSTEM32\GLU32.dll
0x00007ffce8810000 - 0x00007ffce8908000 	C:\Windows\SYSTEM32\DDRAW.dll
0x00007ffcf4000000 - 0x00007ffcf4009000 	C:\Windows\SYSTEM32\DCIMAN32.dll
0x0000000064500000 - 0x00000000645a0000 	C:\Users\Aran\AppData\Local\Temp\jogamp_0000\file_cache\jln438387088246243874\jln5471710506253063730\jogl_desktop.dll
0x00007ffcf0dc0000 - 0x00007ffcf0e1b000 	C:\Windows\system32\NV\nvoglshim64.dll
0x00007ffcdb1e0000 - 0x00007ffcdba64000 	C:\Windows\system32\ig75icd64.dll
0x00007ffcf6560000 - 0x00007ffcf65a6000 	C:\Windows\SYSTEM32\powrprof.dll
0x0000000077280000 - 0x00000000772c1000 	C:\Program Files\Java\jdk1.8.0_20\jre\bin\t2k.dll
0x00007ffcf5b90000 - 0x00007ffcf5c34000 	C:\Windows\SYSTEM32\DNSAPI.dll
0x00007ffceca10000 - 0x00007ffceca1a000 	C:\Windows\System32\rasadhlp.dll
0x00007ffceea00000 - 0x00007ffceea6b000 	C:\Windows\System32\fwpuclnt.dll
0x00007ffcf3980000 - 0x00007ffcf3b0a000 	C:\Windows\SYSTEM32\dbghelp.dll

VM Arguments:
jvm_args: -Dfile.encoding=UTF-8 
java_command: programmingproject.ProgrammingProject
java_class_path (initial): C:\Users\Aran\Documents\NetBeansProjects\programming-project-group-3\ProgrammingProject\lib\core.jar;C:\Users\Aran\Documents\NetBeansProjects\programming-project-group-3\ProgrammingProject\lib\gluegen-rt-natives-linux-amd64.jar;C:\Users\Aran\Documents\NetBeansProjects\programming-project-group-3\ProgrammingProject\lib\gluegen-rt-natives-linux-armv6hf.jar;C:\Users\Aran\Documents\NetBeansProjects\programming-project-group-3\ProgrammingProject\lib\gluegen-rt-natives-linux-i586.jar;C:\Users\Aran\Documents\NetBeansProjects\programming-project-group-3\ProgrammingProject\lib\gluegen-rt-natives-macosx-universal.jar;C:\Users\Aran\Documents\NetBeansProjects\programming-project-group-3\ProgrammingProject\lib\gluegen-rt-natives-windows-amd64.jar;C:\Users\Aran\Documents\NetBeansProjects\programming-project-group-3\ProgrammingProject\lib\gluegen-rt-natives-windows-i586.jar;C:\Users\Aran\Documents\NetBeansProjects\programming-project-group-3\ProgrammingProject\lib\gluegen-rt.jar;C:\Users\Aran\Documents\NetBeansProjects\programming-project-group-3\ProgrammingProject\lib\jogl-all-natives-linux-amd64.jar;C:\Users\Aran\Documents\NetBeansProjects\programming-project-group-3\ProgrammingProject\lib\jogl-all-natives-linux-armv6hf.jar;C:\Users\Aran\Documents\NetBeansProjects\programming-project-group-3\ProgrammingProject\lib\jogl-all-natives-linux-i586.jar;C:\Users\Aran\Documents\NetBeansProjects\programming-project-group-3\ProgrammingProject\lib\jogl-all-natives-macosx-universal.jar;C:\Users\Aran\Documents\NetBeansProjects\programming-project-group-3\ProgrammingProject\lib\jogl-all-natives-windows-amd64.jar;C:\Users\Aran\Documents\NetBeansProjects\programming-project-group-3\ProgrammingProject\lib\jogl-all-natives-windows-i586.jar;C:\Users\Aran\Documents\NetBeansProjects\programming-project-group-3\ProgrammingProject\lib\jogl-all.jar;C:\Users\Aran\Documents\NetBeansProjects\programming-project-group-3\ProgrammingProject\lib\mysql-connector-java-5.1.34-bin.jar;
Launcher Type: SUN_STANDARD

Environment Variables:
PATH=C:\Users\Aran\Documents\Enviroment Variables;C:\Program Files\Haskell Platform\2014.2.0.0\bin;C:\Program Files\Haskell Platform\2014.2.0.0\lib\extralibs\bin;C:\Program Files\Haskell Platform\2014.2.0.0\bin;C:\Python34;C:\Program Files\Java\jdk1.8.0_20\bin;C:\ProgramData\Oracle\Java\javapath;C:\Windows\system32;C:\Windows;C:\Windows\System32\Wbem;C:\Windows\System32\WindowsPowerShell\v1.0\;C:\Program Files\Haskell Platform\2014.2.0.0\mingw\bin;C:\Program Files (x86)\MiKTeX 2.9\miktex\bin\;C:\Program Files (x86)\Windows Kits\8.1\Windows Performance Toolkit\;C:\Program Files\Microsoft SQL Server\110\Tools\Binn\;C:\Program Files (x86)\Microsoft SDKs\TypeScript\1.0\;C:\Program Files\Microsoft SQL Server\120\Tools\Binn\;C:\Program Files (x86)\Windows Live\Shared;C:\Program Files\MATLAB\R2014b\bin;C:\Program Files (x86)\Git\cmd;C:\Users\Aran\AppData\Roaming\cabal\bin;.;
USERNAME=Aran
OS=Windows_NT
PROCESSOR_IDENTIFIER=Intel64 Family 6 Model 60 Stepping 3, GenuineIntel



---------------  S Y S T E M  ---------------

OS: Windows 8.1 , 64 bit Build 9600 

CPU:total 4 (2 cores per cpu, 2 threads per core) family 6 model 60 stepping 3, cmov, cx8, fxsr, mmx, sse, sse2, sse3, ssse3, sse4.1, sse4.2, popcnt, avx, avx2, aes, clmul, erms, lzcnt, ht, tsc, tscinvbit, bmi1, bmi2

Memory: 4k page, physical 8281560k(569488k free), swap 11634436k(2079768k free)

vm_info: Java HotSpot(TM) 64-Bit Server VM (25.20-b23) for windows-amd64 JRE (1.8.0_20-b26), built on Jul 30 2014 13:51:23 by "java_re" with MS VC++ 10.0 (VS2010)

time: Wed Mar 18 15:45:37 2015
elapsed time: 232 seconds (0d 0h 3m 52s)

