#
# A fatal error has been detected by the Java Runtime Environment:
#
#  EXCEPTION_ACCESS_VIOLATION (0xc0000005) at pc=0x00007ffcdb6ce24e, pid=2880, tid=6700
#
# JRE version: Java(TM) SE Runtime Environment (8.0_20-b26) (build 1.8.0_20-b26)
# Java VM: Java HotSpot(TM) 64-Bit Server VM (25.20-b23 mixed mode windows-amd64 compressed oops)
# Problematic frame:
# C  [ig75icd64.dll+0x4ee24e]
#
# Failed to write core dump. Minidumps are not enabled by default on client versions of Windows
#
# If you would like to submit a bug report, please visit:
#   http://bugreport.sun.com/bugreport/crash.jsp
# The crash happened outside the Java Virtual Machine in native code.
# See problematic frame for where to report the bug.
#

---------------  T H R E A D  ---------------

Current thread (0x000000001937a800):  JavaThread "AWT-EventQueue-0" [_thread_in_native, id=6700, stack(0x000000001baf0000,0x000000001bbf0000)]

siginfo: ExceptionCode=0xc0000005, reading address 0x0000000000000000

Registers:
RAX=0x0000000000000000, RBX=0x000000001f096330, RCX=0x0000000000000018, RDX=0x000000001c377480
RSP=0x000000001bbecb80, RBP=0x0000000000000000, RSI=0x000000001f096510, RDI=0x000000001ee52190
R8 =0x0000000000000007, R9 =0x000000001eff7c90, R10=0x0000000000000000, R11=0x0000000000000000
R12=0x0000000000000000, R13=0x000000001cea6438, R14=0x000000001afa9e88, R15=0x000000001937a800
RIP=0x00007ffcdb6ce24e, EFLAGS=0x0000000000010246

Top of Stack: (sp=0x000000001bbecb80)
0x000000001bbecb80:   000000001937a800 00007ffcdb58229d
0x000000001bbecb90:   fffffffffffffffe 000000001f0844a0
0x000000001bbecba0:   000000001ee52190 00007ffcdb353732
0x000000001bbecbb0:   000000001ed896f0 000000001c3a3e80
0x000000001bbecbc0:   000000001ee52190 0000000000000038
0x000000001bbecbd0:   000000001f0842e8 00007ffcdb359895
0x000000001bbecbe0:   000000001ed896f0 000000001f084430
0x000000001bbecbf0:   00007ffcdb7c2140 0000000000000000
0x000000001bbecc00:   000000001f084270 00007ffcdb359ff3
0x000000001bbecc10:   000000001c3a3e80 0000000000000001
0x000000001bbecc20:   000000001c3a3e80 00007ffcdb6d1100
0x000000001bbecc30:   000000001b0605e0 00007ffcdb35bfb1
0x000000001bbecc40:   000000001b060660 000000001ed9d510
0x000000001bbecc50:   000000001ed9d510 000000001c3a3e80
0x000000001bbecc60:   000000001eff7c90 00007ffcdb34d8df
0x000000001bbecc70:   000000001937a800 0000000000000000 

Instructions: (pc=0x00007ffcdb6ce24e)
0x00007ffcdb6ce22e:   00 00 00 00 74 0d 48 8b cf 48 83 c4 20 5f e9 df
0x00007ffcdb6ce23e:   01 00 00 48 83 c4 20 5f c3 48 8b 82 78 7c 02 00
0x00007ffcdb6ce24e:   48 8b 08 48 39 4b 10 77 a8 48 8b 82 78 7c 02 00
0x00007ffcdb6ce25e:   48 8b 08 48 39 4b 18 77 98 80 bf f8 00 00 00 00 


Register to memory mapping:

RAX=0x0000000000000000 is an unknown value
RBX=0x000000001f096330 is an unknown value
RCX=0x0000000000000018 is an unknown value
RDX=0x000000001c377480 is an unknown value
RSP=0x000000001bbecb80 is pointing into the stack for thread: 0x000000001937a800
RBP=0x0000000000000000 is an unknown value
RSI=0x000000001f096510 is an unknown value
RDI=0x000000001ee52190 is an unknown value
R8 =0x0000000000000007 is an unknown value
R9 =0x000000001eff7c90 is an unknown value
R10=0x0000000000000000 is an unknown value
R11=0x0000000000000000 is an unknown value
R12=0x0000000000000000 is an unknown value
R13={method} {0x000000001cea6440} 'dispatch_wglDeleteContext0' '(JJ)Z' in 'jogamp/opengl/windows/wgl/WGL'
R14=0x000000001afa9e88 is an unknown value
R15=0x000000001937a800 is a thread


Stack: [0x000000001baf0000,0x000000001bbf0000],  sp=0x000000001bbecb80,  free space=1010k
Native frames: (J=compiled Java code, j=interpreted, Vv=VM code, C=native code)

Java frames: (J=compiled Java code, j=interpreted, Vv=VM code)
j  jogamp.opengl.windows.wgl.WGL.dispatch_wglDeleteContext0(JJ)Z+0
j  jogamp.opengl.windows.wgl.WGL.wglDeleteContext(J)Z+37
j  jogamp.opengl.windows.wgl.WindowsWGLContext.destroyImpl()V+10
j  jogamp.opengl.GLContextImpl.destroy()V+503
j  jogamp.opengl.GLDrawableHelper.disposeGL(Ljavax/media/opengl/GLAutoDrawable;Ljavax/media/opengl/GLContext;Z)V+128
j  javax.media.opengl.awt.GLCanvas$7.run()V+167
j  javax.media.opengl.Threading.invoke(ZLjava/lang/Runnable;Ljava/lang/Object;)V+33
j  javax.media.opengl.awt.GLCanvas.destroyImpl(Z)V+9
j  javax.media.opengl.awt.GLCanvas$2.run()V+5
j  com.jogamp.nativewindow.awt.AWTWindowClosingProtocol$WindowClosingAdapter.windowClosing(Ljava/awt/event/WindowEvent;)V+22
j  java.awt.Window.processWindowEvent(Ljava/awt/event/WindowEvent;)V+68
j  javax.swing.JFrame.processWindowEvent(Ljava/awt/event/WindowEvent;)V+2
j  java.awt.Window.processEvent(Ljava/awt/AWTEvent;)V+69
j  java.awt.Component.dispatchEventImpl(Ljava/awt/AWTEvent;)V+589
j  java.awt.Container.dispatchEventImpl(Ljava/awt/AWTEvent;)V+42
j  java.awt.Window.dispatchEventImpl(Ljava/awt/AWTEvent;)V+19
J 3131 C1 java.awt.EventQueue.dispatchEventImpl(Ljava/awt/AWTEvent;Ljava/lang/Object;)V (149 bytes) @ 0x0000000003004fcc [0x0000000003003940+0x168c]
J 3130 C1 java.awt.EventQueue$3.run()Ljava/lang/Void; (60 bytes) @ 0x0000000002ffbe0c [0x0000000002ffbc00+0x20c]
J 3129 C1 java.awt.EventQueue$3.run()Ljava/lang/Object; (5 bytes) @ 0x0000000003000b8c [0x0000000003000b00+0x8c]
v  ~StubRoutines::call_stub
J 2442  java.security.AccessController.doPrivileged(Ljava/security/PrivilegedAction;Ljava/security/AccessControlContext;)Ljava/lang/Object; (0 bytes) @ 0x0000000002da7826 [0x0000000002da77c0+0x66]
J 2810 C1 java.security.ProtectionDomain$1.doIntersectionPrivilege(Ljava/security/PrivilegedAction;Ljava/security/AccessControlContext;Ljava/security/AccessControlContext;)Ljava/lang/Object; (32 bytes) @ 0x0000000002f0bedc [0x0000000002f0bbe0+0x2fc]
j  java.security.ProtectionDomain$1.doIntersectionPrivilege(Ljava/security/PrivilegedAction;Ljava/security/AccessControlContext;)Ljava/lang/Object;+6
j  java.awt.EventQueue$4.run()Ljava/lang/Void;+11
j  java.awt.EventQueue$4.run()Ljava/lang/Object;+1
v  ~StubRoutines::call_stub
J 2442  java.security.AccessController.doPrivileged(Ljava/security/PrivilegedAction;Ljava/security/AccessControlContext;)Ljava/lang/Object; (0 bytes) @ 0x0000000002da7826 [0x0000000002da77c0+0x66]
J 2887 C1 java.awt.EventQueue.dispatchEvent(Ljava/awt/AWTEvent;)V (80 bytes) @ 0x0000000002f404f4 [0x0000000002f3f840+0xcb4]
J 2891 C1 java.awt.EventDispatchThread.pumpOneEventForFilters(I)V (295 bytes) @ 0x0000000002f442dc [0x0000000002f42780+0x1b5c]
j  java.awt.EventDispatchThread.pumpEventsForFilter(ILjava/awt/Conditional;Ljava/awt/EventFilter;)V+35
j  java.awt.EventDispatchThread.pumpEventsForHierarchy(ILjava/awt/Conditional;Ljava/awt/Component;)V+11
j  java.awt.EventDispatchThread.pumpEvents(ILjava/awt/Conditional;)V+4
j  java.awt.EventDispatchThread.pumpEvents(Ljava/awt/Conditional;)V+3
j  java.awt.EventDispatchThread.run()V+9
v  ~StubRoutines::call_stub

---------------  P R O C E S S  ---------------

Java Threads: ( => current thread )
  0x000000001d0a9000 JavaThread "Abandoned connection cleanup thread" daemon [_thread_blocked, id=6644, stack(0x0000000020fb0000,0x00000000210b0000)]
  0x000000001960d800 JavaThread "Animation Thread-SharedResourceRunner" daemon [_thread_blocked, id=1924, stack(0x000000001df00000,0x000000001e000000)]
  0x000000000253e000 JavaThread "DestroyJavaVM" [_thread_blocked, id=1868, stack(0x00000000023a0000,0x00000000024a0000)]
  0x0000000019360800 JavaThread "Animation Thread" [_thread_blocked, id=1880, stack(0x000000001ca30000,0x000000001cb30000)]
  0x0000000019355800 JavaThread "D3D Screen Updater" daemon [_thread_blocked, id=1192, stack(0x000000001bcf0000,0x000000001bdf0000)]
=>0x000000001937a800 JavaThread "AWT-EventQueue-0" [_thread_in_native, id=6700, stack(0x000000001baf0000,0x000000001bbf0000)]
  0x0000000018dec800 JavaThread "AWT-Windows" daemon [_thread_in_native, id=5116, stack(0x0000000019c70000,0x0000000019d70000)]
  0x0000000018dec000 JavaThread "AWT-Shutdown" [_thread_blocked, id=6508, stack(0x0000000019b70000,0x0000000019c70000)]
  0x00000000192c0000 JavaThread "Java2D Disposer" daemon [_thread_blocked, id=4668, stack(0x0000000019a70000,0x0000000019b70000)]
  0x0000000018a03000 JavaThread "Service Thread" daemon [_thread_blocked, id=4824, stack(0x0000000018df0000,0x0000000018ef0000)]
  0x00000000171c9800 JavaThread "C1 CompilerThread2" daemon [_thread_blocked, id=6756, stack(0x00000000188f0000,0x00000000189f0000)]
  0x0000000017183800 JavaThread "C2 CompilerThread1" daemon [_thread_blocked, id=6444, stack(0x00000000187f0000,0x00000000188f0000)]
  0x0000000017189000 JavaThread "C2 CompilerThread0" daemon [_thread_blocked, id=3328, stack(0x00000000186f0000,0x00000000187f0000)]
  0x0000000017187800 JavaThread "Attach Listener" daemon [_thread_blocked, id=3988, stack(0x00000000185f0000,0x00000000186f0000)]
  0x0000000017186000 JavaThread "Signal Dispatcher" daemon [_thread_blocked, id=7156, stack(0x00000000184f0000,0x00000000185f0000)]
  0x0000000002637000 JavaThread "Finalizer" daemon [_thread_blocked, id=2224, stack(0x00000000183f0000,0x00000000184f0000)]
  0x000000000262e000 JavaThread "Reference Handler" daemon [_thread_blocked, id=3876, stack(0x00000000182f0000,0x00000000183f0000)]

Other Threads:
  0x0000000017145800 VMThread [stack: 0x00000000181f0000,0x00000000182f0000] [id=3272]
  0x0000000018a07800 WatcherThread [stack: 0x0000000018ef0000,0x0000000018ff0000] [id=6808]

VM state:not at safepoint (normal execution)

VM Mutex/Monitor currently owned by a thread: None

Heap:
 PSYoungGen      total 280576K, used 161212K [0x00000000d5e00000, 0x00000000f0500000, 0x0000000100000000)
  eden space 126464K, 77% used [0x00000000d5e00000,0x00000000dbdade98,0x00000000dd980000)
  from space 154112K, 41% used [0x00000000dd980000,0x00000000e1741448,0x00000000e7000000)
  to   space 148480K, 0% used [0x00000000e7400000,0x00000000e7400000,0x00000000f0500000)
 ParOldGen       total 896512K, used 604413K [0x0000000081a00000, 0x00000000b8580000, 0x00000000d5e00000)
  object space 896512K, 67% used [0x0000000081a00000,0x00000000a683f6a8,0x00000000b8580000)
 Metaspace       used 22499K, capacity 22659K, committed 23040K, reserved 1071104K
  class space    used 2109K, capacity 2178K, committed 2304K, reserved 1048576K

Card table byte_map: [0x0000000011a00000,0x0000000011e00000] byte_map_base: 0x00000000115f3000

Marking Bits: (ParMarkBitMap*) 0x0000000077e1b460
 Begin Bits: [0x00000000124b0000, 0x0000000014448000)
 End Bits:   [0x0000000014448000, 0x00000000163e0000)

Polling page: 0x0000000000bc0000

CodeCache: size=245760Kb used=10384Kb max_used=10392Kb free=235375Kb
 bounds [0x0000000002640000, 0x0000000003090000, 0x0000000011640000]
 total_blobs=3896 nmethods=2924 adapters=884
 compilation: enabled

Compilation events (10 events):
Event: 83.728 Thread 0x00000000171c9800 3259       3       processing.opengl.PGraphicsOpenGL::updateLineBuffers (207 bytes)
Event: 83.731 Thread 0x00000000171c9800 nmethod 3259 0x0000000002acef50 code [0x0000000002acf1e0, 0x0000000002ad00c8]
Event: 83.731 Thread 0x00000000171c9800 3260       3       processing.opengl.PGraphicsOpenGL$TessGeometry::updateLineColorsBuffer (10 bytes)
Event: 83.731 Thread 0x00000000171c9800 nmethod 3260 0x0000000002a6fe50 code [0x0000000002a6ffc0, 0x0000000002a701c8]
Event: 83.734 Thread 0x00000000171c9800 3261       3       processing.opengl.PGraphicsOpenGL::lineBufferContextIsOutdated (20 bytes)
Event: 83.734 Thread 0x00000000171c9800 nmethod 3261 0x0000000002b5f6d0 code [0x0000000002b5f840, 0x0000000002b5fb70]
Event: 83.789 Thread 0x0000000017183800 3262       4       processing.opengl.PShader::bindTyped (515 bytes)
Event: 83.916 Thread 0x0000000017183800 nmethod 3262 0x0000000003084650 code [0x0000000003084ae0, 0x00000000030861a0]
Event: 84.002 Thread 0x00000000171c9800 3263       1       jogamp.common.util.locks.RecursiveLockImpl01Unfairish$SingleThreadSync::decrHoldCount (11 bytes)
Event: 84.002 Thread 0x00000000171c9800 nmethod 3263 0x0000000002b7f050 code [0x0000000002b7f1a0, 0x0000000002b7f2b0]

GC Heap History (10 events):
Event: 72.975 GC heap before
{Heap before GC invocations=34 (full 5):
 PSYoungGen      total 288256K, used 135246K [0x00000000d5e00000, 0x00000000f4180000, 0x0000000100000000)
  eden space 104960K, 100% used [0x00000000d5e00000,0x00000000dc480000,0x00000000dc480000)
  from space 183296K, 16% used [0x00000000e8e80000,0x00000000eac13838,0x00000000f4180000)
  to   space 195072K, 0% used [0x00000000dc480000,0x00000000dc480000,0x00000000e8300000)
 ParOldGen       total 896512K, used 604413K [0x0000000081a00000, 0x00000000b8580000, 0x00000000d5e00000)
  object space 896512K, 67% used [0x0000000081a00000,0x00000000a683f6a8,0x00000000b8580000)
 Metaspace       used 22459K, capacity 22659K, committed 23040K, reserved 1071104K
  class space    used 2109K, capacity 2178K, committed 2304K, reserved 1048576K
Event: 73.072 GC heap after
Heap after GC invocations=34 (full 5):
 PSYoungGen      total 144384K, used 39333K [0x00000000d5e00000, 0x00000000f3280000, 0x0000000100000000)
  eden space 104960K, 0% used [0x00000000d5e00000,0x00000000d5e00000,0x00000000dc480000)
  from space 39424K, 99% used [0x00000000dc480000,0x00000000deae9448,0x00000000deb00000)
  to   space 182272K, 0% used [0x00000000e8080000,0x00000000e8080000,0x00000000f3280000)
 ParOldGen       total 896512K, used 604413K [0x0000000081a00000, 0x00000000b8580000, 0x00000000d5e00000)
  object space 896512K, 67% used [0x0000000081a00000,0x00000000a683f6a8,0x00000000b8580000)
 Metaspace       used 22459K, capacity 22659K, committed 23040K, reserved 1071104K
  class space    used 2109K, capacity 2178K, committed 2304K, reserved 1048576K
}
Event: 73.590 GC heap before
{Heap before GC invocations=35 (full 5):
 PSYoungGen      total 144384K, used 144293K [0x00000000d5e00000, 0x00000000f3280000, 0x0000000100000000)
  eden space 104960K, 100% used [0x00000000d5e00000,0x00000000dc480000,0x00000000dc480000)
  from space 39424K, 99% used [0x00000000dc480000,0x00000000deae9448,0x00000000deb00000)
  to   space 182272K, 0% used [0x00000000e8080000,0x00000000e8080000,0x00000000f3280000)
 ParOldGen       total 896512K, used 604413K [0x0000000081a00000, 0x00000000b8580000, 0x00000000d5e00000)
  object space 896512K, 67% used [0x0000000081a00000,0x00000000a683f6a8,0x00000000b8580000)
 Metaspace       used 22459K, capacity 22659K, committed 23040K, reserved 1071104K
  class space    used 2109K, capacity 2178K, committed 2304K, reserved 1048576K
Event: 73.723 GC heap after
Heap after GC invocations=35 (full 5):
 PSYoungGen      total 271872K, used 47301K [0x00000000d5e00000, 0x00000000f1900000, 0x0000000100000000)
  eden space 115712K, 0% used [0x00000000d5e00000,0x00000000d5e00000,0x00000000dcf00000)
  from space 156160K, 30% used [0x00000000e8080000,0x00000000eaeb1448,0x00000000f1900000)
  to   space 168960K, 0% used [0x00000000dcf00000,0x00000000dcf00000,0x00000000e7400000)
 ParOldGen       total 896512K, used 604413K [0x0000000081a00000, 0x00000000b8580000, 0x00000000d5e00000)
  object space 896512K, 67% used [0x0000000081a00000,0x00000000a683f6a8,0x00000000b8580000)
 Metaspace       used 22459K, capacity 22659K, committed 23040K, reserved 1071104K
  class space    used 2109K, capacity 2178K, committed 2304K, reserved 1048576K
}
Event: 74.296 GC heap before
{Heap before GC invocations=36 (full 5):
 PSYoungGen      total 271872K, used 163013K [0x00000000d5e00000, 0x00000000f1900000, 0x0000000100000000)
  eden space 115712K, 100% used [0x00000000d5e00000,0x00000000dcf00000,0x00000000dcf00000)
  from space 156160K, 30% used [0x00000000e8080000,0x00000000eaeb1448,0x00000000f1900000)
  to   space 168960K, 0% used [0x00000000dcf00000,0x00000000dcf00000,0x00000000e7400000)
 ParOldGen       total 896512K, used 604413K [0x0000000081a00000, 0x00000000b8580000, 0x00000000d5e00000)
  object space 896512K, 67% used [0x0000000081a00000,0x00000000a683f6a8,0x00000000b8580000)
 Metaspace       used 22459K, capacity 22659K, committed 23040K, reserved 1071104K
  class space    used 2109K, capacity 2178K, committed 2304K, reserved 1048576K
Event: 74.437 GC heap after
Heap after GC invocations=36 (full 5):
 PSYoungGen      total 284672K, used 56133K [0x00000000d5e00000, 0x00000000f1300000, 0x0000000100000000)
  eden space 115712K, 0% used [0x00000000d5e00000,0x00000000d5e00000,0x00000000dcf00000)
  from space 168960K, 33% used [0x00000000dcf00000,0x00000000e05d1448,0x00000000e7400000)
  to   space 159744K, 0% used [0x00000000e7700000,0x00000000e7700000,0x00000000f1300000)
 ParOldGen       total 896512K, used 604413K [0x0000000081a00000, 0x00000000b8580000, 0x00000000d5e00000)
  object space 896512K, 67% used [0x0000000081a00000,0x00000000a683f6a8,0x00000000b8580000)
 Metaspace       used 22459K, capacity 22659K, committed 23040K, reserved 1071104K
  class space    used 2109K, capacity 2178K, committed 2304K, reserved 1048576K
}
Event: 77.518 GC heap before
{Heap before GC invocations=37 (full 5):
 PSYoungGen      total 284672K, used 171845K [0x00000000d5e00000, 0x00000000f1300000, 0x0000000100000000)
  eden space 115712K, 100% used [0x00000000d5e00000,0x00000000dcf00000,0x00000000dcf00000)
  from space 168960K, 33% used [0x00000000dcf00000,0x00000000e05d1448,0x00000000e7400000)
  to   space 159744K, 0% used [0x00000000e7700000,0x00000000e7700000,0x00000000f1300000)
 ParOldGen       total 896512K, used 604413K [0x0000000081a00000, 0x00000000b8580000, 0x00000000d5e00000)
  object space 896512K, 67% used [0x0000000081a00000,0x00000000a683f6a8,0x00000000b8580000)
 Metaspace       used 22461K, capacity 22659K, committed 23040K, reserved 1071104K
  class space    used 2109K, capacity 2178K, committed 2304K, reserved 1048576K
Event: 77.672 GC heap after
Heap after GC invocations=37 (full 5):
 PSYoungGen      total 273408K, used 63237K [0x00000000d5e00000, 0x00000000f0680000, 0x0000000100000000)
  eden space 126464K, 0% used [0x00000000d5e00000,0x00000000d5e00000,0x00000000dd980000)
  from space 146944K, 43% used [0x00000000e7700000,0x00000000eb4c1448,0x00000000f0680000)
  to   space 154112K, 0% used [0x00000000dd980000,0x00000000dd980000,0x00000000e7000000)
 ParOldGen       total 896512K, used 604413K [0x0000000081a00000, 0x00000000b8580000, 0x00000000d5e00000)
  object space 896512K, 67% used [0x0000000081a00000,0x00000000a683f6a8,0x00000000b8580000)
 Metaspace       used 22461K, capacity 22659K, committed 23040K, reserved 1071104K
  class space    used 2109K, capacity 2178K, committed 2304K, reserved 1048576K
}
Event: 78.553 GC heap before
{Heap before GC invocations=38 (full 5):
 PSYoungGen      total 273408K, used 189701K [0x00000000d5e00000, 0x00000000f0680000, 0x0000000100000000)
  eden space 126464K, 100% used [0x00000000d5e00000,0x00000000dd980000,0x00000000dd980000)
  from space 146944K, 43% used [0x00000000e7700000,0x00000000eb4c1448,0x00000000f0680000)
  to   space 154112K, 0% used [0x00000000dd980000,0x00000000dd980000,0x00000000e7000000)
 ParOldGen       total 896512K, used 604413K [0x0000000081a00000, 0x00000000b8580000, 0x00000000d5e00000)
  object space 896512K, 67% used [0x0000000081a00000,0x00000000a683f6a8,0x00000000b8580000)
 Metaspace       used 22461K, capacity 22659K, committed 23040K, reserved 1071104K
  class space    used 2109K, capacity 2178K, committed 2304K, reserved 1048576K
Event: 78.675 GC heap after
Heap after GC invocations=38 (full 5):
 PSYoungGen      total 280576K, used 63237K [0x00000000d5e00000, 0x00000000f0500000, 0x0000000100000000)
  eden space 126464K, 0% used [0x00000000d5e00000,0x00000000d5e00000,0x00000000dd980000)
  from space 154112K, 41% used [0x00000000dd980000,0x00000000e1741448,0x00000000e7000000)
  to   space 148480K, 0% used [0x00000000e7400000,0x00000000e7400000,0x00000000f0500000)
 ParOldGen       total 896512K, used 604413K [0x0000000081a00000, 0x00000000b8580000, 0x00000000d5e00000)
  object space 896512K, 67% used [0x0000000081a00000,0x00000000a683f6a8,0x00000000b8580000)
 Metaspace       used 22461K, capacity 22659K, committed 23040K, reserved 1071104K
  class space    used 2109K, capacity 2178K, committed 2304K, reserved 1048576K
}

Deoptimization events (10 events):
Event: 22.883 Thread 0x000000001937a800 Uncommon trap: reason=unreached action=reinterpret pc=0x0000000002e658f8 method=com.mysql.jdbc.ResultSetImpl.next()Z @ 107
Event: 23.222 Thread 0x000000001937a800 Uncommon trap: reason=unreached action=reinterpret pc=0x0000000002bf35d8 method=java.awt.font.FontRenderContext.equals(Ljava/awt/font/FontRenderContext;)Z @ 2
Event: 37.139 Thread 0x000000001937a800 Uncommon trap: reason=predicate action=maybe_recompile pc=0x0000000002fb5d24 method=java.util.Arrays.fill([Ljava/lang/Object;IILjava/lang/Object;)V @ 16
Event: 37.469 Thread 0x000000001937a800 Uncommon trap: reason=array_check action=maybe_recompile pc=0x0000000002f58c00 method=java.util.Arrays.fill([Ljava/lang/Object;IILjava/lang/Object;)V @ 20
Event: 63.952 Thread 0x000000001937a800 Uncommon trap: reason=unreached action=reinterpret pc=0x0000000003024cfc method=com.mysql.jdbc.MysqlIO.readSingleRowSet(JIIZ[Lcom/mysql/jdbc/Field;)Lcom/mysql/jdbc/RowData; @ 80
Event: 63.954 Thread 0x000000001937a800 Uncommon trap: reason=null_check action=make_not_entrant pc=0x0000000002e43540 method=com.mysql.jdbc.ResultSetImpl.findColumn(Ljava/lang/String;)I @ 33
Event: 79.104 Thread 0x000000001937a800 Uncommon trap: reason=unloaded action=reinterpret pc=0x0000000002a6905c method=programmingproject.HeatMapGraph.draw(Lprocessing/opengl/PGraphics3D;)V @ 280
Event: 79.105 Thread 0x000000001937a800 Uncommon trap: reason=unloaded action=reinterpret pc=0x00000000027d434c method=programmingproject.HeatMapGraph.draw(Lprocessing/opengl/PGraphics3D;)V @ 280
Event: 79.429 Thread 0x000000001937a800 Uncommon trap: reason=unreached action=reinterpret pc=0x0000000002c38b28 method=processing.opengl.PGraphicsOpenGL$Tessellator.splitRawIndices(Z)V @ 625
Event: 79.437 Thread 0x000000001937a800 Uncommon trap: reason=unreached action=reinterpret pc=0x0000000002d6fc8c method=processing.opengl.PGraphicsOpenGL.updateGLProjmodelview()V @ 4

Internal exceptions (10 events):
Event: 4.607 Thread 0x000000001937a800 Exception <a 'java/security/PrivilegedActionException'> (0x00000000d6eada60) thrown at [D:\re\workspace\8-2-build-windows-amd64-cygwin\jdk8u20\1074\hotspot\src\share\vm\prims\jvm.cpp, line 1275]
Event: 5.256 Thread 0x0000000019a4a000 Implicit null exception at 0x0000000002a8289a to 0x0000000002a866d0
Event: 6.578 Thread 0x000000001937a800 Exception <a 'java/security/PrivilegedActionException'> (0x00000000d61d6250) thrown at [D:\re\workspace\8-2-build-windows-amd64-cygwin\jdk8u20\1074\hotspot\src\share\vm\prims\jvm.cpp, line 1275]
Event: 6.607 Thread 0x000000001937a800 Exception <a 'java/security/PrivilegedActionException'> (0x00000000d61df2f0) thrown at [D:\re\workspace\8-2-build-windows-amd64-cygwin\jdk8u20\1074\hotspot\src\share\vm\prims\jvm.cpp, line 1275]
Event: 18.088 Thread 0x000000001937a800 Implicit null exception at 0x0000000002d363eb to 0x0000000002d36cfd
Event: 21.265 Thread 0x000000001937a800 Exception <a 'java/security/PrivilegedActionException'> (0x00000000d77050b0) thrown at [D:\re\workspace\8-2-build-windows-amd64-cygwin\jdk8u20\1074\hotspot\src\share\vm\prims\jvm.cpp, line 1275]
Event: 21.888 Thread 0x000000001937a800 Exception <a 'java/security/PrivilegedActionException'> (0x00000000d8c79720) thrown at [D:\re\workspace\8-2-build-windows-amd64-cygwin\jdk8u20\1074\hotspot\src\share\vm\prims\jvm.cpp, line 1275]
Event: 22.884 Thread 0x000000001937a800 Exception <a 'java/security/PrivilegedActionException'> (0x00000000d7871c58) thrown at [D:\re\workspace\8-2-build-windows-amd64-cygwin\jdk8u20\1074\hotspot\src\share\vm\prims\jvm.cpp, line 1275]
Event: 63.954 Thread 0x000000001937a800 Implicit null exception at 0x0000000002e43117 to 0x0000000002e43525
Event: 79.437 Thread 0x000000001937a800 Implicit null exception at 0x0000000002d6e41f to 0x0000000002d6fc7d

Events (10 events):
Event: 79.429 Thread 0x000000001937a800 Uncommon trap: trap_request=0xffffffad fr.pc=0x0000000002c38b28
Event: 79.429 Thread 0x000000001937a800 DEOPT PACKING pc=0x0000000002c38b28 sp=0x000000001bbed9c0
Event: 79.429 Thread 0x000000001937a800 DEOPT UNPACKING pc=0x000000000268556a sp=0x000000001bbed8f8 mode 2
Event: 79.437 Thread 0x000000001937a800 Uncommon trap: trap_request=0xffffffad fr.pc=0x0000000002d6fc8c
Event: 79.437 Thread 0x000000001937a800 DEOPT PACKING pc=0x0000000002d6fc8c sp=0x000000001bbed940
Event: 79.437 Thread 0x000000001937a800 DEOPT UNPACKING pc=0x000000000268556a sp=0x000000001bbed850 mode 2
Event: 79.556 Thread 0x000000001937a800 DEOPT PACKING pc=0x000000000305dc3a sp=0x000000001bbedc10
Event: 79.556 Thread 0x000000001937a800 DEOPT UNPACKING pc=0x00000000026875bf sp=0x000000001bbeda58 mode 0
Event: 79.830 Thread 0x000000001937a800 DEOPT PACKING pc=0x000000000305dc3a sp=0x000000001bbedc10
Event: 79.830 Thread 0x000000001937a800 DEOPT UNPACKING pc=0x00000000026875bf sp=0x000000001bbeda58 mode 0


Dynamic libraries:
0x00007ff7a7120000 - 0x00007ff7a7154000 	C:\Program Files\Java\jdk1.8.0_20\jre\bin\java.exe
0x00007ffcf9470000 - 0x00007ffcf961c000 	C:\Windows\SYSTEM32\ntdll.dll
0x00007ffcf76d0000 - 0x00007ffcf780e000 	C:\Windows\system32\KERNEL32.DLL
0x00007ffcf69d0000 - 0x00007ffcf6ae5000 	C:\Windows\system32\KERNELBASE.dll
0x00007ffcf25c0000 - 0x00007ffcf264e000 	C:\Windows\system32\apphelp.dll
0x00007ffcf3350000 - 0x00007ffcf33a3000 	C:\Windows\AppPatch\AppPatch64\AcGenral.DLL
0x00007ffcf6b60000 - 0x00007ffcf6c0a000 	C:\Windows\system32\msvcrt.dll
0x00007ffcf63f0000 - 0x00007ffcf641e000 	C:\Windows\SYSTEM32\SspiCli.dll
0x00007ffcf7b50000 - 0x00007ffcf7ba4000 	C:\Windows\system32\SHLWAPI.dll
0x00007ffcf9290000 - 0x00007ffcf9407000 	C:\Windows\system32\USER32.dll
0x00007ffcf7330000 - 0x00007ffcf74c4000 	C:\Windows\system32\ole32.dll
0x00007ffcf7d70000 - 0x00007ffcf9288000 	C:\Windows\system32\SHELL32.dll
0x00007ffcf5d80000 - 0x00007ffcf5da1000 	C:\Windows\SYSTEM32\USERENV.dll
0x00007ffcf7610000 - 0x00007ffcf76ba000 	C:\Windows\system32\ADVAPI32.dll
0x00007ffce98e0000 - 0x00007ffce98fe000 	C:\Windows\SYSTEM32\MPR.dll
0x00007ffcf7000000 - 0x00007ffcf7141000 	C:\Windows\system32\RPCRT4.dll
0x00007ffcf6af0000 - 0x00007ffcf6b49000 	C:\Windows\SYSTEM32\sechost.dll
0x00007ffcf6de0000 - 0x00007ffcf6ff1000 	C:\Windows\SYSTEM32\combase.dll
0x00007ffcf6c80000 - 0x00007ffcf6dd1000 	C:\Windows\system32\GDI32.dll
0x00007ffcf65c0000 - 0x00007ffcf65d5000 	C:\Windows\SYSTEM32\profapi.dll
0x00007ffcf5110000 - 0x00007ffcf51c2000 	C:\Windows\SYSTEM32\SHCORE.dll
0x00007ffcf9430000 - 0x00007ffcf9466000 	C:\Windows\system32\IMM32.DLL
0x00007ffcf7c10000 - 0x00007ffcf7d61000 	C:\Windows\system32\MSCTF.dll
0x00007ffcf46c0000 - 0x00007ffcf493b000 	C:\Windows\WinSxS\amd64_microsoft.windows.common-controls_6595b64144ccf1df_6.0.9600.17415_none_6240486fecbd8abb\COMCTL32.dll
0x0000000077560000 - 0x0000000077632000 	C:\Program Files\Java\jdk1.8.0_20\jre\bin\msvcr100.dll
0x0000000077640000 - 0x0000000077e98000 	C:\Program Files\Java\jdk1.8.0_20\jre\bin\server\jvm.dll
0x00007ffcda860000 - 0x00007ffcda869000 	C:\Windows\SYSTEM32\WSOCK32.dll
0x00007ffcf4c30000 - 0x00007ffcf4c52000 	C:\Windows\SYSTEM32\WINMM.dll
0x00007ffcf76c0000 - 0x00007ffcf76c7000 	C:\Windows\system32\PSAPI.DLL
0x00007ffcf6c20000 - 0x00007ffcf6c7a000 	C:\Windows\system32\WS2_32.dll
0x00007ffcf4bd0000 - 0x00007ffcf4bfa000 	C:\Windows\SYSTEM32\WINMMBASE.dll
0x00007ffcf6b50000 - 0x00007ffcf6b59000 	C:\Windows\system32\NSI.dll
0x00007ffcf67a0000 - 0x00007ffcf67ef000 	C:\Windows\SYSTEM32\cfgmgr32.dll
0x00007ffcf53b0000 - 0x00007ffcf53d8000 	C:\Windows\SYSTEM32\DEVOBJ.dll
0x0000000077550000 - 0x000000007755f000 	C:\Program Files\Java\jdk1.8.0_20\jre\bin\verify.dll
0x0000000077520000 - 0x0000000077548000 	C:\Program Files\Java\jdk1.8.0_20\jre\bin\java.dll
0x0000000077500000 - 0x0000000077516000 	C:\Program Files\Java\jdk1.8.0_20\jre\bin\zip.dll
0x0000000077320000 - 0x00000000774b8000 	C:\Program Files\Java\jdk1.8.0_20\jre\bin\awt.dll
0x00007ffcf7540000 - 0x00007ffcf7601000 	C:\Windows\system32\OLEAUT32.dll
0x00007ffcf4970000 - 0x00007ffcf4991000 	C:\Windows\system32\DWMAPI.DLL
0x00007ffcf5230000 - 0x00007ffcf5359000 	C:\Windows\system32\uxtheme.dll
0x00007ffcf5400000 - 0x00007ffcf540b000 	C:\Windows\SYSTEM32\kernel.appcore.dll
0x00007ffcf6490000 - 0x00007ffcf649b000 	C:\Windows\SYSTEM32\CRYPTBASE.dll
0x00007ffcf6420000 - 0x00007ffcf6483000 	C:\Windows\SYSTEM32\bcryptPrimitives.dll
0x00007ffcea560000 - 0x00007ffcea781000 	C:\Windows\system32\d3d9.dll
0x00007ffcf4b50000 - 0x00007ffcf4b5a000 	C:\Windows\SYSTEM32\VERSION.dll
0x00007ffcf3c50000 - 0x00007ffcf3db4000 	C:\Windows\SYSTEM32\nvumdshimx.dll
0x00007ffcf7150000 - 0x00007ffcf732a000 	C:\Windows\system32\SETUPAPI.dll
0x00007ffcf4db0000 - 0x00007ffcf4de2000 	C:\Windows\SYSTEM32\nvinitx.dll
0x00007ffcd83f0000 - 0x00007ffcd970f000 	C:\Windows\system32\igdumdim64.dll
0x00007ffceacc0000 - 0x00007ffceb645000 	C:\Windows\SYSTEM32\igdusc64.dll
0x00000000772d0000 - 0x0000000077317000 	C:\Program Files\Java\jdk1.8.0_20\jre\bin\fontmanager.dll
0x00007ffcf5ff0000 - 0x00007ffcf6010000 	C:\Windows\SYSTEM32\CRYPTSP.dll
0x00007ffcf5a70000 - 0x00007ffcf5aa6000 	C:\Windows\system32\rsaenh.dll
0x00007ffcf60e0000 - 0x00007ffcf6106000 	C:\Windows\SYSTEM32\bcrypt.dll
0x00000000774e0000 - 0x00000000774fa000 	C:\Program Files\Java\jdk1.8.0_20\jre\bin\net.dll
0x00007ffcf5d20000 - 0x00007ffcf5d79000 	C:\Windows\system32\mswsock.dll
0x00007ffcf2750000 - 0x00007ffcf277a000 	C:\Windows\SYSTEM32\IPHLPAPI.DLL
0x00007ffcf2740000 - 0x00007ffcf274a000 	C:\Windows\SYSTEM32\WINNSI.DLL
0x00007ffcee930000 - 0x00007ffcee946000 	C:\Windows\SYSTEM32\dhcpcsvc6.DLL
0x00007ffceeb30000 - 0x00007ffceeb4a000 	C:\Windows\SYSTEM32\dhcpcsvc.DLL
0x00000000774c0000 - 0x00000000774d1000 	C:\Program Files\Java\jdk1.8.0_20\jre\bin\nio.dll
0x00000000637c0000 - 0x00000000637cd000 	C:\Users\Aran\AppData\Local\Temp\jogamp_0000\file_cache\jln8830825215910807900\jln8582676727587980288\gluegen-rt.dll
0x0000000076650000 - 0x0000000076657000 	C:\Program Files\Java\jdk1.8.0_20\jre\bin\jawt.dll
0x000000006a440000 - 0x000000006a44d000 	C:\Users\Aran\AppData\Local\Temp\jogamp_0000\file_cache\jln8830825215910807900\jln8582676727587980288\nativewindow_awt.dll
0x000000006c100000 - 0x000000006c10f000 	C:\Users\Aran\AppData\Local\Temp\jogamp_0000\file_cache\jln8830825215910807900\jln8582676727587980288\nativewindow_win32.dll
0x00007ffce8380000 - 0x00007ffce84ab000 	C:\Windows\SYSTEM32\OpenGL32.dll
0x00007ffcf1030000 - 0x00007ffcf105e000 	C:\Windows\SYSTEM32\GLU32.dll
0x00007ffce3640000 - 0x00007ffce3738000 	C:\Windows\SYSTEM32\DDRAW.dll
0x00007ffcf2f10000 - 0x00007ffcf2f19000 	C:\Windows\SYSTEM32\DCIMAN32.dll
0x0000000064500000 - 0x00000000645a0000 	C:\Users\Aran\AppData\Local\Temp\jogamp_0000\file_cache\jln8830825215910807900\jln8582676727587980288\jogl_desktop.dll
0x00007ffceabd0000 - 0x00007ffceac2b000 	C:\Windows\system32\NV\nvoglshim64.dll
0x00007ffcdb1e0000 - 0x00007ffcdba64000 	C:\Windows\system32\ig75icd64.dll
0x00007ffcf6560000 - 0x00007ffcf65a6000 	C:\Windows\SYSTEM32\powrprof.dll
0x0000000077280000 - 0x00000000772c1000 	C:\Program Files\Java\jdk1.8.0_20\jre\bin\t2k.dll
0x00007ffcf5b90000 - 0x00007ffcf5c34000 	C:\Windows\SYSTEM32\DNSAPI.dll
0x00007ffceca10000 - 0x00007ffceca1a000 	C:\Windows\System32\rasadhlp.dll
0x00007ffceea00000 - 0x00007ffceea6b000 	C:\Windows\System32\fwpuclnt.dll
0x00007ffcf3980000 - 0x00007ffcf3b0a000 	C:\Windows\SYSTEM32\dbghelp.dll

VM Arguments:
jvm_args: -Dfile.encoding=UTF-8 
java_command: programmingproject.ProgrammingProject
java_class_path (initial): C:\Users\Aran\Documents\NetBeansProjects\programming-project-group-3\ProgrammingProject\lib\core.jar;C:\Users\Aran\Documents\NetBeansProjects\programming-project-group-3\ProgrammingProject\lib\gluegen-rt-natives-linux-amd64.jar;C:\Users\Aran\Documents\NetBeansProjects\programming-project-group-3\ProgrammingProject\lib\gluegen-rt-natives-linux-armv6hf.jar;C:\Users\Aran\Documents\NetBeansProjects\programming-project-group-3\ProgrammingProject\lib\gluegen-rt-natives-linux-i586.jar;C:\Users\Aran\Documents\NetBeansProjects\programming-project-group-3\ProgrammingProject\lib\gluegen-rt-natives-macosx-universal.jar;C:\Users\Aran\Documents\NetBeansProjects\programming-project-group-3\ProgrammingProject\lib\gluegen-rt-natives-windows-amd64.jar;C:\Users\Aran\Documents\NetBeansProjects\programming-project-group-3\ProgrammingProject\lib\gluegen-rt-natives-windows-i586.jar;C:\Users\Aran\Documents\NetBeansProjects\programming-project-group-3\ProgrammingProject\lib\gluegen-rt.jar;C:\Users\Aran\Documents\NetBeansProjects\programming-project-group-3\ProgrammingProject\lib\jogl-all-natives-linux-amd64.jar;C:\Users\Aran\Documents\NetBeansProjects\programming-project-group-3\ProgrammingProject\lib\jogl-all-natives-linux-armv6hf.jar;C:\Users\Aran\Documents\NetBeansProjects\programming-project-group-3\ProgrammingProject\lib\jogl-all-natives-linux-i586.jar;C:\Users\Aran\Documents\NetBeansProjects\programming-project-group-3\ProgrammingProject\lib\jogl-all-natives-macosx-universal.jar;C:\Users\Aran\Documents\NetBeansProjects\programming-project-group-3\ProgrammingProject\lib\jogl-all-natives-windows-amd64.jar;C:\Users\Aran\Documents\NetBeansProjects\programming-project-group-3\ProgrammingProject\lib\jogl-all-natives-windows-i586.jar;C:\Users\Aran\Documents\NetBeansProjects\programming-project-group-3\ProgrammingProject\lib\jogl-all.jar;C:\Users\Aran\Documents\NetBeansProjects\programming-project-group-3\ProgrammingProject\lib\mysql-connector-java-5.1.34-bin.jar;
Launcher Type: SUN_STANDARD

Environment Variables:
PATH=C:\Users\Aran\Documents\Enviroment Variables;C:\Program Files\Haskell Platform\2014.2.0.0\bin;C:\Program Files\Haskell Platform\2014.2.0.0\lib\extralibs\bin;C:\Program Files\Haskell Platform\2014.2.0.0\bin;C:\Python34;C:\Program Files\Java\jdk1.8.0_20\bin;C:\ProgramData\Oracle\Java\javapath;C:\Windows\system32;C:\Windows;C:\Windows\System32\Wbem;C:\Windows\System32\WindowsPowerShell\v1.0\;C:\Program Files\Haskell Platform\2014.2.0.0\mingw\bin;C:\Program Files (x86)\MiKTeX 2.9\miktex\bin\;C:\Program Files (x86)\Windows Kits\8.1\Windows Performance Toolkit\;C:\Program Files\Microsoft SQL Server\110\Tools\Binn\;C:\Program Files (x86)\Microsoft SDKs\TypeScript\1.0\;C:\Program Files\Microsoft SQL Server\120\Tools\Binn\;C:\Program Files (x86)\Windows Live\Shared;C:\Program Files\MATLAB\R2014b\bin;C:\Program Files (x86)\Git\cmd;C:\Users\Aran\AppData\Roaming\cabal\bin;.;
USERNAME=Aran
OS=Windows_NT
PROCESSOR_IDENTIFIER=Intel64 Family 6 Model 60 Stepping 3, GenuineIntel



---------------  S Y S T E M  ---------------

OS: Windows 8.1 , 64 bit Build 9600 

CPU:total 4 (2 cores per cpu, 2 threads per core) family 6 model 60 stepping 3, cmov, cx8, fxsr, mmx, sse, sse2, sse3, ssse3, sse4.1, sse4.2, popcnt, avx, avx2, aes, clmul, erms, lzcnt, ht, tsc, tscinvbit, bmi1, bmi2

Memory: 4k page, physical 8281560k(2650216k free), swap 15187644k(7245788k free)

vm_info: Java HotSpot(TM) 64-Bit Server VM (25.20-b23) for windows-amd64 JRE (1.8.0_20-b26), built on Jul 30 2014 13:51:23 by "java_re" with MS VC++ 10.0 (VS2010)

time: Sat Mar 21 22:53:33 2015
elapsed time: 84 seconds (0d 0h 1m 24s)

