#
# A fatal error has been detected by the Java Runtime Environment:
#
#  EXCEPTION_ACCESS_VIOLATION (0xc0000005) at pc=0x00007ffcdb6ce24e, pid=7064, tid=552
#
# JRE version: Java(TM) SE Runtime Environment (8.0_20-b26) (build 1.8.0_20-b26)
# Java VM: Java HotSpot(TM) 64-Bit Server VM (25.20-b23 mixed mode windows-amd64 compressed oops)
# Problematic frame:
# C  [ig75icd64.dll+0x4ee24e]
#
# Failed to write core dump. Minidumps are not enabled by default on client versions of Windows
#
# If you would like to submit a bug report, please visit:
#   http://bugreport.sun.com/bugreport/crash.jsp
# The crash happened outside the Java Virtual Machine in native code.
# See problematic frame for where to report the bug.
#

---------------  T H R E A D  ---------------

Current thread (0x00000000197f0000):  JavaThread "AWT-EventQueue-0" [_thread_in_native, id=552, stack(0x000000001bff0000,0x000000001c0f0000)]

siginfo: ExceptionCode=0xc0000005, reading address 0x0000000000000000

Registers:
RAX=0x0000000000000000, RBX=0x000000001f4dea20, RCX=0x0000000000000018, RDX=0x000000001c941f80
RSP=0x000000001c0ec9b0, RBP=0x0000000000000000, RSI=0x000000001f4dee40, RDI=0x000000001b54f140
R8 =0x0000000000000007, R9 =0x0000000000008000, R10=0x000000001ca2e280, R11=0x0000000000000000
R12=0x0000000000000000, R13=0x000000001d3d5d58, R14=0x000000001b4f3818, R15=0x0000000000000000
RIP=0x00007ffcdb6ce24e, EFLAGS=0x0000000000010246

Top of Stack: (sp=0x000000001c0ec9b0)
0x000000001c0ec9b0:   000000001cb01ca0 000000001f4f1e00
0x000000001c0ec9c0:   000000001f4dea20 000000001b54f140
0x000000001c0ec9d0:   000000001b54f140 00007ffcdb353732
0x000000001c0ec9e0:   000000001f4f1e00 000000001b54f140
0x000000001c0ec9f0:   0000000000000000 000000001cb01ca0
0x000000001c0eca00:   000000001f4f1e00 00007ffcdb356d72
0x000000001c0eca10:   0000000000000000 000000001b4ce2d0
0x000000001c0eca20:   000000001ca35b50 000000001c96afc0
0x000000001c0eca30:   00000000197f0000 0000000000000040
0x000000001c0eca40:   000000001c96afc0 00007ffcdb1f1bee
0x000000001c0eca50:   0000000000000000 000000001b515720
0x000000001c0eca60:   000000001c96afc0 000000001c96afc0
0x000000001c0eca70:   0000000000000008 00007ffcdb34fe68
0x000000001c0eca80:   000000001ca2e280 0000000000000000
0x000000001c0eca90:   0000000000000038 0000000000000007
0x000000001c0ecaa0:   0000000000000008 00007ffcdb1f1a1e 

Instructions: (pc=0x00007ffcdb6ce24e)
0x00007ffcdb6ce22e:   00 00 00 00 74 0d 48 8b cf 48 83 c4 20 5f e9 df
0x00007ffcdb6ce23e:   01 00 00 48 83 c4 20 5f c3 48 8b 82 78 7c 02 00
0x00007ffcdb6ce24e:   48 8b 08 48 39 4b 10 77 a8 48 8b 82 78 7c 02 00
0x00007ffcdb6ce25e:   48 8b 08 48 39 4b 18 77 98 80 bf f8 00 00 00 00 


Register to memory mapping:

RAX=0x0000000000000000 is an unknown value
RBX=0x000000001f4dea20 is an unknown value
RCX=0x0000000000000018 is an unknown value
RDX=0x000000001c941f80 is an unknown value
RSP=0x000000001c0ec9b0 is pointing into the stack for thread: 0x00000000197f0000
RBP=0x0000000000000000 is an unknown value
RSI=0x000000001f4dee40 is an unknown value
RDI=0x000000001b54f140 is an unknown value
R8 =0x0000000000000007 is an unknown value
R9 =0x0000000000008000 is an unknown value
R10=0x000000001ca2e280 is an unknown value
R11=0x0000000000000000 is an unknown value
R12=0x0000000000000000 is an unknown value
R13={method} {0x000000001d3d5d60} 'dispatch_wglDeleteContext0' '(JJ)Z' in 'jogamp/opengl/windows/wgl/WGL'
R14=0x000000001b4f3818 is an unknown value
R15=0x0000000000000000 is an unknown value


Stack: [0x000000001bff0000,0x000000001c0f0000],  sp=0x000000001c0ec9b0,  free space=1010k
Native frames: (J=compiled Java code, j=interpreted, Vv=VM code, C=native code)

Java frames: (J=compiled Java code, j=interpreted, Vv=VM code)
j  jogamp.opengl.windows.wgl.WGL.dispatch_wglDeleteContext0(JJ)Z+0
j  jogamp.opengl.windows.wgl.WGL.wglDeleteContext(J)Z+37
j  jogamp.opengl.windows.wgl.WindowsWGLContext.destroyImpl()V+10
j  jogamp.opengl.GLContextImpl.destroy()V+503
j  jogamp.opengl.GLDrawableHelper.disposeGL(Ljavax/media/opengl/GLAutoDrawable;Ljavax/media/opengl/GLContext;Z)V+128
j  javax.media.opengl.awt.GLCanvas$7.run()V+167
j  javax.media.opengl.Threading.invoke(ZLjava/lang/Runnable;Ljava/lang/Object;)V+33
j  javax.media.opengl.awt.GLCanvas.destroyImpl(Z)V+9
j  javax.media.opengl.awt.GLCanvas$2.run()V+5
j  com.jogamp.nativewindow.awt.AWTWindowClosingProtocol$WindowClosingAdapter.windowClosing(Ljava/awt/event/WindowEvent;)V+22
j  java.awt.Window.processWindowEvent(Ljava/awt/event/WindowEvent;)V+68
j  javax.swing.JFrame.processWindowEvent(Ljava/awt/event/WindowEvent;)V+2
j  java.awt.Window.processEvent(Ljava/awt/AWTEvent;)V+69
j  java.awt.Component.dispatchEventImpl(Ljava/awt/AWTEvent;)V+589
j  java.awt.Container.dispatchEventImpl(Ljava/awt/AWTEvent;)V+42
j  java.awt.Window.dispatchEventImpl(Ljava/awt/AWTEvent;)V+19
j  java.awt.Component.dispatchEvent(Ljava/awt/AWTEvent;)V+2
j  java.awt.EventQueue.dispatchEventImpl(Ljava/awt/AWTEvent;Ljava/lang/Object;)V+41
j  java.awt.EventQueue.access$400(Ljava/awt/EventQueue;Ljava/awt/AWTEvent;Ljava/lang/Object;)V+3
j  java.awt.EventQueue$3.run()Ljava/lang/Void;+32
j  java.awt.EventQueue$3.run()Ljava/lang/Object;+1
v  ~StubRoutines::call_stub
J 2268  java.security.AccessController.doPrivileged(Ljava/security/PrivilegedAction;Ljava/security/AccessControlContext;)Ljava/lang/Object; (0 bytes) @ 0x000000000333cf66 [0x000000000333cf00+0x66]
J 2776 C1 java.security.ProtectionDomain$1.doIntersectionPrivilege(Ljava/security/PrivilegedAction;Ljava/security/AccessControlContext;Ljava/security/AccessControlContext;)Ljava/lang/Object; (32 bytes) @ 0x000000000351619c [0x0000000003515ea0+0x2fc]
j  java.security.ProtectionDomain$1.doIntersectionPrivilege(Ljava/security/PrivilegedAction;Ljava/security/AccessControlContext;)Ljava/lang/Object;+6
j  java.awt.EventQueue$4.run()Ljava/lang/Void;+11
j  java.awt.EventQueue$4.run()Ljava/lang/Object;+1
v  ~StubRoutines::call_stub
J 2268  java.security.AccessController.doPrivileged(Ljava/security/PrivilegedAction;Ljava/security/AccessControlContext;)Ljava/lang/Object; (0 bytes) @ 0x000000000333cf66 [0x000000000333cf00+0x66]
J 2776 C1 java.security.ProtectionDomain$1.doIntersectionPrivilege(Ljava/security/PrivilegedAction;Ljava/security/AccessControlContext;Ljava/security/AccessControlContext;)Ljava/lang/Object; (32 bytes) @ 0x000000000351619c [0x0000000003515ea0+0x2fc]
j  java.awt.EventQueue.dispatchEvent(Ljava/awt/AWTEvent;)V+73
j  java.awt.EventDispatchThread.pumpOneEventForFilters(I)V+245
j  java.awt.EventDispatchThread.pumpEventsForFilter(ILjava/awt/Conditional;Ljava/awt/EventFilter;)V+35
j  java.awt.EventDispatchThread.pumpEventsForHierarchy(ILjava/awt/Conditional;Ljava/awt/Component;)V+11
j  java.awt.EventDispatchThread.pumpEvents(ILjava/awt/Conditional;)V+4
j  java.awt.EventDispatchThread.pumpEvents(Ljava/awt/Conditional;)V+3
j  java.awt.EventDispatchThread.run()V+9
v  ~StubRoutines::call_stub

---------------  P R O C E S S  ---------------

Java Threads: ( => current thread )
  0x0000000019c17000 JavaThread "Keep-Alive-Timer" daemon [_thread_blocked, id=6360, stack(0x0000000022640000,0x0000000022740000)]
  0x000000001d67a000 JavaThread "Abandoned connection cleanup thread" daemon [_thread_blocked, id=5404, stack(0x0000000021540000,0x0000000021640000)]
  0x0000000019d2c000 JavaThread "Animation Thread-SharedResourceRunner" daemon [_thread_blocked, id=6008, stack(0x000000001e430000,0x000000001e530000)]
  0x0000000002c4e000 JavaThread "DestroyJavaVM" [_thread_blocked, id=5436, stack(0x0000000001180000,0x0000000001280000)]
  0x000000001980c000 JavaThread "Animation Thread" [_thread_blocked, id=5348, stack(0x000000001c7f0000,0x000000001c8f0000)]
  0x0000000019807000 JavaThread "D3D Screen Updater" daemon [_thread_blocked, id=6820, stack(0x000000001c1f0000,0x000000001c2f0000)]
=>0x00000000197f0000 JavaThread "AWT-EventQueue-0" [_thread_in_native, id=552, stack(0x000000001bff0000,0x000000001c0f0000)]
  0x0000000019796000 JavaThread "AWT-Windows" daemon [_thread_in_native, id=3928, stack(0x000000001a110000,0x000000001a210000)]
  0x00000000192de000 JavaThread "AWT-Shutdown" [_thread_blocked, id=5108, stack(0x000000001a010000,0x000000001a110000)]
  0x00000000192dd800 JavaThread "Java2D Disposer" daemon [_thread_blocked, id=4632, stack(0x0000000019f10000,0x000000001a010000)]
  0x0000000018ef3000 JavaThread "Service Thread" daemon [_thread_blocked, id=3756, stack(0x00000000192e0000,0x00000000193e0000)]
  0x00000000176da800 JavaThread "C1 CompilerThread2" daemon [_thread_blocked, id=2360, stack(0x0000000018de0000,0x0000000018ee0000)]
  0x00000000176d7800 JavaThread "C2 CompilerThread1" daemon [_thread_blocked, id=1988, stack(0x0000000018ce0000,0x0000000018de0000)]
  0x000000001768e000 JavaThread "C2 CompilerThread0" daemon [_thread_blocked, id=2132, stack(0x0000000018be0000,0x0000000018ce0000)]
  0x000000001768c800 JavaThread "Attach Listener" daemon [_thread_blocked, id=2956, stack(0x0000000018ae0000,0x0000000018be0000)]
  0x000000001768b000 JavaThread "Signal Dispatcher" daemon [_thread_blocked, id=3656, stack(0x00000000189e0000,0x0000000018ae0000)]
  0x0000000002ac7000 JavaThread "Finalizer" daemon [_thread_blocked, id=5564, stack(0x00000000188e0000,0x00000000189e0000)]
  0x0000000002abe000 JavaThread "Reference Handler" daemon [_thread_blocked, id=5988, stack(0x00000000187e0000,0x00000000188e0000)]

Other Threads:
  0x0000000017655800 VMThread [stack: 0x00000000186e0000,0x00000000187e0000] [id=7096]
  0x0000000018ef4000 WatcherThread [stack: 0x00000000193e0000,0x00000000194e0000] [id=5236]

VM state:not at safepoint (normal execution)

VM Mutex/Monitor currently owned by a thread: None

Heap:
 PSYoungGen      total 163328K, used 60781K [0x00000000d5e00000, 0x00000000e4880000, 0x0000000100000000)
  eden space 102912K, 31% used [0x00000000d5e00000,0x00000000d7dd5d08,0x00000000dc280000)
  from space 60416K, 46% used [0x00000000e0300000,0x00000000e1e85ad8,0x00000000e3e00000)
  to   space 66048K, 0% used [0x00000000dc280000,0x00000000dc280000,0x00000000e0300000)
 ParOldGen       total 188928K, used 90099K [0x0000000081a00000, 0x000000008d280000, 0x00000000d5e00000)
  object space 188928K, 47% used [0x0000000081a00000,0x00000000871fccc0,0x000000008d280000)
 Metaspace       used 22240K, capacity 22459K, committed 22704K, reserved 1069056K
  class space    used 2120K, capacity 2178K, committed 2304K, reserved 1048576K

Card table byte_map: [0x0000000012010000,0x0000000012410000] byte_map_base: 0x0000000011c03000

Marking Bits: (ParMarkBitMap*) 0x0000000077e1b460
 Begin Bits: [0x00000000129c0000, 0x0000000014958000)
 End Bits:   [0x0000000014958000, 0x00000000168f0000)

Polling page: 0x00000000029b0000

CodeCache: size=245760Kb used=9349Kb max_used=9367Kb free=236410Kb
 bounds [0x0000000002c50000, 0x0000000003590000, 0x0000000011c50000]
 total_blobs=3625 nmethods=2653 adapters=884
 compilation: enabled

Compilation events (10 events):
Event: 25.157 Thread 0x00000000176d7800 nmethod 2881 0x00000000034f43d0 code [0x00000000034f4500, 0x00000000034f4598]
Event: 25.157 Thread 0x000000001768e000 nmethod 2880 0x0000000003545490 code [0x00000000035455c0, 0x0000000003545658]
Event: 25.293 Thread 0x00000000176d7800 2883       4       java.lang.String::toCharArray (25 bytes)
Event: 25.301 Thread 0x00000000176d7800 nmethod 2883 0x0000000003576490 code [0x00000000035765e0, 0x0000000003576718]
Event: 25.488 Thread 0x00000000176da800 2884       1       javax.media.nativewindow.DefaultGraphicsConfiguration::getChosenCapabilities (5 bytes)
Event: 25.489 Thread 0x00000000176da800 nmethod 2884 0x0000000003581a50 code [0x0000000003581ba0, 0x0000000003581cb0]
Event: 25.509 Thread 0x000000001768e000 2885       4       java.nio.ByteOrder::nativeOrder (4 bytes)
Event: 25.510 Thread 0x000000001768e000 nmethod 2885 0x0000000003248dd0 code [0x0000000003248f00, 0x0000000003248f58]
Event: 25.561 Thread 0x00000000176da800 2886       3       java.util.Formatter$FormatSpecifier::print (59 bytes)
Event: 25.563 Thread 0x00000000176da800 nmethod 2886 0x00000000035815d0 code [0x0000000003581740, 0x00000000035819a8]

GC Heap History (10 events):
Event: 15.495 GC heap before
{Heap before GC invocations=10 (full 1):
 PSYoungGen      total 93696K, used 93694K [0x00000000d5e00000, 0x00000000de980000, 0x0000000100000000)
  eden space 70144K, 100% used [0x00000000d5e00000,0x00000000da280000,0x00000000da280000)
  from space 23552K, 99% used [0x00000000dc080000,0x00000000dd77f8f0,0x00000000dd780000)
  to   space 30720K, 0% used [0x00000000da280000,0x00000000da280000,0x00000000dc080000)
 ParOldGen       total 90112K, used 38526K [0x0000000081a00000, 0x0000000087200000, 0x00000000d5e00000)
  object space 90112K, 42% used [0x0000000081a00000,0x0000000083f9faf0,0x0000000087200000)
 Metaspace       used 21952K, capacity 22203K, committed 22448K, reserved 1069056K
  class space    used 2107K, capacity 2178K, committed 2304K, reserved 1048576K
Event: 15.640 GC heap after
Heap after GC invocations=10 (full 1):
 PSYoungGen      total 100864K, used 30699K [0x00000000d5e00000, 0x00000000e0a80000, 0x0000000100000000)
  eden space 70144K, 0% used [0x00000000d5e00000,0x00000000d5e00000,0x00000000da280000)
  from space 30720K, 99% used [0x00000000da280000,0x00000000dc07ade0,0x00000000dc080000)
  to   space 44032K, 0% used [0x00000000ddf80000,0x00000000ddf80000,0x00000000e0a80000)
 ParOldGen       total 90112K, used 58966K [0x0000000081a00000, 0x0000000087200000, 0x00000000d5e00000)
  object space 90112K, 65% used [0x0000000081a00000,0x0000000085395b50,0x0000000087200000)
 Metaspace       used 21952K, capacity 22203K, committed 22448K, reserved 1069056K
  class space    used 2107K, capacity 2178K, committed 2304K, reserved 1048576K
}
Event: 16.335 GC heap before
{Heap before GC invocations=11 (full 1):
 PSYoungGen      total 100864K, used 100807K [0x00000000d5e00000, 0x00000000e0a80000, 0x0000000100000000)
  eden space 70144K, 99% used [0x00000000d5e00000,0x00000000da276f28,0x00000000da280000)
  from space 30720K, 99% used [0x00000000da280000,0x00000000dc07ade0,0x00000000dc080000)
  to   space 44032K, 0% used [0x00000000ddf80000,0x00000000ddf80000,0x00000000e0a80000)
 ParOldGen       total 90112K, used 58966K [0x0000000081a00000, 0x0000000087200000, 0x00000000d5e00000)
  object space 90112K, 65% used [0x0000000081a00000,0x0000000085395b50,0x0000000087200000)
 Metaspace       used 21980K, capacity 22203K, committed 22448K, reserved 1069056K
  class space    used 2108K, capacity 2178K, committed 2304K, reserved 1048576K
Event: 16.456 GC heap after
Heap after GC invocations=11 (full 1):
 PSYoungGen      total 126976K, used 38986K [0x00000000d5e00000, 0x00000000e1a80000, 0x0000000100000000)
  eden space 82944K, 0% used [0x00000000d5e00000,0x00000000d5e00000,0x00000000daf00000)
  from space 44032K, 88% used [0x00000000ddf80000,0x00000000e05928c0,0x00000000e0a80000)
  to   space 49664K, 0% used [0x00000000daf00000,0x00000000daf00000,0x00000000ddf80000)
 ParOldGen       total 90112K, used 58974K [0x0000000081a00000, 0x0000000087200000, 0x00000000d5e00000)
  object space 90112K, 65% used [0x0000000081a00000,0x0000000085397b50,0x0000000087200000)
 Metaspace       used 21980K, capacity 22203K, committed 22448K, reserved 1069056K
  class space    used 2108K, capacity 2178K, committed 2304K, reserved 1048576K
}
Event: 18.982 GC heap before
{Heap before GC invocations=12 (full 1):
 PSYoungGen      total 126976K, used 121930K [0x00000000d5e00000, 0x00000000e1a80000, 0x0000000100000000)
  eden space 82944K, 100% used [0x00000000d5e00000,0x00000000daf00000,0x00000000daf00000)
  from space 44032K, 88% used [0x00000000ddf80000,0x00000000e05928c0,0x00000000e0a80000)
  to   space 49664K, 0% used [0x00000000daf00000,0x00000000daf00000,0x00000000ddf80000)
 ParOldGen       total 90112K, used 58974K [0x0000000081a00000, 0x0000000087200000, 0x00000000d5e00000)
  object space 90112K, 65% used [0x0000000081a00000,0x0000000085397b50,0x0000000087200000)
 Metaspace       used 22110K, capacity 22331K, committed 22704K, reserved 1069056K
  class space    used 2108K, capacity 2178K, committed 2304K, reserved 1048576K
Event: 19.044 GC heap after
Heap after GC invocations=12 (full 1):
 PSYoungGen      total 132608K, used 49658K [0x00000000d5e00000, 0x00000000e3e00000, 0x0000000100000000)
  eden space 82944K, 0% used [0x00000000d5e00000,0x00000000d5e00000,0x00000000daf00000)
  from space 49664K, 99% used [0x00000000daf00000,0x00000000ddf7e9d0,0x00000000ddf80000)
  to   space 60416K, 0% used [0x00000000e0300000,0x00000000e0300000,0x00000000e3e00000)
 ParOldGen       total 90112K, used 66703K [0x0000000081a00000, 0x0000000087200000, 0x00000000d5e00000)
  object space 90112K, 74% used [0x0000000081a00000,0x0000000085b23cf0,0x0000000087200000)
 Metaspace       used 22110K, capacity 22331K, committed 22704K, reserved 1069056K
  class space    used 2108K, capacity 2178K, committed 2304K, reserved 1048576K
}
Event: 21.803 GC heap before
{Heap before GC invocations=13 (full 1):
 PSYoungGen      total 132608K, used 132602K [0x00000000d5e00000, 0x00000000e3e00000, 0x0000000100000000)
  eden space 82944K, 100% used [0x00000000d5e00000,0x00000000daf00000,0x00000000daf00000)
  from space 49664K, 99% used [0x00000000daf00000,0x00000000ddf7e9d0,0x00000000ddf80000)
  to   space 60416K, 0% used [0x00000000e0300000,0x00000000e0300000,0x00000000e3e00000)
 ParOldGen       total 90112K, used 66703K [0x0000000081a00000, 0x0000000087200000, 0x00000000d5e00000)
  object space 90112K, 74% used [0x0000000081a00000,0x0000000085b23cf0,0x0000000087200000)
 Metaspace       used 22203K, capacity 22331K, committed 22704K, reserved 1069056K
  class space    used 2120K, capacity 2178K, committed 2304K, reserved 1048576K
Event: 21.950 GC heap after
Heap after GC invocations=13 (full 1):
 PSYoungGen      total 163328K, used 48309K [0x00000000d5e00000, 0x00000000e4880000, 0x0000000100000000)
  eden space 102912K, 0% used [0x00000000d5e00000,0x00000000d5e00000,0x00000000dc280000)
  from space 60416K, 79% used [0x00000000e0300000,0x00000000e322d6d0,0x00000000e3e00000)
  to   space 66048K, 0% used [0x00000000dc280000,0x00000000dc280000,0x00000000e0300000)
 ParOldGen       total 90112K, used 74175K [0x0000000081a00000, 0x0000000087200000, 0x00000000d5e00000)
  object space 90112K, 82% used [0x0000000081a00000,0x000000008626fec0,0x0000000087200000)
 Metaspace       used 22203K, capacity 22331K, committed 22704K, reserved 1069056K
  class space    used 2120K, capacity 2178K, committed 2304K, reserved 1048576K
}
Event: 21.950 GC heap before
{Heap before GC invocations=14 (full 2):
 PSYoungGen      total 163328K, used 48309K [0x00000000d5e00000, 0x00000000e4880000, 0x0000000100000000)
  eden space 102912K, 0% used [0x00000000d5e00000,0x00000000d5e00000,0x00000000dc280000)
  from space 60416K, 79% used [0x00000000e0300000,0x00000000e322d6d0,0x00000000e3e00000)
  to   space 66048K, 0% used [0x00000000dc280000,0x00000000dc280000,0x00000000e0300000)
 ParOldGen       total 90112K, used 74175K [0x0000000081a00000, 0x0000000087200000, 0x00000000d5e00000)
  object space 90112K, 82% used [0x0000000081a00000,0x000000008626fec0,0x0000000087200000)
 Metaspace       used 22203K, capacity 22331K, committed 22704K, reserved 1069056K
  class space    used 2120K, capacity 2178K, committed 2304K, reserved 1048576K
Event: 22.878 GC heap after
Heap after GC invocations=14 (full 2):
 PSYoungGen      total 163328K, used 28182K [0x00000000d5e00000, 0x00000000e4880000, 0x0000000100000000)
  eden space 102912K, 0% used [0x00000000d5e00000,0x00000000d5e00000,0x00000000dc280000)
  from space 60416K, 46% used [0x00000000e0300000,0x00000000e1e85ad8,0x00000000e3e00000)
  to   space 66048K, 0% used [0x00000000dc280000,0x00000000dc280000,0x00000000e0300000)
 ParOldGen       total 188928K, used 90099K [0x0000000081a00000, 0x000000008d280000, 0x00000000d5e00000)
  object space 188928K, 47% used [0x0000000081a00000,0x00000000871fccc0,0x000000008d280000)
 Metaspace       used 22203K, capacity 22331K, committed 22704K, reserved 1069056K
  class space    used 2120K, capacity 2178K, committed 2304K, reserved 1048576K
}

Deoptimization events (10 events):
Event: 4.367 Thread 0x00000000197f0000 Uncommon trap: reason=predicate action=maybe_recompile pc=0x0000000002faa330 method=java.util.ArrayList.indexOf(Ljava/lang/Object;)I @ 44
Event: 6.486 Thread 0x0000000019c15800 Uncommon trap: reason=predicate action=maybe_recompile pc=0x000000000308fdf8 method=sun.awt.image.PNGImageDecoder.produceImage()V @ 960
Event: 6.692 Thread 0x00000000197f0000 Uncommon trap: reason=class_check action=maybe_recompile pc=0x000000000307cc14 method=com.jogamp.common.nio.Buffers.getDirectBufferByteOffset(Ljava/lang/Object;)I @ 42
Event: 7.659 Thread 0x00000000197f0000 Uncommon trap: reason=unreached action=reinterpret pc=0x000000000307c690 method=processing.opengl.PGL.nativeToJavaARGB([III)V @ 260
Event: 7.672 Thread 0x00000000197f0000 Uncommon trap: reason=class_check action=maybe_recompile pc=0x000000000307cc14 method=com.jogamp.common.nio.Buffers.getDirectBufferByteOffset(Ljava/lang/Object;)I @ 42
Event: 7.751 Thread 0x00000000197f0000 Uncommon trap: reason=class_check action=maybe_recompile pc=0x000000000307cc14 method=com.jogamp.common.nio.Buffers.getDirectBufferByteOffset(Ljava/lang/Object;)I @ 42
Event: 7.838 Thread 0x00000000197f0000 Uncommon trap: reason=class_check action=maybe_recompile pc=0x000000000307cc14 method=com.jogamp.common.nio.Buffers.getDirectBufferByteOffset(Ljava/lang/Object;)I @ 42
Event: 10.025 Thread 0x00000000197f0000 Uncommon trap: reason=class_check action=maybe_recompile pc=0x0000000002f8fe3c method=java.util.ArrayList.indexOf(Ljava/lang/Object;)I @ 51
Event: 15.907 Thread 0x00000000197f0000 Uncommon trap: reason=unreached action=reinterpret pc=0x00000000033d4af8 method=com.mysql.jdbc.ResultSetImpl.next()Z @ 107
Event: 16.258 Thread 0x00000000197f0000 Uncommon trap: reason=null_check action=make_not_entrant pc=0x00000000032c286c method=sun.font.FontDesignMetrics.getMetrics(Ljava/awt/Font;Ljava/awt/font/FontRenderContext;)Lsun/font/FontDesignMetrics; @ 54

Internal exceptions (10 events):
Event: 4.978 Thread 0x00000000197f0000 Exception <a 'java/security/PrivilegedActionException'> (0x00000000d6165cb0) thrown at [D:\re\workspace\8-2-build-windows-amd64-cygwin\jdk8u20\1074\hotspot\src\share\vm\prims\jvm.cpp, line 1275]
Event: 4.980 Thread 0x00000000197f0000 Exception <a 'java/security/PrivilegedActionException'> (0x00000000d61693b0) thrown at [D:\re\workspace\8-2-build-windows-amd64-cygwin\jdk8u20\1074\hotspot\src\share\vm\prims\jvm.cpp, line 1275]
Event: 5.759 Thread 0x00000000197f0000 Exception <a 'java/security/PrivilegedActionException'> (0x00000000d6db3b90) thrown at [D:\re\workspace\8-2-build-windows-amd64-cygwin\jdk8u20\1074\hotspot\src\share\vm\prims\jvm.cpp, line 1275]
Event: 6.486 Thread 0x0000000019c15800 Implicit null exception at 0x000000000308c01a to 0x000000000308fd7c
Event: 7.539 Thread 0x00000000197f0000 Exception <a 'java/security/PrivilegedActionException'> (0x00000000d6327148) thrown at [D:\re\workspace\8-2-build-windows-amd64-cygwin\jdk8u20\1074\hotspot\src\share\vm\prims\jvm.cpp, line 1275]
Event: 7.565 Thread 0x00000000197f0000 Exception <a 'java/security/PrivilegedActionException'> (0x00000000d63301e8) thrown at [D:\re\workspace\8-2-build-windows-amd64-cygwin\jdk8u20\1074\hotspot\src\share\vm\prims\jvm.cpp, line 1275]
Event: 14.138 Thread 0x00000000197f0000 Exception <a 'java/security/PrivilegedActionException'> (0x00000000d78fd678) thrown at [D:\re\workspace\8-2-build-windows-amd64-cygwin\jdk8u20\1074\hotspot\src\share\vm\prims\jvm.cpp, line 1275]
Event: 14.955 Thread 0x00000000197f0000 Exception <a 'java/security/PrivilegedActionException'> (0x00000000d90a9c90) thrown at [D:\re\workspace\8-2-build-windows-amd64-cygwin\jdk8u20\1074\hotspot\src\share\vm\prims\jvm.cpp, line 1275]
Event: 15.907 Thread 0x00000000197f0000 Exception <a 'java/security/PrivilegedActionException'> (0x00000000d7f252a0) thrown at [D:\re\workspace\8-2-build-windows-amd64-cygwin\jdk8u20\1074\hotspot\src\share\vm\prims\jvm.cpp, line 1275]
Event: 16.258 Thread 0x00000000197f0000 Implicit null exception at 0x00000000032c227b to 0x00000000032c2857

Events (10 events):
Event: 23.467 Executing VM operation: RevokeBias done
Event: 23.468 Thread 0x0000000019bac000 Thread exited: 0x0000000019bac000
Event: 23.535 Executing VM operation: RevokeBias
Event: 23.536 Executing VM operation: RevokeBias done
Event: 23.536 Thread 0x0000000019c14800 Thread exited: 0x0000000019c14800
Event: 23.537 Executing VM operation: RevokeBias
Event: 23.538 Executing VM operation: RevokeBias done
Event: 23.538 Thread 0x0000000019c15800 Thread exited: 0x0000000019c15800
Event: 24.658 Thread 0x00000000197f0000 DEOPT PACKING pc=0x00000000032cf54e sp=0x000000001c0ed820
Event: 24.658 Thread 0x00000000197f0000 DEOPT UNPACKING pc=0x0000000002c975bf sp=0x000000001c0ed5a0 mode 0


Dynamic libraries:
0x00007ff7a7120000 - 0x00007ff7a7154000 	C:\Program Files\Java\jdk1.8.0_20\jre\bin\java.exe
0x00007ffcf9470000 - 0x00007ffcf961c000 	C:\Windows\SYSTEM32\ntdll.dll
0x00007ffcf76d0000 - 0x00007ffcf780e000 	C:\Windows\system32\KERNEL32.DLL
0x00007ffcf69d0000 - 0x00007ffcf6ae5000 	C:\Windows\system32\KERNELBASE.dll
0x00007ffcf25c0000 - 0x00007ffcf264e000 	C:\Windows\system32\apphelp.dll
0x00007ffcf3350000 - 0x00007ffcf33a3000 	C:\Windows\AppPatch\AppPatch64\AcGenral.DLL
0x00007ffcf6b60000 - 0x00007ffcf6c0a000 	C:\Windows\system32\msvcrt.dll
0x00007ffcf63f0000 - 0x00007ffcf641e000 	C:\Windows\SYSTEM32\SspiCli.dll
0x00007ffcf7b50000 - 0x00007ffcf7ba4000 	C:\Windows\system32\SHLWAPI.dll
0x00007ffcf9290000 - 0x00007ffcf9407000 	C:\Windows\system32\USER32.dll
0x00007ffcf7330000 - 0x00007ffcf74c4000 	C:\Windows\system32\ole32.dll
0x00007ffcf7d70000 - 0x00007ffcf9288000 	C:\Windows\system32\SHELL32.dll
0x00007ffcf5d80000 - 0x00007ffcf5da1000 	C:\Windows\SYSTEM32\USERENV.dll
0x00007ffcf7610000 - 0x00007ffcf76ba000 	C:\Windows\system32\ADVAPI32.dll
0x00007ffce98e0000 - 0x00007ffce98fe000 	C:\Windows\SYSTEM32\MPR.dll
0x00007ffcf7000000 - 0x00007ffcf7141000 	C:\Windows\system32\RPCRT4.dll
0x00007ffcf6af0000 - 0x00007ffcf6b49000 	C:\Windows\SYSTEM32\sechost.dll
0x00007ffcf6de0000 - 0x00007ffcf6ff1000 	C:\Windows\SYSTEM32\combase.dll
0x00007ffcf6c80000 - 0x00007ffcf6dd1000 	C:\Windows\system32\GDI32.dll
0x00007ffcf65c0000 - 0x00007ffcf65d5000 	C:\Windows\SYSTEM32\profapi.dll
0x00007ffcf5110000 - 0x00007ffcf51c2000 	C:\Windows\SYSTEM32\SHCORE.dll
0x00007ffcf9430000 - 0x00007ffcf9466000 	C:\Windows\system32\IMM32.DLL
0x00007ffcf7c10000 - 0x00007ffcf7d61000 	C:\Windows\system32\MSCTF.dll
0x00007ffcf46c0000 - 0x00007ffcf493b000 	C:\Windows\WinSxS\amd64_microsoft.windows.common-controls_6595b64144ccf1df_6.0.9600.17415_none_6240486fecbd8abb\COMCTL32.dll
0x0000000077560000 - 0x0000000077632000 	C:\Program Files\Java\jdk1.8.0_20\jre\bin\msvcr100.dll
0x0000000077640000 - 0x0000000077e98000 	C:\Program Files\Java\jdk1.8.0_20\jre\bin\server\jvm.dll
0x00007ffcda860000 - 0x00007ffcda869000 	C:\Windows\SYSTEM32\WSOCK32.dll
0x00007ffcf4c30000 - 0x00007ffcf4c52000 	C:\Windows\SYSTEM32\WINMM.dll
0x00007ffcf76c0000 - 0x00007ffcf76c7000 	C:\Windows\system32\PSAPI.DLL
0x00007ffcf6c20000 - 0x00007ffcf6c7a000 	C:\Windows\system32\WS2_32.dll
0x00007ffcf4bd0000 - 0x00007ffcf4bfa000 	C:\Windows\SYSTEM32\WINMMBASE.dll
0x00007ffcf6b50000 - 0x00007ffcf6b59000 	C:\Windows\system32\NSI.dll
0x00007ffcf67a0000 - 0x00007ffcf67ef000 	C:\Windows\SYSTEM32\cfgmgr32.dll
0x00007ffcf53b0000 - 0x00007ffcf53d8000 	C:\Windows\SYSTEM32\DEVOBJ.dll
0x0000000077550000 - 0x000000007755f000 	C:\Program Files\Java\jdk1.8.0_20\jre\bin\verify.dll
0x0000000077520000 - 0x0000000077548000 	C:\Program Files\Java\jdk1.8.0_20\jre\bin\java.dll
0x0000000077500000 - 0x0000000077516000 	C:\Program Files\Java\jdk1.8.0_20\jre\bin\zip.dll
0x0000000077320000 - 0x00000000774b8000 	C:\Program Files\Java\jdk1.8.0_20\jre\bin\awt.dll
0x00007ffcf7540000 - 0x00007ffcf7601000 	C:\Windows\system32\OLEAUT32.dll
0x00007ffcf4970000 - 0x00007ffcf4991000 	C:\Windows\system32\DWMAPI.DLL
0x00007ffcf5230000 - 0x00007ffcf5359000 	C:\Windows\system32\uxtheme.dll
0x00007ffcf5400000 - 0x00007ffcf540b000 	C:\Windows\SYSTEM32\kernel.appcore.dll
0x00007ffcf6490000 - 0x00007ffcf649b000 	C:\Windows\SYSTEM32\CRYPTBASE.dll
0x00007ffcf6420000 - 0x00007ffcf6483000 	C:\Windows\SYSTEM32\bcryptPrimitives.dll
0x00007ffcea560000 - 0x00007ffcea781000 	C:\Windows\system32\d3d9.dll
0x00007ffcf4b50000 - 0x00007ffcf4b5a000 	C:\Windows\SYSTEM32\VERSION.dll
0x00007ffcf3c50000 - 0x00007ffcf3db4000 	C:\Windows\SYSTEM32\nvumdshimx.dll
0x00007ffcf7150000 - 0x00007ffcf732a000 	C:\Windows\system32\SETUPAPI.dll
0x00007ffcf4db0000 - 0x00007ffcf4de2000 	C:\Windows\SYSTEM32\nvinitx.dll
0x00007ffcd83f0000 - 0x00007ffcd970f000 	C:\Windows\system32\igdumdim64.dll
0x00007ffceacc0000 - 0x00007ffceb645000 	C:\Windows\SYSTEM32\igdusc64.dll
0x00000000772d0000 - 0x0000000077317000 	C:\Program Files\Java\jdk1.8.0_20\jre\bin\fontmanager.dll
0x00007ffcf5ff0000 - 0x00007ffcf6010000 	C:\Windows\SYSTEM32\CRYPTSP.dll
0x00007ffcf5a70000 - 0x00007ffcf5aa6000 	C:\Windows\system32\rsaenh.dll
0x00007ffcf60e0000 - 0x00007ffcf6106000 	C:\Windows\SYSTEM32\bcrypt.dll
0x00000000774e0000 - 0x00000000774fa000 	C:\Program Files\Java\jdk1.8.0_20\jre\bin\net.dll
0x00007ffcf5d20000 - 0x00007ffcf5d79000 	C:\Windows\system32\mswsock.dll
0x00007ffcf2750000 - 0x00007ffcf277a000 	C:\Windows\SYSTEM32\IPHLPAPI.DLL
0x00007ffcf2740000 - 0x00007ffcf274a000 	C:\Windows\SYSTEM32\WINNSI.DLL
0x00007ffcee930000 - 0x00007ffcee946000 	C:\Windows\SYSTEM32\dhcpcsvc6.DLL
0x00007ffceeb30000 - 0x00007ffceeb4a000 	C:\Windows\SYSTEM32\dhcpcsvc.DLL
0x00000000774c0000 - 0x00000000774d1000 	C:\Program Files\Java\jdk1.8.0_20\jre\bin\nio.dll
0x00000000637c0000 - 0x00000000637cd000 	C:\Users\Aran\AppData\Local\Temp\jogamp_0000\file_cache\jln3231721201091921133\jln8624777413975765848\gluegen-rt.dll
0x0000000076650000 - 0x0000000076657000 	C:\Program Files\Java\jdk1.8.0_20\jre\bin\jawt.dll
0x000000006a440000 - 0x000000006a44d000 	C:\Users\Aran\AppData\Local\Temp\jogamp_0000\file_cache\jln3231721201091921133\jln8624777413975765848\nativewindow_awt.dll
0x000000006c100000 - 0x000000006c10f000 	C:\Users\Aran\AppData\Local\Temp\jogamp_0000\file_cache\jln3231721201091921133\jln8624777413975765848\nativewindow_win32.dll
0x00007ffce8380000 - 0x00007ffce84ab000 	C:\Windows\SYSTEM32\OpenGL32.dll
0x00007ffcf1030000 - 0x00007ffcf105e000 	C:\Windows\SYSTEM32\GLU32.dll
0x00007ffce3640000 - 0x00007ffce3738000 	C:\Windows\SYSTEM32\DDRAW.dll
0x00007ffcf2f10000 - 0x00007ffcf2f19000 	C:\Windows\SYSTEM32\DCIMAN32.dll
0x0000000064500000 - 0x00000000645a0000 	C:\Users\Aran\AppData\Local\Temp\jogamp_0000\file_cache\jln3231721201091921133\jln8624777413975765848\jogl_desktop.dll
0x00007ffceabd0000 - 0x00007ffceac2b000 	C:\Windows\system32\NV\nvoglshim64.dll
0x00007ffcdb1e0000 - 0x00007ffcdba64000 	C:\Windows\system32\ig75icd64.dll
0x00007ffcf6560000 - 0x00007ffcf65a6000 	C:\Windows\SYSTEM32\powrprof.dll
0x0000000077280000 - 0x00000000772c1000 	C:\Program Files\Java\jdk1.8.0_20\jre\bin\t2k.dll
0x00007ffcf5b90000 - 0x00007ffcf5c34000 	C:\Windows\SYSTEM32\DNSAPI.dll
0x00007ffceca10000 - 0x00007ffceca1a000 	C:\Windows\System32\rasadhlp.dll
0x00007ffceea00000 - 0x00007ffceea6b000 	C:\Windows\System32\fwpuclnt.dll
0x00007ffcf3980000 - 0x00007ffcf3b0a000 	C:\Windows\SYSTEM32\dbghelp.dll

VM Arguments:
jvm_args: -Dfile.encoding=UTF-8 
java_command: programmingproject.ProgrammingProject
java_class_path (initial): C:\Users\Aran\Documents\NetBeansProjects\programming-project-group-3\ProgrammingProject\lib\core.jar;C:\Users\Aran\Documents\NetBeansProjects\programming-project-group-3\ProgrammingProject\lib\gluegen-rt-natives-linux-amd64.jar;C:\Users\Aran\Documents\NetBeansProjects\programming-project-group-3\ProgrammingProject\lib\gluegen-rt-natives-linux-armv6hf.jar;C:\Users\Aran\Documents\NetBeansProjects\programming-project-group-3\ProgrammingProject\lib\gluegen-rt-natives-linux-i586.jar;C:\Users\Aran\Documents\NetBeansProjects\programming-project-group-3\ProgrammingProject\lib\gluegen-rt-natives-macosx-universal.jar;C:\Users\Aran\Documents\NetBeansProjects\programming-project-group-3\ProgrammingProject\lib\gluegen-rt-natives-windows-amd64.jar;C:\Users\Aran\Documents\NetBeansProjects\programming-project-group-3\ProgrammingProject\lib\gluegen-rt-natives-windows-i586.jar;C:\Users\Aran\Documents\NetBeansProjects\programming-project-group-3\ProgrammingProject\lib\gluegen-rt.jar;C:\Users\Aran\Documents\NetBeansProjects\programming-project-group-3\ProgrammingProject\lib\jogl-all-natives-linux-amd64.jar;C:\Users\Aran\Documents\NetBeansProjects\programming-project-group-3\ProgrammingProject\lib\jogl-all-natives-linux-armv6hf.jar;C:\Users\Aran\Documents\NetBeansProjects\programming-project-group-3\ProgrammingProject\lib\jogl-all-natives-linux-i586.jar;C:\Users\Aran\Documents\NetBeansProjects\programming-project-group-3\ProgrammingProject\lib\jogl-all-natives-macosx-universal.jar;C:\Users\Aran\Documents\NetBeansProjects\programming-project-group-3\ProgrammingProject\lib\jogl-all-natives-windows-amd64.jar;C:\Users\Aran\Documents\NetBeansProjects\programming-project-group-3\ProgrammingProject\lib\jogl-all-natives-windows-i586.jar;C:\Users\Aran\Documents\NetBeansProjects\programming-project-group-3\ProgrammingProject\lib\jogl-all.jar;C:\Users\Aran\Documents\NetBeansProjects\programming-project-group-3\ProgrammingProject\lib\mysql-connector-java-5.1.34-bin.jar;
Launcher Type: SUN_STANDARD

Environment Variables:
PATH=C:\Users\Aran\Documents\Enviroment Variables;C:\Program Files\Haskell Platform\2014.2.0.0\bin;C:\Program Files\Haskell Platform\2014.2.0.0\lib\extralibs\bin;C:\Program Files\Haskell Platform\2014.2.0.0\bin;C:\Python34;C:\Program Files\Java\jdk1.8.0_20\bin;C:\ProgramData\Oracle\Java\javapath;C:\Windows\system32;C:\Windows;C:\Windows\System32\Wbem;C:\Windows\System32\WindowsPowerShell\v1.0\;C:\Program Files\Haskell Platform\2014.2.0.0\mingw\bin;C:\Program Files (x86)\MiKTeX 2.9\miktex\bin\;C:\Program Files (x86)\Windows Kits\8.1\Windows Performance Toolkit\;C:\Program Files\Microsoft SQL Server\110\Tools\Binn\;C:\Program Files (x86)\Microsoft SDKs\TypeScript\1.0\;C:\Program Files\Microsoft SQL Server\120\Tools\Binn\;C:\Program Files (x86)\Windows Live\Shared;C:\Program Files\MATLAB\R2014b\bin;C:\Program Files (x86)\Git\cmd;C:\Users\Aran\AppData\Roaming\cabal\bin;.;
USERNAME=Aran
OS=Windows_NT
PROCESSOR_IDENTIFIER=Intel64 Family 6 Model 60 Stepping 3, GenuineIntel



---------------  S Y S T E M  ---------------

OS: Windows 8.1 , 64 bit Build 9600 

CPU:total 4 (2 cores per cpu, 2 threads per core) family 6 model 60 stepping 3, cmov, cx8, fxsr, mmx, sse, sse2, sse3, ssse3, sse4.1, sse4.2, popcnt, avx, avx2, aes, clmul, erms, lzcnt, ht, tsc, tscinvbit, bmi1, bmi2

Memory: 4k page, physical 8281560k(4324436k free), swap 15187644k(8592220k free)

vm_info: Java HotSpot(TM) 64-Bit Server VM (25.20-b23) for windows-amd64 JRE (1.8.0_20-b26), built on Jul 30 2014 13:51:23 by "java_re" with MS VC++ 10.0 (VS2010)

time: Sat Mar 21 20:04:53 2015
elapsed time: 25 seconds (0d 0h 0m 25s)

