#
# A fatal error has been detected by the Java Runtime Environment:
#
#  EXCEPTION_ACCESS_VIOLATION (0xc0000005) at pc=0x00007ffcdb6ce24e, pid=376, tid=7128
#
# JRE version: Java(TM) SE Runtime Environment (8.0_20-b26) (build 1.8.0_20-b26)
# Java VM: Java HotSpot(TM) 64-Bit Server VM (25.20-b23 mixed mode windows-amd64 compressed oops)
# Problematic frame:
# C  [ig75icd64.dll+0x4ee24e]
#
# Failed to write core dump. Minidumps are not enabled by default on client versions of Windows
#
# If you would like to submit a bug report, please visit:
#   http://bugreport.sun.com/bugreport/crash.jsp
# The crash happened outside the Java Virtual Machine in native code.
# See problematic frame for where to report the bug.
#

---------------  T H R E A D  ---------------

Current thread (0x0000000018e3f800):  JavaThread "AWT-EventQueue-0" [_thread_in_native, id=7128, stack(0x000000001b5c0000,0x000000001b6c0000)]

siginfo: ExceptionCode=0xc0000005, reading address 0x0000000000000000

Registers:
RAX=0x0000000000000000, RBX=0x000000001ea9f640, RCX=0x0000000000000018, RDX=0x000000001bdd00c0
RSP=0x000000001b6bccb0, RBP=0x0000000000000000, RSI=0x000000001eaa0240, RDI=0x000000001aa72a70
R8 =0x0000000000000007, R9 =0x000000001eb6bdd0, R10=0x0000000000000000, R11=0x0000000000000000
R12=0x0000000000000000, R13=0x000000001c975bb0, R14=0x000000001aa958f8, R15=0x0000000018e3f800
RIP=0x00007ffcdb6ce24e, EFLAGS=0x0000000000010246

Top of Stack: (sp=0x000000001b6bccb0)
0x000000001b6bccb0:   0000000018e3f800 00007ffcdb58229d
0x000000001b6bccc0:   fffffffffffffffe 0000000025e39e70
0x000000001b6bccd0:   000000001aa72a70 00007ffcdb353732
0x000000001b6bcce0:   000000001eb02660 000000001bdf8740
0x000000001b6bccf0:   000000001aa72a70 0000000000000058
0x000000001b6bcd00:   0000000025e39cb8 00007ffcdb359895
0x000000001b6bcd10:   000000001eb02660 0000000025e39e00
0x000000001b6bcd20:   00007ffcdb7c2140 0000000000000000
0x000000001b6bcd30:   0000000025e39c40 00007ffcdb359ff3
0x000000001b6bcd40:   000000001bdf8740 0000000000000001
0x000000001b6bcd50:   000000001bdf8740 00007ffcdb6d1100
0x000000001b6bcd60:   0000000025eb76b0 00007ffcdb35bfb1
0x000000001b6bcd70:   0000000025eb7730 000000001bed1320
0x000000001b6bcd80:   000000001bed1320 000000001bdf8740
0x000000001b6bcd90:   000000001eb6bdd0 00007ffcdb34d8df
0x000000001b6bcda0:   0000000018e3f800 0000000000000000 

Instructions: (pc=0x00007ffcdb6ce24e)
0x00007ffcdb6ce22e:   00 00 00 00 74 0d 48 8b cf 48 83 c4 20 5f e9 df
0x00007ffcdb6ce23e:   01 00 00 48 83 c4 20 5f c3 48 8b 82 78 7c 02 00
0x00007ffcdb6ce24e:   48 8b 08 48 39 4b 10 77 a8 48 8b 82 78 7c 02 00
0x00007ffcdb6ce25e:   48 8b 08 48 39 4b 18 77 98 80 bf f8 00 00 00 00 


Register to memory mapping:

RAX=0x0000000000000000 is an unknown value
RBX=0x000000001ea9f640 is an unknown value
RCX=0x0000000000000018 is an unknown value
RDX=0x000000001bdd00c0 is an unknown value
RSP=0x000000001b6bccb0 is pointing into the stack for thread: 0x0000000018e3f800
RBP=0x0000000000000000 is an unknown value
RSI=0x000000001eaa0240 is an unknown value
RDI=0x000000001aa72a70 is an unknown value
R8 =0x0000000000000007 is an unknown value
R9 =0x000000001eb6bdd0 is an unknown value
R10=0x0000000000000000 is an unknown value
R11=0x0000000000000000 is an unknown value
R12=0x0000000000000000 is an unknown value
R13={method} {0x000000001c975bb8} 'dispatch_wglDeleteContext0' '(JJ)Z' in 'jogamp/opengl/windows/wgl/WGL'
R14=0x000000001aa958f8 is an unknown value
R15=0x0000000018e3f800 is a thread


Stack: [0x000000001b5c0000,0x000000001b6c0000],  sp=0x000000001b6bccb0,  free space=1011k
Native frames: (J=compiled Java code, j=interpreted, Vv=VM code, C=native code)

Java frames: (J=compiled Java code, j=interpreted, Vv=VM code)
j  jogamp.opengl.windows.wgl.WGL.dispatch_wglDeleteContext0(JJ)Z+0
j  jogamp.opengl.windows.wgl.WGL.wglDeleteContext(J)Z+37
j  jogamp.opengl.windows.wgl.WindowsWGLContext.destroyImpl()V+10
j  jogamp.opengl.GLContextImpl.destroy()V+503
j  jogamp.opengl.GLDrawableHelper.disposeGL(Ljavax/media/opengl/GLAutoDrawable;Ljavax/media/opengl/GLContext;Z)V+128
j  javax.media.opengl.awt.GLCanvas$7.run()V+167
J 2875 C1 javax.media.opengl.Threading.invoke(ZLjava/lang/Runnable;Ljava/lang/Object;)V (39 bytes) @ 0x0000000002aa6c04 [0x0000000002aa6900+0x304]
j  javax.media.opengl.awt.GLCanvas.destroyImpl(Z)V+9
j  javax.media.opengl.awt.GLCanvas$2.run()V+5
j  com.jogamp.nativewindow.awt.AWTWindowClosingProtocol$WindowClosingAdapter.windowClosing(Ljava/awt/event/WindowEvent;)V+22
j  java.awt.Window.processWindowEvent(Ljava/awt/event/WindowEvent;)V+68
j  javax.swing.JFrame.processWindowEvent(Ljava/awt/event/WindowEvent;)V+2
j  java.awt.Window.processEvent(Ljava/awt/AWTEvent;)V+69
J 3275 C1 java.awt.Component.dispatchEventImpl(Ljava/awt/AWTEvent;)V (883 bytes) @ 0x0000000002ba8aa4 [0x0000000002ba35a0+0x5504]
j  java.awt.Container.dispatchEventImpl(Ljava/awt/AWTEvent;)V+42
j  java.awt.Window.dispatchEventImpl(Ljava/awt/AWTEvent;)V+19
J 2791 C1 java.awt.EventQueue.dispatchEventImpl(Ljava/awt/AWTEvent;Ljava/lang/Object;)V (149 bytes) @ 0x0000000002a2bacc [0x0000000002a2a440+0x168c]
J 2789 C1 java.awt.EventQueue$3.run()Ljava/lang/Void; (60 bytes) @ 0x0000000002a2660c [0x0000000002a26400+0x20c]
J 2788 C1 java.awt.EventQueue$3.run()Ljava/lang/Object; (5 bytes) @ 0x0000000002a26d0c [0x0000000002a26c80+0x8c]
v  ~StubRoutines::call_stub
J 2507  java.security.AccessController.doPrivileged(Ljava/security/PrivilegedAction;Ljava/security/AccessControlContext;)Ljava/lang/Object; (0 bytes) @ 0x00000000022b9626 [0x00000000022b95c0+0x66]
J 2604 C1 java.security.ProtectionDomain$1.doIntersectionPrivilege(Ljava/security/PrivilegedAction;Ljava/security/AccessControlContext;Ljava/security/AccessControlContext;)Ljava/lang/Object; (32 bytes) @ 0x000000000299c5dc [0x000000000299c2e0+0x2fc]
J 3277 C1 java.awt.EventQueue$4.run()Ljava/lang/Object; (5 bytes) @ 0x000000000263174c [0x0000000002631360+0x3ec]
v  ~StubRoutines::call_stub
J 2507  java.security.AccessController.doPrivileged(Ljava/security/PrivilegedAction;Ljava/security/AccessControlContext;)Ljava/lang/Object; (0 bytes) @ 0x00000000022b9626 [0x00000000022b95c0+0x66]
J 2626 C1 java.awt.EventQueue.dispatchEvent(Ljava/awt/AWTEvent;)V (80 bytes) @ 0x00000000029a9334 [0x00000000029a8680+0xcb4]
J 2793 C1 java.awt.EventDispatchThread.pumpOneEventForFilters(I)V (295 bytes) @ 0x0000000002a2e8dc [0x0000000002a2cd80+0x1b5c]
j  java.awt.EventDispatchThread.pumpEventsForFilter(ILjava/awt/Conditional;Ljava/awt/EventFilter;)V+35
j  java.awt.EventDispatchThread.pumpEventsForHierarchy(ILjava/awt/Conditional;Ljava/awt/Component;)V+11
j  java.awt.EventDispatchThread.pumpEvents(ILjava/awt/Conditional;)V+4
j  java.awt.EventDispatchThread.pumpEvents(Ljava/awt/Conditional;)V+3
j  java.awt.EventDispatchThread.run()V+9
v  ~StubRoutines::call_stub

---------------  P R O C E S S  ---------------

Java Threads: ( => current thread )
  0x000000001cc7a000 JavaThread "Abandoned connection cleanup thread" daemon [_thread_blocked, id=6252, stack(0x0000000020a40000,0x0000000020b40000)]
  0x0000000018f38800 JavaThread "Animation Thread-SharedResourceRunner" daemon [_thread_blocked, id=3312, stack(0x000000001d9d0000,0x000000001dad0000)]
  0x0000000001eee000 JavaThread "DestroyJavaVM" [_thread_blocked, id=4784, stack(0x0000000001fa0000,0x00000000020a0000)]
  0x0000000018e43000 JavaThread "Animation Thread" [_thread_blocked, id=6900, stack(0x000000001c500000,0x000000001c600000)]
  0x0000000018e19800 JavaThread "D3D Screen Updater" daemon [_thread_blocked, id=4820, stack(0x000000001b7c0000,0x000000001b8c0000)]
=>0x0000000018e3f800 JavaThread "AWT-EventQueue-0" [_thread_in_native, id=7128, stack(0x000000001b5c0000,0x000000001b6c0000)]
  0x0000000018db4000 JavaThread "AWT-Windows" daemon [_thread_in_native, id=4584, stack(0x0000000019730000,0x0000000019830000)]
  0x0000000018db3800 JavaThread "AWT-Shutdown" [_thread_blocked, id=4788, stack(0x0000000019630000,0x0000000019730000)]
  0x000000001893c000 JavaThread "Java2D Disposer" daemon [_thread_blocked, id=3148, stack(0x0000000019530000,0x0000000019630000)]
  0x0000000016d3e000 JavaThread "Service Thread" daemon [_thread_blocked, id=4720, stack(0x0000000018940000,0x0000000018a40000)]
  0x0000000016ce2000 JavaThread "C1 CompilerThread2" daemon [_thread_blocked, id=6336, stack(0x0000000018440000,0x0000000018540000)]
  0x0000000016cdf000 JavaThread "C2 CompilerThread1" daemon [_thread_blocked, id=6184, stack(0x0000000018340000,0x0000000018440000)]
  0x0000000016cea800 JavaThread "C2 CompilerThread0" daemon [_thread_blocked, id=5908, stack(0x0000000018240000,0x0000000018340000)]
  0x0000000016ce9000 JavaThread "Attach Listener" daemon [_thread_blocked, id=3164, stack(0x0000000018140000,0x0000000018240000)]
  0x0000000016ce8000 JavaThread "Signal Dispatcher" daemon [_thread_blocked, id=6524, stack(0x0000000018040000,0x0000000018140000)]
  0x0000000016ca7800 JavaThread "Finalizer" daemon [_thread_blocked, id=868, stack(0x0000000017f40000,0x0000000018040000)]
  0x0000000002191000 JavaThread "Reference Handler" daemon [_thread_blocked, id=4124, stack(0x0000000017e40000,0x0000000017f40000)]

Other Threads:
  0x0000000016ca5800 VMThread [stack: 0x0000000017d40000,0x0000000017e40000] [id=4364]
  0x0000000018558800 WatcherThread [stack: 0x0000000018a40000,0x0000000018b40000] [id=4436]

VM state:not at safepoint (normal execution)

VM Mutex/Monitor currently owned by a thread: None

Heap:
 PSYoungGen      total 184832K, used 110905K [0x00000000d5e00000, 0x00000000e4180000, 0x0000000100000000)
  eden space 144384K, 53% used [0x00000000d5e00000,0x00000000da9fe420,0x00000000deb00000)
  from space 40448K, 81% used [0x00000000e1500000,0x00000000e354fff0,0x00000000e3c80000)
  to   space 43008K, 0% used [0x00000000deb00000,0x00000000deb00000,0x00000000e1500000)
 ParOldGen       total 93696K, used 56373K [0x0000000081a00000, 0x0000000087580000, 0x00000000d5e00000)
  object space 93696K, 60% used [0x0000000081a00000,0x000000008510d400,0x0000000087580000)
 Metaspace       used 22568K, capacity 22729K, committed 23040K, reserved 1071104K
  class space    used 2110K, capacity 2179K, committed 2304K, reserved 1048576K

Card table byte_map: [0x0000000011560000,0x0000000011960000] byte_map_base: 0x0000000011153000

Marking Bits: (ParMarkBitMap*) 0x0000000077e1b460
 Begin Bits: [0x0000000012010000, 0x0000000013fa8000)
 End Bits:   [0x0000000013fa8000, 0x0000000015f40000)

Polling page: 0x00000000004e0000

CodeCache: size=245760Kb used=10324Kb max_used=10330Kb free=235435Kb
 bounds [0x00000000021a0000, 0x0000000002bd0000, 0x00000000111a0000]
 total_blobs=3815 nmethods=2841 adapters=886
 compilation: enabled

Compilation events (10 events):
Event: 262.238 Thread 0x0000000016cea800 3306       4       sun.util.logging.PlatformLogger::isLoggable (38 bytes)
Event: 262.250 Thread 0x0000000016cea800 nmethod 3306 0x0000000002bc3590 code [0x0000000002bc36e0, 0x0000000002bc38b8]
Event: 262.581 Thread 0x0000000016ce2000 3307   !   3       sun.awt.PostEventQueue::flush (168 bytes)
Event: 262.585 Thread 0x0000000016ce2000 nmethod 3307 0x0000000002bb4450 code [0x0000000002bb46a0, 0x0000000002bb57c8]
Event: 263.480 Thread 0x0000000016ce2000 3308       3       sun.java2d.d3d.D3DSurfaceData$D3DWindowSurfaceData::isDirty (18 bytes)
Event: 263.481 Thread 0x0000000016ce2000 nmethod 3308 0x0000000002bb3fd0 code [0x0000000002bb4140, 0x0000000002bb43a8]
Event: 265.506 Thread 0x0000000016cdf000 3309       4       processing.opengl.PGL::contextIsCurrent (17 bytes)
Event: 265.508 Thread 0x0000000016cdf000 nmethod 3309 0x000000000268fc90 code [0x000000000268fdc0, 0x000000000268fe38]
Event: 265.544 Thread 0x0000000016ce2000 3310       3       processing.core.PGraphics::pushStyle (78 bytes)
Event: 265.547 Thread 0x0000000016ce2000 nmethod 3310 0x0000000002bc54d0 code [0x0000000002bc56e0, 0x0000000002bc62d8]

GC Heap History (10 events):
Event: 141.190 GC heap before
{Heap before GC invocations=13 (full 1):
 PSYoungGen      total 172544K, used 162561K [0x00000000d5e00000, 0x00000000e3300000, 0x0000000100000000)
  eden space 136192K, 100% used [0x00000000d5e00000,0x00000000de300000,0x00000000de300000)
  from space 36352K, 72% used [0x00000000de300000,0x00000000dfcc0670,0x00000000e0680000)
  to   space 37888K, 0% used [0x00000000e0e00000,0x00000000e0e00000,0x00000000e3300000)
 ParOldGen       total 93696K, used 56357K [0x0000000081a00000, 0x0000000087580000, 0x00000000d5e00000)
  object space 93696K, 60% used [0x0000000081a00000,0x0000000085109400,0x0000000087580000)
 Metaspace       used 22357K, capacity 22601K, committed 22784K, reserved 1069056K
  class space    used 2108K, capacity 2179K, committed 2304K, reserved 1048576K
Event: 141.214 GC heap after
Heap after GC invocations=13 (full 1):
 PSYoungGen      total 179200K, used 26385K [0x00000000d5e00000, 0x00000000e3400000, 0x0000000100000000)
  eden space 141312K, 0% used [0x00000000d5e00000,0x00000000d5e00000,0x00000000de800000)
  from space 37888K, 69% used [0x00000000e0e00000,0x00000000e27c4660,0x00000000e3300000)
  to   space 38912K, 0% used [0x00000000de800000,0x00000000de800000,0x00000000e0e00000)
 ParOldGen       total 93696K, used 56357K [0x0000000081a00000, 0x0000000087580000, 0x00000000d5e00000)
  object space 93696K, 60% used [0x0000000081a00000,0x0000000085109400,0x0000000087580000)
 Metaspace       used 22357K, capacity 22601K, committed 22784K, reserved 1069056K
  class space    used 2108K, capacity 2179K, committed 2304K, reserved 1048576K
}
Event: 169.224 GC heap before
{Heap before GC invocations=14 (full 1):
 PSYoungGen      total 179200K, used 167697K [0x00000000d5e00000, 0x00000000e3400000, 0x0000000100000000)
  eden space 141312K, 100% used [0x00000000d5e00000,0x00000000de800000,0x00000000de800000)
  from space 37888K, 69% used [0x00000000e0e00000,0x00000000e27c4660,0x00000000e3300000)
  to   space 38912K, 0% used [0x00000000de800000,0x00000000de800000,0x00000000e0e00000)
 ParOldGen       total 93696K, used 56357K [0x0000000081a00000, 0x0000000087580000, 0x00000000d5e00000)
  object space 93696K, 60% used [0x0000000081a00000,0x0000000085109400,0x0000000087580000)
 Metaspace       used 22357K, capacity 22601K, committed 22784K, reserved 1069056K
  class space    used 2108K, capacity 2179K, committed 2304K, reserved 1048576K
Event: 169.234 GC heap after
Heap after GC invocations=14 (full 1):
 PSYoungGen      total 180224K, used 26369K [0x00000000d5e00000, 0x00000000e3a00000, 0x0000000100000000)
  eden space 141312K, 0% used [0x00000000d5e00000,0x00000000d5e00000,0x00000000de800000)
  from space 38912K, 67% used [0x00000000de800000,0x00000000e01c0670,0x00000000e0e00000)
  to   space 39936K, 0% used [0x00000000e1300000,0x00000000e1300000,0x00000000e3a00000)
 ParOldGen       total 93696K, used 56365K [0x0000000081a00000, 0x0000000087580000, 0x00000000d5e00000)
  object space 93696K, 60% used [0x0000000081a00000,0x000000008510b400,0x0000000087580000)
 Metaspace       used 22357K, capacity 22601K, committed 22784K, reserved 1069056K
  class space    used 2108K, capacity 2179K, committed 2304K, reserved 1048576K
}
Event: 197.708 GC heap before
{Heap before GC invocations=15 (full 1):
 PSYoungGen      total 180224K, used 167681K [0x00000000d5e00000, 0x00000000e3a00000, 0x0000000100000000)
  eden space 141312K, 100% used [0x00000000d5e00000,0x00000000de800000,0x00000000de800000)
  from space 38912K, 67% used [0x00000000de800000,0x00000000e01c0670,0x00000000e0e00000)
  to   space 39936K, 0% used [0x00000000e1300000,0x00000000e1300000,0x00000000e3a00000)
 ParOldGen       total 93696K, used 56365K [0x0000000081a00000, 0x0000000087580000, 0x00000000d5e00000)
  object space 93696K, 60% used [0x0000000081a00000,0x000000008510b400,0x0000000087580000)
 Metaspace       used 22361K, capacity 22601K, committed 22784K, reserved 1069056K
  class space    used 2108K, capacity 2179K, committed 2304K, reserved 1048576K
Event: 197.728 GC heap after
Heap after GC invocations=15 (full 1):
 PSYoungGen      total 183296K, used 26385K [0x00000000d5e00000, 0x00000000e3900000, 0x0000000100000000)
  eden space 144384K, 0% used [0x00000000d5e00000,0x00000000d5e00000,0x00000000deb00000)
  from space 38912K, 67% used [0x00000000e1300000,0x00000000e2cc4660,0x00000000e3900000)
  to   space 39936K, 0% used [0x00000000deb00000,0x00000000deb00000,0x00000000e1200000)
 ParOldGen       total 93696K, used 56365K [0x0000000081a00000, 0x0000000087580000, 0x00000000d5e00000)
  object space 93696K, 60% used [0x0000000081a00000,0x000000008510b400,0x0000000087580000)
 Metaspace       used 22361K, capacity 22601K, committed 22784K, reserved 1069056K
  class space    used 2108K, capacity 2179K, committed 2304K, reserved 1048576K
}
Event: 226.796 GC heap before
{Heap before GC invocations=16 (full 1):
 PSYoungGen      total 183296K, used 170769K [0x00000000d5e00000, 0x00000000e3900000, 0x0000000100000000)
  eden space 144384K, 100% used [0x00000000d5e00000,0x00000000deb00000,0x00000000deb00000)
  from space 38912K, 67% used [0x00000000e1300000,0x00000000e2cc4660,0x00000000e3900000)
  to   space 39936K, 0% used [0x00000000deb00000,0x00000000deb00000,0x00000000e1200000)
 ParOldGen       total 93696K, used 56365K [0x0000000081a00000, 0x0000000087580000, 0x00000000d5e00000)
  object space 93696K, 60% used [0x0000000081a00000,0x000000008510b400,0x0000000087580000)
 Metaspace       used 22365K, capacity 22601K, committed 22784K, reserved 1069056K
  class space    used 2108K, capacity 2179K, committed 2304K, reserved 1048576K
Event: 226.809 GC heap after
Heap after GC invocations=16 (full 1):
 PSYoungGen      total 184320K, used 26385K [0x00000000d5e00000, 0x00000000e3c80000, 0x0000000100000000)
  eden space 144384K, 0% used [0x00000000d5e00000,0x00000000d5e00000,0x00000000deb00000)
  from space 39936K, 66% used [0x00000000deb00000,0x00000000e04c4660,0x00000000e1200000)
  to   space 40448K, 0% used [0x00000000e1500000,0x00000000e1500000,0x00000000e3c80000)
 ParOldGen       total 93696K, used 56365K [0x0000000081a00000, 0x0000000087580000, 0x00000000d5e00000)
  object space 93696K, 60% used [0x0000000081a00000,0x000000008510b400,0x0000000087580000)
 Metaspace       used 22365K, capacity 22601K, committed 22784K, reserved 1069056K
  class space    used 2108K, capacity 2179K, committed 2304K, reserved 1048576K
}
Event: 253.317 GC heap before
{Heap before GC invocations=17 (full 1):
 PSYoungGen      total 184320K, used 170769K [0x00000000d5e00000, 0x00000000e3c80000, 0x0000000100000000)
  eden space 144384K, 100% used [0x00000000d5e00000,0x00000000deb00000,0x00000000deb00000)
  from space 39936K, 66% used [0x00000000deb00000,0x00000000e04c4660,0x00000000e1200000)
  to   space 40448K, 0% used [0x00000000e1500000,0x00000000e1500000,0x00000000e3c80000)
 ParOldGen       total 93696K, used 56365K [0x0000000081a00000, 0x0000000087580000, 0x00000000d5e00000)
  object space 93696K, 60% used [0x0000000081a00000,0x000000008510b400,0x0000000087580000)
 Metaspace       used 22510K, capacity 22665K, committed 23040K, reserved 1071104K
  class space    used 2109K, capacity 2179K, committed 2304K, reserved 1048576K
Event: 253.358 GC heap after
Heap after GC invocations=17 (full 1):
 PSYoungGen      total 184832K, used 33087K [0x00000000d5e00000, 0x00000000e4180000, 0x0000000100000000)
  eden space 144384K, 0% used [0x00000000d5e00000,0x00000000d5e00000,0x00000000deb00000)
  from space 40448K, 81% used [0x00000000e1500000,0x00000000e354fff0,0x00000000e3c80000)
  to   space 43008K, 0% used [0x00000000deb00000,0x00000000deb00000,0x00000000e1500000)
 ParOldGen       total 93696K, used 56373K [0x0000000081a00000, 0x0000000087580000, 0x00000000d5e00000)
  object space 93696K, 60% used [0x0000000081a00000,0x000000008510d400,0x0000000087580000)
 Metaspace       used 22510K, capacity 22665K, committed 23040K, reserved 1071104K
  class space    used 2109K, capacity 2179K, committed 2304K, reserved 1048576K
}

Deoptimization events (10 events):
Event: 259.620 Thread 0x0000000018e3f800 Uncommon trap: reason=class_check action=maybe_recompile pc=0x0000000002bbc2cc method=java.awt.EventQueue.cacheEQItem(Lsun/awt/EventQueueItem;)V @ 20
Event: 259.630 Thread 0x0000000018e3f800 Uncommon trap: reason=unreached action=reinterpret pc=0x0000000002bbb2d8 method=java.awt.EventQueue.coalesceEvent(Ljava/awt/AWTEvent;I)Z @ 56
Event: 259.645 Thread 0x0000000018e19800 Uncommon trap: reason=unreached action=reinterpret pc=0x0000000002300f1c method=sun.java2d.StateTrackableDelegate$1.isCurrent()Z @ 8
Event: 259.658 Thread 0x0000000018e3f800 Uncommon trap: reason=class_check action=maybe_recompile pc=0x000000000238d600 method=java.awt.EventQueue.uncacheEQItem(Lsun/awt/EventQueueItem;)V @ 20
Event: 259.820 Thread 0x0000000018e3f800 Uncommon trap: reason=class_check action=maybe_recompile pc=0x000000000238d600 method=java.awt.EventQueue.uncacheEQItem(Lsun/awt/EventQueueItem;)V @ 20
Event: 259.977 Thread 0x0000000018e3f800 Uncommon trap: reason=unreached action=reinterpret pc=0x00000000028361fc method=processing.opengl.PGL.bindTexture(II)V @ 10
Event: 260.051 Thread 0x0000000018e3f800 Uncommon trap: reason=unreached action=reinterpret pc=0x0000000002adb188 method=processing.core.PGraphics.pushStyle()V @ 35
Event: 260.719 Thread 0x0000000018e3f800 Uncommon trap: reason=class_check action=maybe_recompile pc=0x000000000238d600 method=java.awt.EventQueue.uncacheEQItem(Lsun/awt/EventQueueItem;)V @ 20
Event: 260.879 Thread 0x0000000018e3f800 Uncommon trap: reason=class_check action=maybe_recompile pc=0x000000000238d600 method=java.awt.EventQueue.uncacheEQItem(Lsun/awt/EventQueueItem;)V @ 20
Event: 261.062 Thread 0x0000000018e3f800 Uncommon trap: reason=unreached action=reinterpret pc=0x00000000024adf2c method=java.awt.EventQueue.isDispatchThreadImpl()Z @ 65

Internal exceptions (10 events):
Event: 6.176 Thread 0x0000000018e3f800 Exception <a 'java/security/PrivilegedActionException'> (0x00000000d61ee2e8) thrown at [D:\re\workspace\8-2-build-windows-amd64-cygwin\jdk8u20\1074\hotspot\src\share\vm\prims\jvm.cpp, line 1275]
Event: 6.177 Thread 0x0000000018e3f800 Exception <a 'java/security/PrivilegedActionException'> (0x00000000d61f19e8) thrown at [D:\re\workspace\8-2-build-windows-amd64-cygwin\jdk8u20\1074\hotspot\src\share\vm\prims\jvm.cpp, line 1275]
Event: 6.867 Thread 0x0000000018e3f800 Exception <a 'java/security/PrivilegedActionException'> (0x00000000d6f07bd8) thrown at [D:\re\workspace\8-2-build-windows-amd64-cygwin\jdk8u20\1074\hotspot\src\share\vm\prims\jvm.cpp, line 1275]
Event: 7.784 Thread 0x00000000186c8800 Implicit null exception at 0x00000000025ef39a to 0x00000000025f30fc
Event: 8.761 Thread 0x0000000018e3f800 Exception <a 'java/security/PrivilegedActionException'> (0x00000000d63a3360) thrown at [D:\re\workspace\8-2-build-windows-amd64-cygwin\jdk8u20\1074\hotspot\src\share\vm\prims\jvm.cpp, line 1275]
Event: 8.888 Thread 0x0000000018e3f800 Exception <a 'java/security/PrivilegedActionException'> (0x00000000d63ac400) thrown at [D:\re\workspace\8-2-build-windows-amd64-cygwin\jdk8u20\1074\hotspot\src\share\vm\prims\jvm.cpp, line 1275]
Event: 250.405 Thread 0x0000000018e3f800 Exception <a 'java/security/PrivilegedActionException'> (0x00000000dcdb1da0) thrown at [D:\re\workspace\8-2-build-windows-amd64-cygwin\jdk8u20\1074\hotspot\src\share\vm\prims\jvm.cpp, line 1275]
Event: 250.510 Thread 0x0000000018e3f800 Exception <a 'java/security/PrivilegedActionException'> (0x00000000dd203ae8) thrown at [D:\re\workspace\8-2-build-windows-amd64-cygwin\jdk8u20\1074\hotspot\src\share\vm\prims\jvm.cpp, line 1275]
Event: 253.557 Thread 0x0000000018e3f800 Implicit null exception at 0x00000000028ca5df to 0x00000000028cbe39
Event: 259.977 Thread 0x0000000018e3f800 Implicit null exception at 0x0000000002835f7b to 0x00000000028361e9

Events (10 events):
Event: 260.719 Thread 0x0000000018e3f800 DEOPT PACKING pc=0x000000000238d600 sp=0x000000001b6bf180
Event: 260.720 Thread 0x0000000018e3f800 DEOPT UNPACKING pc=0x00000000021e556a sp=0x000000001b6bf0a0 mode 2
Event: 260.879 Thread 0x0000000018e3f800 Uncommon trap: trap_request=0xffffffde fr.pc=0x000000000238d600
Event: 260.879 Thread 0x0000000018e3f800 DEOPT PACKING pc=0x000000000238d600 sp=0x000000001b6bf180
Event: 260.879 Thread 0x0000000018e3f800 DEOPT UNPACKING pc=0x00000000021e556a sp=0x000000001b6bf0a0 mode 2
Event: 260.985 Executing VM operation: RevokeBias
Event: 260.986 Executing VM operation: RevokeBias done
Event: 261.062 Thread 0x0000000018e3f800 Uncommon trap: trap_request=0xffffffad fr.pc=0x00000000024adf2c
Event: 261.062 Thread 0x0000000018e3f800 DEOPT PACKING pc=0x00000000024adf2c sp=0x000000001b6bd230
Event: 261.062 Thread 0x0000000018e3f800 DEOPT UNPACKING pc=0x00000000021e556a sp=0x000000001b6bd1b8 mode 2


Dynamic libraries:
0x00007ff7a7120000 - 0x00007ff7a7154000 	C:\Program Files\Java\jdk1.8.0_20\jre\bin\java.exe
0x00007ffcf9470000 - 0x00007ffcf961c000 	C:\Windows\SYSTEM32\ntdll.dll
0x00007ffcf76d0000 - 0x00007ffcf780e000 	C:\Windows\system32\KERNEL32.DLL
0x00007ffcf69d0000 - 0x00007ffcf6ae5000 	C:\Windows\system32\KERNELBASE.dll
0x00007ffcf25c0000 - 0x00007ffcf264e000 	C:\Windows\system32\apphelp.dll
0x00007ffcf3350000 - 0x00007ffcf33a3000 	C:\Windows\AppPatch\AppPatch64\AcGenral.DLL
0x00007ffcf6b60000 - 0x00007ffcf6c0a000 	C:\Windows\system32\msvcrt.dll
0x00007ffcf63f0000 - 0x00007ffcf641e000 	C:\Windows\SYSTEM32\SspiCli.dll
0x00007ffcf7b50000 - 0x00007ffcf7ba4000 	C:\Windows\system32\SHLWAPI.dll
0x00007ffcf9290000 - 0x00007ffcf9407000 	C:\Windows\system32\USER32.dll
0x00007ffcf7330000 - 0x00007ffcf74c4000 	C:\Windows\system32\ole32.dll
0x00007ffcf7d70000 - 0x00007ffcf9288000 	C:\Windows\system32\SHELL32.dll
0x00007ffcf5d80000 - 0x00007ffcf5da1000 	C:\Windows\SYSTEM32\USERENV.dll
0x00007ffcf7610000 - 0x00007ffcf76ba000 	C:\Windows\system32\ADVAPI32.dll
0x00007ffce98e0000 - 0x00007ffce98fe000 	C:\Windows\SYSTEM32\MPR.dll
0x00007ffcf7000000 - 0x00007ffcf7141000 	C:\Windows\system32\RPCRT4.dll
0x00007ffcf6af0000 - 0x00007ffcf6b49000 	C:\Windows\SYSTEM32\sechost.dll
0x00007ffcf6de0000 - 0x00007ffcf6ff1000 	C:\Windows\SYSTEM32\combase.dll
0x00007ffcf6c80000 - 0x00007ffcf6dd1000 	C:\Windows\system32\GDI32.dll
0x00007ffcf65c0000 - 0x00007ffcf65d5000 	C:\Windows\SYSTEM32\profapi.dll
0x00007ffcf5110000 - 0x00007ffcf51c2000 	C:\Windows\SYSTEM32\SHCORE.dll
0x00007ffcf9430000 - 0x00007ffcf9466000 	C:\Windows\system32\IMM32.DLL
0x00007ffcf7c10000 - 0x00007ffcf7d61000 	C:\Windows\system32\MSCTF.dll
0x00007ffcf46c0000 - 0x00007ffcf493b000 	C:\Windows\WinSxS\amd64_microsoft.windows.common-controls_6595b64144ccf1df_6.0.9600.17415_none_6240486fecbd8abb\COMCTL32.dll
0x0000000077560000 - 0x0000000077632000 	C:\Program Files\Java\jdk1.8.0_20\jre\bin\msvcr100.dll
0x0000000077640000 - 0x0000000077e98000 	C:\Program Files\Java\jdk1.8.0_20\jre\bin\server\jvm.dll
0x00007ffcda860000 - 0x00007ffcda869000 	C:\Windows\SYSTEM32\WSOCK32.dll
0x00007ffcf4c30000 - 0x00007ffcf4c52000 	C:\Windows\SYSTEM32\WINMM.dll
0x00007ffcf76c0000 - 0x00007ffcf76c7000 	C:\Windows\system32\PSAPI.DLL
0x00007ffcf6c20000 - 0x00007ffcf6c7a000 	C:\Windows\system32\WS2_32.dll
0x00007ffcf4bd0000 - 0x00007ffcf4bfa000 	C:\Windows\SYSTEM32\WINMMBASE.dll
0x00007ffcf6b50000 - 0x00007ffcf6b59000 	C:\Windows\system32\NSI.dll
0x00007ffcf67a0000 - 0x00007ffcf67ef000 	C:\Windows\SYSTEM32\cfgmgr32.dll
0x00007ffcf53b0000 - 0x00007ffcf53d8000 	C:\Windows\SYSTEM32\DEVOBJ.dll
0x0000000077550000 - 0x000000007755f000 	C:\Program Files\Java\jdk1.8.0_20\jre\bin\verify.dll
0x0000000077520000 - 0x0000000077548000 	C:\Program Files\Java\jdk1.8.0_20\jre\bin\java.dll
0x0000000077500000 - 0x0000000077516000 	C:\Program Files\Java\jdk1.8.0_20\jre\bin\zip.dll
0x0000000077320000 - 0x00000000774b8000 	C:\Program Files\Java\jdk1.8.0_20\jre\bin\awt.dll
0x00007ffcf7540000 - 0x00007ffcf7601000 	C:\Windows\system32\OLEAUT32.dll
0x00007ffcf4970000 - 0x00007ffcf4991000 	C:\Windows\system32\DWMAPI.DLL
0x00007ffcf5230000 - 0x00007ffcf5359000 	C:\Windows\system32\uxtheme.dll
0x00007ffcf5400000 - 0x00007ffcf540b000 	C:\Windows\SYSTEM32\kernel.appcore.dll
0x00007ffcf6490000 - 0x00007ffcf649b000 	C:\Windows\SYSTEM32\CRYPTBASE.dll
0x00007ffcf6420000 - 0x00007ffcf6483000 	C:\Windows\SYSTEM32\bcryptPrimitives.dll
0x00007ffcea560000 - 0x00007ffcea781000 	C:\Windows\system32\d3d9.dll
0x00007ffcf4b50000 - 0x00007ffcf4b5a000 	C:\Windows\SYSTEM32\VERSION.dll
0x00007ffcf3c50000 - 0x00007ffcf3db4000 	C:\Windows\SYSTEM32\nvumdshimx.dll
0x00007ffcf7150000 - 0x00007ffcf732a000 	C:\Windows\system32\SETUPAPI.dll
0x00007ffcf4db0000 - 0x00007ffcf4de2000 	C:\Windows\SYSTEM32\nvinitx.dll
0x00007ffcd83f0000 - 0x00007ffcd970f000 	C:\Windows\system32\igdumdim64.dll
0x00007ffceacc0000 - 0x00007ffceb645000 	C:\Windows\SYSTEM32\igdusc64.dll
0x00000000772d0000 - 0x0000000077317000 	C:\Program Files\Java\jdk1.8.0_20\jre\bin\fontmanager.dll
0x00007ffcf5ff0000 - 0x00007ffcf6010000 	C:\Windows\SYSTEM32\CRYPTSP.dll
0x00007ffcf5a70000 - 0x00007ffcf5aa6000 	C:\Windows\system32\rsaenh.dll
0x00007ffcf60e0000 - 0x00007ffcf6106000 	C:\Windows\SYSTEM32\bcrypt.dll
0x00000000774e0000 - 0x00000000774fa000 	C:\Program Files\Java\jdk1.8.0_20\jre\bin\net.dll
0x00007ffcf5d20000 - 0x00007ffcf5d79000 	C:\Windows\system32\mswsock.dll
0x00007ffcf2750000 - 0x00007ffcf277a000 	C:\Windows\SYSTEM32\IPHLPAPI.DLL
0x00007ffcf2740000 - 0x00007ffcf274a000 	C:\Windows\SYSTEM32\WINNSI.DLL
0x00007ffcee930000 - 0x00007ffcee946000 	C:\Windows\SYSTEM32\dhcpcsvc6.DLL
0x00007ffceeb30000 - 0x00007ffceeb4a000 	C:\Windows\SYSTEM32\dhcpcsvc.DLL
0x00000000774c0000 - 0x00000000774d1000 	C:\Program Files\Java\jdk1.8.0_20\jre\bin\nio.dll
0x00000000637c0000 - 0x00000000637cd000 	C:\Users\Aran\AppData\Local\Temp\jogamp_0000\file_cache\jln8893918722623990895\jln4432020833575114836\gluegen-rt.dll
0x0000000076650000 - 0x0000000076657000 	C:\Program Files\Java\jdk1.8.0_20\jre\bin\jawt.dll
0x000000006a440000 - 0x000000006a44d000 	C:\Users\Aran\AppData\Local\Temp\jogamp_0000\file_cache\jln8893918722623990895\jln4432020833575114836\nativewindow_awt.dll
0x000000006c100000 - 0x000000006c10f000 	C:\Users\Aran\AppData\Local\Temp\jogamp_0000\file_cache\jln8893918722623990895\jln4432020833575114836\nativewindow_win32.dll
0x00007ffce8380000 - 0x00007ffce84ab000 	C:\Windows\SYSTEM32\OpenGL32.dll
0x00007ffcf1030000 - 0x00007ffcf105e000 	C:\Windows\SYSTEM32\GLU32.dll
0x00007ffce3640000 - 0x00007ffce3738000 	C:\Windows\SYSTEM32\DDRAW.dll
0x00007ffcf2f10000 - 0x00007ffcf2f19000 	C:\Windows\SYSTEM32\DCIMAN32.dll
0x0000000064500000 - 0x00000000645a0000 	C:\Users\Aran\AppData\Local\Temp\jogamp_0000\file_cache\jln8893918722623990895\jln4432020833575114836\jogl_desktop.dll
0x00007ffceabd0000 - 0x00007ffceac2b000 	C:\Windows\system32\NV\nvoglshim64.dll
0x00007ffcdb1e0000 - 0x00007ffcdba64000 	C:\Windows\system32\ig75icd64.dll
0x00007ffcf6560000 - 0x00007ffcf65a6000 	C:\Windows\SYSTEM32\powrprof.dll
0x0000000077280000 - 0x00000000772c1000 	C:\Program Files\Java\jdk1.8.0_20\jre\bin\t2k.dll
0x00007ffcf5b90000 - 0x00007ffcf5c34000 	C:\Windows\SYSTEM32\DNSAPI.dll
0x00007ffceca10000 - 0x00007ffceca1a000 	C:\Windows\System32\rasadhlp.dll
0x00007ffceea00000 - 0x00007ffceea6b000 	C:\Windows\System32\fwpuclnt.dll
0x00007ffcf3980000 - 0x00007ffcf3b0a000 	C:\Windows\SYSTEM32\dbghelp.dll

VM Arguments:
jvm_args: -Dfile.encoding=UTF-8 
java_command: programmingproject.ProgrammingProject
java_class_path (initial): C:\Users\Aran\Documents\NetBeansProjects\programming-project-group-3\ProgrammingProject\lib\core.jar;C:\Users\Aran\Documents\NetBeansProjects\programming-project-group-3\ProgrammingProject\lib\gluegen-rt-natives-linux-amd64.jar;C:\Users\Aran\Documents\NetBeansProjects\programming-project-group-3\ProgrammingProject\lib\gluegen-rt-natives-linux-armv6hf.jar;C:\Users\Aran\Documents\NetBeansProjects\programming-project-group-3\ProgrammingProject\lib\gluegen-rt-natives-linux-i586.jar;C:\Users\Aran\Documents\NetBeansProjects\programming-project-group-3\ProgrammingProject\lib\gluegen-rt-natives-macosx-universal.jar;C:\Users\Aran\Documents\NetBeansProjects\programming-project-group-3\ProgrammingProject\lib\gluegen-rt-natives-windows-amd64.jar;C:\Users\Aran\Documents\NetBeansProjects\programming-project-group-3\ProgrammingProject\lib\gluegen-rt-natives-windows-i586.jar;C:\Users\Aran\Documents\NetBeansProjects\programming-project-group-3\ProgrammingProject\lib\gluegen-rt.jar;C:\Users\Aran\Documents\NetBeansProjects\programming-project-group-3\ProgrammingProject\lib\jogl-all-natives-linux-amd64.jar;C:\Users\Aran\Documents\NetBeansProjects\programming-project-group-3\ProgrammingProject\lib\jogl-all-natives-linux-armv6hf.jar;C:\Users\Aran\Documents\NetBeansProjects\programming-project-group-3\ProgrammingProject\lib\jogl-all-natives-linux-i586.jar;C:\Users\Aran\Documents\NetBeansProjects\programming-project-group-3\ProgrammingProject\lib\jogl-all-natives-macosx-universal.jar;C:\Users\Aran\Documents\NetBeansProjects\programming-project-group-3\ProgrammingProject\lib\jogl-all-natives-windows-amd64.jar;C:\Users\Aran\Documents\NetBeansProjects\programming-project-group-3\ProgrammingProject\lib\jogl-all-natives-windows-i586.jar;C:\Users\Aran\Documents\NetBeansProjects\programming-project-group-3\ProgrammingProject\lib\jogl-all.jar;C:\Users\Aran\Documents\NetBeansProjects\programming-project-group-3\ProgrammingProject\lib\mysql-connector-java-5.1.34-bin.jar;
Launcher Type: SUN_STANDARD

Environment Variables:
PATH=C:\Users\Aran\Documents\Enviroment Variables;C:\Program Files\Haskell Platform\2014.2.0.0\bin;C:\Program Files\Haskell Platform\2014.2.0.0\lib\extralibs\bin;C:\Program Files\Haskell Platform\2014.2.0.0\bin;C:\Python34;C:\Program Files\Java\jdk1.8.0_20\bin;C:\ProgramData\Oracle\Java\javapath;C:\Windows\system32;C:\Windows;C:\Windows\System32\Wbem;C:\Windows\System32\WindowsPowerShell\v1.0\;C:\Program Files\Haskell Platform\2014.2.0.0\mingw\bin;C:\Program Files (x86)\MiKTeX 2.9\miktex\bin\;C:\Program Files (x86)\Windows Kits\8.1\Windows Performance Toolkit\;C:\Program Files\Microsoft SQL Server\110\Tools\Binn\;C:\Program Files (x86)\Microsoft SDKs\TypeScript\1.0\;C:\Program Files\Microsoft SQL Server\120\Tools\Binn\;C:\Program Files (x86)\Windows Live\Shared;C:\Program Files\MATLAB\R2014b\bin;C:\Program Files (x86)\Git\cmd;C:\Users\Aran\AppData\Roaming\cabal\bin;.;
USERNAME=Aran
OS=Windows_NT
PROCESSOR_IDENTIFIER=Intel64 Family 6 Model 60 Stepping 3, GenuineIntel



---------------  S Y S T E M  ---------------

OS: Windows 8.1 , 64 bit Build 9600 

CPU:total 4 (2 cores per cpu, 2 threads per core) family 6 model 60 stepping 3, cmov, cx8, fxsr, mmx, sse, sse2, sse3, ssse3, sse4.1, sse4.2, popcnt, avx, avx2, aes, clmul, erms, lzcnt, ht, tsc, tscinvbit, bmi1, bmi2

Memory: 4k page, physical 8281560k(3237556k free), swap 15187644k(8076572k free)

vm_info: Java HotSpot(TM) 64-Bit Server VM (25.20-b23) for windows-amd64 JRE (1.8.0_20-b26), built on Jul 30 2014 13:51:23 by "java_re" with MS VC++ 10.0 (VS2010)

time: Sun Mar 22 03:21:39 2015
elapsed time: 265 seconds (0d 0h 4m 25s)

