#
# A fatal error has been detected by the Java Runtime Environment:
#
#  EXCEPTION_ACCESS_VIOLATION (0xc0000005) at pc=0x00007ffcdb6ce24e, pid=7008, tid=556
#
# JRE version: Java(TM) SE Runtime Environment (8.0_20-b26) (build 1.8.0_20-b26)
# Java VM: Java HotSpot(TM) 64-Bit Server VM (25.20-b23 mixed mode windows-amd64 compressed oops)
# Problematic frame:
# C  [ig75icd64.dll+0x4ee24e]
#
# Failed to write core dump. Minidumps are not enabled by default on client versions of Windows
#
# If you would like to submit a bug report, please visit:
#   http://bugreport.sun.com/bugreport/crash.jsp
# The crash happened outside the Java Virtual Machine in native code.
# See problematic frame for where to report the bug.
#

---------------  T H R E A D  ---------------

Current thread (0x0000000019498800):  JavaThread "AWT-EventQueue-0" [_thread_in_native, id=556, stack(0x000000001bc10000,0x000000001bd10000)]

siginfo: ExceptionCode=0xc0000005, reading address 0x0000000000000000

Registers:
RAX=0x0000000000000000, RBX=0x000000001e597190, RCX=0x0000000000000018, RDX=0x000000001e4b0080
RSP=0x000000001bd0c940, RBP=0x0000000000000000, RSI=0x000000001e597070, RDI=0x000000001b1250c0
R8 =0x0000000000000007, R9 =0x0000000000000008, R10=0x000000001b17b790, R11=0x0000000000000000
R12=0x0000000000000000, R13=0x000000001cdc59c0, R14=0x000000001b0cebe8, R15=0x0000000000000000
RIP=0x00007ffcdb6ce24e, EFLAGS=0x0000000000010246

Top of Stack: (sp=0x000000001bd0c940)
0x000000001bd0c940:   0000000000aa8a80 000000001e5e4db0
0x000000001bd0c950:   000000001e597070 000000001b1250c0
0x000000001bd0c960:   000000001b1250c0 00007ffcdb353732
0x000000001bd0c970:   000000001e5e4a40 000000001b1250c0
0x000000001bd0c980:   0000000000000000 0000000000aa8da0
0x000000001bd0c990:   000000001e5e4a40 00007ffcdb356d72
0x000000001bd0c9a0:   0000000000000000 000000001f020ff0
0x000000001bd0c9b0:   000000001e5a8270 000000001e4d9f00
0x000000001bd0c9c0:   0000000019498800 0000000000000010
0x000000001bd0c9d0:   000000001e4d9f00 00007ffcdb1f1bee
0x000000001bd0c9e0:   0000000000000000 000000001efc73c0
0x000000001bd0c9f0:   000000001e4d9f00 000000001e4d9f00
0x000000001bd0ca00:   0000000000000008 00007ffcdb34fe86
0x000000001bd0ca10:   000000001b17b790 0000000000000000
0x000000001bd0ca20:   0000000000000008 0000000000000001
0x000000001bd0ca30:   0000000000000002 00007ffcdb1f1a1e 

Instructions: (pc=0x00007ffcdb6ce24e)
0x00007ffcdb6ce22e:   00 00 00 00 74 0d 48 8b cf 48 83 c4 20 5f e9 df
0x00007ffcdb6ce23e:   01 00 00 48 83 c4 20 5f c3 48 8b 82 78 7c 02 00
0x00007ffcdb6ce24e:   48 8b 08 48 39 4b 10 77 a8 48 8b 82 78 7c 02 00
0x00007ffcdb6ce25e:   48 8b 08 48 39 4b 18 77 98 80 bf f8 00 00 00 00 


Register to memory mapping:

RAX=0x0000000000000000 is an unknown value
RBX=0x000000001e597190 is an unknown value
RCX=0x0000000000000018 is an unknown value
RDX=0x000000001e4b0080 is an unknown value
RSP=0x000000001bd0c940 is pointing into the stack for thread: 0x0000000019498800
RBP=0x0000000000000000 is an unknown value
RSI=0x000000001e597070 is an unknown value
RDI=0x000000001b1250c0 is an unknown value
R8 =0x0000000000000007 is an unknown value
R9 =0x0000000000000008 is an unknown value
R10=0x000000001b17b790 is an unknown value
R11=0x0000000000000000 is an unknown value
R12=0x0000000000000000 is an unknown value
R13={method} {0x000000001cdc59c8} 'dispatch_wglDeleteContext0' '(JJ)Z' in 'jogamp/opengl/windows/wgl/WGL'
R14=0x000000001b0cebe8 is an unknown value
R15=0x0000000000000000 is an unknown value


Stack: [0x000000001bc10000,0x000000001bd10000],  sp=0x000000001bd0c940,  free space=1010k
Native frames: (J=compiled Java code, j=interpreted, Vv=VM code, C=native code)

Java frames: (J=compiled Java code, j=interpreted, Vv=VM code)
j  jogamp.opengl.windows.wgl.WGL.dispatch_wglDeleteContext0(JJ)Z+0
j  jogamp.opengl.windows.wgl.WGL.wglDeleteContext(J)Z+37
j  jogamp.opengl.windows.wgl.WindowsWGLContext.destroyImpl()V+10
j  jogamp.opengl.GLContextImpl.destroy()V+503
j  jogamp.opengl.GLDrawableHelper.disposeGL(Ljavax/media/opengl/GLAutoDrawable;Ljavax/media/opengl/GLContext;Z)V+128
j  javax.media.opengl.awt.GLCanvas$7.run()V+167
J 3390 C1 javax.media.opengl.Threading.invoke(ZLjava/lang/Runnable;Ljava/lang/Object;)V (39 bytes) @ 0x0000000003261104 [0x0000000003260e00+0x304]
j  javax.media.opengl.awt.GLCanvas.destroyImpl(Z)V+9
j  javax.media.opengl.awt.GLCanvas$2.run()V+5
j  com.jogamp.nativewindow.awt.AWTWindowClosingProtocol$WindowClosingAdapter.windowClosing(Ljava/awt/event/WindowEvent;)V+22
j  java.awt.Window.processWindowEvent(Ljava/awt/event/WindowEvent;)V+68
j  javax.swing.JFrame.processWindowEvent(Ljava/awt/event/WindowEvent;)V+2
j  java.awt.Window.processEvent(Ljava/awt/AWTEvent;)V+69
j  java.awt.Component.dispatchEventImpl(Ljava/awt/AWTEvent;)V+589
j  java.awt.Container.dispatchEventImpl(Ljava/awt/AWTEvent;)V+42
j  java.awt.Window.dispatchEventImpl(Ljava/awt/AWTEvent;)V+19
J 3264 C1 java.awt.EventQueue.dispatchEventImpl(Ljava/awt/AWTEvent;Ljava/lang/Object;)V (149 bytes) @ 0x00000000031d98cc [0x00000000031d8240+0x168c]
J 3262 C1 java.awt.EventQueue$3.run()Ljava/lang/Void; (60 bytes) @ 0x0000000002a0c48c [0x0000000002a0c280+0x20c]
J 3261 C1 java.awt.EventQueue$3.run()Ljava/lang/Object; (5 bytes) @ 0x0000000002cb5a8c [0x0000000002cb5a00+0x8c]
v  ~StubRoutines::call_stub
J 3072  java.security.AccessController.doPrivileged(Ljava/security/PrivilegedAction;Ljava/security/AccessControlContext;)Ljava/lang/Object; (0 bytes) @ 0x0000000003146626 [0x00000000031465c0+0x66]
J 2956 C1 java.security.ProtectionDomain$1.doIntersectionPrivilege(Ljava/security/PrivilegedAction;Ljava/security/AccessControlContext;Ljava/security/AccessControlContext;)Ljava/lang/Object; (32 bytes) @ 0x00000000030d991c [0x00000000030d9620+0x2fc]
j  java.security.ProtectionDomain$1.doIntersectionPrivilege(Ljava/security/PrivilegedAction;Ljava/security/AccessControlContext;)Ljava/lang/Object;+6
j  java.awt.EventQueue$4.run()Ljava/lang/Void;+11
j  java.awt.EventQueue$4.run()Ljava/lang/Object;+1
v  ~StubRoutines::call_stub
J 3072  java.security.AccessController.doPrivileged(Ljava/security/PrivilegedAction;Ljava/security/AccessControlContext;)Ljava/lang/Object; (0 bytes) @ 0x0000000003146626 [0x00000000031465c0+0x66]
J 3032 C1 java.awt.EventQueue.dispatchEvent(Ljava/awt/AWTEvent;)V (80 bytes) @ 0x0000000003121374 [0x00000000031206c0+0xcb4]
J 3038 C1 java.awt.EventDispatchThread.pumpOneEventForFilters(I)V (295 bytes) @ 0x000000000313895c [0x0000000003136e00+0x1b5c]
j  java.awt.EventDispatchThread.pumpEventsForFilter(ILjava/awt/Conditional;Ljava/awt/EventFilter;)V+35
j  java.awt.EventDispatchThread.pumpEventsForHierarchy(ILjava/awt/Conditional;Ljava/awt/Component;)V+11
j  java.awt.EventDispatchThread.pumpEvents(ILjava/awt/Conditional;)V+4
j  java.awt.EventDispatchThread.pumpEvents(Ljava/awt/Conditional;)V+3
j  java.awt.EventDispatchThread.run()V+9
v  ~StubRoutines::call_stub

---------------  P R O C E S S  ---------------

Java Threads: ( => current thread )
  0x000000001d7d6800 JavaThread "Abandoned connection cleanup thread" daemon [_thread_blocked, id=5504, stack(0x0000000022060000,0x0000000022160000)]
  0x0000000019b87000 JavaThread "Animation Thread-SharedResourceRunner" daemon [_thread_blocked, id=6308, stack(0x000000001de20000,0x000000001df20000)]
  0x00000000024be000 JavaThread "DestroyJavaVM" [_thread_blocked, id=3536, stack(0x0000000002590000,0x0000000002690000)]
  0x000000001948d000 JavaThread "Animation Thread" [_thread_blocked, id=4632, stack(0x000000001c950000,0x000000001ca50000)]
  0x000000001948f800 JavaThread "D3D Screen Updater" daemon [_thread_blocked, id=6320, stack(0x000000001be10000,0x000000001bf10000)]
=>0x0000000019498800 JavaThread "AWT-EventQueue-0" [_thread_in_native, id=556, stack(0x000000001bc10000,0x000000001bd10000)]
  0x0000000018f4d800 JavaThread "AWT-Windows" daemon [_thread_in_native, id=6292, stack(0x0000000019d90000,0x0000000019e90000)]
  0x0000000018f4d000 JavaThread "AWT-Shutdown" [_thread_blocked, id=1560, stack(0x0000000019c90000,0x0000000019d90000)]
  0x0000000018f4a000 JavaThread "Java2D Disposer" daemon [_thread_blocked, id=6984, stack(0x0000000019b90000,0x0000000019c90000)]
  0x000000001732e000 JavaThread "Service Thread" daemon [_thread_blocked, id=6884, stack(0x0000000018f50000,0x0000000019050000)]
  0x00000000172df800 JavaThread "C1 CompilerThread2" daemon [_thread_blocked, id=6672, stack(0x0000000018a50000,0x0000000018b50000)]
  0x00000000172da000 JavaThread "C2 CompilerThread1" daemon [_thread_blocked, id=6212, stack(0x0000000018950000,0x0000000018a50000)]
  0x00000000172d9800 JavaThread "C2 CompilerThread0" daemon [_thread_blocked, id=6640, stack(0x0000000018850000,0x0000000018950000)]
  0x00000000172d7000 JavaThread "Attach Listener" daemon [_thread_blocked, id=4088, stack(0x0000000018750000,0x0000000018850000)]
  0x00000000172d6000 JavaThread "Signal Dispatcher" daemon [_thread_blocked, id=3432, stack(0x0000000018650000,0x0000000018750000)]
  0x0000000002787000 JavaThread "Finalizer" daemon [_thread_blocked, id=3640, stack(0x0000000018550000,0x0000000018650000)]
  0x000000000277e000 JavaThread "Reference Handler" daemon [_thread_blocked, id=4836, stack(0x0000000018450000,0x0000000018550000)]

Other Threads:
  0x0000000017295800 VMThread [stack: 0x0000000018350000,0x0000000018450000] [id=912]
  0x0000000018b71000 WatcherThread [stack: 0x0000000019050000,0x0000000019150000] [id=2200]

VM state:not at safepoint (normal execution)

VM Mutex/Monitor currently owned by a thread: None

Heap:
 PSYoungGen      total 197632K, used 118420K [0x00000000d5e00000, 0x00000000ec700000, 0x0000000100000000)
  eden space 82432K, 3% used [0x00000000d5e00000,0x00000000d6125198,0x00000000dae80000)
  from space 115200K, 99% used [0x00000000dae80000,0x00000000e1effee0,0x00000000e1f00000)
  to   space 137728K, 0% used [0x00000000e4080000,0x00000000e4080000,0x00000000ec700000)
 ParOldGen       total 209408K, used 114944K [0x0000000081a00000, 0x000000008e680000, 0x00000000d5e00000)
  object space 209408K, 54% used [0x0000000081a00000,0x0000000088a403e0,0x000000008e680000)
 Metaspace       used 22803K, capacity 22985K, committed 23296K, reserved 1071104K
  class space    used 2127K, capacity 2179K, committed 2304K, reserved 1048576K

Card table byte_map: [0x0000000011b50000,0x0000000011f50000] byte_map_base: 0x0000000011743000

Marking Bits: (ParMarkBitMap*) 0x0000000077e1b460
 Begin Bits: [0x0000000012600000, 0x0000000014598000)
 End Bits:   [0x0000000014598000, 0x0000000016530000)

Polling page: 0x0000000000df0000

CodeCache: size=245760Kb used=10788Kb max_used=11406Kb free=234971Kb
 bounds [0x0000000002790000, 0x00000000032d0000, 0x0000000011790000]
 total_blobs=4025 nmethods=3052 adapters=885
 compilation: enabled

Compilation events (10 events):
Event: 70.449 Thread 0x00000000172d9800 3529       4       processing.opengl.PJOGL::viewport (15 bytes)
Event: 70.462 Thread 0x00000000172d9800 nmethod 3529 0x0000000002ac5cd0 code [0x0000000002ac5e60, 0x0000000002ac60e8]
Event: 70.669 Thread 0x00000000172da000 3530   !   4       sun.misc.Cleaner::clean (35 bytes)
Event: 70.669 Thread 0x00000000172d9800 3531  s    4       java.nio.Bits::unreserveMemory (58 bytes)
Event: 70.675 Thread 0x00000000172d9800 nmethod 3531 0x0000000002a8eb90 code [0x0000000002a8ece0, 0x0000000002a8ef78]
Event: 70.675 Thread 0x00000000172d9800 3532  s    4       sun.misc.Cleaner::remove (89 bytes)
Event: 70.687 Thread 0x00000000172d9800 nmethod 3532 0x00000000028c77d0 code [0x00000000028c7920, 0x00000000028c7c18]
Event: 70.687 Thread 0x00000000172d9800 3533       4       java.nio.DirectByteBuffer$Deallocator::run (37 bytes)
Event: 70.696 Thread 0x00000000172da000 nmethod 3530 0x0000000002d6f350 code [0x0000000002d6f4e0, 0x0000000002d6fb08]
Event: 70.701 Thread 0x00000000172d9800 nmethod 3533 0x000000000295eb10 code [0x000000000295ec80, 0x000000000295efa8]

GC Heap History (10 events):
Event: 41.697 GC heap before
{Heap before GC invocations=15 (full 1):
 PSYoungGen      total 136192K, used 136188K [0x00000000d5e00000, 0x00000000e4a00000, 0x0000000100000000)
  eden space 76288K, 100% used [0x00000000d5e00000,0x00000000da880000,0x00000000da880000)
  from space 59904K, 99% used [0x00000000da880000,0x00000000de2ff1c0,0x00000000de300000)
  to   space 73216K, 0% used [0x00000000e0280000,0x00000000e0280000,0x00000000e4a00000)
 ParOldGen       total 99840K, used 74784K [0x0000000081a00000, 0x0000000087b80000, 0x00000000d5e00000)
  object space 99840K, 74% used [0x0000000081a00000,0x00000000863080b0,0x0000000087b80000)
 Metaspace       used 22577K, capacity 22723K, committed 23040K, reserved 1071104K
  class space    used 2125K, capacity 2178K, committed 2304K, reserved 1048576K
Event: 41.927 GC heap after
Heap after GC invocations=15 (full 1):
 PSYoungGen      total 152576K, used 73185K [0x00000000d5e00000, 0x00000000e6800000, 0x0000000100000000)
  eden space 79360K, 0% used [0x00000000d5e00000,0x00000000d5e00000,0x00000000dab80000)
  from space 73216K, 99% used [0x00000000e0280000,0x00000000e49f8460,0x00000000e4a00000)
  to   space 89088K, 0% used [0x00000000dab80000,0x00000000dab80000,0x00000000e0280000)
 ParOldGen       total 99840K, used 85151K [0x0000000081a00000, 0x0000000087b80000, 0x00000000d5e00000)
  object space 99840K, 85% used [0x0000000081a00000,0x0000000086d27ed0,0x0000000087b80000)
 Metaspace       used 22577K, capacity 22723K, committed 23040K, reserved 1071104K
  class space    used 2125K, capacity 2178K, committed 2304K, reserved 1048576K
}
Event: 41.928 GC heap before
{Heap before GC invocations=16 (full 2):
 PSYoungGen      total 152576K, used 73185K [0x00000000d5e00000, 0x00000000e6800000, 0x0000000100000000)
  eden space 79360K, 0% used [0x00000000d5e00000,0x00000000d5e00000,0x00000000dab80000)
  from space 73216K, 99% used [0x00000000e0280000,0x00000000e49f8460,0x00000000e4a00000)
  to   space 89088K, 0% used [0x00000000dab80000,0x00000000dab80000,0x00000000e0280000)
 ParOldGen       total 99840K, used 85151K [0x0000000081a00000, 0x0000000087b80000, 0x00000000d5e00000)
  object space 99840K, 85% used [0x0000000081a00000,0x0000000086d27ed0,0x0000000087b80000)
 Metaspace       used 22577K, capacity 22723K, committed 23040K, reserved 1071104K
  class space    used 2125K, capacity 2178K, committed 2304K, reserved 1048576K
Event: 42.967 GC heap after
Heap after GC invocations=16 (full 2):
 PSYoungGen      total 152576K, used 56326K [0x00000000d5e00000, 0x00000000e6800000, 0x0000000100000000)
  eden space 79360K, 0% used [0x00000000d5e00000,0x00000000d5e00000,0x00000000dab80000)
  from space 73216K, 76% used [0x00000000e0280000,0x00000000e3981a38,0x00000000e4a00000)
  to   space 89088K, 0% used [0x00000000dab80000,0x00000000dab80000,0x00000000e0280000)
 ParOldGen       total 209408K, used 99591K [0x0000000081a00000, 0x000000008e680000, 0x00000000d5e00000)
  object space 209408K, 47% used [0x0000000081a00000,0x0000000087b41c30,0x000000008e680000)
 Metaspace       used 22577K, capacity 22723K, committed 23040K, reserved 1071104K
  class space    used 2125K, capacity 2178K, committed 2304K, reserved 1048576K
}
Event: 51.807 GC heap before
{Heap before GC invocations=17 (full 2):
 PSYoungGen      total 152576K, used 135686K [0x00000000d5e00000, 0x00000000e6800000, 0x0000000100000000)
  eden space 79360K, 100% used [0x00000000d5e00000,0x00000000dab80000,0x00000000dab80000)
  from space 73216K, 76% used [0x00000000e0280000,0x00000000e3981a38,0x00000000e4a00000)
  to   space 89088K, 0% used [0x00000000dab80000,0x00000000dab80000,0x00000000e0280000)
 ParOldGen       total 209408K, used 99591K [0x0000000081a00000, 0x000000008e680000, 0x00000000d5e00000)
  object space 209408K, 47% used [0x0000000081a00000,0x0000000087b41c30,0x000000008e680000)
 Metaspace       used 22655K, capacity 22787K, committed 23040K, reserved 1071104K
  class space    used 2125K, capacity 2178K, committed 2304K, reserved 1048576K
Event: 51.910 GC heap after
Heap after GC invocations=17 (full 2):
 PSYoungGen      total 168448K, used 74191K [0x00000000d5e00000, 0x00000000e7f80000, 0x0000000100000000)
  eden space 79360K, 0% used [0x00000000d5e00000,0x00000000d5e00000,0x00000000dab80000)
  from space 89088K, 83% used [0x00000000dab80000,0x00000000df3f3db0,0x00000000e0280000)
  to   space 98816K, 0% used [0x00000000e1f00000,0x00000000e1f00000,0x00000000e7f80000)
 ParOldGen       total 209408K, used 105759K [0x0000000081a00000, 0x000000008e680000, 0x00000000d5e00000)
  object space 209408K, 50% used [0x0000000081a00000,0x0000000088147db0,0x000000008e680000)
 Metaspace       used 22655K, capacity 22787K, committed 23040K, reserved 1071104K
  class space    used 2125K, capacity 2178K, committed 2304K, reserved 1048576K
}
Event: 61.061 GC heap before
{Heap before GC invocations=18 (full 2):
 PSYoungGen      total 168448K, used 153470K [0x00000000d5e00000, 0x00000000e7f80000, 0x0000000100000000)
  eden space 79360K, 99% used [0x00000000d5e00000,0x00000000dab6bc40,0x00000000dab80000)
  from space 89088K, 83% used [0x00000000dab80000,0x00000000df3f3db0,0x00000000e0280000)
  to   space 98816K, 0% used [0x00000000e1f00000,0x00000000e1f00000,0x00000000e7f80000)
 ParOldGen       total 209408K, used 105759K [0x0000000081a00000, 0x000000008e680000, 0x00000000d5e00000)
  object space 209408K, 50% used [0x0000000081a00000,0x0000000088147db0,0x000000008e680000)
 Metaspace       used 22759K, capacity 22921K, committed 23296K, reserved 1071104K
  class space    used 2126K, capacity 2179K, committed 2304K, reserved 1048576K
Event: 61.251 GC heap after
Heap after GC invocations=18 (full 2):
 PSYoungGen      total 181248K, used 98252K [0x00000000d5e00000, 0x00000000e9e80000, 0x0000000100000000)
  eden space 82432K, 0% used [0x00000000d5e00000,0x00000000d5e00000,0x00000000dae80000)
  from space 98816K, 99% used [0x00000000e1f00000,0x00000000e7ef3370,0x00000000e7f80000)
  to   space 115200K, 0% used [0x00000000dae80000,0x00000000dae80000,0x00000000e1f00000)
 ParOldGen       total 209408K, used 105767K [0x0000000081a00000, 0x000000008e680000, 0x00000000d5e00000)
  object space 209408K, 50% used [0x0000000081a00000,0x0000000088149db0,0x000000008e680000)
 Metaspace       used 22759K, capacity 22921K, committed 23296K, reserved 1071104K
  class space    used 2126K, capacity 2179K, committed 2304K, reserved 1048576K
}
Event: 70.568 GC heap before
{Heap before GC invocations=19 (full 2):
 PSYoungGen      total 181248K, used 180684K [0x00000000d5e00000, 0x00000000e9e80000, 0x0000000100000000)
  eden space 82432K, 100% used [0x00000000d5e00000,0x00000000dae80000,0x00000000dae80000)
  from space 98816K, 99% used [0x00000000e1f00000,0x00000000e7ef3370,0x00000000e7f80000)
  to   space 115200K, 0% used [0x00000000dae80000,0x00000000dae80000,0x00000000e1f00000)
 ParOldGen       total 209408K, used 105767K [0x0000000081a00000, 0x000000008e680000, 0x00000000d5e00000)
  object space 209408K, 50% used [0x0000000081a00000,0x0000000088149db0,0x000000008e680000)
 Metaspace       used 22802K, capacity 22985K, committed 23296K, reserved 1071104K
  class space    used 2127K, capacity 2179K, committed 2304K, reserved 1048576K
Event: 70.669 GC heap after
Heap after GC invocations=19 (full 2):
 PSYoungGen      total 197632K, used 115199K [0x00000000d5e00000, 0x00000000ec700000, 0x0000000100000000)
  eden space 82432K, 0% used [0x00000000d5e00000,0x00000000d5e00000,0x00000000dae80000)
  from space 115200K, 99% used [0x00000000dae80000,0x00000000e1effee0,0x00000000e1f00000)
  to   space 137728K, 0% used [0x00000000e4080000,0x00000000e4080000,0x00000000ec700000)
 ParOldGen       total 209408K, used 114944K [0x0000000081a00000, 0x000000008e680000, 0x00000000d5e00000)
  object space 209408K, 54% used [0x0000000081a00000,0x0000000088a403e0,0x000000008e680000)
 Metaspace       used 22802K, capacity 22985K, committed 23296K, reserved 1071104K
  class space    used 2127K, capacity 2179K, committed 2304K, reserved 1048576K
}

Deoptimization events (10 events):
Event: 10.114 Thread 0x0000000019498800 Uncommon trap: reason=bimorphic action=maybe_recompile pc=0x0000000002bf0cf0 method=java.util.ArrayList.indexOf(Ljava/lang/Object;)I @ 51
Event: 19.910 Thread 0x0000000019498800 Uncommon trap: reason=null_check action=make_not_entrant pc=0x0000000002f02608 method=processing.opengl.FontTexture.getTexInfo(Lprocessing/core/PFont$Glyph;)Lprocessing/opengl/FontTexture$TextureInfo; @ 8
Event: 23.438 Thread 0x0000000019498800 Uncommon trap: reason=unreached action=reinterpret pc=0x00000000030068f8 method=com.mysql.jdbc.ResultSetImpl.next()Z @ 107
Event: 23.796 Thread 0x0000000019498800 Uncommon trap: reason=unreached action=reinterpret pc=0x0000000002dcd59c method=java.awt.font.FontRenderContext.equals(Ljava/awt/font/FontRenderContext;)Z @ 2
Event: 39.542 Thread 0x0000000019498800 Uncommon trap: reason=predicate action=maybe_recompile pc=0x000000000318be64 method=java.util.Arrays.fill([Ljava/lang/Object;IILjava/lang/Object;)V @ 16
Event: 39.730 Thread 0x0000000019498800 Uncommon trap: reason=array_check action=maybe_recompile pc=0x0000000003195dd0 method=java.util.Arrays.fill([Ljava/lang/Object;IILjava/lang/Object;)V @ 20
Event: 39.752 Thread 0x0000000019498800 Uncommon trap: reason=array_check action=maybe_recompile pc=0x0000000003195dd0 method=java.util.Arrays.fill([Ljava/lang/Object;IILjava/lang/Object;)V @ 20
Event: 39.753 Thread 0x0000000019498800 Uncommon trap: reason=array_check action=maybe_recompile pc=0x0000000003195dd0 method=java.util.Arrays.fill([Ljava/lang/Object;IILjava/lang/Object;)V @ 20
Event: 39.825 Thread 0x0000000019498800 Uncommon trap: reason=array_check action=maybe_recompile pc=0x0000000003195dd0 method=java.util.Arrays.fill([Ljava/lang/Object;IILjava/lang/Object;)V @ 20
Event: 39.860 Thread 0x0000000019498800 Uncommon trap: reason=array_check action=maybe_recompile pc=0x000000000311e200 method=java.util.Arrays.fill([Ljava/lang/Object;IILjava/lang/Object;)V @ 20

Internal exceptions (10 events):
Event: 6.910 Thread 0x0000000019498800 Exception <a 'java/security/PrivilegedActionException'> (0x00000000d70bf3b8) thrown at [D:\re\workspace\8-2-build-windows-amd64-cygwin\jdk8u20\1074\hotspot\src\share\vm\prims\jvm.cpp, line 1275]
Event: 6.912 Thread 0x0000000019498800 Exception <a 'java/security/PrivilegedActionException'> (0x00000000d70c2ab8) thrown at [D:\re\workspace\8-2-build-windows-amd64-cygwin\jdk8u20\1074\hotspot\src\share\vm\prims\jvm.cpp, line 1275]
Event: 8.191 Thread 0x0000000019498800 Exception <a 'java/security/PrivilegedActionException'> (0x00000000d5e23d00) thrown at [D:\re\workspace\8-2-build-windows-amd64-cygwin\jdk8u20\1074\hotspot\src\share\vm\prims\jvm.cpp, line 1275]
Event: 8.499 Thread 0x00000000213f6800 Implicit null exception at 0x0000000002c523c7 to 0x0000000002c56438
Event: 9.466 Thread 0x0000000019498800 Exception <a 'java/security/PrivilegedActionException'> (0x00000000d64832a8) thrown at [D:\re\workspace\8-2-build-windows-amd64-cygwin\jdk8u20\1074\hotspot\src\share\vm\prims\jvm.cpp, line 1275]
Event: 9.584 Thread 0x0000000019498800 Exception <a 'java/security/PrivilegedActionException'> (0x00000000d648c348) thrown at [D:\re\workspace\8-2-build-windows-amd64-cygwin\jdk8u20\1074\hotspot\src\share\vm\prims\jvm.cpp, line 1275]
Event: 19.910 Thread 0x0000000019498800 Implicit null exception at 0x0000000002f01ca1 to 0x0000000002f025f1
Event: 21.916 Thread 0x0000000019498800 Exception <a 'java/security/PrivilegedActionException'> (0x00000000d7cbbf98) thrown at [D:\re\workspace\8-2-build-windows-amd64-cygwin\jdk8u20\1074\hotspot\src\share\vm\prims\jvm.cpp, line 1275]
Event: 22.560 Thread 0x0000000019498800 Exception <a 'java/security/PrivilegedActionException'> (0x00000000d92306a8) thrown at [D:\re\workspace\8-2-build-windows-amd64-cygwin\jdk8u20\1074\hotspot\src\share\vm\prims\jvm.cpp, line 1275]
Event: 23.438 Thread 0x0000000019498800 Exception <a 'java/security/PrivilegedActionException'> (0x00000000d82a88d0) thrown at [D:\re\workspace\8-2-build-windows-amd64-cygwin\jdk8u20\1074\hotspot\src\share\vm\prims\jvm.cpp, line 1275]

Events (10 events):
Event: 63.673 Thread 0x00000000172df800 flushing nmethod 0x0000000002fb7c90
Event: 63.673 Thread 0x00000000172df800 flushing nmethod 0x0000000002fbe150
Event: 63.673 Thread 0x00000000172df800 flushing nmethod 0x0000000002fc5710
Event: 63.673 Thread 0x00000000172df800 flushing nmethod 0x0000000002fc9190
Event: 63.673 Thread 0x00000000172df800 flushing nmethod 0x0000000002ffbf10
Event: 63.673 Thread 0x00000000172df800 flushing nmethod 0x0000000002ffccd0
Event: 67.390 loading class java/util/ArrayList$1
Event: 67.391 loading class java/util/ArrayList$1 done
Event: 70.568 Executing VM operation: ParallelGCFailedAllocation
Event: 70.669 Executing VM operation: ParallelGCFailedAllocation done


Dynamic libraries:
0x00007ff7a7120000 - 0x00007ff7a7154000 	C:\Program Files\Java\jdk1.8.0_20\jre\bin\java.exe
0x00007ffcf9470000 - 0x00007ffcf961c000 	C:\Windows\SYSTEM32\ntdll.dll
0x00007ffcf76d0000 - 0x00007ffcf780e000 	C:\Windows\system32\KERNEL32.DLL
0x00007ffcf69d0000 - 0x00007ffcf6ae5000 	C:\Windows\system32\KERNELBASE.dll
0x00007ffcf25c0000 - 0x00007ffcf264e000 	C:\Windows\system32\apphelp.dll
0x00007ffcf3350000 - 0x00007ffcf33a3000 	C:\Windows\AppPatch\AppPatch64\AcGenral.DLL
0x00007ffcf6b60000 - 0x00007ffcf6c0a000 	C:\Windows\system32\msvcrt.dll
0x00007ffcf63f0000 - 0x00007ffcf641e000 	C:\Windows\SYSTEM32\SspiCli.dll
0x00007ffcf7b50000 - 0x00007ffcf7ba4000 	C:\Windows\system32\SHLWAPI.dll
0x00007ffcf9290000 - 0x00007ffcf9407000 	C:\Windows\system32\USER32.dll
0x00007ffcf7330000 - 0x00007ffcf74c4000 	C:\Windows\system32\ole32.dll
0x00007ffcf7d70000 - 0x00007ffcf9288000 	C:\Windows\system32\SHELL32.dll
0x00007ffcf5d80000 - 0x00007ffcf5da1000 	C:\Windows\SYSTEM32\USERENV.dll
0x00007ffcf7610000 - 0x00007ffcf76ba000 	C:\Windows\system32\ADVAPI32.dll
0x00007ffce98e0000 - 0x00007ffce98fe000 	C:\Windows\SYSTEM32\MPR.dll
0x00007ffcf7000000 - 0x00007ffcf7141000 	C:\Windows\system32\RPCRT4.dll
0x00007ffcf6af0000 - 0x00007ffcf6b49000 	C:\Windows\SYSTEM32\sechost.dll
0x00007ffcf6de0000 - 0x00007ffcf6ff1000 	C:\Windows\SYSTEM32\combase.dll
0x00007ffcf6c80000 - 0x00007ffcf6dd1000 	C:\Windows\system32\GDI32.dll
0x00007ffcf65c0000 - 0x00007ffcf65d5000 	C:\Windows\SYSTEM32\profapi.dll
0x00007ffcf5110000 - 0x00007ffcf51c2000 	C:\Windows\SYSTEM32\SHCORE.dll
0x00007ffcf9430000 - 0x00007ffcf9466000 	C:\Windows\system32\IMM32.DLL
0x00007ffcf7c10000 - 0x00007ffcf7d61000 	C:\Windows\system32\MSCTF.dll
0x00007ffcf46c0000 - 0x00007ffcf493b000 	C:\Windows\WinSxS\amd64_microsoft.windows.common-controls_6595b64144ccf1df_6.0.9600.17415_none_6240486fecbd8abb\COMCTL32.dll
0x0000000077560000 - 0x0000000077632000 	C:\Program Files\Java\jdk1.8.0_20\jre\bin\msvcr100.dll
0x0000000077640000 - 0x0000000077e98000 	C:\Program Files\Java\jdk1.8.0_20\jre\bin\server\jvm.dll
0x00007ffcda860000 - 0x00007ffcda869000 	C:\Windows\SYSTEM32\WSOCK32.dll
0x00007ffcf4c30000 - 0x00007ffcf4c52000 	C:\Windows\SYSTEM32\WINMM.dll
0x00007ffcf76c0000 - 0x00007ffcf76c7000 	C:\Windows\system32\PSAPI.DLL
0x00007ffcf6c20000 - 0x00007ffcf6c7a000 	C:\Windows\system32\WS2_32.dll
0x00007ffcf4bd0000 - 0x00007ffcf4bfa000 	C:\Windows\SYSTEM32\WINMMBASE.dll
0x00007ffcf6b50000 - 0x00007ffcf6b59000 	C:\Windows\system32\NSI.dll
0x00007ffcf67a0000 - 0x00007ffcf67ef000 	C:\Windows\SYSTEM32\cfgmgr32.dll
0x00007ffcf53b0000 - 0x00007ffcf53d8000 	C:\Windows\SYSTEM32\DEVOBJ.dll
0x0000000077550000 - 0x000000007755f000 	C:\Program Files\Java\jdk1.8.0_20\jre\bin\verify.dll
0x0000000077520000 - 0x0000000077548000 	C:\Program Files\Java\jdk1.8.0_20\jre\bin\java.dll
0x0000000077500000 - 0x0000000077516000 	C:\Program Files\Java\jdk1.8.0_20\jre\bin\zip.dll
0x0000000077320000 - 0x00000000774b8000 	C:\Program Files\Java\jdk1.8.0_20\jre\bin\awt.dll
0x00007ffcf7540000 - 0x00007ffcf7601000 	C:\Windows\system32\OLEAUT32.dll
0x00007ffcf4970000 - 0x00007ffcf4991000 	C:\Windows\system32\DWMAPI.DLL
0x00007ffcf5230000 - 0x00007ffcf5359000 	C:\Windows\system32\uxtheme.dll
0x00007ffcf5400000 - 0x00007ffcf540b000 	C:\Windows\SYSTEM32\kernel.appcore.dll
0x00007ffcf6490000 - 0x00007ffcf649b000 	C:\Windows\SYSTEM32\CRYPTBASE.dll
0x00007ffcf6420000 - 0x00007ffcf6483000 	C:\Windows\SYSTEM32\bcryptPrimitives.dll
0x00007ffcea560000 - 0x00007ffcea781000 	C:\Windows\system32\d3d9.dll
0x00007ffcf4b50000 - 0x00007ffcf4b5a000 	C:\Windows\SYSTEM32\VERSION.dll
0x00007ffcf3c50000 - 0x00007ffcf3db4000 	C:\Windows\SYSTEM32\nvumdshimx.dll
0x00007ffcf7150000 - 0x00007ffcf732a000 	C:\Windows\system32\SETUPAPI.dll
0x00007ffcf4db0000 - 0x00007ffcf4de2000 	C:\Windows\SYSTEM32\nvinitx.dll
0x00007ffcd83f0000 - 0x00007ffcd970f000 	C:\Windows\system32\igdumdim64.dll
0x00007ffceacc0000 - 0x00007ffceb645000 	C:\Windows\SYSTEM32\igdusc64.dll
0x00000000772d0000 - 0x0000000077317000 	C:\Program Files\Java\jdk1.8.0_20\jre\bin\fontmanager.dll
0x00007ffcf5ff0000 - 0x00007ffcf6010000 	C:\Windows\SYSTEM32\CRYPTSP.dll
0x00007ffcf5a70000 - 0x00007ffcf5aa6000 	C:\Windows\system32\rsaenh.dll
0x00007ffcf60e0000 - 0x00007ffcf6106000 	C:\Windows\SYSTEM32\bcrypt.dll
0x00000000774e0000 - 0x00000000774fa000 	C:\Program Files\Java\jdk1.8.0_20\jre\bin\net.dll
0x00007ffcf5d20000 - 0x00007ffcf5d79000 	C:\Windows\system32\mswsock.dll
0x00007ffcf2750000 - 0x00007ffcf277a000 	C:\Windows\SYSTEM32\IPHLPAPI.DLL
0x00007ffcf2740000 - 0x00007ffcf274a000 	C:\Windows\SYSTEM32\WINNSI.DLL
0x00007ffcee930000 - 0x00007ffcee946000 	C:\Windows\SYSTEM32\dhcpcsvc6.DLL
0x00007ffceeb30000 - 0x00007ffceeb4a000 	C:\Windows\SYSTEM32\dhcpcsvc.DLL
0x00000000774c0000 - 0x00000000774d1000 	C:\Program Files\Java\jdk1.8.0_20\jre\bin\nio.dll
0x00000000637c0000 - 0x00000000637cd000 	C:\Users\Aran\AppData\Local\Temp\jogamp_0000\file_cache\jln6187382582210574092\jln7518048362196362161\gluegen-rt.dll
0x0000000076650000 - 0x0000000076657000 	C:\Program Files\Java\jdk1.8.0_20\jre\bin\jawt.dll
0x000000006a440000 - 0x000000006a44d000 	C:\Users\Aran\AppData\Local\Temp\jogamp_0000\file_cache\jln6187382582210574092\jln7518048362196362161\nativewindow_awt.dll
0x000000006c100000 - 0x000000006c10f000 	C:\Users\Aran\AppData\Local\Temp\jogamp_0000\file_cache\jln6187382582210574092\jln7518048362196362161\nativewindow_win32.dll
0x00007ffce8380000 - 0x00007ffce84ab000 	C:\Windows\SYSTEM32\OpenGL32.dll
0x00007ffcf1030000 - 0x00007ffcf105e000 	C:\Windows\SYSTEM32\GLU32.dll
0x00007ffce3640000 - 0x00007ffce3738000 	C:\Windows\SYSTEM32\DDRAW.dll
0x00007ffcf2f10000 - 0x00007ffcf2f19000 	C:\Windows\SYSTEM32\DCIMAN32.dll
0x0000000064500000 - 0x00000000645a0000 	C:\Users\Aran\AppData\Local\Temp\jogamp_0000\file_cache\jln6187382582210574092\jln7518048362196362161\jogl_desktop.dll
0x00007ffcf4c60000 - 0x00007ffcf4cbb000 	C:\Windows\system32\NV\nvoglshim64.dll
0x00007ffcdb1e0000 - 0x00007ffcdba64000 	C:\Windows\system32\ig75icd64.dll
0x00007ffcf6560000 - 0x00007ffcf65a6000 	C:\Windows\SYSTEM32\powrprof.dll
0x0000000077280000 - 0x00000000772c1000 	C:\Program Files\Java\jdk1.8.0_20\jre\bin\t2k.dll
0x00007ffcf5b90000 - 0x00007ffcf5c34000 	C:\Windows\SYSTEM32\DNSAPI.dll
0x00007ffceca10000 - 0x00007ffceca1a000 	C:\Windows\System32\rasadhlp.dll
0x00007ffceea00000 - 0x00007ffceea6b000 	C:\Windows\System32\fwpuclnt.dll
0x00007ffcf3980000 - 0x00007ffcf3b0a000 	C:\Windows\SYSTEM32\dbghelp.dll

VM Arguments:
jvm_args: -Dfile.encoding=UTF-8 
java_command: programmingproject.ProgrammingProject
java_class_path (initial): C:\Users\Aran\Documents\NetBeansProjects\programming-project-group-3\ProgrammingProject\lib\core.jar;C:\Users\Aran\Documents\NetBeansProjects\programming-project-group-3\ProgrammingProject\lib\gluegen-rt-natives-linux-amd64.jar;C:\Users\Aran\Documents\NetBeansProjects\programming-project-group-3\ProgrammingProject\lib\gluegen-rt-natives-linux-armv6hf.jar;C:\Users\Aran\Documents\NetBeansProjects\programming-project-group-3\ProgrammingProject\lib\gluegen-rt-natives-linux-i586.jar;C:\Users\Aran\Documents\NetBeansProjects\programming-project-group-3\ProgrammingProject\lib\gluegen-rt-natives-macosx-universal.jar;C:\Users\Aran\Documents\NetBeansProjects\programming-project-group-3\ProgrammingProject\lib\gluegen-rt-natives-windows-amd64.jar;C:\Users\Aran\Documents\NetBeansProjects\programming-project-group-3\ProgrammingProject\lib\gluegen-rt-natives-windows-i586.jar;C:\Users\Aran\Documents\NetBeansProjects\programming-project-group-3\ProgrammingProject\lib\gluegen-rt.jar;C:\Users\Aran\Documents\NetBeansProjects\programming-project-group-3\ProgrammingProject\lib\jogl-all-natives-linux-amd64.jar;C:\Users\Aran\Documents\NetBeansProjects\programming-project-group-3\ProgrammingProject\lib\jogl-all-natives-linux-armv6hf.jar;C:\Users\Aran\Documents\NetBeansProjects\programming-project-group-3\ProgrammingProject\lib\jogl-all-natives-linux-i586.jar;C:\Users\Aran\Documents\NetBeansProjects\programming-project-group-3\ProgrammingProject\lib\jogl-all-natives-macosx-universal.jar;C:\Users\Aran\Documents\NetBeansProjects\programming-project-group-3\ProgrammingProject\lib\jogl-all-natives-windows-amd64.jar;C:\Users\Aran\Documents\NetBeansProjects\programming-project-group-3\ProgrammingProject\lib\jogl-all-natives-windows-i586.jar;C:\Users\Aran\Documents\NetBeansProjects\programming-project-group-3\ProgrammingProject\lib\jogl-all.jar;C:\Users\Aran\Documents\NetBeansProjects\programming-project-group-3\ProgrammingProject\lib\mysql-connector-java-5.1.34-bin.jar;
Launcher Type: SUN_STANDARD

Environment Variables:
PATH=C:\Users\Aran\Documents\Enviroment Variables;C:\Program Files\Haskell Platform\2014.2.0.0\bin;C:\Program Files\Haskell Platform\2014.2.0.0\lib\extralibs\bin;C:\Program Files\Haskell Platform\2014.2.0.0\bin;C:\Python34;C:\Program Files\Java\jdk1.8.0_20\bin;C:\ProgramData\Oracle\Java\javapath;C:\Windows\system32;C:\Windows;C:\Windows\System32\Wbem;C:\Windows\System32\WindowsPowerShell\v1.0\;C:\Program Files\Haskell Platform\2014.2.0.0\mingw\bin;C:\Program Files (x86)\MiKTeX 2.9\miktex\bin\;C:\Program Files (x86)\Windows Kits\8.1\Windows Performance Toolkit\;C:\Program Files\Microsoft SQL Server\110\Tools\Binn\;C:\Program Files (x86)\Microsoft SDKs\TypeScript\1.0\;C:\Program Files\Microsoft SQL Server\120\Tools\Binn\;C:\Program Files (x86)\Windows Live\Shared;C:\Program Files\MATLAB\R2014b\bin;C:\Program Files (x86)\Git\cmd;C:\Users\Aran\AppData\Roaming\cabal\bin;.;
USERNAME=Aran
OS=Windows_NT
PROCESSOR_IDENTIFIER=Intel64 Family 6 Model 60 Stepping 3, GenuineIntel



---------------  S Y S T E M  ---------------

OS: Windows 8.1 , 64 bit Build 9600 

CPU:total 4 (2 cores per cpu, 2 threads per core) family 6 model 60 stepping 3, cmov, cx8, fxsr, mmx, sse, sse2, sse3, ssse3, sse4.1, sse4.2, popcnt, avx, avx2, aes, clmul, erms, lzcnt, ht, tsc, tscinvbit, bmi1, bmi2

Memory: 4k page, physical 8281560k(3013696k free), swap 15187644k(7762080k free)

vm_info: Java HotSpot(TM) 64-Bit Server VM (25.20-b23) for windows-amd64 JRE (1.8.0_20-b26), built on Jul 30 2014 13:51:23 by "java_re" with MS VC++ 10.0 (VS2010)

time: Sat Mar 21 23:16:05 2015
elapsed time: 70 seconds (0d 0h 1m 10s)

