#
# There is insufficient memory for the Java Runtime Environment to continue.
# Native memory allocation (mmap) failed to map 59244544 bytes for committing reserved memory.
# Possible reasons:
#   The system is out of physical RAM or swap space
#   In 32 bit mode, the process size limit was hit
# Possible solutions:
#   Reduce memory load on the system
#   Increase physical memory or swap space
#   Check if swap backing store is full
#   Use 64 bit Java on a 64 bit OS
#   Decrease Java heap size (-Xmx/-Xms)
#   Decrease number of Java threads
#   Decrease Java thread stack sizes (-Xss)
#   Set larger code cache with -XX:ReservedCodeCacheSize=
# This output file may be truncated or incomplete.
#
#  Out of Memory Error (os_linux.cpp:2671), pid=8048, tid=140388065064704
#
# JRE version: Java(TM) SE Runtime Environment (8.0_20-b26) (build 1.8.0_20-b26)
# Java VM: Java HotSpot(TM) 64-Bit Server VM (25.20-b23 mixed mode linux-amd64 compressed oops)
# Failed to write core dump. Core dumps have been disabled. To enable core dumping, try "ulimit -c unlimited" before starting Java again
#

---------------  T H R E A D  ---------------

Current thread (0x00007faeb406f800):  VMThread [stack: 0x00007faea4afb000,0x00007faea4bfc000] [id=8055]

Stack: [0x00007faea4afb000,0x00007faea4bfc000],  sp=0x00007faea4bfa270,  free space=1020k
Native frames: (J=compiled Java code, j=interpreted, Vv=VM code, C=native code)
V  [libjvm.so+0xa76cea]  VMError::report_and_die()+0x2ca
V  [libjvm.so+0x4e52fb]  report_vm_out_of_memory(char const*, int, unsigned long, VMErrorType, char const*)+0x8b
V  [libjvm.so+0x8e4ec3]  os::Linux::commit_memory_impl(char*, unsigned long, bool)+0x103
V  [libjvm.so+0x8e5419]  os::pd_commit_memory(char*, unsigned long, unsigned long, bool)+0x29
V  [libjvm.so+0x8df0ea]  os::commit_memory(char*, unsigned long, unsigned long, bool)+0x2a
V  [libjvm.so+0x94f1f3]  PSVirtualSpace::expand_by(unsigned long)+0x53
V  [libjvm.so+0x93ff10]  PSOldGen::expand(unsigned long)+0x170
V  [libjvm.so+0x94011b]  PSOldGen::resize(unsigned long)+0x1cb
V  [libjvm.so+0x947d11]  PSParallelCompact::invoke_no_policy(bool)+0x9d1
V  [libjvm.so+0x94d31d]  PSScavenge::invoke()+0x1ad
V  [libjvm.so+0x9070d0]  ParallelScavengeHeap::failed_mem_allocate(unsigned long)+0x70
V  [libjvm.so+0xa78367]  VM_ParallelGCFailedAllocation::doit()+0x97
V  [libjvm.so+0xa7fa85]  VM_Operation::evaluate()+0x55
V  [libjvm.so+0xa7de5a]  VMThread::evaluate_operation(VM_Operation*)+0xba
V  [libjvm.so+0xa7e1de]  VMThread::loop()+0x1ce
V  [libjvm.so+0xa7e650]  VMThread::run()+0x70
V  [libjvm.so+0x8e75f8]  java_start(Thread*)+0x108

VM_Operation (0x00007fae6233c5c0): ParallelGCFailedAllocation, mode: safepoint, requested by thread 0x00007fae6548d000


---------------  P R O C E S S  ---------------

Java Threads: ( => current thread )
  0x00007fae6548d000 JavaThread "Load Data Thread" [_thread_blocked, id=8077, stack(0x00007fae6223d000,0x00007fae6233e000)]
  0x0000000000acf000 JavaThread "Animation Thread-SharedResourceRunner" daemon [_thread_blocked, id=8076, stack(0x00007fae94c44000,0x00007fae94d45000)]
  0x0000000000a2b800 JavaThread "process reaper" daemon [_thread_blocked, id=8071, stack(0x00007fae9516d000,0x00007fae951a6000)]
  0x00007faeb400a800 JavaThread "DestroyJavaVM" [_thread_blocked, id=8052, stack(0x00007faebd514000,0x00007faebd615000)]
  0x00007faeb4316000 JavaThread "Animation Thread" [_thread_blocked, id=8067, stack(0x00007fae953a6000,0x00007fae954a7000)]
  0x00007fae6c006800 JavaThread "AWT-EventQueue-0" [_thread_blocked, id=8066, stack(0x00007fae956a7000,0x00007fae957a8000)]
  0x00007faeb430c800 JavaThread "AWT-Shutdown" [_thread_blocked, id=8065, stack(0x00007fae957a8000,0x00007fae958a9000)]
  0x00007faeb42cd800 JavaThread "AWT-XAWT" daemon [_thread_blocked, id=8064, stack(0x00007fae958a9000,0x00007fae959aa000)]
  0x00007faeb42a8000 JavaThread "Java2D Disposer" daemon [_thread_blocked, id=8063, stack(0x00007faea4021000,0x00007faea4122000)]
  0x00007faeb40b0000 JavaThread "Service Thread" daemon [_thread_blocked, id=8061, stack(0x00007faea44f5000,0x00007faea45f6000)]
  0x00007faeb40ad000 JavaThread "C1 CompilerThread1" daemon [_thread_blocked, id=8060, stack(0x00007faea45f6000,0x00007faea46f7000)]
  0x00007faeb40aa800 JavaThread "C2 CompilerThread0" daemon [_thread_blocked, id=8059, stack(0x00007faea46f7000,0x00007faea47f8000)]
  0x00007faeb40a8000 JavaThread "Signal Dispatcher" daemon [_thread_blocked, id=8058, stack(0x00007faea47f8000,0x00007faea48f9000)]
  0x00007faeb4078800 JavaThread "Finalizer" daemon [_thread_blocked, id=8057, stack(0x00007faea48f9000,0x00007faea49fa000)]
  0x00007faeb4076800 JavaThread "Reference Handler" daemon [_thread_blocked, id=8056, stack(0x00007faea49fa000,0x00007faea4afb000)]

Other Threads:
=>0x00007faeb406f800 VMThread [stack: 0x00007faea4afb000,0x00007faea4bfc000] [id=8055]
  0x00007faeb40c5000 WatcherThread [stack: 0x00007faea43f4000,0x00007faea44f5000] [id=8062]

VM state:at safepoint (normal execution)

VM Mutex/Monitor currently owned by a thread:  ([mutex/lock_event])
[0x00007faeb4006540] ExpandHeap_lock - owner thread: 0x00007faeb406f800
[0x00007faeb4006bc0] Threads_lock - owner thread: 0x00007faeb406f800
[0x00007faeb40070c0] Heap_lock - owner thread: 0x00007fae6548d000

Heap:
 PSYoungGen      total 112640K, used 10098K [0x00000000f6380000, 0x0000000100000000, 0x0000000100000000)
  eden space 81408K, 0% used [0x00000000f6380000,0x00000000f6380000,0x00000000fb300000)
  from space 31232K, 32% used [0x00000000fe180000,0x00000000feb5cae8,0x0000000100000000)
  to   space 39424K, 0% used [0x00000000fb300000,0x00000000fb300000,0x00000000fd980000)
 ParOldGen       total 159232K, used 159090K [0x00000000e2a00000, 0x00000000ec580000, 0x00000000f6380000)
  object space 159232K, 99% used [0x00000000e2a00000,0x00000000ec55cbe0,0x00000000ec580000)
 Metaspace       used 17403K, capacity 17537K, committed 17664K, reserved 1064960K
  class space    used 1638K, capacity 1693K, committed 1792K, reserved 1048576K

Card table byte_map: [0x00007faeba24d000,0x00007faeba339000] byte_map_base: 0x00007faeb9b38000

Marking Bits: (ParMarkBitMap*) 0x00007faebc9f0ac0
 Begin Bits: [0x00007faeb919b000, 0x00007faeb98f3000)
 End Bits:   [0x00007faeb98f3000, 0x00007faeba04b000)

Polling page: 0x00007faebd636000

CodeCache: size=245760Kb used=6115Kb max_used=6128Kb free=239644Kb
 bounds [0x00007faea5000000, 0x00007faea5610000, 0x00007faeb4000000]
 total_blobs=2502 nmethods=1569 adapters=849
 compilation: enabled

Compilation events (10 events):
Event: 39.034 Thread 0x00007faeb40aa800 nmethod 1586 0x00007faea55f0250 code [0x00007faea55f03e0, 0x00007faea55f0648]
Event: 39.706 Thread 0x00007faeb40aa800 1588   !   4       sun.nio.cs.StreamEncoder::flushBuffer (42 bytes)
Event: 39.797 Thread 0x00007faeb40aa800 nmethod 1588 0x00007faea55fdc10 code [0x00007faea55fde00, 0x00007faea55ff128]
Event: 39.797 Thread 0x00007faeb40aa800 1590       4       java.io.OutputStreamWriter::write (11 bytes)
Event: 39.856 Thread 0x00007faeb40ad000 1592       3       java.awt.geom.AffineTransform::<init> (15 bytes)
Event: 39.856 Thread 0x00007faeb40ad000 nmethod 1592 0x00007faea55e1350 code [0x00007faea55e14c0, 0x00007faea55e1690]
Event: 39.999 Thread 0x00007faeb40aa800 nmethod 1590 0x00007faea55fffd0 code [0x00007faea5600260, 0x00007faea56010c8]
Event: 39.999 Thread 0x00007faeb40ad000 1594       3       javax.media.nativewindow.DefaultGraphicsDevice::lock (10 bytes)
Event: 39.999 Thread 0x00007faeb40aa800 1591   !   4       sun.nio.cs.StreamEncoder::write (78 bytes)
Event: 40.000 Thread 0x00007faeb40ad000 nmethod 1594 0x00007faea55fd7d0 code [0x00007faea55fd940, 0x00007faea55fdb68]

GC Heap History (10 events):
Event: 36.442 GC heap after
Heap after GC invocations=35 (full 5):
 PSYoungGen      total 130560K, used 22528K [0x00000000f6380000, 0x0000000100000000, 0x0000000100000000)
  eden space 108032K, 0% used [0x00000000f6380000,0x00000000f6380000,0x00000000fcd00000)
  from space 22528K, 100% used [0x00000000fea00000,0x0000000100000000,0x0000000100000000)
  to   space 26112K, 0% used [0x00000000fcd00000,0x00000000fcd00000,0x00000000fe680000)
 ParOldGen       total 159232K, used 119722K [0x00000000e2a00000, 0x00000000ec580000, 0x00000000f6380000)
  object space 159232K, 75% used [0x00000000e2a00000,0x00000000e9eeab10,0x00000000ec580000)
 Metaspace       used 17390K, capacity 17537K, committed 17664K, reserved 1064960K
  class space    used 1638K, capacity 1693K, committed 1792K, reserved 1048576K
}
Event: 37.442 GC heap before
{Heap before GC invocations=36 (full 5):
 PSYoungGen      total 130560K, used 130560K [0x00000000f6380000, 0x0000000100000000, 0x0000000100000000)
  eden space 108032K, 100% used [0x00000000f6380000,0x00000000fcd00000,0x00000000fcd00000)
  from space 22528K, 100% used [0x00000000fea00000,0x0000000100000000,0x0000000100000000)
  to   space 26112K, 0% used [0x00000000fcd00000,0x00000000fcd00000,0x00000000fe680000)
 ParOldGen       total 159232K, used 119722K [0x00000000e2a00000, 0x00000000ec580000, 0x00000000f6380000)
  object space 159232K, 75% used [0x00000000e2a00000,0x00000000e9eeab10,0x00000000ec580000)
 Metaspace       used 17402K, capacity 17537K, committed 17664K, reserved 1064960K
  class space    used 1638K, capacity 1693K, committed 1792K, reserved 1048576K
Event: 37.572 GC heap after
Heap after GC invocations=36 (full 5):
 PSYoungGen      total 126976K, used 18912K [0x00000000f6380000, 0x0000000100000000, 0x0000000100000000)
  eden space 108032K, 0% used [0x00000000f6380000,0x00000000f6380000,0x00000000fcd00000)
  from space 18944K, 99% used [0x00000000fcd00000,0x00000000fdf78000,0x00000000fdf80000)
  to   space 27648K, 0% used [0x00000000fe500000,0x00000000fe500000,0x0000000100000000)
 ParOldGen       total 159232K, used 130922K [0x00000000e2a00000, 0x00000000ec580000, 0x00000000f6380000)
  object space 159232K, 82% used [0x00000000e2a00000,0x00000000ea9dab10,0x00000000ec580000)
 Metaspace       used 17402K, capacity 17537K, committed 17664K, reserved 1064960K
  class space    used 1638K, capacity 1693K, committed 1792K, reserved 1048576K
}
Event: 38.405 GC heap before
{Heap before GC invocations=37 (full 5):
 PSYoungGen      total 126976K, used 126944K [0x00000000f6380000, 0x0000000100000000, 0x0000000100000000)
  eden space 108032K, 100% used [0x00000000f6380000,0x00000000fcd00000,0x00000000fcd00000)
  from space 18944K, 99% used [0x00000000fcd00000,0x00000000fdf78000,0x00000000fdf80000)
  to   space 27648K, 0% used [0x00000000fe500000,0x00000000fe500000,0x0000000100000000)
 ParOldGen       total 159232K, used 130922K [0x00000000e2a00000, 0x00000000ec580000, 0x00000000f6380000)
  object space 159232K, 82% used [0x00000000e2a00000,0x00000000ea9dab10,0x00000000ec580000)
 Metaspace       used 17402K, capacity 17537K, committed 17664K, reserved 1064960K
  class space    used 1638K, capacity 1693K, committed 1792K, reserved 1048576K
Event: 38.504 GC heap after
Heap after GC invocations=37 (full 5):
 PSYoungGen      total 125440K, used 26848K [0x00000000f6380000, 0x0000000100000000, 0x0000000100000000)
  eden space 97792K, 0% used [0x00000000f6380000,0x00000000f6380000,0x00000000fc300000)
  from space 27648K, 97% used [0x00000000fe500000,0x00000000fff38000,0x0000000100000000)
  to   space 31232K, 0% used [0x00000000fc300000,0x00000000fc300000,0x00000000fe180000)
 ParOldGen       total 159232K, used 130922K [0x00000000e2a00000, 0x00000000ec580000, 0x00000000f6380000)
  object space 159232K, 82% used [0x00000000e2a00000,0x00000000ea9dab10,0x00000000ec580000)
 Metaspace       used 17402K, capacity 17537K, committed 17664K, reserved 1064960K
  class space    used 1638K, capacity 1693K, committed 1792K, reserved 1048576K
}
Event: 39.221 GC heap before
{Heap before GC invocations=38 (full 5):
 PSYoungGen      total 125440K, used 124640K [0x00000000f6380000, 0x0000000100000000, 0x0000000100000000)
  eden space 97792K, 100% used [0x00000000f6380000,0x00000000fc300000,0x00000000fc300000)
  from space 27648K, 97% used [0x00000000fe500000,0x00000000fff38000,0x0000000100000000)
  to   space 31232K, 0% used [0x00000000fc300000,0x00000000fc300000,0x00000000fe180000)
 ParOldGen       total 159232K, used 130922K [0x00000000e2a00000, 0x00000000ec580000, 0x00000000f6380000)
  object space 159232K, 82% used [0x00000000e2a00000,0x00000000ea9dab10,0x00000000ec580000)
 Metaspace       used 17402K, capacity 17537K, committed 17664K, reserved 1064960K
  class space    used 1638K, capacity 1693K, committed 1792K, reserved 1048576K
Event: 39.342 GC heap after
Heap after GC invocations=38 (full 5):
 PSYoungGen      total 129024K, used 31232K [0x00000000f6380000, 0x0000000100000000, 0x0000000100000000)
  eden space 97792K, 0% used [0x00000000f6380000,0x00000000f6380000,0x00000000fc300000)
  from space 31232K, 100% used [0x00000000fc300000,0x00000000fe180000,0x00000000fe180000)
  to   space 31232K, 0% used [0x00000000fe180000,0x00000000fe180000,0x0000000100000000)
 ParOldGen       total 159232K, used 133906K [0x00000000e2a00000, 0x00000000ec580000, 0x00000000f6380000)
  object space 159232K, 84% used [0x00000000e2a00000,0x00000000eacc4b10,0x00000000ec580000)
 Metaspace       used 17402K, capacity 17537K, committed 17664K, reserved 1064960K
  class space    used 1638K, capacity 1693K, committed 1792K, reserved 1048576K
}
Event: 40.107 GC heap before
{Heap before GC invocations=39 (full 5):
 PSYoungGen      total 129024K, used 129024K [0x00000000f6380000, 0x0000000100000000, 0x0000000100000000)
  eden space 97792K, 100% used [0x00000000f6380000,0x00000000fc300000,0x00000000fc300000)
  from space 31232K, 100% used [0x00000000fc300000,0x00000000fe180000,0x00000000fe180000)
  to   space 31232K, 0% used [0x00000000fe180000,0x00000000fe180000,0x0000000100000000)
 ParOldGen       total 159232K, used 133906K [0x00000000e2a00000, 0x00000000ec580000, 0x00000000f6380000)
  object space 159232K, 84% used [0x00000000e2a00000,0x00000000eacc4b10,0x00000000ec580000)
 Metaspace       used 17403K, capacity 17537K, committed 17664K, reserved 1064960K
  class space    used 1638K, capacity 1693K, committed 1792K, reserved 1048576K
Event: 40.268 GC heap after
Heap after GC invocations=39 (full 5):
 PSYoungGen      total 112640K, used 28064K [0x00000000f6380000, 0x0000000100000000, 0x0000000100000000)
  eden space 81408K, 0% used [0x00000000f6380000,0x00000000f6380000,0x00000000fb300000)
  from space 31232K, 89% used [0x00000000fe180000,0x00000000ffce8000,0x0000000100000000)
  to   space 39424K, 0% used [0x00000000fb300000,0x00000000fb300000,0x00000000fd980000)
 ParOldGen       total 159232K, used 144242K [0x00000000e2a00000, 0x00000000ec580000, 0x00000000f6380000)
  object space 159232K, 90% used [0x00000000e2a00000,0x00000000eb6dcb10,0x00000000ec580000)
 Metaspace       used 17403K, capacity 17537K, committed 17664K, reserved 1064960K
  class space    used 1638K, capacity 1693K, committed 1792K, reserved 1048576K
}
Event: 40.280 GC heap before
{Heap before GC invocations=40 (full 6):
 PSYoungGen      total 112640K, used 28064K [0x00000000f6380000, 0x0000000100000000, 0x0000000100000000)
  eden space 81408K, 0% used [0x00000000f6380000,0x00000000f6380000,0x00000000fb300000)
  from space 31232K, 89% used [0x00000000fe180000,0x00000000ffce8000,0x0000000100000000)
  to   space 39424K, 0% used [0x00000000fb300000,0x00000000fb300000,0x00000000fd980000)
 ParOldGen       total 159232K, used 144242K [0x00000000e2a00000, 0x00000000ec580000, 0x00000000f6380000)
  object space 159232K, 90% used [0x00000000e2a00000,0x00000000eb6dcb10,0x00000000ec580000)
 Metaspace       used 17403K, capacity 17537K, committed 17664K, reserved 1064960K
  class space    used 1638K, capacity 1693K, committed 1792K, reserved 1048576K

Deoptimization events (10 events):
Event: 29.631 Thread 0x00007fae6c006800 Uncommon trap: reason=speculate_class_check action=maybe_recompile pc=0x00007faea55cad70 method=com.jogamp.common.nio.Buffers.getDirectBufferByteOffset(Ljava/lang/Object;)I @ 22
Event: 29.893 Thread 0x00007fae6c006800 Uncommon trap: reason=speculate_class_check action=maybe_recompile pc=0x00007faea55ca774 method=com.jogamp.common.nio.Buffers.getDirectBufferByteOffset(Ljava/lang/Object;)I @ 31
Event: 29.893 Thread 0x00007fae6c006800 Uncommon trap: reason=speculate_class_check action=maybe_recompile pc=0x00007faea55ca774 method=com.jogamp.common.nio.Buffers.getDirectBufferByteOffset(Ljava/lang/Object;)I @ 31
Event: 35.712 Thread 0x00007fae6c006800 Uncommon trap: reason=speculate_class_check action=maybe_recompile pc=0x00007faea55df6f8 method=com.jogamp.common.nio.Buffers.getDirectBufferByteOffset(Ljava/lang/Object;)I @ 31
Event: 35.897 Thread 0x00007fae6c006800 Uncommon trap: reason=speculate_class_check action=maybe_recompile pc=0x00007faea55df6f8 method=com.jogamp.common.nio.Buffers.getDirectBufferByteOffset(Ljava/lang/Object;)I @ 31
Event: 36.772 Thread 0x00007fae6c006800 Uncommon trap: reason=speculate_class_check action=maybe_recompile pc=0x00007faea55daecc method=com.jogamp.common.nio.Buffers.getDirectBufferByteOffset(Ljava/lang/Object;)I @ 42
Event: 36.772 Thread 0x00007fae6c006800 Uncommon trap: reason=speculate_class_check action=maybe_recompile pc=0x00007faea55daecc method=com.jogamp.common.nio.Buffers.getDirectBufferByteOffset(Ljava/lang/Object;)I @ 42
Event: 37.090 Thread 0x00007fae6c006800 Uncommon trap: reason=speculate_class_check action=maybe_recompile pc=0x00007faea55ed2a8 method=com.jogamp.common.nio.Buffers.getDirectBufferByteOffset(Ljava/lang/Object;)I @ 53
Event: 37.094 Thread 0x00007fae6c006800 Uncommon trap: reason=speculate_class_check action=maybe_recompile pc=0x00007faea55ed2a8 method=com.jogamp.common.nio.Buffers.getDirectBufferByteOffset(Ljava/lang/Object;)I @ 53
Event: 37.179 Thread 0x00007fae6c006800 Uncommon trap: reason=speculate_class_check action=maybe_recompile pc=0x00007faea55e9078 method=com.jogamp.common.nio.Buffers.getDirectBufferByteOffset(Ljava/lang/Object;)I @ 53

Internal exceptions (10 events):
Event: 6.371 Thread 0x00007fae6c006800 Exception <a 'java/lang/reflect/InvocationTargetException'> (0x00000000f6383f50) thrown at [/HUDSON/workspace/8-2-build-linux-amd64/jdk8u20/1074/hotspot/src/share/vm/runtime/reflection.cpp, line 1079]
Event: 7.786 Thread 0x00007fae6c006800 Exception <a 'java/security/PrivilegedActionException'> (0x00000000f6777f40) thrown at [/HUDSON/workspace/8-2-build-linux-amd64/jdk8u20/1074/hotspot/src/share/vm/prims/jvm.cpp, line 1275]
Event: 7.814 Thread 0x00007fae6c006800 Exception <a 'java/security/PrivilegedActionException'> (0x00000000f677b1b8) thrown at [/HUDSON/workspace/8-2-build-linux-amd64/jdk8u20/1074/hotspot/src/share/vm/prims/jvm.cpp, line 1275]
Event: 9.277 Thread 0x00007fae6c006800 Exception <a 'java/lang/reflect/InvocationTargetException'> (0x00000000f92712e8) thrown at [/HUDSON/workspace/8-2-build-linux-amd64/jdk8u20/1074/hotspot/src/share/vm/runtime/reflection.cpp, line 1079]
Event: 9.278 Thread 0x00007fae6c006800 Exception <a 'java/lang/reflect/InvocationTargetException'> (0x00000000f92716d8) thrown at [/HUDSON/workspace/8-2-build-linux-amd64/jdk8u20/1074/hotspot/src/share/vm/runtime/reflection.cpp, line 1079]
Event: 9.366 Thread 0x00007fae6c006800 Exception <a 'java/lang/reflect/InvocationTargetException'> (0x00000000f982f738) thrown at [/HUDSON/workspace/8-2-build-linux-amd64/jdk8u20/1074/hotspot/src/share/vm/runtime/reflection.cpp, line 1079]
Event: 9.367 Thread 0x00007fae6c006800 Exception <a 'java/lang/reflect/InvocationTargetException'> (0x00000000f982fb48) thrown at [/HUDSON/workspace/8-2-build-linux-amd64/jdk8u20/1074/hotspot/src/share/vm/runtime/reflection.cpp, line 1079]
Event: 10.005 Thread 0x00007fae6c006800 Exception <a 'java/lang/reflect/InvocationTargetException'> (0x00000000f6889f98) thrown at [/HUDSON/workspace/8-2-build-linux-amd64/jdk8u20/1074/hotspot/src/share/vm/runtime/reflection.cpp, line 1079]
Event: 10.006 Thread 0x00007fae6c006800 Exception <a 'java/lang/reflect/InvocationTargetException'> (0x00000000f688a388) thrown at [/HUDSON/workspace/8-2-build-linux-amd64/jdk8u20/1074/hotspot/src/share/vm/runtime/reflection.cpp, line 1079]
Event: 10.971 Thread 0x00007fae6c006800 Exception <a 'java/lang/reflect/InvocationTargetException'> (0x00000000f75a6678) thrown at [/HUDSON/workspace/8-2-build-linux-amd64/jdk8u20/1074/hotspot/src/share/vm/runtime/reflection.cpp, line 1079]

Events (10 events):
Event: 37.179 Thread 0x00007fae6c006800 Uncommon trap: trap_request=0xffffff76 fr.pc=0x00007faea55e9078
Event: 37.179 Thread 0x00007fae6c006800 DEOPT PACKING pc=0x00007faea55e9078 sp=0x00007fae957a4bf0
Event: 37.179 Thread 0x00007fae6c006800 DEOPT UNPACKING pc=0x00007faea5004f69 sp=0x00007fae957a4b68 mode 2
Event: 37.442 Executing VM operation: ParallelGCFailedAllocation
Event: 37.572 Executing VM operation: ParallelGCFailedAllocation done
Event: 38.405 Executing VM operation: ParallelGCFailedAllocation
Event: 38.504 Executing VM operation: ParallelGCFailedAllocation done
Event: 39.221 Executing VM operation: ParallelGCFailedAllocation
Event: 39.342 Executing VM operation: ParallelGCFailedAllocation done
Event: 40.044 Executing VM operation: ParallelGCFailedAllocation


Dynamic libraries:
00400000-00401000 r-xp 00000000 08:16 4067049                            /home/cal/jdk1.8.0_20/bin/java
00600000-00601000 rw-p 00000000 08:16 4067049                            /home/cal/jdk1.8.0_20/bin/java
009b2000-01be6000 rw-p 00000000 00:00 0                                  [heap]
e2a00000-ec580000 rw-p 00000000 00:00 0 
efe00000-f6380000 ---p 00000000 00:00 0 
f6380000-100000000 rw-p 00000000 00:00 0 
100000000-1001c0000 rw-p 00000000 00:00 0 
1001c0000-140000000 ---p 00000000 00:00 0 
7fae61a3c000-7fae6213c000 rw-s 00000000 00:04 178729                     /drm mm object (deleted)
7fae6213c000-7fae6213f000 ---p 00000000 00:00 0 
7fae6213f000-7fae6223d000 rw-p 00000000 00:00 0 
7fae6223d000-7fae62240000 ---p 00000000 00:00 0 
7fae62240000-7fae6233e000 rw-p 00000000 00:00 0                          [stack:8077]
7fae6233e000-7fae6243e000 rw-s 106152000 00:05 1553                      /dev/dri/card0
7fae6243e000-7fae6283e000 rw-s 00000000 00:04 178687                     /drm mm object (deleted)
7fae6283e000-7fae62c3e000 rw-s 00000000 00:04 178686                     /drm mm object (deleted)
7fae62c3e000-7fae62c75000 r-xp 00000000 08:15 1190079                    /usr/lib/x86_64-linux-gnu/libtxc_dxtn_s2tc.so.0.0.0
7fae62c75000-7fae62e74000 ---p 00037000 08:15 1190079                    /usr/lib/x86_64-linux-gnu/libtxc_dxtn_s2tc.so.0.0.0
7fae62e74000-7fae62e75000 r--p 00036000 08:15 1190079                    /usr/lib/x86_64-linux-gnu/libtxc_dxtn_s2tc.so.0.0.0
7fae62e75000-7fae62e76000 rw-p 00037000 08:15 1190079                    /usr/lib/x86_64-linux-gnu/libtxc_dxtn_s2tc.so.0.0.0
7fae62e76000-7fae62ff6000 rw-p 00000000 00:00 0 
7fae62ff6000-7fae63076000 ---p 00000000 00:00 0 
7fae63076000-7fae6308e000 r-xp 00000000 08:15 659975                     /lib/x86_64-linux-gnu/libz.so.1.2.8
7fae6308e000-7fae6328d000 ---p 00018000 08:15 659975                     /lib/x86_64-linux-gnu/libz.so.1.2.8
7fae6328d000-7fae6328e000 r--p 00017000 08:15 659975                     /lib/x86_64-linux-gnu/libz.so.1.2.8
7fae6328e000-7fae6328f000 rw-p 00018000 08:15 659975                     /lib/x86_64-linux-gnu/libz.so.1.2.8
7fae6328f000-7fae63297000 r-xp 00000000 08:15 1189880                    /usr/lib/x86_64-linux-gnu/libpciaccess.so.0.11.1
7fae63297000-7fae63496000 ---p 00008000 08:15 1189880                    /usr/lib/x86_64-linux-gnu/libpciaccess.so.0.11.1
7fae63496000-7fae63497000 r--p 00007000 08:15 1189880                    /usr/lib/x86_64-linux-gnu/libpciaccess.so.0.11.1
7fae63497000-7fae63498000 rw-p 00008000 08:15 1189880                    /usr/lib/x86_64-linux-gnu/libpciaccess.so.0.11.1
7fae63498000-7fae6357e000 r-xp 00000000 08:15 1190035                    /usr/lib/x86_64-linux-gnu/libstdc++.so.6.0.19
7fae6357e000-7fae6377d000 ---p 000e6000 08:15 1190035                    /usr/lib/x86_64-linux-gnu/libstdc++.so.6.0.19
7fae6377d000-7fae63785000 r--p 000e5000 08:15 1190035                    /usr/lib/x86_64-linux-gnu/libstdc++.so.6.0.19
7fae63785000-7fae63787000 rw-p 000ed000 08:15 1190035                    /usr/lib/x86_64-linux-gnu/libstdc++.so.6.0.19
7fae63787000-7fae6379c000 rw-p 00000000 00:00 0 
7fae6379c000-7fae637a8000 r-xp 00000000 08:15 1182682                    /usr/lib/x86_64-linux-gnu/libdrm_radeon.so.1.0.1
7fae637a8000-7fae639a7000 ---p 0000c000 08:15 1182682                    /usr/lib/x86_64-linux-gnu/libdrm_radeon.so.1.0.1
7fae639a7000-7fae639a8000 r--p 0000b000 08:15 1182682                    /usr/lib/x86_64-linux-gnu/libdrm_radeon.so.1.0.1
7fae639a8000-7fae639a9000 rw-p 0000c000 08:15 1182682                    /usr/lib/x86_64-linux-gnu/libdrm_radeon.so.1.0.1
7fae639a9000-7fae639af000 r-xp 00000000 08:15 1181856                    /usr/lib/x86_64-linux-gnu/libdrm_nouveau.so.2.0.0
7fae639af000-7fae63bae000 ---p 00006000 08:15 1181856                    /usr/lib/x86_64-linux-gnu/libdrm_nouveau.so.2.0.0
7fae63bae000-7fae63baf000 r--p 00005000 08:15 1181856                    /usr/lib/x86_64-linux-gnu/libdrm_nouveau.so.2.0.0
7fae63baf000-7fae63bb0000 rw-p 00006000 08:15 1181856                    /usr/lib/x86_64-linux-gnu/libdrm_nouveau.so.2.0.0
7fae63bb0000-7fae63bd0000 r-xp 00000000 08:15 1180808                    /usr/lib/x86_64-linux-gnu/libdrm_intel.so.1.0.0
7fae63bd0000-7fae63dcf000 ---p 00020000 08:15 1180808                    /usr/lib/x86_64-linux-gnu/libdrm_intel.so.1.0.0
7fae63dcf000-7fae63dd0000 r--p 0001f000 08:15 1180808                    /usr/lib/x86_64-linux-gnu/libdrm_intel.so.1.0.0
7fae63dd0000-7fae63dd1000 rw-p 00020000 08:15 1180808                    /usr/lib/x86_64-linux-gnu/libdrm_intel.so.1.0.0
7fae63dd1000-7fae63dff000 r-xp 00000000 08:15 1189809                    /usr/lib/x86_64-linux-gnu/libnettle.so.4.7
7fae63dff000-7fae63ffe000 ---p 0002e000 08:15 1189809                    /usr/lib/x86_64-linux-gnu/libnettle.so.4.7
7fae63ffe000-7fae63fff000 r--p 0002d000 08:15 1189809                    /usr/lib/x86_64-linux-gnu/libnettle.so.4.7
7fae63fff000-7fae64000000 rw-p 0002e000 08:15 1189809                    /usr/lib/x86_64-linux-gnu/libnettle.so.4.7
7fae64000000-7fae66a8e000 rw-p 00000000 00:00 0 
7fae66a8e000-7fae68000000 ---p 00000000 00:00 0 
7fae6806c000-7fae6816c000 rw-s 106052000 00:05 1553                      /dev/dri/card0
7fae6816c000-7fae686c4000 r-xp 00000000 08:15 1317820                    /usr/lib/x86_64-linux-gnu/dri/i965_dri.so
7fae686c4000-7fae688c3000 ---p 00558000 08:15 1317820                    /usr/lib/x86_64-linux-gnu/dri/i965_dri.so
7fae688c3000-7fae688e6000 r--p 00557000 08:15 1317820                    /usr/lib/x86_64-linux-gnu/dri/i965_dri.so
7fae688e6000-7fae688ed000 rw-p 0057a000 08:15 1317820                    /usr/lib/x86_64-linux-gnu/dri/i965_dri.so
7fae688ed000-7fae688f4000 rw-p 00000000 00:00 0 
7fae688f4000-7fae68938000 r-xp 00000000 08:15 656447                     /lib/x86_64-linux-gnu/libdbus-1.so.3.7.6
7fae68938000-7fae68b37000 ---p 00044000 08:15 656447                     /lib/x86_64-linux-gnu/libdbus-1.so.3.7.6
7fae68b37000-7fae68b38000 r--p 00043000 08:15 656447                     /lib/x86_64-linux-gnu/libdbus-1.so.3.7.6
7fae68b38000-7fae68b39000 rw-p 00044000 08:15 656447                     /lib/x86_64-linux-gnu/libdbus-1.so.3.7.6
7fae68b39000-7fae68b41000 r-xp 00000000 08:15 659876                     /lib/x86_64-linux-gnu/libnih-dbus.so.1.0.0
7fae68b41000-7fae68d41000 ---p 00008000 08:15 659876                     /lib/x86_64-linux-gnu/libnih-dbus.so.1.0.0
7fae68d41000-7fae68d42000 r--p 00008000 08:15 659876                     /lib/x86_64-linux-gnu/libnih-dbus.so.1.0.0
7fae68d42000-7fae68d43000 rw-p 00009000 08:15 659876                     /lib/x86_64-linux-gnu/libnih-dbus.so.1.0.0
7fae68d43000-7fae68d5a000 r-xp 00000000 08:15 659878                     /lib/x86_64-linux-gnu/libnih.so.1.0.0
7fae68d5a000-7fae68f59000 ---p 00017000 08:15 659878                     /lib/x86_64-linux-gnu/libnih.so.1.0.0
7fae68f59000-7fae68f5a000 r--p 00016000 08:15 659878                     /lib/x86_64-linux-gnu/libnih.so.1.0.0
7fae68f5a000-7fae68f5b000 rw-p 00017000 08:15 659878                     /lib/x86_64-linux-gnu/libnih.so.1.0.0
7fae68f5b000-7fae68f74000 r-xp 00000000 08:15 656487                     /lib/x86_64-linux-gnu/libcgmanager.so.0.0.0
7fae68f74000-7fae69173000 ---p 00019000 08:15 656487                     /lib/x86_64-linux-gnu/libcgmanager.so.0.0.0
7fae69173000-7fae69175000 r--p 00018000 08:15 656487                     /lib/x86_64-linux-gnu/libcgmanager.so.0.0.0
7fae69175000-7fae69176000 rw-p 0001a000 08:15 656487                     /lib/x86_64-linux-gnu/libcgmanager.so.0.0.0
7fae69176000-7fae69186000 r-xp 00000000 08:15 659754                     /lib/x86_64-linux-gnu/libudev.so.1.3.5
7fae69186000-7fae69385000 ---p 00010000 08:15 659754                     /lib/x86_64-linux-gnu/libudev.so.1.3.5
7fae69385000-7fae69386000 r--p 0000f000 08:15 659754                     /lib/x86_64-linux-gnu/libudev.so.1.3.5
7fae69386000-7fae69387000 rw-p 00010000 08:15 659754                     /lib/x86_64-linux-gnu/libudev.so.1.3.5
7fae69387000-7fae69389000 r-xp 00000000 08:15 1189182                    /usr/lib/x86_64-linux-gnu/libXinerama.so.1.0.0
7fae69389000-7fae69588000 ---p 00002000 08:15 1189182                    /usr/lib/x86_64-linux-gnu/libXinerama.so.1.0.0
7fae69588000-7fae69589000 r--p 00001000 08:15 1189182                    /usr/lib/x86_64-linux-gnu/libXinerama.so.1.0.0
7fae69589000-7fae6958a000 rw-p 00002000 08:15 1189182                    /usr/lib/x86_64-linux-gnu/libXinerama.so.1.0.0
7fae6958a000-7fae695d0000 r-xp 00000000 08:15 1048641                    /tmp/jogamp_0000/file_cache/jln1132434874251043183/jln573228988401052405/libjogl_mobile.so
7fae695d0000-7fae697d0000 ---p 00046000 08:15 1048641                    /tmp/jogamp_0000/file_cache/jln1132434874251043183/jln573228988401052405/libjogl_mobile.so
7fae697d0000-7fae697d1000 rw-p 00046000 08:15 1048641                    /tmp/jogamp_0000/file_cache/jln1132434874251043183/jln573228988401052405/libjogl_mobile.so
7fae697d1000-7fae697d8000 r-xp 00000000 08:15 1189441                    /usr/lib/x86_64-linux-gnu/libffi.so.6.0.1
7fae697d8000-7fae699d7000 ---p 00007000 08:15 1189441                    /usr/lib/x86_64-linux-gnu/libffi.so.6.0.1
7fae699d7000-7fae699d8000 r--p 00006000 08:15 1189441                    /usr/lib/x86_64-linux-gnu/libffi.so.6.0.1
7fae699d8000-7fae699d9000 rw-p 00007000 08:15 1189441                    /usr/lib/x86_64-linux-gnu/libffi.so.6.0.1
7fae699d9000-7fae699e5000 r-xp 00000000 08:15 1182684                    /usr/lib/x86_64-linux-gnu/libgbm.so.1.0.0
7fae699e5000-7fae69be5000 ---p 0000c000 08:15 1182684                    /usr/lib/x86_64-linux-gnu/libgbm.so.1.0.0
7fae69be5000-7fae69be6000 r--p 0000c000 08:15 1182684                    /usr/lib/x86_64-linux-gnu/libgbm.so.1.0.0
7fae69be6000-7fae69be7000 rw-p 0000d000 08:15 1182684                    /usr/lib/x86_64-linux-gnu/libgbm.so.1.0.0
7fae69be7000-7fae69bf6000 r-xp 00000000 08:15 1190149                    /usr/lib/x86_64-linux-gnu/libwayland-server.so.0.1.0
7fae69bf6000-7fae69df5000 ---p 0000f000 08:15 1190149                    /usr/lib/x86_64-linux-gnu/libwayland-server.so.0.1.0
7fae69df5000-7fae69df7000 r--p 0000e000 08:15 1190149                    /usr/lib/x86_64-linux-gnu/libwayland-server.so.0.1.0
7fae69df7000-7fae69df8000 rw-p 00010000 08:15 1190149                    /usr/lib/x86_64-linux-gnu/libwayland-server.so.0.1.0
7fae69df8000-7fae69e03000 r-xp 00000000 08:15 1190143                    /usr/lib/x86_64-linux-gnu/libwayland-client.so.0.2.0
7fae69e03000-7fae6a002000 ---p 0000b000 08:15 1190143                    /usr/lib/x86_64-linux-gnu/libwayland-client.so.0.2.0
7fae6a002000-7fae6a004000 r--p 0000a000 08:15 1190143                    /usr/lib/x86_64-linux-gnu/libwayland-client.so.0.2.0
7fae6a004000-7fae6a005000 rw-p 0000c000 08:15 1190143                    /usr/lib/x86_64-linux-gnu/libwayland-client.so.0.2.0
7fae6a005000-7fae6a00a000 r-xp 00000000 08:15 1190192                    /usr/lib/x86_64-linux-gnu/libxcb-xfixes.so.0.0.0
7fae6a00a000-7fae6a20a000 ---p 00005000 08:15 1190192                    /usr/lib/x86_64-linux-gnu/libxcb-xfixes.so.0.0.0
7fae6a20a000-7fae6a20b000 r--p 00005000 08:15 1190192                    /usr/lib/x86_64-linux-gnu/libxcb-xfixes.so.0.0.0
7fae6a20b000-7fae6a20c000 rw-p 00006000 08:15 1190192                    /usr/lib/x86_64-linux-gnu/libxcb-xfixes.so.0.0.0
7fae6a20c000-7fae6a231000 r-xp 00000000 08:15 1328314                    /usr/lib/x86_64-linux-gnu/mesa-egl/libEGL.so.1.0.0
7fae6a231000-7fae6a431000 ---p 00025000 08:15 1328314                    /usr/lib/x86_64-linux-gnu/mesa-egl/libEGL.so.1.0.0
7fae6a431000-7fae6a432000 r--p 00025000 08:15 1328314                    /usr/lib/x86_64-linux-gnu/mesa-egl/libEGL.so.1.0.0
7fae6a432000-7fae6a433000 rw-p 00026000 08:15 1328314                    /usr/lib/x86_64-linux-gnu/mesa-egl/libEGL.so.1.0.0
7fae6a433000-7fae6a434000 rw-p 00000000 00:00 0 
7fae6a434000-7fae6a4dc000 r-xp 00000000 08:15 1048640                    /tmp/jogamp_0000/file_cache/jln1132434874251043183/jln573228988401052405/libjogl_desktop.so
7fae6a4dc000-7fae6a6dc000 ---p 000a8000 08:15 1048640                    /tmp/jogamp_0000/file_cache/jln1132434874251043183/jln573228988401052405/libjogl_desktop.so
7fae6a6dc000-7fae6a6dd000 rw-p 000a8000 08:15 1048640                    /tmp/jogamp_0000/file_cache/jln1132434874251043183/jln573228988401052405/libjogl_desktop.so
7fae6a6dd000-7fae6a6e8000 r-xp 00000000 08:15 1180486                    /usr/lib/x86_64-linux-gnu/libdrm.so.2.4.0
7fae6a6e8000-7fae6a8e7000 ---p 0000b000 08:15 1180486                    /usr/lib/x86_64-linux-gnu/libdrm.so.2.4.0
7fae6a8e7000-7fae6a8e8000 r--p 0000a000 08:15 1180486                    /usr/lib/x86_64-linux-gnu/libdrm.so.2.4.0
7fae6a8e8000-7fae6a8e9000 rw-p 0000b000 08:15 1180486                    /usr/lib/x86_64-linux-gnu/libdrm.so.2.4.0
7fae6a8e9000-7fae6a8ea000 r-xp 00000000 08:15 1190227                    /usr/lib/x86_64-linux-gnu/libxshmfence.so.1.0.0
7fae6a8ea000-7fae6aae9000 ---p 00001000 08:15 1190227                    /usr/lib/x86_64-linux-gnu/libxshmfence.so.1.0.0
7fae6aae9000-7fae6aaea000 r--p 00000000 08:15 1190227                    /usr/lib/x86_64-linux-gnu/libxshmfence.so.1.0.0
7fae6aaea000-7fae6aaeb000 rw-p 00001000 08:15 1190227                    /usr/lib/x86_64-linux-gnu/libxshmfence.so.1.0.0
7fae6aaeb000-7fae6aaf0000 r-xp 00000000 08:15 1190188                    /usr/lib/x86_64-linux-gnu/libxcb-sync.so.1.0.0
7fae6aaf0000-7fae6acef000 ---p 00005000 08:15 1190188                    /usr/lib/x86_64-linux-gnu/libxcb-sync.so.1.0.0
7fae6acef000-7fae6acf0000 r--p 00004000 08:15 1190188                    /usr/lib/x86_64-linux-gnu/libxcb-sync.so.1.0.0
7fae6acf0000-7fae6acf1000 rw-p 00005000 08:15 1190188                    /usr/lib/x86_64-linux-gnu/libxcb-sync.so.1.0.0
7fae6acf1000-7fae6acf3000 r-xp 00000000 08:15 1190180                    /usr/lib/x86_64-linux-gnu/libxcb-present.so.0.0.0
7fae6acf3000-7fae6aef2000 ---p 00002000 08:15 1190180                    /usr/lib/x86_64-linux-gnu/libxcb-present.so.0.0.0
7fae6aef2000-7fae6aef3000 r--p 00001000 08:15 1190180                    /usr/lib/x86_64-linux-gnu/libxcb-present.so.0.0.0
7fae6aef3000-7fae6aef4000 rw-p 00002000 08:15 1190180                    /usr/lib/x86_64-linux-gnu/libxcb-present.so.0.0.0
7fae6aef4000-7fae6aef6000 r-xp 00000000 08:15 1190176                    /usr/lib/x86_64-linux-gnu/libxcb-dri3.so.0.0.0
7fae6aef6000-7fae6b0f5000 ---p 00002000 08:15 1190176                    /usr/lib/x86_64-linux-gnu/libxcb-dri3.so.0.0.0
7fae6b0f5000-7fae6b0f6000 r--p 00001000 08:15 1190176                    /usr/lib/x86_64-linux-gnu/libxcb-dri3.so.0.0.0
7fae6b0f6000-7fae6b0f7000 rw-p 00002000 08:15 1190176                    /usr/lib/x86_64-linux-gnu/libxcb-dri3.so.0.0.0
7fae6b0f7000-7fae6b0fa000 r-xp 00000000 08:15 1190174                    /usr/lib/x86_64-linux-gnu/libxcb-dri2.so.0.0.0
7fae6b0fa000-7fae6b2fa000 ---p 00003000 08:15 1190174                    /usr/lib/x86_64-linux-gnu/libxcb-dri2.so.0.0.0
7fae6b2fa000-7fae6b2fb000 r--p 00003000 08:15 1190174                    /usr/lib/x86_64-linux-gnu/libxcb-dri2.so.0.0.0
7fae6b2fb000-7fae6b2fc000 rw-p 00004000 08:15 1190174                    /usr/lib/x86_64-linux-gnu/libxcb-dri2.so.0.0.0
7fae6b2fc000-7fae6b311000 r-xp 00000000 08:15 1190178                    /usr/lib/x86_64-linux-gnu/libxcb-glx.so.0.0.0
7fae6b311000-7fae6b510000 ---p 00015000 08:15 1190178                    /usr/lib/x86_64-linux-gnu/libxcb-glx.so.0.0.0
7fae6b510000-7fae6b512000 r--p 00014000 08:15 1190178                    /usr/lib/x86_64-linux-gnu/libxcb-glx.so.0.0.0
7fae6b512000-7fae6b513000 rw-p 00016000 08:15 1190178                    /usr/lib/x86_64-linux-gnu/libxcb-glx.so.0.0.0
7fae6b513000-7fae6b514000 r-xp 00000000 08:15 1189141                    /usr/lib/x86_64-linux-gnu/libX11-xcb.so.1.0.0
7fae6b514000-7fae6b713000 ---p 00001000 08:15 1189141                    /usr/lib/x86_64-linux-gnu/libX11-xcb.so.1.0.0
7fae6b713000-7fae6b714000 r--p 00000000 08:15 1189141                    /usr/lib/x86_64-linux-gnu/libX11-xcb.so.1.0.0
7fae6b714000-7fae6b715000 rw-p 00001000 08:15 1189141                    /usr/lib/x86_64-linux-gnu/libX11-xcb.so.1.0.0
7fae6b715000-7fae6b717000 r-xp 00000000 08:15 1189160                    /usr/lib/x86_64-linux-gnu/libXdamage.so.1.1.0
7fae6b717000-7fae6b916000 ---p 00002000 08:15 1189160                    /usr/lib/x86_64-linux-gnu/libXdamage.so.1.1.0
7fae6b916000-7fae6b917000 r--p 00001000 08:15 1189160                    /usr/lib/x86_64-linux-gnu/libXdamage.so.1.1.0
7fae6b917000-7fae6b918000 rw-p 00002000 08:15 1189160                    /usr/lib/x86_64-linux-gnu/libXdamage.so.1.1.0
7fae6b918000-7fae6b93e000 r-xp 00000000 08:15 1181845                    /usr/lib/x86_64-linux-gnu/libglapi.so.0.0.0
7fae6b93e000-7fae6bb3d000 ---p 00026000 08:15 1181845                    /usr/lib/x86_64-linux-gnu/libglapi.so.0.0.0
7fae6bb3d000-7fae6bb41000 r--p 00025000 08:15 1181845                    /usr/lib/x86_64-linux-gnu/libglapi.so.0.0.0
7fae6bb41000-7fae6bb42000 rw-p 00029000 08:15 1181845                    /usr/lib/x86_64-linux-gnu/libglapi.so.0.0.0
7fae6bb42000-7fae6bb43000 rw-p 00000000 00:00 0 
7fae6bb43000-7fae6bb6a000 r-xp 00000000 08:15 659836                     /lib/x86_64-linux-gnu/libexpat.so.1.6.0
7fae6bb6a000-7fae6bd6a000 ---p 00027000 08:15 659836                     /lib/x86_64-linux-gnu/libexpat.so.1.6.0
7fae6bd6a000-7fae6bd6c000 r--p 00027000 08:15 659836                     /lib/x86_64-linux-gnu/libexpat.so.1.6.0
7fae6bd6c000-7fae6bd6d000 rw-p 00029000 08:15 659836                     /lib/x86_64-linux-gnu/libexpat.so.1.6.0
7fae6bd6d000-7fae6bdfc000 r-xp 00000000 08:15 1328311                    /usr/lib/x86_64-linux-gnu/mesa/libGL.so.1.2.0
7fae6bdfc000-7fae6bffb000 ---p 0008f000 08:15 1328311                    /usr/lib/x86_64-linux-gnu/mesa/libGL.so.1.2.0
7fae6bffb000-7fae6bffe000 r--p 0008e000 08:15 1328311                    /usr/lib/x86_64-linux-gnu/mesa/libGL.so.1.2.0
7fae6bffe000-7fae6bfff000 rw-p 00091000 08:15 1328311                    /usr/lib/x86_64-linux-gnu/mesa/libGL.so.1.2.0
7fae6bfff000-7fae6c000000 rw-p 00000000 00:00 0 
7fae6c000000-7fae6c04a000 rw-p 00000000 00:00 0 
7fae6c04a000-7fae70000000 ---p 00000000 00:00 0 
7fae70000000-7fae71fb1000 rw-p 00000000 00:00 0 
7fae71fb1000-7fae74000000 ---p 00000000 00:00 0 
7fae74000000-7fae74021000 rw-p 00000000 00:00 0 
7fae74021000-7fae78000000 ---p 00000000 00:00 0 
7fae78000000-7fae78021000 rw-p 00000000 00:00 0 
7fae78021000-7fae7c000000 ---p 00000000 00:00 0 
7fae7c000000-7fae7c2eb000 rw-p 00000000 00:00 0 
7fae7c2eb000-7fae80000000 ---p 00000000 00:00 0 
7fae80000000-7fae80021000 rw-p 00000000 00:00 0 
7fae80021000-7fae84000000 ---p 00000000 00:00 0 
7fae84000000-7fae84021000 rw-p 00000000 00:00 0 
7fae84021000-7fae88000000 ---p 00000000 00:00 0 
7fae88000000-7fae888a6000 rw-p 00000000 00:00 0 
7fae888a6000-7fae8c000000 ---p 00000000 00:00 0 
7fae8c000000-7fae8c021000 rw-p 00000000 00:00 0 
7fae8c021000-7fae90000000 ---p 00000000 00:00 0 
7fae90000000-7fae90021000 rw-p 00000000 00:00 0 
7fae90021000-7fae94000000 ---p 00000000 00:00 0 
7fae94031000-7fae94231000 rw-p 00000000 00:00 0 
7fae94231000-7fae94238000 r-xp 00000000 08:15 1048643                    /tmp/jogamp_0000/file_cache/jln1132434874251043183/jln573228988401052405/libnativewindow_x11.so
7fae94238000-7fae94437000 ---p 00007000 08:15 1048643                    /tmp/jogamp_0000/file_cache/jln1132434874251043183/jln573228988401052405/libnativewindow_x11.so
7fae94437000-7fae94438000 rw-p 00006000 08:15 1048643                    /tmp/jogamp_0000/file_cache/jln1132434874251043183/jln573228988401052405/libnativewindow_x11.so
7fae94438000-7fae9443c000 r-xp 00000000 08:15 1189210                    /usr/lib/x86_64-linux-gnu/libXxf86vm.so.1.0.0
7fae9443c000-7fae9463c000 ---p 00004000 08:15 1189210                    /usr/lib/x86_64-linux-gnu/libXxf86vm.so.1.0.0
7fae9463c000-7fae9463d000 r--p 00004000 08:15 1189210                    /usr/lib/x86_64-linux-gnu/libXxf86vm.so.1.0.0
7fae9463d000-7fae9463e000 rw-p 00005000 08:15 1189210                    /usr/lib/x86_64-linux-gnu/libXxf86vm.so.1.0.0
7fae9463e000-7fae94640000 r-xp 00000000 08:15 1048642                    /tmp/jogamp_0000/file_cache/jln1132434874251043183/jln573228988401052405/libnativewindow_awt.so
7fae94640000-7fae9483f000 ---p 00002000 08:15 1048642                    /tmp/jogamp_0000/file_cache/jln1132434874251043183/jln573228988401052405/libnativewindow_awt.so
7fae9483f000-7fae94840000 rw-p 00001000 08:15 1048642                    /tmp/jogamp_0000/file_cache/jln1132434874251043183/jln573228988401052405/libnativewindow_awt.so
7fae94840000-7fae94841000 r-xp 00000000 08:16 4066826                    /home/cal/jdk1.8.0_20/jre/lib/amd64/libjawt.so
7fae94841000-7fae94a40000 ---p 00001000 08:16 4066826                    /home/cal/jdk1.8.0_20/jre/lib/amd64/libjawt.so
7fae94a40000-7fae94a41000 rw-p 00000000 08:16 4066826                    /home/cal/jdk1.8.0_20/jre/lib/amd64/libjawt.so
7fae94a41000-7fae94a43000 r-xp 00000000 08:15 1048662                    /tmp/jogamp_0000/file_cache/jln1132434874251043183/jln573228988401052405/libgluegen-rt.so
7fae94a43000-7fae94c43000 ---p 00002000 08:15 1048662                    /tmp/jogamp_0000/file_cache/jln1132434874251043183/jln573228988401052405/libgluegen-rt.so
7fae94c43000-7fae94c44000 rw-p 00002000 08:15 1048662                    /tmp/jogamp_0000/file_cache/jln1132434874251043183/jln573228988401052405/libgluegen-rt.so
7fae94c44000-7fae94c47000 ---p 00000000 00:00 0 
7fae94c47000-7fae94d45000 rw-p 00000000 00:00 0                          [stack:8076]
7fae94d45000-7fae94d56000 r-xp 00000000 08:16 4066854                    /home/cal/jdk1.8.0_20/jre/lib/amd64/libnio.so
7fae94d56000-7fae94f55000 ---p 00011000 08:16 4066854                    /home/cal/jdk1.8.0_20/jre/lib/amd64/libnio.so
7fae94f55000-7fae94f56000 rw-p 00010000 08:16 4066854                    /home/cal/jdk1.8.0_20/jre/lib/amd64/libnio.so
7fae94f56000-7fae94f6c000 r-xp 00000000 08:16 4066855                    /home/cal/jdk1.8.0_20/jre/lib/amd64/libnet.so
7fae94f6c000-7fae9516c000 ---p 00016000 08:16 4066855                    /home/cal/jdk1.8.0_20/jre/lib/amd64/libnet.so
7fae9516c000-7fae9516d000 rw-p 00016000 08:16 4066855                    /home/cal/jdk1.8.0_20/jre/lib/amd64/libnet.so
7fae9516d000-7fae95170000 ---p 00000000 00:00 0 
7fae95170000-7fae953a6000 rw-p 00000000 00:00 0                          [stack:8071]
7fae953a6000-7fae953a9000 ---p 00000000 00:00 0 
7fae953a9000-7fae956a7000 rw-p 00000000 00:00 0                          [stack:8067]
7fae956a7000-7fae956aa000 ---p 00000000 00:00 0 
7fae956aa000-7fae957a8000 rw-p 00000000 00:00 0                          [stack:8066]
7fae957a8000-7fae957ab000 ---p 00000000 00:00 0 
7fae957ab000-7fae958a9000 rw-p 00000000 00:00 0                          [stack:8065]
7fae958a9000-7fae958ac000 ---p 00000000 00:00 0 
7fae958ac000-7fae959aa000 rw-p 00000000 00:00 0                          [stack:8064]
7fae959aa000-7fae959af000 r-xp 00000000 08:15 1189172                    /usr/lib/x86_64-linux-gnu/libXfixes.so.3.1.0
7fae959af000-7fae95bae000 ---p 00005000 08:15 1189172                    /usr/lib/x86_64-linux-gnu/libXfixes.so.3.1.0
7fae95bae000-7fae95baf000 r--p 00004000 08:15 1189172                    /usr/lib/x86_64-linux-gnu/libXfixes.so.3.1.0
7fae95baf000-7fae95bb0000 rw-p 00005000 08:15 1189172                    /usr/lib/x86_64-linux-gnu/libXfixes.so.3.1.0
7fae95bb0000-7fae95bb9000 r-xp 00000000 08:15 1189158                    /usr/lib/x86_64-linux-gnu/libXcursor.so.1.0.2
7fae95bb9000-7fae95db8000 ---p 00009000 08:15 1189158                    /usr/lib/x86_64-linux-gnu/libXcursor.so.1.0.2
7fae95db8000-7fae95db9000 r--p 00008000 08:15 1189158                    /usr/lib/x86_64-linux-gnu/libXcursor.so.1.0.2
7fae95db9000-7fae95dba000 rw-p 00009000 08:15 1189158                    /usr/lib/x86_64-linux-gnu/libXcursor.so.1.0.2
7fae95dba000-7fae95dd0000 r-xp 00000000 08:15 659841                     /lib/x86_64-linux-gnu/libgcc_s.so.1
7fae95dd0000-7fae95fcf000 ---p 00016000 08:15 659841                     /lib/x86_64-linux-gnu/libgcc_s.so.1
7fae95fcf000-7fae95fd0000 rw-p 00015000 08:15 659841                     /lib/x86_64-linux-gnu/libgcc_s.so.1
7fae95fd0000-7fae96035000 r-xp 00000000 08:16 4066700                    /home/cal/jdk1.8.0_20/jre/lib/amd64/libfontmanager.so
7fae96035000-7fae96234000 ---p 00065000 08:16 4066700                    /home/cal/jdk1.8.0_20/jre/lib/amd64/libfontmanager.so
7fae96234000-7fae96238000 rw-p 00064000 08:16 4066700                    /home/cal/jdk1.8.0_20/jre/lib/amd64/libfontmanager.so
7fae96238000-7fae96249000 rw-p 00000000 00:00 0 
7fae96249000-7fae9624e000 r-xp 00000000 08:15 1189164                    /usr/lib/x86_64-linux-gnu/libXdmcp.so.6.0.0
7fae9624e000-7fae9644d000 ---p 00005000 08:15 1189164                    /usr/lib/x86_64-linux-gnu/libXdmcp.so.6.0.0
7fae9644d000-7fae9644e000 r--p 00004000 08:15 1189164                    /usr/lib/x86_64-linux-gnu/libXdmcp.so.6.0.0
7fae9644e000-7fae9644f000 rw-p 00005000 08:15 1189164                    /usr/lib/x86_64-linux-gnu/libXdmcp.so.6.0.0
7fae9644f000-7fae96451000 r-xp 00000000 08:15 1189151                    /usr/lib/x86_64-linux-gnu/libXau.so.6.0.0
7fae96451000-7fae96651000 ---p 00002000 08:15 1189151                    /usr/lib/x86_64-linux-gnu/libXau.so.6.0.0
7fae96651000-7fae96652000 r--p 00002000 08:15 1189151                    /usr/lib/x86_64-linux-gnu/libXau.so.6.0.0
7fae96652000-7fae96653000 rw-p 00003000 08:15 1189151                    /usr/lib/x86_64-linux-gnu/libXau.so.6.0.0
7fae96653000-7fae96670000 r-xp 00000000 08:15 1190196                    /usr/lib/x86_64-linux-gnu/libxcb.so.1.1.0
7fae96670000-7fae96870000 ---p 0001d000 08:15 1190196                    /usr/lib/x86_64-linux-gnu/libxcb.so.1.1.0
7fae96870000-7fae96871000 r--p 0001d000 08:15 1190196                    /usr/lib/x86_64-linux-gnu/libxcb.so.1.1.0
7fae96871000-7fae96872000 rw-p 0001e000 08:15 1190196                    /usr/lib/x86_64-linux-gnu/libxcb.so.1.1.0
7fae96872000-7fae96881000 r-xp 00000000 08:15 1189180                    /usr/lib/x86_64-linux-gnu/libXi.so.6.1.0
7fae96881000-7fae96a80000 ---p 0000f000 08:15 1189180                    /usr/lib/x86_64-linux-gnu/libXi.so.6.1.0
7fae96a80000-7fae96a81000 r--p 0000e000 08:15 1189180                    /usr/lib/x86_64-linux-gnu/libXi.so.6.1.0
7fae96a81000-7fae96a82000 rw-p 0000f000 08:15 1189180                    /usr/lib/x86_64-linux-gnu/libXi.so.6.1.0
7fae96a82000-7fae96a87000 r-xp 00000000 08:15 1189200                    /usr/lib/x86_64-linux-gnu/libXtst.so.6.1.0
7fae96a87000-7fae96c86000 ---p 00005000 08:15 1189200                    /usr/lib/x86_64-linux-gnu/libXtst.so.6.1.0
7fae96c86000-7fae96c87000 r--p 00004000 08:15 1189200                    /usr/lib/x86_64-linux-gnu/libXtst.so.6.1.0
7fae96c87000-7fae96c88000 rw-p 00005000 08:15 1189200                    /usr/lib/x86_64-linux-gnu/libXtst.so.6.1.0
7fae96c88000-7fae96c91000 r-xp 00000000 08:15 1189194                    /usr/lib/x86_64-linux-gnu/libXrender.so.1.3.0
7fae96c91000-7fae96e90000 ---p 00009000 08:15 1189194                    /usr/lib/x86_64-linux-gnu/libXrender.so.1.3.0
7fae96e90000-7fae96e91000 r--p 00008000 08:15 1189194                    /usr/lib/x86_64-linux-gnu/libXrender.so.1.3.0
7fae96e91000-7fae96e92000 rw-p 00009000 08:15 1189194                    /usr/lib/x86_64-linux-gnu/libXrender.so.1.3.0
7fae96e92000-7fae96fc2000 r-xp 00000000 08:15 1189145                    /usr/lib/x86_64-linux-gnu/libX11.so.6.3.0
7fae96fc2000-7fae971c2000 ---p 00130000 08:15 1189145                    /usr/lib/x86_64-linux-gnu/libX11.so.6.3.0
7fae971c2000-7fae971c3000 r--p 00130000 08:15 1189145                    /usr/lib/x86_64-linux-gnu/libX11.so.6.3.0
7fae971c3000-7fae971c7000 rw-p 00131000 08:15 1189145                    /usr/lib/x86_64-linux-gnu/libX11.so.6.3.0
7fae971c7000-7fae971d8000 r-xp 00000000 08:15 1189168                    /usr/lib/x86_64-linux-gnu/libXext.so.6.4.0
7fae971d8000-7fae973d7000 ---p 00011000 08:15 1189168                    /usr/lib/x86_64-linux-gnu/libXext.so.6.4.0
7fae973d7000-7fae973d8000 r--p 00010000 08:15 1189168                    /usr/lib/x86_64-linux-gnu/libXext.so.6.4.0
7fae973d8000-7fae973d9000 rw-p 00011000 08:15 1189168                    /usr/lib/x86_64-linux-gnu/libXext.so.6.4.0
7fae973d9000-7fae9742d000 r-xp 00000000 08:16 4066755                    /home/cal/jdk1.8.0_20/jre/lib/amd64/libawt_xawt.so
7fae9742d000-7fae9762d000 ---p 00054000 08:16 4066755                    /home/cal/jdk1.8.0_20/jre/lib/amd64/libawt_xawt.so
7fae9762d000-7fae97631000 rw-p 00054000 08:16 4066755                    /home/cal/jdk1.8.0_20/jre/lib/amd64/libawt_xawt.so
7fae97631000-7fae97632000 rw-p 00000000 00:00 0 
7fae97632000-7fae98000000 r--p 00000000 08:15 1186922                    /usr/lib/locale/locale-archive
7fae98000000-7fae98023000 rw-p 00000000 00:00 0 
7fae98023000-7fae9c000000 ---p 00000000 00:00 0 
7fae9c000000-7fae9c2f1000 rw-p 00000000 00:00 0 
7fae9c2f1000-7faea0000000 ---p 00000000 00:00 0 
7faea0000000-7faea0021000 rw-p 00000000 00:00 0 
7faea0021000-7faea4000000 ---p 00000000 00:00 0 
7faea4019000-7faea4021000 rw-s 00000000 00:04 179246                     /drm mm object (deleted)
7faea4021000-7faea4024000 ---p 00000000 00:00 0 
7faea4024000-7faea4122000 rw-p 00000000 00:00 0                          [stack:8063]
7faea4122000-7faea41c4000 r-xp 00000000 08:16 4066857                    /home/cal/jdk1.8.0_20/jre/lib/amd64/libawt.so
7faea41c4000-7faea43c4000 ---p 000a2000 08:16 4066857                    /home/cal/jdk1.8.0_20/jre/lib/amd64/libawt.so
7faea43c4000-7faea43d0000 rw-p 000a2000 08:16 4066857                    /home/cal/jdk1.8.0_20/jre/lib/amd64/libawt.so
7faea43d0000-7faea43f4000 rw-p 00000000 00:00 0 
7faea43f4000-7faea43f5000 ---p 00000000 00:00 0 
7faea43f5000-7faea44f5000 rw-p 00000000 00:00 0                          [stack:8062]
7faea44f5000-7faea44f8000 ---p 00000000 00:00 0 
7faea44f8000-7faea45f6000 rw-p 00000000 00:00 0                          [stack:8061]
7faea45f6000-7faea45f9000 ---p 00000000 00:00 0 
7faea45f9000-7faea46f7000 rw-p 00000000 00:00 0                          [stack:8060]
7faea46f7000-7faea46fa000 ---p 00000000 00:00 0 
7faea46fa000-7faea47f8000 rw-p 00000000 00:00 0                          [stack:8059]
7faea47f8000-7faea47fb000 ---p 00000000 00:00 0 
7faea47fb000-7faea48f9000 rw-p 00000000 00:00 0                          [stack:8058]
7faea48f9000-7faea48fc000 ---p 00000000 00:00 0 
7faea48fc000-7faea49fa000 rw-p 00000000 00:00 0                          [stack:8057]
7faea49fa000-7faea49fd000 ---p 00000000 00:00 0 
7faea49fd000-7faea4afb000 rw-p 00000000 00:00 0                          [stack:8056]
7faea4afb000-7faea4afc000 ---p 00000000 00:00 0 
7faea4afc000-7faea5000000 rw-p 00000000 00:00 0                          [stack:8055]
7faea5000000-7faea5610000 rwxp 00000000 00:00 0 
7faea5610000-7faeb4000000 ---p 00000000 00:00 0 
7faeb4000000-7faeb44a2000 rw-p 00000000 00:00 0 
7faeb44a2000-7faeb8000000 ---p 00000000 00:00 0 
7faeb8006000-7faeb8007000 rw-p 00000000 00:00 0 
7faeb8007000-7faeb800f000 rw-s 00000000 00:04 178675                     /drm mm object (deleted)
7faeb800f000-7faeb8010000 rw-s 105c13000 00:05 1553                      /dev/dri/card0
7faeb8010000-7faeb8018000 rw-s 00000000 00:04 178649                     /drm mm object (deleted)
7faeb8018000-7faeb8019000 rwxp 00000000 00:00 0 
7faeb8019000-7faeb8021000 rw-s 00000000 00:04 179310                     /drm mm object (deleted)
7faeb8021000-7faeb8029000 rw-s 00000000 00:04 177827                     /drm mm object (deleted)
7faeb8029000-7faeb8031000 rw-s 00000000 00:04 177823                     /drm mm object (deleted)
7faeb8031000-7faeb8052000 r--s 002d0000 08:16 14025912                   /home/cal/googledrive/Git/programming-project-group-3/ProgrammingProject/lib/jogl-all.jar
7faeb8052000-7faeb8609000 rw-p 00000000 00:00 0 
7faeb8609000-7faeb87df000 r--s 03ca8000 08:16 4066994                    /home/cal/jdk1.8.0_20/jre/lib/rt.jar
7faeb87df000-7faeba04b000 rw-p 00000000 00:00 0 
7faeba04b000-7faeba04c000 ---p 00000000 00:00 0 
7faeba04c000-7faeba14c000 rw-p 00000000 00:00 0                          [stack:8054]
7faeba14c000-7faeba14d000 ---p 00000000 00:00 0 
7faeba14d000-7faeba29b000 rw-p 00000000 00:00 0                          [stack:8053]
7faeba29b000-7faeba2e9000 ---p 00000000 00:00 0 
7faeba2e9000-7faeba338000 rw-p 00000000 00:00 0 
7faeba338000-7faeba352000 rw-p 00000000 00:00 0 
7faeba352000-7faeba6f9000 ---p 00000000 00:00 0 
7faeba6f9000-7faeba713000 r-xp 00000000 08:16 4066853                    /home/cal/jdk1.8.0_20/jre/lib/amd64/libzip.so
7faeba713000-7faeba913000 ---p 0001a000 08:16 4066853                    /home/cal/jdk1.8.0_20/jre/lib/amd64/libzip.so
7faeba913000-7faeba914000 rw-p 0001a000 08:16 4066853                    /home/cal/jdk1.8.0_20/jre/lib/amd64/libzip.so
7faeba914000-7faeba91f000 r-xp 00000000 08:15 659831                     /lib/x86_64-linux-gnu/libnss_files-2.19.so
7faeba91f000-7faebab1e000 ---p 0000b000 08:15 659831                     /lib/x86_64-linux-gnu/libnss_files-2.19.so
7faebab1e000-7faebab1f000 r--p 0000a000 08:15 659831                     /lib/x86_64-linux-gnu/libnss_files-2.19.so
7faebab1f000-7faebab20000 rw-p 0000b000 08:15 659831                     /lib/x86_64-linux-gnu/libnss_files-2.19.so
7faebab20000-7faebab2b000 r-xp 00000000 08:15 659927                     /lib/x86_64-linux-gnu/libnss_nis-2.19.so
7faebab2b000-7faebad2a000 ---p 0000b000 08:15 659927                     /lib/x86_64-linux-gnu/libnss_nis-2.19.so
7faebad2a000-7faebad2b000 r--p 0000a000 08:15 659927                     /lib/x86_64-linux-gnu/libnss_nis-2.19.so
7faebad2b000-7faebad2c000 rw-p 0000b000 08:15 659927                     /lib/x86_64-linux-gnu/libnss_nis-2.19.so
7faebad2c000-7faebad43000 r-xp 00000000 08:15 659900                     /lib/x86_64-linux-gnu/libnsl-2.19.so
7faebad43000-7faebaf42000 ---p 00017000 08:15 659900                     /lib/x86_64-linux-gnu/libnsl-2.19.so
7faebaf42000-7faebaf43000 r--p 00016000 08:15 659900                     /lib/x86_64-linux-gnu/libnsl-2.19.so
7faebaf43000-7faebaf44000 rw-p 00017000 08:15 659900                     /lib/x86_64-linux-gnu/libnsl-2.19.so
7faebaf44000-7faebaf46000 rw-p 00000000 00:00 0 
7faebaf46000-7faebaf4f000 r-xp 00000000 08:15 659899                     /lib/x86_64-linux-gnu/libnss_compat-2.19.so
7faebaf4f000-7faebb14e000 ---p 00009000 08:15 659899                     /lib/x86_64-linux-gnu/libnss_compat-2.19.so
7faebb14e000-7faebb14f000 r--p 00008000 08:15 659899                     /lib/x86_64-linux-gnu/libnss_compat-2.19.so
7faebb14f000-7faebb150000 rw-p 00009000 08:15 659899                     /lib/x86_64-linux-gnu/libnss_compat-2.19.so
7faebb150000-7faebb17a000 r-xp 00000000 08:16 4066830                    /home/cal/jdk1.8.0_20/jre/lib/amd64/libjava.so
7faebb17a000-7faebb37a000 ---p 0002a000 08:16 4066830                    /home/cal/jdk1.8.0_20/jre/lib/amd64/libjava.so
7faebb37a000-7faebb37c000 rw-p 0002a000 08:16 4066830                    /home/cal/jdk1.8.0_20/jre/lib/amd64/libjava.so
7faebb37c000-7faebb389000 r-xp 00000000 08:16 4066795                    /home/cal/jdk1.8.0_20/jre/lib/amd64/libverify.so
7faebb389000-7faebb589000 ---p 0000d000 08:16 4066795                    /home/cal/jdk1.8.0_20/jre/lib/amd64/libverify.so
7faebb589000-7faebb58b000 rw-p 0000d000 08:16 4066795                    /home/cal/jdk1.8.0_20/jre/lib/amd64/libverify.so
7faebb58b000-7faebb592000 r-xp 00000000 08:15 659924                     /lib/x86_64-linux-gnu/librt-2.19.so
7faebb592000-7faebb791000 ---p 00007000 08:15 659924                     /lib/x86_64-linux-gnu/librt-2.19.so
7faebb791000-7faebb792000 r--p 00006000 08:15 659924                     /lib/x86_64-linux-gnu/librt-2.19.so
7faebb792000-7faebb793000 rw-p 00007000 08:15 659924                     /lib/x86_64-linux-gnu/librt-2.19.so
7faebb793000-7faebb898000 r-xp 00000000 08:15 656529                     /lib/x86_64-linux-gnu/libm-2.19.so
7faebb898000-7faebba97000 ---p 00105000 08:15 656529                     /lib/x86_64-linux-gnu/libm-2.19.so
7faebba97000-7faebba98000 r--p 00104000 08:15 656529                     /lib/x86_64-linux-gnu/libm-2.19.so
7faebba98000-7faebba99000 rw-p 00105000 08:15 656529                     /lib/x86_64-linux-gnu/libm-2.19.so
7faebba99000-7faebc703000 r-xp 00000000 08:16 4066713                    /home/cal/jdk1.8.0_20/jre/lib/amd64/server/libjvm.so
7faebc703000-7faebc902000 ---p 00c6a000 08:16 4066713                    /home/cal/jdk1.8.0_20/jre/lib/amd64/server/libjvm.so
7faebc902000-7faebc9d9000 rw-p 00c69000 08:16 4066713                    /home/cal/jdk1.8.0_20/jre/lib/amd64/server/libjvm.so
7faebc9d9000-7faebca1b000 rw-p 00000000 00:00 0 
7faebca1b000-7faebcbd6000 r-xp 00000000 08:15 659921                     /lib/x86_64-linux-gnu/libc-2.19.so
7faebcbd6000-7faebcdd5000 ---p 001bb000 08:15 659921                     /lib/x86_64-linux-gnu/libc-2.19.so
7faebcdd5000-7faebcdd9000 r--p 001ba000 08:15 659921                     /lib/x86_64-linux-gnu/libc-2.19.so
7faebcdd9000-7faebcddb000 rw-p 001be000 08:15 659921                     /lib/x86_64-linux-gnu/libc-2.19.so
7faebcddb000-7faebcde0000 rw-p 00000000 00:00 0 
7faebcde0000-7faebcde3000 r-xp 00000000 08:15 659888                     /lib/x86_64-linux-gnu/libdl-2.19.so
7faebcde3000-7faebcfe2000 ---p 00003000 08:15 659888                     /lib/x86_64-linux-gnu/libdl-2.19.so
7faebcfe2000-7faebcfe3000 r--p 00002000 08:15 659888                     /lib/x86_64-linux-gnu/libdl-2.19.so
7faebcfe3000-7faebcfe4000 rw-p 00003000 08:15 659888                     /lib/x86_64-linux-gnu/libdl-2.19.so
7faebcfe4000-7faebcff9000 r-xp 00000000 08:16 4066861                    /home/cal/jdk1.8.0_20/lib/amd64/jli/libjli.so
7faebcff9000-7faebd1f8000 ---p 00015000 08:16 4066861                    /home/cal/jdk1.8.0_20/lib/amd64/jli/libjli.so
7faebd1f8000-7faebd1f9000 rw-p 00014000 08:16 4066861                    /home/cal/jdk1.8.0_20/lib/amd64/jli/libjli.so
7faebd1f9000-7faebd212000 r-xp 00000000 08:15 659922                     /lib/x86_64-linux-gnu/libpthread-2.19.so
7faebd212000-7faebd411000 ---p 00019000 08:15 659922                     /lib/x86_64-linux-gnu/libpthread-2.19.so
7faebd411000-7faebd412000 r--p 00018000 08:15 659922                     /lib/x86_64-linux-gnu/libpthread-2.19.so
7faebd412000-7faebd413000 rw-p 00019000 08:15 659922                     /lib/x86_64-linux-gnu/libpthread-2.19.so
7faebd413000-7faebd417000 rw-p 00000000 00:00 0 
7faebd417000-7faebd43a000 r-xp 00000000 08:15 659902                     /lib/x86_64-linux-gnu/ld-2.19.so
7faebd43a000-7faebd43b000 rw-s 00000000 00:04 177824                     /drm mm object (deleted)
7faebd43b000-7faebd43c000 rw-s 105c12000 00:05 1553                      /dev/dri/card0
7faebd43c000-7faebd43d000 r--p 00000000 00:00 0 
7faebd43d000-7faebd442000 r--s 00092000 08:16 4066966                    /home/cal/jdk1.8.0_20/jre/lib/jsse.jar
7faebd442000-7faebd443000 r--s 0002d000 08:16 14025918                   /home/cal/googledrive/Git/programming-project-group-3/ProgrammingProject/lib/jogl-all-natives-windows-i586.jar
7faebd443000-7faebd444000 r--s 00034000 08:16 14025917                   /home/cal/googledrive/Git/programming-project-group-3/ProgrammingProject/lib/jogl-all-natives-windows-amd64.jar
7faebd444000-7faebd445000 r--s 00063000 08:16 14025916                   /home/cal/googledrive/Git/programming-project-group-3/ProgrammingProject/lib/jogl-all-natives-macosx-universal.jar
7faebd445000-7faebd447000 r--s 00030000 08:16 14025915                   /home/cal/googledrive/Git/programming-project-group-3/ProgrammingProject/lib/jogl-all-natives-linux-i586.jar
7faebd447000-7faebd448000 r--s 00022000 08:16 14025914                   /home/cal/googledrive/Git/programming-project-group-3/ProgrammingProject/lib/jogl-all-natives-linux-armv6hf.jar
7faebd448000-7faebd449000 r--s 00031000 08:16 14025913                   /home/cal/googledrive/Git/programming-project-group-3/ProgrammingProject/lib/jogl-all-natives-linux-amd64.jar
7faebd449000-7faebd44f000 r--s 00041000 08:16 14025888                   /home/cal/googledrive/Git/programming-project-group-3/ProgrammingProject/lib/gluegen-rt.jar
7faebd44f000-7faebd4c5000 rw-p 00000000 00:00 0 
7faebd4c5000-7faebd514000 ---p 00000000 00:00 0 
7faebd514000-7faebd517000 ---p 00000000 00:00 0 
7faebd517000-7faebd619000 rw-p 00000000 00:00 0                          [stack:8052]
7faebd619000-7faebd61a000 r--s 00001000 08:16 14025911                   /home/cal/googledrive/Git/programming-project-group-3/ProgrammingProject/lib/gluegen-rt-natives-windows-i586.jar
7faebd61a000-7faebd61b000 r--s 00001000 08:16 14025910                   /home/cal/googledrive/Git/programming-project-group-3/ProgrammingProject/lib/gluegen-rt-natives-windows-amd64.jar
7faebd61b000-7faebd61c000 r--s 00001000 08:16 14025909                   /home/cal/googledrive/Git/programming-project-group-3/ProgrammingProject/lib/gluegen-rt-natives-macosx-universal.jar
7faebd61c000-7faebd61d000 r--s 00000000 08:16 14025908                   /home/cal/googledrive/Git/programming-project-group-3/ProgrammingProject/lib/gluegen-rt-natives-linux-i586.jar
7faebd61d000-7faebd61e000 r--s 00000000 08:16 14025907                   /home/cal/googledrive/Git/programming-project-group-3/ProgrammingProject/lib/gluegen-rt-natives-linux-armv6hf.jar
7faebd61e000-7faebd61f000 r--s 00000000 08:16 14025906                   /home/cal/googledrive/Git/programming-project-group-3/ProgrammingProject/lib/gluegen-rt-natives-linux-amd64.jar
7faebd61f000-7faebd623000 r--s 00097000 08:16 14025866                   /home/cal/googledrive/Git/programming-project-group-3/ProgrammingProject/lib/core.jar
7faebd623000-7faebd62d000 rw-p 00000000 00:00 0 
7faebd62d000-7faebd635000 rw-s 00000000 08:15 1048636                    /tmp/hsperfdata_cal/8048
7faebd635000-7faebd636000 rw-p 00000000 00:00 0 
7faebd636000-7faebd637000 ---p 00000000 00:00 0 
7faebd637000-7faebd639000 rw-p 00000000 00:00 0 
7faebd639000-7faebd63a000 r--p 00022000 08:15 659902                     /lib/x86_64-linux-gnu/ld-2.19.so
7faebd63a000-7faebd63b000 rw-p 00023000 08:15 659902                     /lib/x86_64-linux-gnu/ld-2.19.so
7faebd63b000-7faebd63c000 rw-p 00000000 00:00 0 
7fff4c4d7000-7fff4c4f8000 rw-p 00000000 00:00 0                          [stack]
7fff4c5fe000-7fff4c600000 r-xp 00000000 00:00 0                          [vdso]
ffffffffff600000-ffffffffff601000 r-xp 00000000 00:00 0                  [vsyscall]

VM Arguments:
jvm_args: -Dfile.encoding=UTF-8 
java_command: programmingproject.ProgrammingProject
java_class_path (initial): /home/cal/googledrive/Git/programming-project-group-3/ProgrammingProject/lib/core.jar:/home/cal/googledrive/Git/programming-project-group-3/ProgrammingProject/lib/gluegen-rt-natives-linux-amd64.jar:/home/cal/googledrive/Git/programming-project-group-3/ProgrammingProject/lib/gluegen-rt-natives-linux-armv6hf.jar:/home/cal/googledrive/Git/programming-project-group-3/ProgrammingProject/lib/gluegen-rt-natives-linux-i586.jar:/home/cal/googledrive/Git/programming-project-group-3/ProgrammingProject/lib/gluegen-rt-natives-macosx-universal.jar:/home/cal/googledrive/Git/programming-project-group-3/ProgrammingProject/lib/gluegen-rt-natives-windows-amd64.jar:/home/cal/googledrive/Git/programming-project-group-3/ProgrammingProject/lib/gluegen-rt-natives-windows-i586.jar:/home/cal/googledrive/Git/programming-project-group-3/ProgrammingProject/lib/gluegen-rt.jar:/home/cal/googledrive/Git/programming-project-group-3/ProgrammingProject/lib/jogl-all-natives-linux-amd64.jar:/home/cal/googledrive/Git/programming-project-group-3/ProgrammingProject/lib/jogl-all-natives-linux-armv6hf.jar:/home/cal/googledrive/Git/programming-project-group-3/ProgrammingProject/lib/jogl-all-natives-linux-i586.jar:/home/cal/googledrive/Git/programming-project-group-3/ProgrammingProject/lib/jogl-all-natives-macosx-universal.jar:/home/cal/googledrive/Git/programming-project-group-3/ProgrammingProject/lib/jogl-all-natives-windows-amd64.jar:/home/cal/googledrive/Git/programming-project-group-3/ProgrammingProject/lib/jogl-all-natives-windows-i586.jar:/home/cal/googledrive/Git/programming-project-group-3/ProgrammingProject/lib/jogl-all.jar:/home/cal/googledrive/Git/programming-project-group-3/ProgrammingProject/build/classes
Launcher Type: SUN_STANDARD

Environment Variables:
PATH=/usr/local/sbin:/usr/local/bin:/usr/sbin:/usr/bin:/sbin:/bin:/usr/games:/usr/local/games:/usr/local/go/bin
LD_LIBRARY_PATH=/home/cal/jdk1.8.0_20/jre/lib/amd64:/home/cal/jdk1.8.0_20/jre/lib/i386:
SHELL=/bin/bash
DISPLAY=:0.0

Signal Handlers:
SIGSEGV: [libjvm.so+0xa77530], sa_mask[0]=11111111011111111101111111111110, sa_flags=SA_RESTART|SA_SIGINFO
SIGBUS: [libjvm.so+0xa77530], sa_mask[0]=11111111011111111101111111111110, sa_flags=SA_RESTART|SA_SIGINFO
SIGFPE: [libjvm.so+0x8e1d90], sa_mask[0]=11111111011111111101111111111110, sa_flags=SA_RESTART|SA_SIGINFO
SIGPIPE: [libjvm.so+0x8e1d90], sa_mask[0]=11111111011111111101111111111110, sa_flags=SA_RESTART|SA_SIGINFO
SIGXFSZ: [libjvm.so+0x8e1d90], sa_mask[0]=11111111011111111101111111111110, sa_flags=SA_RESTART|SA_SIGINFO
SIGILL: [libjvm.so+0x8e1d90], sa_mask[0]=11111111011111111101111111111110, sa_flags=SA_RESTART|SA_SIGINFO
SIGUSR1: SIG_DFL, sa_mask[0]=00000000000000000000000000000000, sa_flags=none
SIGUSR2: [libjvm.so+0x8e35c0], sa_mask[0]=00100000000000000000000000000000, sa_flags=SA_RESTART|SA_SIGINFO
SIGHUP: [libjvm.so+0x8e4980], sa_mask[0]=11111111011111111101111111111110, sa_flags=SA_RESTART|SA_SIGINFO
SIGINT: SIG_IGN, sa_mask[0]=00000000000000000000000000000000, sa_flags=none
SIGTERM: [libjvm.so+0x8e4980], sa_mask[0]=11111111011111111101111111111110, sa_flags=SA_RESTART|SA_SIGINFO
SIGQUIT: [libjvm.so+0x8e4980], sa_mask[0]=11111111011111111101111111111110, sa_flags=SA_RESTART|SA_SIGINFO


---------------  S Y S T E M  ---------------

OS:DISTRIB_ID=Ubuntu
DISTRIB_RELEASE=14.04
DISTRIB_CODENAME=trusty
DISTRIB_DESCRIPTION="Ubuntu 14.04.2 LTS"

uname:Linux 3.13.0-35-generic #62-Ubuntu SMP Fri Aug 15 01:58:42 UTC 2014 x86_64
libc:glibc 2.19 NPTL 2.19 
rlimit: STACK 8192k, CORE 0k, NPROC 14765, NOFILE 4096, AS infinity
load average:6.96 3.89 2.39

/proc/meminfo:
MemTotal:        1920856 kB
MemFree:           90616 kB
Buffers:             204 kB
Cached:           267264 kB
SwapCached:        24068 kB
Active:          1003760 kB
Inactive:         364124 kB
Active(anon):    1003304 kB
Inactive(anon):   349188 kB
Active(file):        456 kB
Inactive(file):    14936 kB
Unevictable:         368 kB
Mlocked:             368 kB
SwapTotal:        960424 kB
SwapFree:              0 kB
Dirty:                 8 kB
Writeback:             0 kB
AnonPages:       1077164 kB
Mapped:             5548 kB
Shmem:            251968 kB
Slab:              49056 kB
SReclaimable:      23512 kB
SUnreclaim:        25544 kB
KernelStack:        3432 kB
PageTables:        28648 kB
NFS_Unstable:          0 kB
Bounce:                0 kB
WritebackTmp:          0 kB
CommitLimit:     1920852 kB
Committed_AS:    4032484 kB
VmallocTotal:   34359738367 kB
VmallocUsed:      348244 kB
VmallocChunk:   34359383164 kB
HardwareCorrupted:     0 kB
AnonHugePages:    458752 kB
HugePages_Total:       0
HugePages_Free:        0
HugePages_Rsvd:        0
HugePages_Surp:        0
Hugepagesize:       2048 kB
DirectMap4k:       72160 kB
DirectMap2M:     1964032 kB
DirectMap1G:           0 kB


CPU:total 2 (2 cores per cpu, 1 threads per core) family 6 model 69 stepping 1, cmov, cx8, fxsr, mmx, sse, sse2, sse3, ssse3, sse4.1, sse4.2, popcnt, clmul, erms, lzcnt, tsc, tscinvbit

/proc/cpuinfo:
processor	: 0
vendor_id	: GenuineIntel
cpu family	: 6
model		: 69
model name	: Intel(R) Celeron(R) 2955U @ 1.40GHz
stepping	: 1
microcode	: 0x15
cpu MHz		: 1400.000
cache size	: 2048 KB
physical id	: 0
siblings	: 2
core id		: 0
cpu cores	: 2
apicid		: 0
initial apicid	: 0
fpu		: yes
fpu_exception	: yes
cpuid level	: 13
wp		: yes
flags		: fpu vme de pse tsc msr pae mce cx8 apic sep mtrr pge mca cmov pat pse36 clflush dts acpi mmx fxsr sse sse2 ss ht tm pbe syscall nx pdpe1gb rdtscp lm constant_tsc arch_perfmon pebs bts rep_good nopl xtopology nonstop_tsc aperfmperf eagerfpu pni pclmulqdq dtes64 monitor ds_cpl vmx est tm2 ssse3 cx16 xtpr pdcm pcid sse4_1 sse4_2 movbe popcnt tsc_deadline_timer xsave rdrand lahf_lm abm arat epb xsaveopt pln pts dtherm tpr_shadow vnmi flexpriority ept vpid fsgsbase tsc_adjust erms invpcid
bogomips	: 2793.52
clflush size	: 64
cache_alignment	: 64
address sizes	: 39 bits physical, 48 bits virtual
power management:

processor	: 1
vendor_id	: GenuineIntel
cpu family	: 6
model		: 69
model name	: Intel(R) Celeron(R) 2955U @ 1.40GHz
stepping	: 1
microcode	: 0x15
cpu MHz		: 1400.000
cache size	: 2048 KB
physical id	: 0
siblings	: 2
core id		: 1
cpu cores	: 2
apicid		: 2
initial apicid	: 2
fpu		: yes
fpu_exception	: yes
cpuid level	: 13
wp		: yes
flags		: fpu vme de pse tsc msr pae mce cx8 apic sep mtrr pge mca cmov pat pse36 clflush dts acpi mmx fxsr sse sse2 ss ht tm pbe syscall nx pdpe1gb rdtscp lm constant_tsc arch_perfmon pebs bts rep_good nopl xtopology nonstop_tsc aperfmperf eagerfpu pni pclmulqdq dtes64 monitor ds_cpl vmx est tm2 ssse3 cx16 xtpr pdcm pcid sse4_1 sse4_2 movbe popcnt tsc_deadline_timer xsave rdrand lahf_lm abm arat epb xsaveopt pln pts dtherm tpr_shadow vnmi flexpriority ept vpid fsgsbase tsc_adjust erms invpcid
bogomips	: 2793.52
clflush size	: 64
cache_alignment	: 64
address sizes	: 39 bits physical, 48 bits virtual
power management:



Memory: 4k page, physical 1920856k(90616k free), swap 960424k(0k free)

vm_info: Java HotSpot(TM) 64-Bit Server VM (25.20-b23) for linux-amd64 JRE (1.8.0_20-b26), built on Jul 30 2014 13:13:52 by "java_re" with gcc 4.3.0 20080428 (Red Hat 4.3.0-8)

time: Fri Mar  6 14:43:57 2015
elapsed time: 58 seconds (0d 0h 0m 58s)

