#
# A fatal error has been detected by the Java Runtime Environment:
#
#  EXCEPTION_ACCESS_VIOLATION (0xc0000005) at pc=0x00007ffcdb6ce24e, pid=5236, tid=3732
#
# JRE version: Java(TM) SE Runtime Environment (8.0_20-b26) (build 1.8.0_20-b26)
# Java VM: Java HotSpot(TM) 64-Bit Server VM (25.20-b23 mixed mode windows-amd64 compressed oops)
# Problematic frame:
# C  [ig75icd64.dll+0x4ee24e]
#
# Failed to write core dump. Minidumps are not enabled by default on client versions of Windows
#
# If you would like to submit a bug report, please visit:
#   http://bugreport.sun.com/bugreport/crash.jsp
# The crash happened outside the Java Virtual Machine in native code.
# See problematic frame for where to report the bug.
#

---------------  T H R E A D  ---------------

Current thread (0x00000000194fa000):  JavaThread "AWT-EventQueue-0" [_thread_in_native, id=3732, stack(0x000000001bca0000,0x000000001bda0000)]

siginfo: ExceptionCode=0xc0000005, reading address 0x0000000000000000

Registers:
RAX=0x0000000000000000, RBX=0x000000001f09db50, RCX=0x0000000000000018, RDX=0x000000001e4c0080
RSP=0x000000001bd9caa0, RBP=0x0000000000000000, RSI=0x000000001f09da90, RDI=0x000000001b181b10
R8 =0x0000000000000007, R9 =0x0000000000000008, R10=0x000000001f061900, R11=0x0000000000000000
R12=0x0000000000000000, R13=0x000000001ce559c0, R14=0x000000001b1a5b38, R15=0x0000000000000000
RIP=0x00007ffcdb6ce24e, EFLAGS=0x0000000000010246

Top of Stack: (sp=0x000000001bd9caa0)
0x000000001bd9caa0:   000000001e5c7d40 000000001eec4180
0x000000001bd9cab0:   000000001b12e330 00007ffcf69d9b32
0x000000001bd9cac0:   000000001f0fd8b0 00007ffcdb356d1f
0x000000001bd9cad0:   000000001e676640 000000001b181b10
0x000000001bd9cae0:   000000001f09d7f0 000000001e676640
0x000000001bd9caf0:   00000000194fa000 0000000000000040
0x000000001bd9cb00:   000000001eec4180 00007ffcdb1f1bee
0x000000001bd9cb10:   0000000000000000 000000001b20bc70
0x000000001bd9cb20:   000000001eec4180 000000001eec4180
0x000000001bd9cb30:   0000000000000008 00007ffcdb34fe68
0x000000001bd9cb40:   000000001f061900 0000000000000000
0x000000001bd9cb50:   0000000000000038 0000000000000007
0x000000001bd9cb60:   0000000000000008 00007ffcdb1f1a1e
0x000000001bd9cb70:   000000001f0ecb90 000000001eec4180
0x000000001bd9cb80:   000000001e5c7d40 0000000000000000
0x000000001bd9cb90:   fffffffffffffffe 00007ffcdb6d1100 

Instructions: (pc=0x00007ffcdb6ce24e)
0x00007ffcdb6ce22e:   00 00 00 00 74 0d 48 8b cf 48 83 c4 20 5f e9 df
0x00007ffcdb6ce23e:   01 00 00 48 83 c4 20 5f c3 48 8b 82 78 7c 02 00
0x00007ffcdb6ce24e:   48 8b 08 48 39 4b 10 77 a8 48 8b 82 78 7c 02 00
0x00007ffcdb6ce25e:   48 8b 08 48 39 4b 18 77 98 80 bf f8 00 00 00 00 


Register to memory mapping:

RAX=0x0000000000000000 is an unknown value
RBX=0x000000001f09db50 is an unknown value
RCX=0x0000000000000018 is an unknown value
RDX=0x000000001e4c0080 is an unknown value
RSP=0x000000001bd9caa0 is pointing into the stack for thread: 0x00000000194fa000
RBP=0x0000000000000000 is an unknown value
RSI=0x000000001f09da90 is an unknown value
RDI=0x000000001b181b10 is an unknown value
R8 =0x0000000000000007 is an unknown value
R9 =0x0000000000000008 is an unknown value
R10=0x000000001f061900 is an unknown value
R11=0x0000000000000000 is an unknown value
R12=0x0000000000000000 is an unknown value
R13={method} {0x000000001ce559c8} 'dispatch_wglDeleteContext0' '(JJ)Z' in 'jogamp/opengl/windows/wgl/WGL'
R14=0x000000001b1a5b38 is an unknown value
R15=0x0000000000000000 is an unknown value


Stack: [0x000000001bca0000,0x000000001bda0000],  sp=0x000000001bd9caa0,  free space=1010k
Native frames: (J=compiled Java code, j=interpreted, Vv=VM code, C=native code)

Java frames: (J=compiled Java code, j=interpreted, Vv=VM code)
j  jogamp.opengl.windows.wgl.WGL.dispatch_wglDeleteContext0(JJ)Z+0
j  jogamp.opengl.windows.wgl.WGL.wglDeleteContext(J)Z+37
j  jogamp.opengl.windows.wgl.WindowsWGLContext.destroyImpl()V+10
j  jogamp.opengl.GLContextImpl.destroy()V+503
j  jogamp.opengl.GLDrawableHelper.disposeGL(Ljavax/media/opengl/GLAutoDrawable;Ljavax/media/opengl/GLContext;Z)V+128
j  javax.media.opengl.awt.GLCanvas$7.run()V+167
J 2849 C1 javax.media.opengl.Threading.invoke(ZLjava/lang/Runnable;Ljava/lang/Object;)V (39 bytes) @ 0x0000000003065644 [0x0000000003065340+0x304]
j  javax.media.opengl.awt.GLCanvas.destroyImpl(Z)V+9
j  javax.media.opengl.awt.GLCanvas$2.run()V+5
j  com.jogamp.nativewindow.awt.AWTWindowClosingProtocol$WindowClosingAdapter.windowClosing(Ljava/awt/event/WindowEvent;)V+22
j  java.awt.Window.processWindowEvent(Ljava/awt/event/WindowEvent;)V+68
j  javax.swing.JFrame.processWindowEvent(Ljava/awt/event/WindowEvent;)V+2
j  java.awt.Window.processEvent(Ljava/awt/AWTEvent;)V+69
J 3614 C1 java.awt.Component.dispatchEventImpl(Ljava/awt/AWTEvent;)V (883 bytes) @ 0x000000000323f5e4 [0x000000000323a0e0+0x5504]
j  java.awt.Container.dispatchEventImpl(Ljava/awt/AWTEvent;)V+42
j  java.awt.Window.dispatchEventImpl(Ljava/awt/AWTEvent;)V+19
J 2764 C1 java.awt.EventQueue.dispatchEventImpl(Ljava/awt/AWTEvent;Ljava/lang/Object;)V (149 bytes) @ 0x0000000002ce77cc [0x0000000002ce6140+0x168c]
J 2762 C1 java.awt.EventQueue$3.run()Ljava/lang/Void; (60 bytes) @ 0x0000000002c7084c [0x0000000002c70640+0x20c]
J 2761 C1 java.awt.EventQueue$3.run()Ljava/lang/Object; (5 bytes) @ 0x0000000002c061cc [0x0000000002c06140+0x8c]
v  ~StubRoutines::call_stub
J 2450  java.security.AccessController.doPrivileged(Ljava/security/PrivilegedAction;Ljava/security/AccessControlContext;)Ljava/lang/Object; (0 bytes) @ 0x0000000002eeefe6 [0x0000000002eeef80+0x66]
J 2571 C1 java.security.ProtectionDomain$1.doIntersectionPrivilege(Ljava/security/PrivilegedAction;Ljava/security/AccessControlContext;Ljava/security/AccessControlContext;)Ljava/lang/Object; (32 bytes) @ 0x0000000002f5399c [0x0000000002f536a0+0x2fc]
j  java.security.ProtectionDomain$1.doIntersectionPrivilege(Ljava/security/PrivilegedAction;Ljava/security/AccessControlContext;)Ljava/lang/Object;+6
j  java.awt.EventQueue$4.run()Ljava/lang/Void;+11
j  java.awt.EventQueue$4.run()Ljava/lang/Object;+1
v  ~StubRoutines::call_stub
J 2450  java.security.AccessController.doPrivileged(Ljava/security/PrivilegedAction;Ljava/security/AccessControlContext;)Ljava/lang/Object; (0 bytes) @ 0x0000000002eeefe6 [0x0000000002eeef80+0x66]
J 2607 C1 java.awt.EventQueue.dispatchEvent(Ljava/awt/AWTEvent;)V (80 bytes) @ 0x0000000002f68c34 [0x0000000002f67f80+0xcb4]
J 2611 C1 java.awt.EventDispatchThread.pumpOneEventForFilters(I)V (295 bytes) @ 0x0000000002f6bf9c [0x0000000002f6a440+0x1b5c]
j  java.awt.EventDispatchThread.pumpEventsForFilter(ILjava/awt/Conditional;Ljava/awt/EventFilter;)V+35
j  java.awt.EventDispatchThread.pumpEventsForHierarchy(ILjava/awt/Conditional;Ljava/awt/Component;)V+11
j  java.awt.EventDispatchThread.pumpEvents(ILjava/awt/Conditional;)V+4
j  java.awt.EventDispatchThread.pumpEvents(Ljava/awt/Conditional;)V+3
j  java.awt.EventDispatchThread.run()V+9
v  ~StubRoutines::call_stub

---------------  P R O C E S S  ---------------

Java Threads: ( => current thread )
  0x000000001d5f8000 JavaThread "Keep-Alive-Timer" daemon [_thread_blocked, id=3920, stack(0x0000000020d20000,0x0000000020e20000)]
  0x000000001d5c1000 JavaThread "Image Fetcher 3" daemon [_thread_blocked, id=3848, stack(0x000000001c1a0000,0x000000001c2a0000)]
  0x000000001d5c5800 JavaThread "Image Fetcher 2" daemon [_thread_blocked, id=5040, stack(0x0000000022110000,0x0000000022210000)]
  0x000000001d5c6000 JavaThread "Image Fetcher 1" daemon [_thread_blocked, id=4340, stack(0x0000000021a60000,0x0000000021b60000)]
  0x000000001d5c4800 JavaThread "Image Fetcher 0" daemon [_thread_blocked, id=6648, stack(0x0000000021960000,0x0000000021a60000)]
  0x00000000199b4000 JavaThread "Abandoned connection cleanup thread" daemon [_thread_blocked, id=5116, stack(0x0000000021130000,0x0000000021230000)]
  0x000000001d1e2800 JavaThread "Animation Thread-SharedResourceRunner" daemon [_thread_blocked, id=4088, stack(0x000000001deb0000,0x000000001dfb0000)]
  0x0000000000b6e000 JavaThread "DestroyJavaVM" [_thread_blocked, id=760, stack(0x00000000024c0000,0x00000000025c0000)]
  0x0000000019513800 JavaThread "Animation Thread" [_thread_blocked, id=6948, stack(0x000000001c9e0000,0x000000001cae0000)]
  0x000000001952b000 JavaThread "D3D Screen Updater" daemon [_thread_blocked, id=4476, stack(0x000000001bea0000,0x000000001bfa0000)]
=>0x00000000194fa000 JavaThread "AWT-EventQueue-0" [_thread_in_native, id=3732, stack(0x000000001bca0000,0x000000001bda0000)]
  0x0000000019494000 JavaThread "AWT-Windows" daemon [_thread_in_native, id=6052, stack(0x0000000019e10000,0x0000000019f10000)]
  0x0000000018f3e000 JavaThread "AWT-Shutdown" [_thread_blocked, id=6336, stack(0x0000000019d10000,0x0000000019e10000)]
  0x0000000018f3d800 JavaThread "Java2D Disposer" daemon [_thread_blocked, id=6996, stack(0x0000000019c10000,0x0000000019d10000)]
  0x0000000018b56000 JavaThread "Service Thread" daemon [_thread_blocked, id=4664, stack(0x0000000018f40000,0x0000000019040000)]
  0x00000000172c1800 JavaThread "C1 CompilerThread2" daemon [_thread_blocked, id=2816, stack(0x0000000018a40000,0x0000000018b40000)]
  0x00000000172bb000 JavaThread "C2 CompilerThread1" daemon [_thread_blocked, id=3044, stack(0x0000000018940000,0x0000000018a40000)]
  0x00000000172c9800 JavaThread "C2 CompilerThread0" daemon [_thread_blocked, id=4424, stack(0x0000000018840000,0x0000000018940000)]
  0x00000000172c7000 JavaThread "Attach Listener" daemon [_thread_blocked, id=6828, stack(0x0000000018740000,0x0000000018840000)]
  0x00000000172c6000 JavaThread "Signal Dispatcher" daemon [_thread_blocked, id=1364, stack(0x0000000018640000,0x0000000018740000)]
  0x0000000002777000 JavaThread "Finalizer" daemon [_thread_blocked, id=4800, stack(0x0000000018540000,0x0000000018640000)]
  0x000000000276e000 JavaThread "Reference Handler" daemon [_thread_blocked, id=4412, stack(0x0000000018440000,0x0000000018540000)]

Other Threads:
  0x0000000017285800 VMThread [stack: 0x0000000018340000,0x0000000018440000] [id=6976]
  0x0000000018b59000 WatcherThread [stack: 0x0000000019040000,0x0000000019140000] [id=3440]

VM state:not at safepoint (normal execution)

VM Mutex/Monitor currently owned by a thread: None

Heap:
 PSYoungGen      total 293888K, used 145049K [0x00000000d5e00000, 0x00000000f9f80000, 0x0000000100000000)
  eden space 236032K, 37% used [0x00000000d5e00000,0x00000000db355960,0x00000000e4480000)
  from space 57856K, 99% used [0x00000000e4480000,0x00000000e7cd0d90,0x00000000e7d00000)
  to   space 176640K, 0% used [0x00000000ef300000,0x00000000ef300000,0x00000000f9f80000)
 ParOldGen       total 1380352K, used 1165099K [0x0000000081a00000, 0x00000000d5e00000, 0x00000000d5e00000)
  object space 1380352K, 84% used [0x0000000081a00000,0x00000000c8bcaf50,0x00000000d5e00000)
 Metaspace       used 22847K, capacity 23049K, committed 23296K, reserved 1071104K
  class space    used 2129K, capacity 2179K, committed 2304K, reserved 1048576K

Card table byte_map: [0x0000000011b40000,0x0000000011f40000] byte_map_base: 0x0000000011733000

Marking Bits: (ParMarkBitMap*) 0x0000000077e1b460
 Begin Bits: [0x00000000125f0000, 0x0000000014588000)
 End Bits:   [0x0000000014588000, 0x0000000016520000)

Polling page: 0x0000000000c10000

CodeCache: size=245760Kb used=10764Kb max_used=10871Kb free=234995Kb
 bounds [0x0000000002780000, 0x0000000003250000, 0x0000000011780000]
 total_blobs=3982 nmethods=3007 adapters=887
 compilation: enabled

Compilation events (10 events):
Event: 281.396 Thread 0x00000000172bb000 3613   !   4       sun.awt.image.ImageRepresentation::getOpaqueRGBImage (164 bytes)
Event: 281.535 Thread 0x00000000172bb000 nmethod 3613 0x0000000002c5f810 code [0x0000000002c5fa60, 0x0000000002c60950]
Event: 282.502 Thread 0x00000000172c1800 3614       3       java.awt.Component::dispatchEventImpl (883 bytes)
Event: 282.544 Thread 0x00000000172c1800 nmethod 3614 0x00000000032396d0 code [0x000000000323a0e0, 0x0000000003242828]
Event: 282.843 Thread 0x00000000172c1800 3615       3       java.awt.KeyboardFocusManager::checkKFMSecurity (11 bytes)
Event: 282.845 Thread 0x00000000172c1800 nmethod 3615 0x0000000002c5ef10 code [0x0000000002c5f0e0, 0x0000000002c5f5f8]
Event: 284.672 Thread 0x00000000172c9800 3616  s    4       java.util.Vector::iterator (10 bytes)
Event: 284.678 Thread 0x00000000172c9800 nmethod 3616 0x0000000002ba3790 code [0x0000000002ba38e0, 0x0000000002ba3c48]
Event: 285.836 Thread 0x00000000172bb000 3617       4       processing.opengl.PGraphicsOpenGL$Tessellator::endNoTex (24 bytes)
Event: 285.855 Thread 0x00000000172bb000 nmethod 3617 0x0000000002cf0650 code [0x0000000002cf0800, 0x0000000002cf0ca0]

GC Heap History (10 events):
Event: 183.666 GC heap before
{Heap before GC invocations=45 (full 6):
 PSYoungGen      total 460288K, used 239840K [0x00000000d5e00000, 0x0000000100000000, 0x0000000100000000)
  eden space 230400K, 100% used [0x00000000d5e00000,0x00000000e3f00000,0x00000000e3f00000)
  from space 229888K, 4% used [0x00000000f1f80000,0x00000000f28b8240,0x0000000100000000)
  to   space 229888K, 0% used [0x00000000e3f00000,0x00000000e3f00000,0x00000000f1f80000)
 ParOldGen       total 1380352K, used 1156855K [0x0000000081a00000, 0x00000000d5e00000, 0x00000000d5e00000)
  object space 1380352K, 83% used [0x0000000081a00000,0x00000000c83bdd40,0x00000000d5e00000)
 Metaspace       used 22810K, capacity 22979K, committed 23296K, reserved 1071104K
  class space    used 2128K, capacity 2178K, committed 2304K, reserved 1048576K
Event: 183.703 GC heap after
Heap after GC invocations=45 (full 6):
 PSYoungGen      total 253440K, used 22721K [0x00000000d5e00000, 0x00000000ffa00000, 0x0000000100000000)
  eden space 230400K, 0% used [0x00000000d5e00000,0x00000000d5e00000,0x00000000e3f00000)
  from space 23040K, 98% used [0x00000000e3f00000,0x00000000e5530520,0x00000000e5580000)
  to   space 226816K, 0% used [0x00000000f1c80000,0x00000000f1c80000,0x00000000ffa00000)
 ParOldGen       total 1380352K, used 1165099K [0x0000000081a00000, 0x00000000d5e00000, 0x00000000d5e00000)
  object space 1380352K, 84% used [0x0000000081a00000,0x00000000c8bcaf50,0x00000000d5e00000)
 Metaspace       used 22810K, capacity 22979K, committed 23296K, reserved 1071104K
  class space    used 2128K, capacity 2178K, committed 2304K, reserved 1048576K
}
Event: 194.846 GC heap before
{Heap before GC invocations=46 (full 6):
 PSYoungGen      total 253440K, used 253121K [0x00000000d5e00000, 0x00000000ffa00000, 0x0000000100000000)
  eden space 230400K, 100% used [0x00000000d5e00000,0x00000000e3f00000,0x00000000e3f00000)
  from space 23040K, 98% used [0x00000000e3f00000,0x00000000e5530520,0x00000000e5580000)
  to   space 226816K, 0% used [0x00000000f1c80000,0x00000000f1c80000,0x00000000ffa00000)
 ParOldGen       total 1380352K, used 1165099K [0x0000000081a00000, 0x00000000d5e00000, 0x00000000d5e00000)
  object space 1380352K, 84% used [0x0000000081a00000,0x00000000c8bcaf50,0x00000000d5e00000)
 Metaspace       used 22810K, capacity 22979K, committed 23296K, reserved 1071104K
  class space    used 2128K, capacity 2178K, committed 2304K, reserved 1048576K
Event: 194.886 GC heap after
Heap after GC invocations=46 (full 6):
 PSYoungGen      total 430592K, used 36306K [0x00000000d5e00000, 0x00000000fdc80000, 0x0000000100000000)
  eden space 233984K, 0% used [0x00000000d5e00000,0x00000000d5e00000,0x00000000e4280000)
  from space 196608K, 18% used [0x00000000f1c80000,0x00000000f3ff4880,0x00000000fdc80000)
  to   space 209920K, 0% used [0x00000000e4280000,0x00000000e4280000,0x00000000f0f80000)
 ParOldGen       total 1380352K, used 1165099K [0x0000000081a00000, 0x00000000d5e00000, 0x00000000d5e00000)
  object space 1380352K, 84% used [0x0000000081a00000,0x00000000c8bcaf50,0x00000000d5e00000)
 Metaspace       used 22810K, capacity 22979K, committed 23296K, reserved 1071104K
  class space    used 2128K, capacity 2178K, committed 2304K, reserved 1048576K
}
Event: 224.631 GC heap before
{Heap before GC invocations=47 (full 6):
 PSYoungGen      total 430592K, used 270290K [0x00000000d5e00000, 0x00000000fdc80000, 0x0000000100000000)
  eden space 233984K, 100% used [0x00000000d5e00000,0x00000000e4280000,0x00000000e4280000)
  from space 196608K, 18% used [0x00000000f1c80000,0x00000000f3ff4880,0x00000000fdc80000)
  to   space 209920K, 0% used [0x00000000e4280000,0x00000000e4280000,0x00000000f0f80000)
 ParOldGen       total 1380352K, used 1165099K [0x0000000081a00000, 0x00000000d5e00000, 0x00000000d5e00000)
  object space 1380352K, 84% used [0x0000000081a00000,0x00000000c8bcaf50,0x00000000d5e00000)
 Metaspace       used 22812K, capacity 22979K, committed 23296K, reserved 1071104K
  class space    used 2128K, capacity 2178K, committed 2304K, reserved 1048576K
Event: 224.685 GC heap after
Heap after GC invocations=47 (full 6):
 PSYoungGen      total 287232K, used 52915K [0x00000000d5e00000, 0x00000000fc500000, 0x0000000100000000)
  eden space 233984K, 0% used [0x00000000d5e00000,0x00000000d5e00000,0x00000000e4280000)
  from space 53248K, 99% used [0x00000000e4280000,0x00000000e762cc80,0x00000000e7680000)
  to   space 196608K, 0% used [0x00000000f0500000,0x00000000f0500000,0x00000000fc500000)
 ParOldGen       total 1380352K, used 1165099K [0x0000000081a00000, 0x00000000d5e00000, 0x00000000d5e00000)
  object space 1380352K, 84% used [0x0000000081a00000,0x00000000c8bcaf50,0x00000000d5e00000)
 Metaspace       used 22812K, capacity 22979K, committed 23296K, reserved 1071104K
  class space    used 2128K, capacity 2178K, committed 2304K, reserved 1048576K
}
Event: 273.171 GC heap before
{Heap before GC invocations=48 (full 6):
 PSYoungGen      total 287232K, used 286899K [0x00000000d5e00000, 0x00000000fc500000, 0x0000000100000000)
  eden space 233984K, 100% used [0x00000000d5e00000,0x00000000e4280000,0x00000000e4280000)
  from space 53248K, 99% used [0x00000000e4280000,0x00000000e762cc80,0x00000000e7680000)
  to   space 196608K, 0% used [0x00000000f0500000,0x00000000f0500000,0x00000000fc500000)
 ParOldGen       total 1380352K, used 1165099K [0x0000000081a00000, 0x00000000d5e00000, 0x00000000d5e00000)
  object space 1380352K, 84% used [0x0000000081a00000,0x00000000c8bcaf50,0x00000000d5e00000)
 Metaspace       used 22828K, capacity 23049K, committed 23296K, reserved 1071104K
  class space    used 2129K, capacity 2179K, committed 2304K, reserved 1048576K
Event: 273.231 GC heap after
Heap after GC invocations=48 (full 6):
 PSYoungGen      total 411648K, used 57315K [0x00000000d5e00000, 0x00000000fb080000, 0x0000000100000000)
  eden space 236032K, 0% used [0x00000000d5e00000,0x00000000d5e00000,0x00000000e4480000)
  from space 175616K, 32% used [0x00000000f0500000,0x00000000f3cf8d80,0x00000000fb080000)
  to   space 186368K, 0% used [0x00000000e4480000,0x00000000e4480000,0x00000000efa80000)
 ParOldGen       total 1380352K, used 1165099K [0x0000000081a00000, 0x00000000d5e00000, 0x00000000d5e00000)
  object space 1380352K, 84% used [0x0000000081a00000,0x00000000c8bcaf50,0x00000000d5e00000)
 Metaspace       used 22828K, capacity 23049K, committed 23296K, reserved 1071104K
  class space    used 2129K, capacity 2179K, committed 2304K, reserved 1048576K
}
Event: 279.467 GC heap before
{Heap before GC invocations=49 (full 6):
 PSYoungGen      total 411648K, used 293347K [0x00000000d5e00000, 0x00000000fb080000, 0x0000000100000000)
  eden space 236032K, 100% used [0x00000000d5e00000,0x00000000e4480000,0x00000000e4480000)
  from space 175616K, 32% used [0x00000000f0500000,0x00000000f3cf8d80,0x00000000fb080000)
  to   space 186368K, 0% used [0x00000000e4480000,0x00000000e4480000,0x00000000efa80000)
 ParOldGen       total 1380352K, used 1165099K [0x0000000081a00000, 0x00000000d5e00000, 0x00000000d5e00000)
  object space 1380352K, 84% used [0x0000000081a00000,0x00000000c8bcaf50,0x00000000d5e00000)
 Metaspace       used 22828K, capacity 23049K, committed 23296K, reserved 1071104K
  class space    used 2129K, capacity 2179K, committed 2304K, reserved 1048576K
Event: 279.523 GC heap after
Heap after GC invocations=49 (full 6):
 PSYoungGen      total 293888K, used 57667K [0x00000000d5e00000, 0x00000000f9f80000, 0x0000000100000000)
  eden space 236032K, 0% used [0x00000000d5e00000,0x00000000d5e00000,0x00000000e4480000)
  from space 57856K, 99% used [0x00000000e4480000,0x00000000e7cd0d90,0x00000000e7d00000)
  to   space 176640K, 0% used [0x00000000ef300000,0x00000000ef300000,0x00000000f9f80000)
 ParOldGen       total 1380352K, used 1165099K [0x0000000081a00000, 0x00000000d5e00000, 0x00000000d5e00000)
  object space 1380352K, 84% used [0x0000000081a00000,0x00000000c8bcaf50,0x00000000d5e00000)
 Metaspace       used 22828K, capacity 23049K, committed 23296K, reserved 1071104K
  class space    used 2129K, capacity 2179K, committed 2304K, reserved 1048576K
}

Deoptimization events (10 events):
Event: 120.049 Thread 0x00000000194fa000 Uncommon trap: reason=null_check action=make_not_entrant pc=0x0000000002e439c8 method=processing.opengl.FontTexture.getTexInfo(Lprocessing/core/PFont$Glyph;)Lprocessing/opengl/FontTexture$TextureInfo; @ 8
Event: 222.399 Thread 0x00000000194fa000 Uncommon trap: reason=class_check action=maybe_recompile pc=0x00000000031cb6f8 method=controlP5.Controller.inside()Z @ 121
Event: 222.399 Thread 0x00000000194fa000 Uncommon trap: reason=class_check action=maybe_recompile pc=0x00000000031cb6f8 method=controlP5.Controller.inside()Z @ 121
Event: 225.429 Thread 0x00000000194fa000 Uncommon trap: reason=class_check action=maybe_recompile pc=0x00000000031cb6f8 method=controlP5.Controller.inside()Z @ 121
Event: 225.429 Thread 0x00000000194fa000 Uncommon trap: reason=class_check action=maybe_recompile pc=0x00000000031cb6f8 method=controlP5.Controller.inside()Z @ 121
Event: 225.429 Thread 0x00000000194fa000 Uncommon trap: reason=class_check action=maybe_recompile pc=0x0000000003216cc4 method=controlP5.Controller.updateEvents()Ljava/lang/Object; @ 311
Event: 229.102 Thread 0x00000000194fa000 Uncommon trap: reason=class_check action=maybe_recompile pc=0x0000000003216cd4 method=controlP5.Controller.updateEvents()Ljava/lang/Object; @ 342
Event: 234.156 Thread 0x00000000194fa000 Uncommon trap: reason=class_check action=maybe_recompile pc=0x0000000003216cc4 method=controlP5.Controller.updateEvents()Ljava/lang/Object; @ 311
Event: 234.905 Thread 0x00000000194fa000 Uncommon trap: reason=class_check action=maybe_recompile pc=0x0000000003216cd4 method=controlP5.Controller.updateEvents()Ljava/lang/Object; @ 342
Event: 273.266 Thread 0x00000000194fa000 Uncommon trap: reason=unreached action=reinterpret pc=0x000000000318bf64 method=processing.opengl.PGraphicsOpenGL.deleteFinalizedTextureObjects(Lprocessing/opengl/PGL;)V @ 127

Internal exceptions (10 events):
Event: 8.516 Thread 0x00000000194fa000 Exception <a 'java/security/PrivilegedActionException'> (0x00000000d63a0610) thrown at [D:\re\workspace\8-2-build-windows-amd64-cygwin\jdk8u20\1074\hotspot\src\share\vm\prims\jvm.cpp, line 1275]
Event: 8.632 Thread 0x00000000194fa000 Exception <a 'java/security/PrivilegedActionException'> (0x00000000d63a96b0) thrown at [D:\re\workspace\8-2-build-windows-amd64-cygwin\jdk8u20\1074\hotspot\src\share\vm\prims\jvm.cpp, line 1275]
Event: 46.617 Thread 0x00000000194fa000 Implicit null exception at 0x0000000002dd6c3b to 0x0000000002dd6ea9
Event: 47.236 Thread 0x00000000194fa000 Implicit null exception at 0x0000000002ea921f to 0x0000000002eaaa79
Event: 58.279 Thread 0x00000000194fa000 Exception <a 'java/security/PrivilegedActionException'> (0x00000000db1dcfb0) thrown at [D:\re\workspace\8-2-build-windows-amd64-cygwin\jdk8u20\1074\hotspot\src\share\vm\prims\jvm.cpp, line 1275]
Event: 74.900 Thread 0x00000000194fa000 Exception <a 'java/security/PrivilegedActionException'> (0x00000000d8eeee70) thrown at [D:\re\workspace\8-2-build-windows-amd64-cygwin\jdk8u20\1074\hotspot\src\share\vm\prims\jvm.cpp, line 1275]
Event: 103.118 Thread 0x00000000194fa000 Implicit null exception at 0x00000000030c4857 to 0x00000000030c4c65
Event: 119.797 Thread 0x00000000194fa000 Implicit null exception at 0x0000000002ea6a6d to 0x0000000002ea74f1
Event: 120.049 Thread 0x00000000194fa000 Implicit null exception at 0x0000000002e43061 to 0x0000000002e439b1
Event: 138.813 Thread 0x00000000194fa000 Exception <a 'java/security/PrivilegedActionException'> (0x00000000e2b1c858) thrown at [D:\re\workspace\8-2-build-windows-amd64-cygwin\jdk8u20\1074\hotspot\src\share\vm\prims\jvm.cpp, line 1275]

Events (10 events):
Event: 281.826 Thread 0x000000001d5f6800 Thread added: 0x000000001d5f6800
Event: 281.826 Thread 0x000000001d5f8800 Thread added: 0x000000001d5f8800
Event: 281.827 Thread 0x000000001d5f5800 Thread added: 0x000000001d5f5800
Event: 281.868 Thread 0x000000001d5f5800 Thread exited: 0x000000001d5f5800
Event: 281.897 Thread 0x000000001d5f8800 Thread exited: 0x000000001d5f8800
Event: 281.899 Thread 0x000000001d5f6800 Thread exited: 0x000000001d5f6800
Event: 282.003 Thread 0x000000001d5f7000 Thread added: 0x000000001d5f7000
Event: 282.040 Thread 0x000000001d5f7000 Thread exited: 0x000000001d5f7000
Event: 282.167 Thread 0x000000001d5f5800 Thread added: 0x000000001d5f5800
Event: 282.202 Thread 0x000000001d5f5800 Thread exited: 0x000000001d5f5800


Dynamic libraries:
0x00007ff7a7120000 - 0x00007ff7a7154000 	C:\Program Files\Java\jdk1.8.0_20\jre\bin\java.exe
0x00007ffcf9470000 - 0x00007ffcf961c000 	C:\Windows\SYSTEM32\ntdll.dll
0x00007ffcf76d0000 - 0x00007ffcf780e000 	C:\Windows\system32\KERNEL32.DLL
0x00007ffcf69d0000 - 0x00007ffcf6ae5000 	C:\Windows\system32\KERNELBASE.dll
0x00007ffcf25c0000 - 0x00007ffcf264e000 	C:\Windows\system32\apphelp.dll
0x00007ffcf3350000 - 0x00007ffcf33a3000 	C:\Windows\AppPatch\AppPatch64\AcGenral.DLL
0x00007ffcf6b60000 - 0x00007ffcf6c0a000 	C:\Windows\system32\msvcrt.dll
0x00007ffcf63f0000 - 0x00007ffcf641e000 	C:\Windows\SYSTEM32\SspiCli.dll
0x00007ffcf7b50000 - 0x00007ffcf7ba4000 	C:\Windows\system32\SHLWAPI.dll
0x00007ffcf9290000 - 0x00007ffcf9407000 	C:\Windows\system32\USER32.dll
0x00007ffcf7330000 - 0x00007ffcf74c4000 	C:\Windows\system32\ole32.dll
0x00007ffcf7d70000 - 0x00007ffcf9288000 	C:\Windows\system32\SHELL32.dll
0x00007ffcf5d80000 - 0x00007ffcf5da1000 	C:\Windows\SYSTEM32\USERENV.dll
0x00007ffcf7610000 - 0x00007ffcf76ba000 	C:\Windows\system32\ADVAPI32.dll
0x00007ffce98e0000 - 0x00007ffce98fe000 	C:\Windows\SYSTEM32\MPR.dll
0x00007ffcf7000000 - 0x00007ffcf7141000 	C:\Windows\system32\RPCRT4.dll
0x00007ffcf6af0000 - 0x00007ffcf6b49000 	C:\Windows\SYSTEM32\sechost.dll
0x00007ffcf6de0000 - 0x00007ffcf6ff1000 	C:\Windows\SYSTEM32\combase.dll
0x00007ffcf6c80000 - 0x00007ffcf6dd1000 	C:\Windows\system32\GDI32.dll
0x00007ffcf65c0000 - 0x00007ffcf65d5000 	C:\Windows\SYSTEM32\profapi.dll
0x00007ffcf5110000 - 0x00007ffcf51c2000 	C:\Windows\SYSTEM32\SHCORE.dll
0x00007ffcf9430000 - 0x00007ffcf9466000 	C:\Windows\system32\IMM32.DLL
0x00007ffcf7c10000 - 0x00007ffcf7d61000 	C:\Windows\system32\MSCTF.dll
0x00007ffcf46c0000 - 0x00007ffcf493b000 	C:\Windows\WinSxS\amd64_microsoft.windows.common-controls_6595b64144ccf1df_6.0.9600.17415_none_6240486fecbd8abb\COMCTL32.dll
0x0000000077560000 - 0x0000000077632000 	C:\Program Files\Java\jdk1.8.0_20\jre\bin\msvcr100.dll
0x0000000077640000 - 0x0000000077e98000 	C:\Program Files\Java\jdk1.8.0_20\jre\bin\server\jvm.dll
0x00007ffcda860000 - 0x00007ffcda869000 	C:\Windows\SYSTEM32\WSOCK32.dll
0x00007ffcf4c30000 - 0x00007ffcf4c52000 	C:\Windows\SYSTEM32\WINMM.dll
0x00007ffcf76c0000 - 0x00007ffcf76c7000 	C:\Windows\system32\PSAPI.DLL
0x00007ffcf6c20000 - 0x00007ffcf6c7a000 	C:\Windows\system32\WS2_32.dll
0x00007ffcf4bd0000 - 0x00007ffcf4bfa000 	C:\Windows\SYSTEM32\WINMMBASE.dll
0x00007ffcf6b50000 - 0x00007ffcf6b59000 	C:\Windows\system32\NSI.dll
0x00007ffcf67a0000 - 0x00007ffcf67ef000 	C:\Windows\SYSTEM32\cfgmgr32.dll
0x00007ffcf53b0000 - 0x00007ffcf53d8000 	C:\Windows\SYSTEM32\DEVOBJ.dll
0x0000000077550000 - 0x000000007755f000 	C:\Program Files\Java\jdk1.8.0_20\jre\bin\verify.dll
0x0000000077520000 - 0x0000000077548000 	C:\Program Files\Java\jdk1.8.0_20\jre\bin\java.dll
0x0000000077500000 - 0x0000000077516000 	C:\Program Files\Java\jdk1.8.0_20\jre\bin\zip.dll
0x0000000077320000 - 0x00000000774b8000 	C:\Program Files\Java\jdk1.8.0_20\jre\bin\awt.dll
0x00007ffcf7540000 - 0x00007ffcf7601000 	C:\Windows\system32\OLEAUT32.dll
0x00007ffcf4970000 - 0x00007ffcf4991000 	C:\Windows\system32\DWMAPI.DLL
0x00007ffcf5230000 - 0x00007ffcf5359000 	C:\Windows\system32\uxtheme.dll
0x00007ffcf5400000 - 0x00007ffcf540b000 	C:\Windows\SYSTEM32\kernel.appcore.dll
0x00007ffcf6490000 - 0x00007ffcf649b000 	C:\Windows\SYSTEM32\CRYPTBASE.dll
0x00007ffcf6420000 - 0x00007ffcf6483000 	C:\Windows\SYSTEM32\bcryptPrimitives.dll
0x00007ffcea560000 - 0x00007ffcea781000 	C:\Windows\system32\d3d9.dll
0x00007ffcf4b50000 - 0x00007ffcf4b5a000 	C:\Windows\SYSTEM32\VERSION.dll
0x00007ffcf3c50000 - 0x00007ffcf3db4000 	C:\Windows\SYSTEM32\nvumdshimx.dll
0x00007ffcf7150000 - 0x00007ffcf732a000 	C:\Windows\system32\SETUPAPI.dll
0x00007ffcf4db0000 - 0x00007ffcf4de2000 	C:\Windows\SYSTEM32\nvinitx.dll
0x00007ffcd83f0000 - 0x00007ffcd970f000 	C:\Windows\system32\igdumdim64.dll
0x00007ffceacc0000 - 0x00007ffceb645000 	C:\Windows\SYSTEM32\igdusc64.dll
0x00000000772d0000 - 0x0000000077317000 	C:\Program Files\Java\jdk1.8.0_20\jre\bin\fontmanager.dll
0x00007ffcf5ff0000 - 0x00007ffcf6010000 	C:\Windows\SYSTEM32\CRYPTSP.dll
0x00007ffcf5a70000 - 0x00007ffcf5aa6000 	C:\Windows\system32\rsaenh.dll
0x00007ffcf60e0000 - 0x00007ffcf6106000 	C:\Windows\SYSTEM32\bcrypt.dll
0x00000000774e0000 - 0x00000000774fa000 	C:\Program Files\Java\jdk1.8.0_20\jre\bin\net.dll
0x00007ffcf5d20000 - 0x00007ffcf5d79000 	C:\Windows\system32\mswsock.dll
0x00007ffcf2750000 - 0x00007ffcf277a000 	C:\Windows\SYSTEM32\IPHLPAPI.DLL
0x00007ffcf2740000 - 0x00007ffcf274a000 	C:\Windows\SYSTEM32\WINNSI.DLL
0x00007ffcee930000 - 0x00007ffcee946000 	C:\Windows\SYSTEM32\dhcpcsvc6.DLL
0x00007ffceeb30000 - 0x00007ffceeb4a000 	C:\Windows\SYSTEM32\dhcpcsvc.DLL
0x00000000774c0000 - 0x00000000774d1000 	C:\Program Files\Java\jdk1.8.0_20\jre\bin\nio.dll
0x00000000637c0000 - 0x00000000637cd000 	C:\Users\Aran\AppData\Local\Temp\jogamp_0000\file_cache\jln5400865696622794241\jln8229663596854490065\gluegen-rt.dll
0x0000000076650000 - 0x0000000076657000 	C:\Program Files\Java\jdk1.8.0_20\jre\bin\jawt.dll
0x000000006a440000 - 0x000000006a44d000 	C:\Users\Aran\AppData\Local\Temp\jogamp_0000\file_cache\jln5400865696622794241\jln8229663596854490065\nativewindow_awt.dll
0x000000006c100000 - 0x000000006c10f000 	C:\Users\Aran\AppData\Local\Temp\jogamp_0000\file_cache\jln5400865696622794241\jln8229663596854490065\nativewindow_win32.dll
0x00007ffce8380000 - 0x00007ffce84ab000 	C:\Windows\SYSTEM32\OpenGL32.dll
0x00007ffcf1030000 - 0x00007ffcf105e000 	C:\Windows\SYSTEM32\GLU32.dll
0x00007ffce3640000 - 0x00007ffce3738000 	C:\Windows\SYSTEM32\DDRAW.dll
0x00007ffcf2f10000 - 0x00007ffcf2f19000 	C:\Windows\SYSTEM32\DCIMAN32.dll
0x0000000064500000 - 0x00000000645a0000 	C:\Users\Aran\AppData\Local\Temp\jogamp_0000\file_cache\jln5400865696622794241\jln8229663596854490065\jogl_desktop.dll
0x00007ffceabd0000 - 0x00007ffceac2b000 	C:\Windows\system32\NV\nvoglshim64.dll
0x00007ffcdb1e0000 - 0x00007ffcdba64000 	C:\Windows\system32\ig75icd64.dll
0x00007ffcf6560000 - 0x00007ffcf65a6000 	C:\Windows\SYSTEM32\powrprof.dll
0x0000000077280000 - 0x00000000772c1000 	C:\Program Files\Java\jdk1.8.0_20\jre\bin\t2k.dll
0x00007ffcf5b90000 - 0x00007ffcf5c34000 	C:\Windows\SYSTEM32\DNSAPI.dll
0x00007ffceca10000 - 0x00007ffceca1a000 	C:\Windows\System32\rasadhlp.dll
0x00007ffceea00000 - 0x00007ffceea6b000 	C:\Windows\System32\fwpuclnt.dll
0x00007ffcf3980000 - 0x00007ffcf3b0a000 	C:\Windows\SYSTEM32\dbghelp.dll

VM Arguments:
jvm_args: -Dfile.encoding=UTF-8 
java_command: programmingproject.ProgrammingProject
java_class_path (initial): C:\Users\Aran\Documents\NetBeansProjects\programming-project-group-3\ProgrammingProject\lib\core.jar;C:\Users\Aran\Documents\NetBeansProjects\programming-project-group-3\ProgrammingProject\lib\gluegen-rt-natives-linux-amd64.jar;C:\Users\Aran\Documents\NetBeansProjects\programming-project-group-3\ProgrammingProject\lib\gluegen-rt-natives-linux-armv6hf.jar;C:\Users\Aran\Documents\NetBeansProjects\programming-project-group-3\ProgrammingProject\lib\gluegen-rt-natives-linux-i586.jar;C:\Users\Aran\Documents\NetBeansProjects\programming-project-group-3\ProgrammingProject\lib\gluegen-rt-natives-macosx-universal.jar;C:\Users\Aran\Documents\NetBeansProjects\programming-project-group-3\ProgrammingProject\lib\gluegen-rt-natives-windows-amd64.jar;C:\Users\Aran\Documents\NetBeansProjects\programming-project-group-3\ProgrammingProject\lib\gluegen-rt-natives-windows-i586.jar;C:\Users\Aran\Documents\NetBeansProjects\programming-project-group-3\ProgrammingProject\lib\gluegen-rt.jar;C:\Users\Aran\Documents\NetBeansProjects\programming-project-group-3\ProgrammingProject\lib\jogl-all-natives-linux-amd64.jar;C:\Users\Aran\Documents\NetBeansProjects\programming-project-group-3\ProgrammingProject\lib\jogl-all-natives-linux-armv6hf.jar;C:\Users\Aran\Documents\NetBeansProjects\programming-project-group-3\ProgrammingProject\lib\jogl-all-natives-linux-i586.jar;C:\Users\Aran\Documents\NetBeansProjects\programming-project-group-3\ProgrammingProject\lib\jogl-all-natives-macosx-universal.jar;C:\Users\Aran\Documents\NetBeansProjects\programming-project-group-3\ProgrammingProject\lib\jogl-all-natives-windows-amd64.jar;C:\Users\Aran\Documents\NetBeansProjects\programming-project-group-3\ProgrammingProject\lib\jogl-all-natives-windows-i586.jar;C:\Users\Aran\Documents\NetBeansProjects\programming-project-group-3\ProgrammingProject\lib\jogl-all.jar;C:\Users\Aran\Documents\NetBeansProjects\programming-project-group-3\ProgrammingProject\lib\mysql-connector-java-5.1.34-bin.jar;
Launcher Type: SUN_STANDARD

Environment Variables:
PATH=C:\Users\Aran\Documents\Enviroment Variables;C:\Program Files\Haskell Platform\2014.2.0.0\bin;C:\Program Files\Haskell Platform\2014.2.0.0\lib\extralibs\bin;C:\Program Files\Haskell Platform\2014.2.0.0\bin;C:\Python34;C:\Program Files\Java\jdk1.8.0_20\bin;C:\ProgramData\Oracle\Java\javapath;C:\Windows\system32;C:\Windows;C:\Windows\System32\Wbem;C:\Windows\System32\WindowsPowerShell\v1.0\;C:\Program Files\Haskell Platform\2014.2.0.0\mingw\bin;C:\Program Files (x86)\MiKTeX 2.9\miktex\bin\;C:\Program Files (x86)\Windows Kits\8.1\Windows Performance Toolkit\;C:\Program Files\Microsoft SQL Server\110\Tools\Binn\;C:\Program Files (x86)\Microsoft SDKs\TypeScript\1.0\;C:\Program Files\Microsoft SQL Server\120\Tools\Binn\;C:\Program Files (x86)\Windows Live\Shared;C:\Program Files\MATLAB\R2014b\bin;C:\Program Files (x86)\Git\cmd;C:\Users\Aran\AppData\Roaming\cabal\bin;.;
USERNAME=Aran
OS=Windows_NT
PROCESSOR_IDENTIFIER=Intel64 Family 6 Model 60 Stepping 3, GenuineIntel



---------------  S Y S T E M  ---------------

OS: Windows 8.1 , 64 bit Build 9600 

CPU:total 4 (2 cores per cpu, 2 threads per core) family 6 model 60 stepping 3, cmov, cx8, fxsr, mmx, sse, sse2, sse3, ssse3, sse4.1, sse4.2, popcnt, avx, avx2, aes, clmul, erms, lzcnt, ht, tsc, tscinvbit, bmi1, bmi2

Memory: 4k page, physical 8281560k(1743276k free), swap 15187644k(6318176k free)

vm_info: Java HotSpot(TM) 64-Bit Server VM (25.20-b23) for windows-amd64 JRE (1.8.0_20-b26), built on Jul 30 2014 13:51:23 by "java_re" with MS VC++ 10.0 (VS2010)

time: Sat Mar 21 21:53:41 2015
elapsed time: 286 seconds (0d 0h 4m 46s)

