#
# A fatal error has been detected by the Java Runtime Environment:
#
#  EXCEPTION_ACCESS_VIOLATION (0xc0000005) at pc=0x00007ffcdb6ce24e, pid=5360, tid=5240
#
# JRE version: Java(TM) SE Runtime Environment (8.0_20-b26) (build 1.8.0_20-b26)
# Java VM: Java HotSpot(TM) 64-Bit Server VM (25.20-b23 mixed mode windows-amd64 compressed oops)
# Problematic frame:
# C  [ig75icd64.dll+0x4ee24e]
#
# Failed to write core dump. Minidumps are not enabled by default on client versions of Windows
#
# If you would like to submit a bug report, please visit:
#   http://bugreport.sun.com/bugreport/crash.jsp
# The crash happened outside the Java Virtual Machine in native code.
# See problematic frame for where to report the bug.
#

---------------  T H R E A D  ---------------

Current thread (0x00000000193c9000):  JavaThread "AWT-EventQueue-0" [_thread_in_native, id=5240, stack(0x000000001bb70000,0x000000001bc70000)]

siginfo: ExceptionCode=0xc0000005, reading address 0x0000000000000000

Registers:
RAX=0x0000000000000000, RBX=0x000000001f0cd440, RCX=0x0000000000000018, RDX=0x000000001c4b1f40
RSP=0x000000001bc6cfb0, RBP=0x0000000000000000, RSI=0x000000001f0cd4a0, RDI=0x000000001b07fd50
R8 =0x0000000000000007, R9 =0x0000000000008000, R10=0x000000001b02aac0, R11=0x0000000000000000
R12=0x0000000000000000, R13=0x000000001cf560c8, R14=0x000000001b0327d8, R15=0x0000000000000000
RIP=0x00007ffcdb6ce24e, EFLAGS=0x0000000000010246

Top of Stack: (sp=0x000000001bc6cfb0)
0x000000001bc6cfb0:   000000001f0b18e0 000000001b0a33f0
0x000000001bc6cfc0:   000000001f0cd440 000000001b07fd50
0x000000001bc6cfd0:   000000001b07fd50 00007ffcdb353732
0x000000001bc6cfe0:   000000001b0a33f0 000000001b07fd50
0x000000001bc6cff0:   0000000000000000 000000001f0b18e0
0x000000001bc6d000:   000000001b0a33f0 00007ffcdb356d72
0x000000001bc6d010:   0000000000000000 000000001c6714c0
0x000000001bc6d020:   000000001c5cc4f0 000000001c4daf80
0x000000001bc6d030:   00000000193c9000 0000000000000040
0x000000001bc6d040:   000000001c4daf80 00007ffcdb1f1bee
0x000000001bc6d050:   0000000000000000 000000001efaeb40
0x000000001bc6d060:   000000001c4daf80 000000001c4daf80
0x000000001bc6d070:   0000000000000008 00007ffcdb34fe68
0x000000001bc6d080:   000000001b02aac0 0000000000000000
0x000000001bc6d090:   0000000000000038 0000000000000007
0x000000001bc6d0a0:   0000000000000008 00007ffcdb1f1a1e 

Instructions: (pc=0x00007ffcdb6ce24e)
0x00007ffcdb6ce22e:   00 00 00 00 74 0d 48 8b cf 48 83 c4 20 5f e9 df
0x00007ffcdb6ce23e:   01 00 00 48 83 c4 20 5f c3 48 8b 82 78 7c 02 00
0x00007ffcdb6ce24e:   48 8b 08 48 39 4b 10 77 a8 48 8b 82 78 7c 02 00
0x00007ffcdb6ce25e:   48 8b 08 48 39 4b 18 77 98 80 bf f8 00 00 00 00 


Register to memory mapping:

RAX=0x0000000000000000 is an unknown value
RBX=0x000000001f0cd440 is an unknown value
RCX=0x0000000000000018 is an unknown value
RDX=0x000000001c4b1f40 is an unknown value
RSP=0x000000001bc6cfb0 is pointing into the stack for thread: 0x00000000193c9000
RBP=0x0000000000000000 is an unknown value
RSI=0x000000001f0cd4a0 is an unknown value
RDI=0x000000001b07fd50 is an unknown value
R8 =0x0000000000000007 is an unknown value
R9 =0x0000000000008000 is an unknown value
R10=0x000000001b02aac0 is an unknown value
R11=0x0000000000000000 is an unknown value
R12=0x0000000000000000 is an unknown value
R13={method} {0x000000001cf560d0} 'dispatch_wglDeleteContext0' '(JJ)Z' in 'jogamp/opengl/windows/wgl/WGL'
R14=0x000000001b0327d8 is an unknown value
R15=0x0000000000000000 is an unknown value


Stack: [0x000000001bb70000,0x000000001bc70000],  sp=0x000000001bc6cfb0,  free space=1011k
Native frames: (J=compiled Java code, j=interpreted, Vv=VM code, C=native code)

Java frames: (J=compiled Java code, j=interpreted, Vv=VM code)
j  jogamp.opengl.windows.wgl.WGL.dispatch_wglDeleteContext0(JJ)Z+0
j  jogamp.opengl.windows.wgl.WGL.wglDeleteContext(J)Z+37
j  jogamp.opengl.windows.wgl.WindowsWGLContext.destroyImpl()V+10
j  jogamp.opengl.GLContextImpl.destroy()V+503
j  jogamp.opengl.GLDrawableHelper.disposeGL(Ljavax/media/opengl/GLAutoDrawable;Ljavax/media/opengl/GLContext;Z)V+128
j  javax.media.opengl.awt.GLCanvas$7.run()V+167
j  javax.media.opengl.Threading.invoke(ZLjava/lang/Runnable;Ljava/lang/Object;)V+33
j  javax.media.opengl.awt.GLCanvas.destroyImpl(Z)V+9
j  javax.media.opengl.awt.GLCanvas$2.run()V+5
j  com.jogamp.nativewindow.awt.AWTWindowClosingProtocol$WindowClosingAdapter.windowClosing(Ljava/awt/event/WindowEvent;)V+22
j  java.awt.Window.processWindowEvent(Ljava/awt/event/WindowEvent;)V+68
j  javax.swing.JFrame.processWindowEvent(Ljava/awt/event/WindowEvent;)V+2
j  java.awt.Window.processEvent(Ljava/awt/AWTEvent;)V+69
J 3328 C1 java.awt.Component.dispatchEventImpl(Ljava/awt/AWTEvent;)V (883 bytes) @ 0x00000000030705a4 [0x000000000306b0a0+0x5504]
j  java.awt.Container.dispatchEventImpl(Ljava/awt/AWTEvent;)V+42
j  java.awt.Window.dispatchEventImpl(Ljava/awt/AWTEvent;)V+19
J 3176 C1 java.awt.EventQueue.dispatchEventImpl(Ljava/awt/AWTEvent;Ljava/lang/Object;)V (149 bytes) @ 0x0000000002ffc20c [0x0000000002ffab80+0x168c]
J 3174 C1 java.awt.EventQueue$3.run()Ljava/lang/Void; (60 bytes) @ 0x0000000002ffd48c [0x0000000002ffd280+0x20c]
J 3173 C1 java.awt.EventQueue$3.run()Ljava/lang/Object; (5 bytes) @ 0x0000000002ffdb4c [0x0000000002ffdac0+0x8c]
v  ~StubRoutines::call_stub
J 2722  java.security.AccessController.doPrivileged(Ljava/security/PrivilegedAction;Ljava/security/AccessControlContext;)Ljava/lang/Object; (0 bytes) @ 0x0000000002f24726 [0x0000000002f246c0+0x66]
J 2532 C1 java.security.ProtectionDomain$1.doIntersectionPrivilege(Ljava/security/PrivilegedAction;Ljava/security/AccessControlContext;Ljava/security/AccessControlContext;)Ljava/lang/Object; (32 bytes) @ 0x0000000002e9409c [0x0000000002e93da0+0x2fc]
J 3369 C1 java.awt.EventQueue$4.run()Ljava/lang/Object; (5 bytes) @ 0x000000000308268c [0x00000000030822a0+0x3ec]
v  ~StubRoutines::call_stub
J 2722  java.security.AccessController.doPrivileged(Ljava/security/PrivilegedAction;Ljava/security/AccessControlContext;)Ljava/lang/Object; (0 bytes) @ 0x0000000002f24726 [0x0000000002f246c0+0x66]
J 2920 C1 java.awt.EventQueue.dispatchEvent(Ljava/awt/AWTEvent;)V (80 bytes) @ 0x00000000029b1334 [0x00000000029b0680+0xcb4]
J 2929 C1 java.awt.EventDispatchThread.pumpOneEventForFilters(I)V (295 bytes) @ 0x0000000002be205c [0x0000000002be0500+0x1b5c]
j  java.awt.EventDispatchThread.pumpEventsForFilter(ILjava/awt/Conditional;Ljava/awt/EventFilter;)V+35
j  java.awt.EventDispatchThread.pumpEventsForHierarchy(ILjava/awt/Conditional;Ljava/awt/Component;)V+11
j  java.awt.EventDispatchThread.pumpEvents(ILjava/awt/Conditional;)V+4
j  java.awt.EventDispatchThread.pumpEvents(Ljava/awt/Conditional;)V+3
j  java.awt.EventDispatchThread.run()V+9
v  ~StubRoutines::call_stub

---------------  P R O C E S S  ---------------

Java Threads: ( => current thread )
  0x000000001989e000 JavaThread "Abandoned connection cleanup thread" daemon [_thread_blocked, id=864, stack(0x0000000021030000,0x0000000021130000)]
  0x0000000019502800 JavaThread "Animation Thread-SharedResourceRunner" daemon [_thread_blocked, id=1248, stack(0x000000001dfb0000,0x000000001e0b0000)]
  0x000000000249e000 JavaThread "DestroyJavaVM" [_thread_blocked, id=3176, stack(0x00000000024a0000,0x00000000025a0000)]
  0x00000000193e2800 JavaThread "Animation Thread" [_thread_blocked, id=3456, stack(0x000000001c370000,0x000000001c470000)]
  0x00000000193d7800 JavaThread "D3D Screen Updater" daemon [_thread_blocked, id=5432, stack(0x000000001bd70000,0x000000001be70000)]
=>0x00000000193c9000 JavaThread "AWT-EventQueue-0" [_thread_in_native, id=5240, stack(0x000000001bb70000,0x000000001bc70000)]
  0x000000001936f000 JavaThread "AWT-Windows" daemon [_thread_in_native, id=1144, stack(0x0000000019cf0000,0x0000000019df0000)]
  0x000000001936e000 JavaThread "AWT-Shutdown" [_thread_blocked, id=4424, stack(0x0000000019bf0000,0x0000000019cf0000)]
  0x0000000018e2e000 JavaThread "Java2D Disposer" daemon [_thread_blocked, id=3044, stack(0x0000000019af0000,0x0000000019bf0000)]
  0x000000001723b000 JavaThread "Service Thread" daemon [_thread_blocked, id=2808, stack(0x0000000018e30000,0x0000000018f30000)]
  0x00000000171e1000 JavaThread "C1 CompilerThread2" daemon [_thread_blocked, id=3872, stack(0x0000000018930000,0x0000000018a30000)]
  0x00000000171dd800 JavaThread "C2 CompilerThread1" daemon [_thread_blocked, id=1932, stack(0x0000000018830000,0x0000000018930000)]
  0x00000000171e9800 JavaThread "C2 CompilerThread0" daemon [_thread_blocked, id=4040, stack(0x0000000018730000,0x0000000018830000)]
  0x00000000171e7000 JavaThread "Attach Listener" daemon [_thread_blocked, id=2208, stack(0x0000000018630000,0x0000000018730000)]
  0x00000000171e6000 JavaThread "Signal Dispatcher" daemon [_thread_blocked, id=5564, stack(0x0000000018530000,0x0000000018630000)]
  0x0000000002697000 JavaThread "Finalizer" daemon [_thread_blocked, id=3432, stack(0x0000000018430000,0x0000000018530000)]
  0x000000000268e000 JavaThread "Reference Handler" daemon [_thread_blocked, id=4176, stack(0x0000000018330000,0x0000000018430000)]

Other Threads:
  0x00000000171a5800 VMThread [stack: 0x0000000018230000,0x0000000018330000] [id=3920]
  0x000000001723d800 WatcherThread [stack: 0x0000000018f30000,0x0000000019030000] [id=5728]

VM state:not at safepoint (normal execution)

VM Mutex/Monitor currently owned by a thread: None

Heap:
 PSYoungGen      total 442880K, used 255201K [0x00000000d5e00000, 0x00000000fd500000, 0x0000000100000000)
  eden space 252928K, 61% used [0x00000000d5e00000,0x00000000df56d9a8,0x00000000e5500000)
  from space 189952K, 52% used [0x00000000e5500000,0x00000000eb6caa70,0x00000000f0e80000)
  to   space 189952K, 0% used [0x00000000f1b80000,0x00000000f1b80000,0x00000000fd500000)
 ParOldGen       total 1380352K, used 1078002K [0x0000000081a00000, 0x00000000d5e00000, 0x00000000d5e00000)
  object space 1380352K, 78% used [0x0000000081a00000,0x00000000c36bc878,0x00000000d5e00000)
 Metaspace       used 22681K, capacity 22915K, committed 23296K, reserved 1071104K
  class space    used 2119K, capacity 2178K, committed 2304K, reserved 1048576K

Card table byte_map: [0x0000000011a60000,0x0000000011e60000] byte_map_base: 0x0000000011653000

Marking Bits: (ParMarkBitMap*) 0x0000000077e1b460
 Begin Bits: [0x0000000012510000, 0x00000000144a8000)
 End Bits:   [0x00000000144a8000, 0x0000000016440000)

Polling page: 0x0000000000b40000

CodeCache: size=245760Kb used=10533Kb max_used=10533Kb free=235226Kb
 bounds [0x00000000026a0000, 0x0000000003100000, 0x00000000116a0000]
 total_blobs=3881 nmethods=2907 adapters=886
 compilation: enabled

Compilation events (10 events):
Event: 186.523 Thread 0x00000000171e1000 3414   !   3       java.awt.Window::getInputContext (36 bytes)
Event: 186.526 Thread 0x00000000171e1000 nmethod 3414 0x00000000030d0d10 code [0x00000000030d0ea0, 0x00000000030d1428]
Event: 186.526 Thread 0x00000000171e1000 3415       3       sun.awt.im.InputMethodContext::dispatchEvent (62 bytes)
Event: 186.529 Thread 0x00000000171e1000 nmethod 3415 0x00000000030cfa10 code [0x00000000030cfc40, 0x00000000030d0978]
Event: 186.743 Thread 0x00000000171e1000 3416       3       java.awt.Component::processEvent (220 bytes)
Event: 186.745 Thread 0x00000000171e1000 nmethod 3416 0x00000000030f64d0 code [0x00000000030f6760, 0x00000000030f80a8]
Event: 187.643 Thread 0x00000000171e1000 3417       3       jogamp.nativewindow.jawt.JAWT_Rectangle::getWidth (24 bytes)
Event: 187.644 Thread 0x00000000171e1000 nmethod 3417 0x00000000030cf3d0 code [0x00000000030cf560, 0x00000000030cf898]
Event: 187.644 Thread 0x00000000171e1000 3418       3       jogamp.nativewindow.jawt.JAWT_Rectangle::getHeight (24 bytes)
Event: 187.645 Thread 0x00000000171e1000 nmethod 3418 0x00000000030ced90 code [0x00000000030cef20, 0x00000000030cf258]

GC Heap History (10 events):
Event: 71.620 GC heap before
{Heap before GC invocations=39 (full 6):
 PSYoungGen      total 438784K, used 217600K [0x00000000d5e00000, 0x00000000fe980000, 0x0000000100000000)
  eden space 217600K, 100% used [0x00000000d5e00000,0x00000000e3280000,0x00000000e3280000)
  from space 221184K, 0% used [0x00000000f1180000,0x00000000f1180000,0x00000000fe980000)
  to   space 224768K, 0% used [0x00000000e3280000,0x00000000e3280000,0x00000000f0e00000)
 ParOldGen       total 1380352K, used 1078002K [0x0000000081a00000, 0x00000000d5e00000, 0x00000000d5e00000)
  object space 1380352K, 78% used [0x0000000081a00000,0x00000000c36bc878,0x00000000d5e00000)
 Metaspace       used 21998K, capacity 22203K, committed 22448K, reserved 1069056K
  class space    used 2105K, capacity 2178K, committed 2304K, reserved 1048576K
Event: 71.773 GC heap after
Heap after GC invocations=39 (full 6):
 PSYoungGen      total 442368K, used 16640K [0x00000000d5e00000, 0x00000000ff780000, 0x0000000100000000)
  eden space 217600K, 0% used [0x00000000d5e00000,0x00000000d5e00000,0x00000000e3280000)
  from space 224768K, 7% used [0x00000000e3280000,0x00000000e42c0000,0x00000000f0e00000)
  to   space 220160K, 0% used [0x00000000f2080000,0x00000000f2080000,0x00000000ff780000)
 ParOldGen       total 1380352K, used 1078002K [0x0000000081a00000, 0x00000000d5e00000, 0x00000000d5e00000)
  object space 1380352K, 78% used [0x0000000081a00000,0x00000000c36bc878,0x00000000d5e00000)
 Metaspace       used 21998K, capacity 22203K, committed 22448K, reserved 1069056K
  class space    used 2105K, capacity 2178K, committed 2304K, reserved 1048576K
}
Event: 89.392 GC heap before
{Heap before GC invocations=40 (full 6):
 PSYoungGen      total 442368K, used 234240K [0x00000000d5e00000, 0x00000000ff780000, 0x0000000100000000)
  eden space 217600K, 100% used [0x00000000d5e00000,0x00000000e3280000,0x00000000e3280000)
  from space 224768K, 7% used [0x00000000e3280000,0x00000000e42c0000,0x00000000f0e00000)
  to   space 220160K, 0% used [0x00000000f2080000,0x00000000f2080000,0x00000000ff780000)
 ParOldGen       total 1380352K, used 1078002K [0x0000000081a00000, 0x00000000d5e00000, 0x00000000d5e00000)
  object space 1380352K, 78% used [0x0000000081a00000,0x00000000c36bc878,0x00000000d5e00000)
 Metaspace       used 22184K, capacity 22395K, committed 22704K, reserved 1069056K
  class space    used 2118K, capacity 2178K, committed 2304K, reserved 1048576K
Event: 89.543 GC heap after
Heap after GC invocations=40 (full 6):
 PSYoungGen      total 437760K, used 35360K [0x00000000d5e00000, 0x00000000fe400000, 0x0000000100000000)
  eden space 237568K, 0% used [0x00000000d5e00000,0x00000000d5e00000,0x00000000e4600000)
  from space 200192K, 17% used [0x00000000f2080000,0x00000000f4308350,0x00000000fe400000)
  to   space 211968K, 0% used [0x00000000e4600000,0x00000000e4600000,0x00000000f1500000)
 ParOldGen       total 1380352K, used 1078002K [0x0000000081a00000, 0x00000000d5e00000, 0x00000000d5e00000)
  object space 1380352K, 78% used [0x0000000081a00000,0x00000000c36bc878,0x00000000d5e00000)
 Metaspace       used 22184K, capacity 22395K, committed 22704K, reserved 1069056K
  class space    used 2118K, capacity 2178K, committed 2304K, reserved 1048576K
}
Event: 96.165 GC heap before
{Heap before GC invocations=41 (full 6):
 PSYoungGen      total 437760K, used 272928K [0x00000000d5e00000, 0x00000000fe400000, 0x0000000100000000)
  eden space 237568K, 100% used [0x00000000d5e00000,0x00000000e4600000,0x00000000e4600000)
  from space 200192K, 17% used [0x00000000f2080000,0x00000000f4308350,0x00000000fe400000)
  to   space 211968K, 0% used [0x00000000e4600000,0x00000000e4600000,0x00000000f1500000)
 ParOldGen       total 1380352K, used 1078002K [0x0000000081a00000, 0x00000000d5e00000, 0x00000000d5e00000)
  object space 1380352K, 78% used [0x0000000081a00000,0x00000000c36bc878,0x00000000d5e00000)
 Metaspace       used 22216K, capacity 22395K, committed 22704K, reserved 1069056K
  class space    used 2118K, capacity 2178K, committed 2304K, reserved 1048576K
Event: 96.288 GC heap after
Heap after GC invocations=41 (full 6):
 PSYoungGen      total 449536K, used 40449K [0x00000000d5e00000, 0x00000000fe300000, 0x0000000100000000)
  eden space 237568K, 0% used [0x00000000d5e00000,0x00000000d5e00000,0x00000000e4600000)
  from space 211968K, 19% used [0x00000000e4600000,0x00000000e6d80490,0x00000000f1500000)
  to   space 202240K, 0% used [0x00000000f1d80000,0x00000000f1d80000,0x00000000fe300000)
 ParOldGen       total 1380352K, used 1078002K [0x0000000081a00000, 0x00000000d5e00000, 0x00000000d5e00000)
  object space 1380352K, 78% used [0x0000000081a00000,0x00000000c36bc878,0x00000000d5e00000)
 Metaspace       used 22216K, capacity 22395K, committed 22704K, reserved 1069056K
  class space    used 2118K, capacity 2178K, committed 2304K, reserved 1048576K
}
Event: 112.095 GC heap before
{Heap before GC invocations=42 (full 6):
 PSYoungGen      total 449536K, used 278017K [0x00000000d5e00000, 0x00000000fe300000, 0x0000000100000000)
  eden space 237568K, 100% used [0x00000000d5e00000,0x00000000e4600000,0x00000000e4600000)
  from space 211968K, 19% used [0x00000000e4600000,0x00000000e6d80490,0x00000000f1500000)
  to   space 202240K, 0% used [0x00000000f1d80000,0x00000000f1d80000,0x00000000fe300000)
 ParOldGen       total 1380352K, used 1078002K [0x0000000081a00000, 0x00000000d5e00000, 0x00000000d5e00000)
  object space 1380352K, 78% used [0x0000000081a00000,0x00000000c36bc878,0x00000000d5e00000)
 Metaspace       used 22355K, capacity 22523K, committed 22704K, reserved 1069056K
  class space    used 2118K, capacity 2178K, committed 2304K, reserved 1048576K
Event: 112.219 GC heap after
Heap after GC invocations=42 (full 6):
 PSYoungGen      total 427520K, used 69026K [0x00000000d5e00000, 0x00000000fc800000, 0x0000000100000000)
  eden space 252928K, 0% used [0x00000000d5e00000,0x00000000d5e00000,0x00000000e5500000)
  from space 174592K, 39% used [0x00000000f1d80000,0x00000000f60e8b40,0x00000000fc800000)
  to   space 189952K, 0% used [0x00000000e5500000,0x00000000e5500000,0x00000000f0e80000)
 ParOldGen       total 1380352K, used 1078002K [0x0000000081a00000, 0x00000000d5e00000, 0x00000000d5e00000)
  object space 1380352K, 78% used [0x0000000081a00000,0x00000000c36bc878,0x00000000d5e00000)
 Metaspace       used 22355K, capacity 22523K, committed 22704K, reserved 1069056K
  class space    used 2118K, capacity 2178K, committed 2304K, reserved 1048576K
}
Event: 139.586 GC heap before
{Heap before GC invocations=43 (full 6):
 PSYoungGen      total 427520K, used 319175K [0x00000000d5e00000, 0x00000000fc800000, 0x0000000100000000)
  eden space 252928K, 98% used [0x00000000d5e00000,0x00000000e5249300,0x00000000e5500000)
  from space 174592K, 39% used [0x00000000f1d80000,0x00000000f60e8b40,0x00000000fc800000)
  to   space 189952K, 0% used [0x00000000e5500000,0x00000000e5500000,0x00000000f0e80000)
 ParOldGen       total 1380352K, used 1078002K [0x0000000081a00000, 0x00000000d5e00000, 0x00000000d5e00000)
  object space 1380352K, 78% used [0x0000000081a00000,0x00000000c36bc878,0x00000000d5e00000)
 Metaspace       used 22466K, capacity 22651K, committed 23040K, reserved 1071104K
  class space    used 2119K, capacity 2178K, committed 2304K, reserved 1048576K
Event: 139.747 GC heap after
Heap after GC invocations=43 (full 6):
 PSYoungGen      total 442880K, used 100138K [0x00000000d5e00000, 0x00000000fd500000, 0x0000000100000000)
  eden space 252928K, 0% used [0x00000000d5e00000,0x00000000d5e00000,0x00000000e5500000)
  from space 189952K, 52% used [0x00000000e5500000,0x00000000eb6caa70,0x00000000f0e80000)
  to   space 189952K, 0% used [0x00000000f1b80000,0x00000000f1b80000,0x00000000fd500000)
 ParOldGen       total 1380352K, used 1078002K [0x0000000081a00000, 0x00000000d5e00000, 0x00000000d5e00000)
  object space 1380352K, 78% used [0x0000000081a00000,0x00000000c36bc878,0x00000000d5e00000)
 Metaspace       used 22466K, capacity 22651K, committed 23040K, reserved 1071104K
  class space    used 2119K, capacity 2178K, committed 2304K, reserved 1048576K
}

Deoptimization events (10 events):
Event: 45.513 Thread 0x00000000193c9000 Uncommon trap: reason=class_check action=maybe_recompile pc=0x0000000002e41860 method=sun.nio.cs.ThreadLocalCoders$Cache.forName(Ljava/lang/Object;)Ljava/lang/Object; @ 59
Event: 61.006 Thread 0x00000000193c9000 Uncommon trap: reason=null_check action=make_not_entrant pc=0x0000000002e1c080 method=com.mysql.jdbc.ResultSetImpl.findColumn(Ljava/lang/String;)I @ 33
Event: 96.759 Thread 0x00000000193c9000 Uncommon trap: reason=unloaded action=reinterpret pc=0x0000000002ac56e8 method=programmingproject.HeatMapGraph.draw(Lprocessing/opengl/PGraphics3D;)V @ 278
Event: 96.761 Thread 0x00000000193c9000 Uncommon trap: reason=unloaded action=reinterpret pc=0x0000000002832540 method=programmingproject.HeatMapGraph.draw(Lprocessing/opengl/PGraphics3D;)V @ 278
Event: 97.529 Thread 0x00000000193c9000 Uncommon trap: reason=unreached action=reinterpret pc=0x0000000002cbdf2c method=processing.opengl.PGraphicsOpenGL$Tessellator.splitRawIndices(Z)V @ 625
Event: 97.545 Thread 0x00000000193c9000 Uncommon trap: reason=unreached action=reinterpret pc=0x0000000002db7b48 method=processing.opengl.PGraphicsOpenGL.updateGLProjmodelview()V @ 4
Event: 98.158 Thread 0x00000000193c9000 Uncommon trap: reason=null_check action=make_not_entrant pc=0x0000000002ec4e2c method=processing.opengl.FontTexture.getTexInfo(Lprocessing/core/PFont$Glyph;)Lprocessing/opengl/FontTexture$TextureInfo; @ 8
Event: 120.950 Thread 0x00000000193c9000 Uncommon trap: reason=class_check action=maybe_recompile pc=0x0000000002e41860 method=sun.nio.cs.ThreadLocalCoders$Cache.forName(Ljava/lang/Object;)Ljava/lang/Object; @ 59
Event: 137.723 Thread 0x00000000193c9000 Uncommon trap: reason=unreached action=reinterpret pc=0x0000000002d050fc method=processing.opengl.PGL.bindTexture(II)V @ 10
Event: 174.292 Thread 0x00000000193c9000 Uncommon trap: reason=class_check action=maybe_recompile pc=0x0000000002e41860 method=sun.nio.cs.ThreadLocalCoders$Cache.forName(Ljava/lang/Object;)Ljava/lang/Object; @ 59

Internal exceptions (10 events):
Event: 7.999 Thread 0x000000001d32e000 Implicit null exception at 0x0000000002ae2c9a to 0x0000000002ae6a48
Event: 9.857 Thread 0x00000000193c9000 Exception <a 'java/security/PrivilegedActionException'> (0x00000000d63bd1f8) thrown at [D:\re\workspace\8-2-build-windows-amd64-cygwin\jdk8u20\1074\hotspot\src\share\vm\prims\jvm.cpp, line 1275]
Event: 9.891 Thread 0x00000000193c9000 Exception <a 'java/security/PrivilegedActionException'> (0x00000000d63c6298) thrown at [D:\re\workspace\8-2-build-windows-amd64-cygwin\jdk8u20\1074\hotspot\src\share\vm\prims\jvm.cpp, line 1275]
Event: 19.087 Thread 0x00000000193c9000 Exception <a 'java/security/PrivilegedActionException'> (0x00000000d7d437a8) thrown at [D:\re\workspace\8-2-build-windows-amd64-cygwin\jdk8u20\1074\hotspot\src\share\vm\prims\jvm.cpp, line 1275]
Event: 37.918 Thread 0x00000000193c9000 Exception <a 'java/security/PrivilegedActionException'> (0x00000000d823cad0) thrown at [D:\re\workspace\8-2-build-windows-amd64-cygwin\jdk8u20\1074\hotspot\src\share\vm\prims\jvm.cpp, line 1275]
Event: 61.006 Thread 0x00000000193c9000 Implicit null exception at 0x0000000002e1bc57 to 0x0000000002e1c065
Event: 84.191 Thread 0x00000000193c9000 Exception <a 'java/security/PrivilegedActionException'> (0x00000000e015f5b8) thrown at [D:\re\workspace\8-2-build-windows-amd64-cygwin\jdk8u20\1074\hotspot\src\share\vm\prims\jvm.cpp, line 1275]
Event: 97.545 Thread 0x00000000193c9000 Implicit null exception at 0x0000000002db62df to 0x0000000002db7b39
Event: 98.158 Thread 0x00000000193c9000 Implicit null exception at 0x0000000002ec452b to 0x0000000002ec4e15
Event: 137.723 Thread 0x00000000193c9000 Implicit null exception at 0x0000000002d04e7b to 0x0000000002d050e9

Events (10 events):
Event: 159.043 Thread 0x00000000171e1000 flushing nmethod 0x0000000002f5ad90
Event: 159.043 Thread 0x00000000171e1000 flushing nmethod 0x0000000002f5d510
Event: 159.043 Thread 0x00000000171e1000 flushing nmethod 0x0000000002f67b50
Event: 159.043 Thread 0x00000000171e1000 flushing nmethod 0x0000000002f6c9d0
Event: 159.043 Thread 0x00000000171e1000 flushing nmethod 0x0000000002f6eed0
Event: 174.292 Thread 0x00000000193c9000 Uncommon trap: trap_request=0xffffffde fr.pc=0x0000000002e41860
Event: 174.292 Thread 0x00000000193c9000 DEOPT PACKING pc=0x0000000002e41860 sp=0x000000001bc6bfb0
Event: 174.292 Thread 0x00000000193c9000 DEOPT UNPACKING pc=0x00000000026e556a sp=0x000000001bc6bf60 mode 2
Event: 176.382 Thread 0x00000000193c9000 DEOPT PACKING pc=0x0000000002fcad7d sp=0x000000001bc6e030
Event: 176.382 Thread 0x00000000193c9000 DEOPT UNPACKING pc=0x00000000026e75bf sp=0x000000001bc6de00 mode 0


Dynamic libraries:
0x00007ff7a7120000 - 0x00007ff7a7154000 	C:\Program Files\Java\jdk1.8.0_20\jre\bin\java.exe
0x00007ffcf9470000 - 0x00007ffcf961c000 	C:\Windows\SYSTEM32\ntdll.dll
0x00007ffcf76d0000 - 0x00007ffcf780e000 	C:\Windows\system32\KERNEL32.DLL
0x00007ffcf69d0000 - 0x00007ffcf6ae5000 	C:\Windows\system32\KERNELBASE.dll
0x00007ffcf25c0000 - 0x00007ffcf264e000 	C:\Windows\system32\apphelp.dll
0x00007ffcf3350000 - 0x00007ffcf33a3000 	C:\Windows\AppPatch\AppPatch64\AcGenral.DLL
0x00007ffcf6b60000 - 0x00007ffcf6c0a000 	C:\Windows\system32\msvcrt.dll
0x00007ffcf63f0000 - 0x00007ffcf641e000 	C:\Windows\SYSTEM32\SspiCli.dll
0x00007ffcf7b50000 - 0x00007ffcf7ba4000 	C:\Windows\system32\SHLWAPI.dll
0x00007ffcf9290000 - 0x00007ffcf9407000 	C:\Windows\system32\USER32.dll
0x00007ffcf7330000 - 0x00007ffcf74c4000 	C:\Windows\system32\ole32.dll
0x00007ffcf7d70000 - 0x00007ffcf9288000 	C:\Windows\system32\SHELL32.dll
0x00007ffcf5d80000 - 0x00007ffcf5da1000 	C:\Windows\SYSTEM32\USERENV.dll
0x00007ffcf7610000 - 0x00007ffcf76ba000 	C:\Windows\system32\ADVAPI32.dll
0x00007ffce98e0000 - 0x00007ffce98fe000 	C:\Windows\SYSTEM32\MPR.dll
0x00007ffcf7000000 - 0x00007ffcf7141000 	C:\Windows\system32\RPCRT4.dll
0x00007ffcf6af0000 - 0x00007ffcf6b49000 	C:\Windows\SYSTEM32\sechost.dll
0x00007ffcf6de0000 - 0x00007ffcf6ff1000 	C:\Windows\SYSTEM32\combase.dll
0x00007ffcf6c80000 - 0x00007ffcf6dd1000 	C:\Windows\system32\GDI32.dll
0x00007ffcf65c0000 - 0x00007ffcf65d5000 	C:\Windows\SYSTEM32\profapi.dll
0x00007ffcf5110000 - 0x00007ffcf51c2000 	C:\Windows\SYSTEM32\SHCORE.dll
0x00007ffcf9430000 - 0x00007ffcf9466000 	C:\Windows\system32\IMM32.DLL
0x00007ffcf7c10000 - 0x00007ffcf7d61000 	C:\Windows\system32\MSCTF.dll
0x00007ffcf46c0000 - 0x00007ffcf493b000 	C:\Windows\WinSxS\amd64_microsoft.windows.common-controls_6595b64144ccf1df_6.0.9600.17415_none_6240486fecbd8abb\COMCTL32.dll
0x0000000077560000 - 0x0000000077632000 	C:\Program Files\Java\jdk1.8.0_20\jre\bin\msvcr100.dll
0x0000000077640000 - 0x0000000077e98000 	C:\Program Files\Java\jdk1.8.0_20\jre\bin\server\jvm.dll
0x00007ffcda860000 - 0x00007ffcda869000 	C:\Windows\SYSTEM32\WSOCK32.dll
0x00007ffcf4c30000 - 0x00007ffcf4c52000 	C:\Windows\SYSTEM32\WINMM.dll
0x00007ffcf76c0000 - 0x00007ffcf76c7000 	C:\Windows\system32\PSAPI.DLL
0x00007ffcf6c20000 - 0x00007ffcf6c7a000 	C:\Windows\system32\WS2_32.dll
0x00007ffcf4bd0000 - 0x00007ffcf4bfa000 	C:\Windows\SYSTEM32\WINMMBASE.dll
0x00007ffcf6b50000 - 0x00007ffcf6b59000 	C:\Windows\system32\NSI.dll
0x00007ffcf67a0000 - 0x00007ffcf67ef000 	C:\Windows\SYSTEM32\cfgmgr32.dll
0x00007ffcf53b0000 - 0x00007ffcf53d8000 	C:\Windows\SYSTEM32\DEVOBJ.dll
0x0000000077550000 - 0x000000007755f000 	C:\Program Files\Java\jdk1.8.0_20\jre\bin\verify.dll
0x0000000077520000 - 0x0000000077548000 	C:\Program Files\Java\jdk1.8.0_20\jre\bin\java.dll
0x0000000077500000 - 0x0000000077516000 	C:\Program Files\Java\jdk1.8.0_20\jre\bin\zip.dll
0x0000000077320000 - 0x00000000774b8000 	C:\Program Files\Java\jdk1.8.0_20\jre\bin\awt.dll
0x00007ffcf7540000 - 0x00007ffcf7601000 	C:\Windows\system32\OLEAUT32.dll
0x00007ffcf4970000 - 0x00007ffcf4991000 	C:\Windows\system32\DWMAPI.DLL
0x00007ffcf5230000 - 0x00007ffcf5359000 	C:\Windows\system32\uxtheme.dll
0x00007ffcf5400000 - 0x00007ffcf540b000 	C:\Windows\SYSTEM32\kernel.appcore.dll
0x00007ffcf6490000 - 0x00007ffcf649b000 	C:\Windows\SYSTEM32\CRYPTBASE.dll
0x00007ffcf6420000 - 0x00007ffcf6483000 	C:\Windows\SYSTEM32\bcryptPrimitives.dll
0x00007ffcea560000 - 0x00007ffcea781000 	C:\Windows\system32\d3d9.dll
0x00007ffcf4b50000 - 0x00007ffcf4b5a000 	C:\Windows\SYSTEM32\VERSION.dll
0x00007ffcf3c50000 - 0x00007ffcf3db4000 	C:\Windows\SYSTEM32\nvumdshimx.dll
0x00007ffcf7150000 - 0x00007ffcf732a000 	C:\Windows\system32\SETUPAPI.dll
0x00007ffcf4db0000 - 0x00007ffcf4de2000 	C:\Windows\SYSTEM32\nvinitx.dll
0x00007ffcce850000 - 0x00007ffccfb6f000 	C:\Windows\system32\igdumdim64.dll
0x00007ffceacc0000 - 0x00007ffceb645000 	C:\Windows\SYSTEM32\igdusc64.dll
0x00000000772d0000 - 0x0000000077317000 	C:\Program Files\Java\jdk1.8.0_20\jre\bin\fontmanager.dll
0x00007ffcf5ff0000 - 0x00007ffcf6010000 	C:\Windows\SYSTEM32\CRYPTSP.dll
0x00007ffcf5a70000 - 0x00007ffcf5aa6000 	C:\Windows\system32\rsaenh.dll
0x00007ffcf60e0000 - 0x00007ffcf6106000 	C:\Windows\SYSTEM32\bcrypt.dll
0x00000000774e0000 - 0x00000000774fa000 	C:\Program Files\Java\jdk1.8.0_20\jre\bin\net.dll
0x00007ffcf5d20000 - 0x00007ffcf5d79000 	C:\Windows\system32\mswsock.dll
0x00007ffcf2750000 - 0x00007ffcf277a000 	C:\Windows\SYSTEM32\IPHLPAPI.DLL
0x00007ffcf2740000 - 0x00007ffcf274a000 	C:\Windows\SYSTEM32\WINNSI.DLL
0x00007ffcee930000 - 0x00007ffcee946000 	C:\Windows\SYSTEM32\dhcpcsvc6.DLL
0x00007ffceeb30000 - 0x00007ffceeb4a000 	C:\Windows\SYSTEM32\dhcpcsvc.DLL
0x00000000774c0000 - 0x00000000774d1000 	C:\Program Files\Java\jdk1.8.0_20\jre\bin\nio.dll
0x00000000637c0000 - 0x00000000637cd000 	C:\Users\Aran\AppData\Local\Temp\jogamp_0000\file_cache\jln8266247644843312669\jln18647338546499793\gluegen-rt.dll
0x0000000076650000 - 0x0000000076657000 	C:\Program Files\Java\jdk1.8.0_20\jre\bin\jawt.dll
0x000000006a440000 - 0x000000006a44d000 	C:\Users\Aran\AppData\Local\Temp\jogamp_0000\file_cache\jln8266247644843312669\jln18647338546499793\nativewindow_awt.dll
0x000000006c100000 - 0x000000006c10f000 	C:\Users\Aran\AppData\Local\Temp\jogamp_0000\file_cache\jln8266247644843312669\jln18647338546499793\nativewindow_win32.dll
0x00007ffce8380000 - 0x00007ffce84ab000 	C:\Windows\SYSTEM32\OpenGL32.dll
0x00007ffcf1030000 - 0x00007ffcf105e000 	C:\Windows\SYSTEM32\GLU32.dll
0x00007ffce3640000 - 0x00007ffce3738000 	C:\Windows\SYSTEM32\DDRAW.dll
0x00007ffcf2f10000 - 0x00007ffcf2f19000 	C:\Windows\SYSTEM32\DCIMAN32.dll
0x0000000064500000 - 0x00000000645a0000 	C:\Users\Aran\AppData\Local\Temp\jogamp_0000\file_cache\jln8266247644843312669\jln18647338546499793\jogl_desktop.dll
0x00007ffce8c90000 - 0x00007ffce8ceb000 	C:\Windows\system32\NV\nvoglshim64.dll
0x00007ffcdb1e0000 - 0x00007ffcdba64000 	C:\Windows\system32\ig75icd64.dll
0x00007ffcf6560000 - 0x00007ffcf65a6000 	C:\Windows\SYSTEM32\powrprof.dll
0x0000000077280000 - 0x00000000772c1000 	C:\Program Files\Java\jdk1.8.0_20\jre\bin\t2k.dll
0x00007ffcf5b90000 - 0x00007ffcf5c34000 	C:\Windows\SYSTEM32\DNSAPI.dll
0x00007ffceca10000 - 0x00007ffceca1a000 	C:\Windows\System32\rasadhlp.dll
0x00007ffceea00000 - 0x00007ffceea6b000 	C:\Windows\System32\fwpuclnt.dll
0x00007ffcf3980000 - 0x00007ffcf3b0a000 	C:\Windows\SYSTEM32\dbghelp.dll

VM Arguments:
jvm_args: -Dfile.encoding=UTF-8 
java_command: programmingproject.ProgrammingProject
java_class_path (initial): C:\Users\Aran\Documents\NetBeansProjects\programming-project-group-3\ProgrammingProject\lib\core.jar;C:\Users\Aran\Documents\NetBeansProjects\programming-project-group-3\ProgrammingProject\lib\gluegen-rt-natives-linux-amd64.jar;C:\Users\Aran\Documents\NetBeansProjects\programming-project-group-3\ProgrammingProject\lib\gluegen-rt-natives-linux-armv6hf.jar;C:\Users\Aran\Documents\NetBeansProjects\programming-project-group-3\ProgrammingProject\lib\gluegen-rt-natives-linux-i586.jar;C:\Users\Aran\Documents\NetBeansProjects\programming-project-group-3\ProgrammingProject\lib\gluegen-rt-natives-macosx-universal.jar;C:\Users\Aran\Documents\NetBeansProjects\programming-project-group-3\ProgrammingProject\lib\gluegen-rt-natives-windows-amd64.jar;C:\Users\Aran\Documents\NetBeansProjects\programming-project-group-3\ProgrammingProject\lib\gluegen-rt-natives-windows-i586.jar;C:\Users\Aran\Documents\NetBeansProjects\programming-project-group-3\ProgrammingProject\lib\gluegen-rt.jar;C:\Users\Aran\Documents\NetBeansProjects\programming-project-group-3\ProgrammingProject\lib\jogl-all-natives-linux-amd64.jar;C:\Users\Aran\Documents\NetBeansProjects\programming-project-group-3\ProgrammingProject\lib\jogl-all-natives-linux-armv6hf.jar;C:\Users\Aran\Documents\NetBeansProjects\programming-project-group-3\ProgrammingProject\lib\jogl-all-natives-linux-i586.jar;C:\Users\Aran\Documents\NetBeansProjects\programming-project-group-3\ProgrammingProject\lib\jogl-all-natives-macosx-universal.jar;C:\Users\Aran\Documents\NetBeansProjects\programming-project-group-3\ProgrammingProject\lib\jogl-all-natives-windows-amd64.jar;C:\Users\Aran\Documents\NetBeansProjects\programming-project-group-3\ProgrammingProject\lib\jogl-all-natives-windows-i586.jar;C:\Users\Aran\Documents\NetBeansProjects\programming-project-group-3\ProgrammingProject\lib\jogl-all.jar;C:\Users\Aran\Documents\NetBeansProjects\programming-project-group-3\ProgrammingProject\lib\mysql-connector-java-5.1.34-bin.jar;
Launcher Type: SUN_STANDARD

Environment Variables:
PATH=C:\Users\Aran\Documents\Enviroment Variables;C:\Program Files\Haskell Platform\2014.2.0.0\bin;C:\Program Files\Haskell Platform\2014.2.0.0\lib\extralibs\bin;C:\Program Files\Haskell Platform\2014.2.0.0\bin;C:\Python34;C:\Program Files\Java\jdk1.8.0_20\bin;C:\ProgramData\Oracle\Java\javapath;C:\Windows\system32;C:\Windows;C:\Windows\System32\Wbem;C:\Windows\System32\WindowsPowerShell\v1.0\;C:\Program Files\Haskell Platform\2014.2.0.0\mingw\bin;C:\Program Files (x86)\MiKTeX 2.9\miktex\bin\;C:\Program Files (x86)\Windows Kits\8.1\Windows Performance Toolkit\;C:\Program Files\Microsoft SQL Server\110\Tools\Binn\;C:\Program Files (x86)\Microsoft SDKs\TypeScript\1.0\;C:\Program Files\Microsoft SQL Server\120\Tools\Binn\;C:\Program Files (x86)\Windows Live\Shared;C:\Program Files\MATLAB\R2014b\bin;C:\Program Files (x86)\Git\cmd;C:\Users\Aran\AppData\Roaming\cabal\bin;.;
USERNAME=Aran
OS=Windows_NT
PROCESSOR_IDENTIFIER=Intel64 Family 6 Model 60 Stepping 3, GenuineIntel



---------------  S Y S T E M  ---------------

OS: Windows 8.1 , 64 bit Build 9600 

CPU:total 4 (2 cores per cpu, 2 threads per core) family 6 model 60 stepping 3, cmov, cx8, fxsr, mmx, sse, sse2, sse3, ssse3, sse4.1, sse4.2, popcnt, avx, avx2, aes, clmul, erms, lzcnt, ht, tsc, tscinvbit, bmi1, bmi2

Memory: 4k page, physical 8281560k(1299616k free), swap 15166584k(6504692k free)

vm_info: Java HotSpot(TM) 64-Bit Server VM (25.20-b23) for windows-amd64 JRE (1.8.0_20-b26), built on Jul 30 2014 13:51:23 by "java_re" with MS VC++ 10.0 (VS2010)

time: Sat Mar 21 16:40:04 2015
elapsed time: 187 seconds (0d 0h 3m 7s)

