#
# A fatal error has been detected by the Java Runtime Environment:
#
#  EXCEPTION_ACCESS_VIOLATION (0xc0000005) at pc=0x00007ffcdb6ce24e, pid=7080, tid=6540
#
# JRE version: Java(TM) SE Runtime Environment (8.0_20-b26) (build 1.8.0_20-b26)
# Java VM: Java HotSpot(TM) 64-Bit Server VM (25.20-b23 mixed mode windows-amd64 compressed oops)
# Problematic frame:
# C  [ig75icd64.dll+0x4ee24e]
#
# Failed to write core dump. Minidumps are not enabled by default on client versions of Windows
#
# If you would like to submit a bug report, please visit:
#   http://bugreport.sun.com/bugreport/crash.jsp
# The crash happened outside the Java Virtual Machine in native code.
# See problematic frame for where to report the bug.
#

---------------  T H R E A D  ---------------

Current thread (0x0000000019b95000):  JavaThread "AWT-EventQueue-0" [_thread_in_native, id=6540, stack(0x000000001c340000,0x000000001c440000)]

siginfo: ExceptionCode=0xc0000005, reading address 0x0000000000000000

Registers:
RAX=0x0000000000000000, RBX=0x000000001f586810, RCX=0x0000000000000018, RDX=0x000000001cb95f00
RSP=0x000000001c43cfd0, RBP=0x0000000000000000, RSI=0x000000001f586870, RDI=0x000000001cb7da50
R8 =0x0000000000000007, R9 =0x0000000000008000, R10=0x000000001cd3aae0, R11=0x0000000000000000
R12=0x0000000000000000, R13=0x000000001d6f6438, R14=0x000000001cb72618, R15=0x0000000000000000
RIP=0x00007ffcdb6ce24e, EFLAGS=0x0000000000010246

Top of Stack: (sp=0x000000001c43cfd0)
0x000000001c43cfd0:   000000001f58abc0 000000001f5db120
0x000000001c43cfe0:   000000001f586810 000000001cb7da50
0x000000001c43cff0:   000000001cb7da50 00007ffcdb353732
0x000000001c43d000:   000000001f5db120 000000001cb7da50
0x000000001c43d010:   0000000000000000 000000001f58abc0
0x000000001c43d020:   000000001f5db120 00007ffcdb356d72
0x000000001c43d030:   0000000000000000 000000001f599cb0
0x000000001c43d040:   000000001ccb67e0 000000001cc54200
0x000000001c43d050:   0000000019b95000 0000000000000020
0x000000001c43d060:   000000001cc54200 00007ffcdb1f1bee
0x000000001c43d070:   0000000000000000 000000001cc477d0
0x000000001c43d080:   000000001cc54200 000000001cc54200
0x000000001c43d090:   0000000000000008 00007ffcdb34fe68
0x000000001c43d0a0:   000000001cd3aae0 0000000000000000
0x000000001c43d0b0:   0000000000000018 0000000000000003
0x000000001c43d0c0:   0000000000000004 00007ffcdb1f1a1e 

Instructions: (pc=0x00007ffcdb6ce24e)
0x00007ffcdb6ce22e:   00 00 00 00 74 0d 48 8b cf 48 83 c4 20 5f e9 df
0x00007ffcdb6ce23e:   01 00 00 48 83 c4 20 5f c3 48 8b 82 78 7c 02 00
0x00007ffcdb6ce24e:   48 8b 08 48 39 4b 10 77 a8 48 8b 82 78 7c 02 00
0x00007ffcdb6ce25e:   48 8b 08 48 39 4b 18 77 98 80 bf f8 00 00 00 00 


Register to memory mapping:

RAX=0x0000000000000000 is an unknown value
RBX=0x000000001f586810 is an unknown value
RCX=0x0000000000000018 is an unknown value
RDX=0x000000001cb95f00 is an unknown value
RSP=0x000000001c43cfd0 is pointing into the stack for thread: 0x0000000019b95000
RBP=0x0000000000000000 is an unknown value
RSI=0x000000001f586870 is an unknown value
RDI=0x000000001cb7da50 is an unknown value
R8 =0x0000000000000007 is an unknown value
R9 =0x0000000000008000 is an unknown value
R10=0x000000001cd3aae0 is an unknown value
R11=0x0000000000000000 is an unknown value
R12=0x0000000000000000 is an unknown value
R13={method} {0x000000001d6f6440} 'dispatch_wglDeleteContext0' '(JJ)Z' in 'jogamp/opengl/windows/wgl/WGL'
R14=0x000000001cb72618 is an unknown value
R15=0x0000000000000000 is an unknown value


Stack: [0x000000001c340000,0x000000001c440000],  sp=0x000000001c43cfd0,  free space=1011k
Native frames: (J=compiled Java code, j=interpreted, Vv=VM code, C=native code)

Java frames: (J=compiled Java code, j=interpreted, Vv=VM code)
j  jogamp.opengl.windows.wgl.WGL.dispatch_wglDeleteContext0(JJ)Z+0
j  jogamp.opengl.windows.wgl.WGL.wglDeleteContext(J)Z+37
j  jogamp.opengl.windows.wgl.WindowsWGLContext.destroyImpl()V+10
j  jogamp.opengl.GLContextImpl.destroy()V+503
j  jogamp.opengl.GLDrawableHelper.disposeGL(Ljavax/media/opengl/GLAutoDrawable;Ljavax/media/opengl/GLContext;Z)V+128
j  javax.media.opengl.awt.GLCanvas$7.run()V+167
J 3313 C1 javax.media.opengl.Threading.invoke(ZLjava/lang/Runnable;Ljava/lang/Object;)V (39 bytes) @ 0x0000000003329ac4 [0x00000000033297c0+0x304]
j  javax.media.opengl.awt.GLCanvas.destroyImpl(Z)V+9
j  javax.media.opengl.awt.GLCanvas$2.run()V+5
j  com.jogamp.nativewindow.awt.AWTWindowClosingProtocol$WindowClosingAdapter.windowClosing(Ljava/awt/event/WindowEvent;)V+22
j  java.awt.Window.processWindowEvent(Ljava/awt/event/WindowEvent;)V+68
j  javax.swing.JFrame.processWindowEvent(Ljava/awt/event/WindowEvent;)V+2
j  java.awt.Window.processEvent(Ljava/awt/AWTEvent;)V+69
J 3229 C1 java.awt.Component.dispatchEventImpl(Ljava/awt/AWTEvent;)V (883 bytes) @ 0x000000000386c5a4 [0x00000000038670a0+0x5504]
j  java.awt.Container.dispatchEventImpl(Ljava/awt/AWTEvent;)V+42
j  java.awt.Window.dispatchEventImpl(Ljava/awt/AWTEvent;)V+19
J 3115 C1 java.awt.EventQueue.dispatchEventImpl(Ljava/awt/AWTEvent;Ljava/lang/Object;)V (149 bytes) @ 0x00000000037fec0c [0x00000000037fd580+0x168c]
J 3113 C1 java.awt.EventQueue$3.run()Ljava/lang/Void; (60 bytes) @ 0x00000000037fc9cc [0x00000000037fc7c0+0x20c]
J 2936 C1 java.awt.EventQueue$3.run()Ljava/lang/Object; (5 bytes) @ 0x0000000003774b4c [0x0000000003774ac0+0x8c]
v  ~StubRoutines::call_stub
J 2701  java.security.AccessController.doPrivileged(Ljava/security/PrivilegedAction;Ljava/security/AccessControlContext;)Ljava/lang/Object; (0 bytes) @ 0x00000000036bc466 [0x00000000036bc400+0x66]
J 2807 C1 java.security.ProtectionDomain$1.doIntersectionPrivilege(Ljava/security/PrivilegedAction;Ljava/security/AccessControlContext;Ljava/security/AccessControlContext;)Ljava/lang/Object; (32 bytes) @ 0x000000000370501c [0x0000000003704d20+0x2fc]
J 3521 C1 java.awt.EventQueue$4.run()Ljava/lang/Object; (5 bytes) @ 0x0000000002fe718c [0x0000000002fe6da0+0x3ec]
v  ~StubRoutines::call_stub
J 2701  java.security.AccessController.doPrivileged(Ljava/security/PrivilegedAction;Ljava/security/AccessControlContext;)Ljava/lang/Object; (0 bytes) @ 0x00000000036bc466 [0x00000000036bc400+0x66]
J 2934 C1 java.awt.EventQueue.dispatchEvent(Ljava/awt/AWTEvent;)V (80 bytes) @ 0x0000000003776034 [0x0000000003775380+0xcb4]
J 2941 C1 java.awt.EventDispatchThread.pumpOneEventForFilters(I)V (295 bytes) @ 0x0000000003778f1c [0x00000000037773c0+0x1b5c]
j  java.awt.EventDispatchThread.pumpEventsForFilter(ILjava/awt/Conditional;Ljava/awt/EventFilter;)V+35
j  java.awt.EventDispatchThread.pumpEventsForHierarchy(ILjava/awt/Conditional;Ljava/awt/Component;)V+11
j  java.awt.EventDispatchThread.pumpEvents(ILjava/awt/Conditional;)V+4
j  java.awt.EventDispatchThread.pumpEvents(Ljava/awt/Conditional;)V+3
j  java.awt.EventDispatchThread.run()V+9
v  ~StubRoutines::call_stub

---------------  P R O C E S S  ---------------

Java Threads: ( => current thread )
  0x000000001d854000 JavaThread "Abandoned connection cleanup thread" daemon [_thread_blocked, id=3420, stack(0x0000000021820000,0x0000000021920000)]
  0x000000001d7fd000 JavaThread "Animation Thread-SharedResourceRunner" daemon [_thread_blocked, id=3476, stack(0x000000001e750000,0x000000001e850000)]
  0x0000000002d2e000 JavaThread "DestroyJavaVM" [_thread_blocked, id=3108, stack(0x0000000002b70000,0x0000000002c70000)]
  0x0000000019bdf000 JavaThread "Animation Thread" [_thread_blocked, id=5288, stack(0x000000001d280000,0x000000001d380000)]
  0x0000000019baa000 JavaThread "D3D Screen Updater" daemon [_thread_blocked, id=6312, stack(0x000000001c540000,0x000000001c640000)]
=>0x0000000019b95000 JavaThread "AWT-EventQueue-0" [_thread_in_native, id=6540, stack(0x000000001c340000,0x000000001c440000)]
  0x00000000195be800 JavaThread "AWT-Windows" daemon [_thread_in_native, id=4836, stack(0x000000001a4b0000,0x000000001a5b0000)]
  0x00000000195bd800 JavaThread "AWT-Shutdown" [_thread_blocked, id=5080, stack(0x000000001a3b0000,0x000000001a4b0000)]
  0x0000000019b00000 JavaThread "Java2D Disposer" daemon [_thread_blocked, id=4196, stack(0x000000001a2b0000,0x000000001a3b0000)]
  0x00000000179ce000 JavaThread "Service Thread" daemon [_thread_blocked, id=3580, stack(0x00000000195c0000,0x00000000196c0000)]
  0x000000001796e000 JavaThread "C1 CompilerThread2" daemon [_thread_blocked, id=6904, stack(0x00000000190c0000,0x00000000191c0000)]
  0x000000001796a800 JavaThread "C2 CompilerThread1" daemon [_thread_blocked, id=1772, stack(0x0000000018fc0000,0x00000000190c0000)]
  0x0000000017979000 JavaThread "C2 CompilerThread0" daemon [_thread_blocked, id=3460, stack(0x0000000018ec0000,0x0000000018fc0000)]
  0x0000000017977000 JavaThread "Attach Listener" daemon [_thread_blocked, id=1248, stack(0x0000000018dc0000,0x0000000018ec0000)]
  0x0000000017976000 JavaThread "Signal Dispatcher" daemon [_thread_blocked, id=1004, stack(0x0000000018cc0000,0x0000000018dc0000)]
  0x0000000002e27000 JavaThread "Finalizer" daemon [_thread_blocked, id=7088, stack(0x0000000018bc0000,0x0000000018cc0000)]
  0x0000000002e1e000 JavaThread "Reference Handler" daemon [_thread_blocked, id=6648, stack(0x0000000018ac0000,0x0000000018bc0000)]

Other Threads:
  0x0000000017935800 VMThread [stack: 0x00000000189c0000,0x0000000018ac0000] [id=6180]
  0x00000000191e8000 WatcherThread [stack: 0x00000000196c0000,0x00000000197c0000] [id=776]

VM state:not at safepoint (normal execution)

VM Mutex/Monitor currently owned by a thread: None

Heap:
 PSYoungGen      total 231424K, used 124007K [0x00000000d5e00000, 0x00000000efd00000, 0x0000000100000000)
  eden space 60416K, 7% used [0x00000000d5e00000,0x00000000d62a5560,0x00000000d9900000)
  from space 171008K, 69% used [0x00000000d9900000,0x00000000e0d74970,0x00000000e4000000)
  to   space 179712K, 0% used [0x00000000e4d80000,0x00000000e4d80000,0x00000000efd00000)
 ParOldGen       total 210944K, used 121634K [0x0000000081a00000, 0x000000008e800000, 0x00000000d5e00000)
  object space 210944K, 57% used [0x0000000081a00000,0x00000000890c8978,0x000000008e800000)
 Metaspace       used 22859K, capacity 23055K, committed 23296K, reserved 1071104K
  class space    used 2123K, capacity 2180K, committed 2304K, reserved 1048576K

Card table byte_map: [0x00000000121f0000,0x00000000125f0000] byte_map_base: 0x0000000011de3000

Marking Bits: (ParMarkBitMap*) 0x0000000077e1b460
 Begin Bits: [0x0000000012ca0000, 0x0000000014c38000)
 End Bits:   [0x0000000014c38000, 0x0000000016bd0000)

Polling page: 0x0000000001380000

CodeCache: size=245760Kb used=10791Kb max_used=11201Kb free=234968Kb
 bounds [0x0000000002e30000, 0x0000000003950000, 0x0000000011e30000]
 total_blobs=4048 nmethods=3075 adapters=885
 compilation: enabled

Compilation events (10 events):
Event: 106.445 Thread 0x0000000017979000 3583       4       processing.opengl.PGraphicsOpenGL$IndexCache::init (82 bytes)
Event: 106.466 Thread 0x0000000017979000 nmethod 3583 0x000000000334de50 code [0x000000000334dfa0, 0x000000000334e238]
Event: 106.603 Thread 0x000000001796a800 3584       4       controlP5.ControllerGroup::continuousUpdateEvents (45 bytes)
Event: 106.628 Thread 0x000000001796a800 nmethod 3584 0x0000000003587410 code [0x0000000003587580, 0x0000000003587cb8]
Event: 106.961 Thread 0x000000001796e000 3585       1       java.awt.EventDispatchThread$1::evaluate (2 bytes)
Event: 106.962 Thread 0x000000001796e000 nmethod 3585 0x0000000003348910 code [0x0000000003348a60, 0x0000000003348b70]
Event: 109.630 Thread 0x0000000017979000 3586       4       processing.opengl.PGraphicsOpenGL::textLineImpl (256 bytes)
Event: 109.764 Thread 0x0000000017979000 nmethod 3586 0x000000000327a450 code [0x000000000327a700, 0x000000000327b788]
Event: 110.705 Thread 0x000000001796a800 3587       4       processing.opengl.FrameBuffer::contextIsOutdated (138 bytes)
Event: 110.721 Thread 0x000000001796a800 nmethod 3587 0x0000000003113390 code [0x0000000003113500, 0x0000000003113740]

GC Heap History (10 events):
Event: 65.120 GC heap before
{Heap before GC invocations=19 (full 2):
 PSYoungGen      total 164864K, used 164806K [0x00000000d5e00000, 0x00000000e8880000, 0x0000000100000000)
  eden space 74240K, 99% used [0x00000000d5e00000,0x00000000da673978,0x00000000da680000)
  from space 90624K, 99% used [0x00000000e0f80000,0x00000000e67fe1a0,0x00000000e6800000)
  to   space 107520K, 0% used [0x00000000da680000,0x00000000da680000,0x00000000e0f80000)
 ParOldGen       total 210944K, used 100802K [0x0000000081a00000, 0x000000008e800000, 0x00000000d5e00000)
  object space 210944K, 47% used [0x0000000081a00000,0x0000000087c709a8,0x000000008e800000)
 Metaspace       used 22719K, capacity 22927K, committed 23296K, reserved 1071104K
  class space    used 2122K, capacity 2180K, committed 2304K, reserved 1048576K
Event: 65.196 GC heap after
Heap after GC invocations=19 (full 2):
 PSYoungGen      total 181760K, used 107513K [0x00000000d5e00000, 0x00000000ea800000, 0x0000000100000000)
  eden space 74240K, 0% used [0x00000000d5e00000,0x00000000d5e00000,0x00000000da680000)
  from space 107520K, 99% used [0x00000000da680000,0x00000000e0f7e670,0x00000000e0f80000)
  to   space 128000K, 0% used [0x00000000e2b00000,0x00000000e2b00000,0x00000000ea800000)
 ParOldGen       total 210944K, used 108497K [0x0000000081a00000, 0x000000008e800000, 0x00000000d5e00000)
  object space 210944K, 51% used [0x0000000081a00000,0x00000000883f4648,0x000000008e800000)
 Metaspace       used 22719K, capacity 22927K, committed 23296K, reserved 1071104K
  class space    used 2122K, capacity 2180K, committed 2304K, reserved 1048576K
}
Event: 73.383 GC heap before
{Heap before GC invocations=20 (full 2):
 PSYoungGen      total 181760K, used 181753K [0x00000000d5e00000, 0x00000000ea800000, 0x0000000100000000)
  eden space 74240K, 100% used [0x00000000d5e00000,0x00000000da680000,0x00000000da680000)
  from space 107520K, 99% used [0x00000000da680000,0x00000000e0f7e670,0x00000000e0f80000)
  to   space 128000K, 0% used [0x00000000e2b00000,0x00000000e2b00000,0x00000000ea800000)
 ParOldGen       total 210944K, used 108497K [0x0000000081a00000, 0x000000008e800000, 0x00000000d5e00000)
  object space 210944K, 51% used [0x0000000081a00000,0x00000000883f4648,0x000000008e800000)
 Metaspace       used 22774K, capacity 22927K, committed 23296K, reserved 1071104K
  class space    used 2122K, capacity 2180K, committed 2304K, reserved 1048576K
Event: 73.652 GC heap after
Heap after GC invocations=20 (full 2):
 PSYoungGen      total 192512K, used 116562K [0x00000000d5e00000, 0x00000000ecb00000, 0x0000000100000000)
  eden space 64512K, 0% used [0x00000000d5e00000,0x00000000d5e00000,0x00000000d9d00000)
  from space 128000K, 91% used [0x00000000e2b00000,0x00000000e9cd4970,0x00000000ea800000)
  to   space 145408K, 0% used [0x00000000d9d00000,0x00000000d9d00000,0x00000000e2b00000)
 ParOldGen       total 210944K, used 121618K [0x0000000081a00000, 0x000000008e800000, 0x00000000d5e00000)
  object space 210944K, 57% used [0x0000000081a00000,0x00000000890c4978,0x000000008e800000)
 Metaspace       used 22774K, capacity 22927K, committed 23296K, reserved 1071104K
  class space    used 2122K, capacity 2180K, committed 2304K, reserved 1048576K
}
Event: 85.121 GC heap before
{Heap before GC invocations=21 (full 2):
 PSYoungGen      total 192512K, used 181074K [0x00000000d5e00000, 0x00000000ecb00000, 0x0000000100000000)
  eden space 64512K, 100% used [0x00000000d5e00000,0x00000000d9d00000,0x00000000d9d00000)
  from space 128000K, 91% used [0x00000000e2b00000,0x00000000e9cd4970,0x00000000ea800000)
  to   space 145408K, 0% used [0x00000000d9d00000,0x00000000d9d00000,0x00000000e2b00000)
 ParOldGen       total 210944K, used 121618K [0x0000000081a00000, 0x000000008e800000, 0x00000000d5e00000)
  object space 210944K, 57% used [0x0000000081a00000,0x00000000890c4978,0x000000008e800000)
 Metaspace       used 22851K, capacity 23055K, committed 23296K, reserved 1071104K
  class space    used 2122K, capacity 2180K, committed 2304K, reserved 1048576K
Event: 85.226 GC heap after
Heap after GC invocations=21 (full 2):
 PSYoungGen      total 209920K, used 119194K [0x00000000d5e00000, 0x00000000edc00000, 0x0000000100000000)
  eden space 64512K, 0% used [0x00000000d5e00000,0x00000000d5e00000,0x00000000d9d00000)
  from space 145408K, 81% used [0x00000000d9d00000,0x00000000e11669d0,0x00000000e2b00000)
  to   space 159744K, 0% used [0x00000000e4000000,0x00000000e4000000,0x00000000edc00000)
 ParOldGen       total 210944K, used 121626K [0x0000000081a00000, 0x000000008e800000, 0x00000000d5e00000)
  object space 210944K, 57% used [0x0000000081a00000,0x00000000890c6978,0x000000008e800000)
 Metaspace       used 22851K, capacity 23055K, committed 23296K, reserved 1071104K
  class space    used 2122K, capacity 2180K, committed 2304K, reserved 1048576K
}
Event: 98.197 GC heap before
{Heap before GC invocations=22 (full 2):
 PSYoungGen      total 209920K, used 183706K [0x00000000d5e00000, 0x00000000edc00000, 0x0000000100000000)
  eden space 64512K, 100% used [0x00000000d5e00000,0x00000000d9d00000,0x00000000d9d00000)
  from space 145408K, 81% used [0x00000000d9d00000,0x00000000e11669d0,0x00000000e2b00000)
  to   space 159744K, 0% used [0x00000000e4000000,0x00000000e4000000,0x00000000edc00000)
 ParOldGen       total 210944K, used 121626K [0x0000000081a00000, 0x000000008e800000, 0x00000000d5e00000)
  object space 210944K, 57% used [0x0000000081a00000,0x00000000890c6978,0x000000008e800000)
 Metaspace       used 22858K, capacity 23055K, committed 23296K, reserved 1071104K
  class space    used 2123K, capacity 2180K, committed 2304K, reserved 1048576K
Event: 98.305 GC heap after
Heap after GC invocations=22 (full 2):
 PSYoungGen      total 220160K, used 119282K [0x00000000d5e00000, 0x00000000ef100000, 0x0000000100000000)
  eden space 60416K, 0% used [0x00000000d5e00000,0x00000000d5e00000,0x00000000d9900000)
  from space 159744K, 74% used [0x00000000e4000000,0x00000000eb47c970,0x00000000edc00000)
  to   space 171008K, 0% used [0x00000000d9900000,0x00000000d9900000,0x00000000e4000000)
 ParOldGen       total 210944K, used 121626K [0x0000000081a00000, 0x000000008e800000, 0x00000000d5e00000)
  object space 210944K, 57% used [0x0000000081a00000,0x00000000890c6978,0x000000008e800000)
 Metaspace       used 22858K, capacity 23055K, committed 23296K, reserved 1071104K
  class space    used 2123K, capacity 2180K, committed 2304K, reserved 1048576K
}
Event: 110.342 GC heap before
{Heap before GC invocations=23 (full 2):
 PSYoungGen      total 220160K, used 179698K [0x00000000d5e00000, 0x00000000ef100000, 0x0000000100000000)
  eden space 60416K, 100% used [0x00000000d5e00000,0x00000000d9900000,0x00000000d9900000)
  from space 159744K, 74% used [0x00000000e4000000,0x00000000eb47c970,0x00000000edc00000)
  to   space 171008K, 0% used [0x00000000d9900000,0x00000000d9900000,0x00000000e4000000)
 ParOldGen       total 210944K, used 121626K [0x0000000081a00000, 0x000000008e800000, 0x00000000d5e00000)
  object space 210944K, 57% used [0x0000000081a00000,0x00000000890c6978,0x000000008e800000)
 Metaspace       used 22859K, capacity 23055K, committed 23296K, reserved 1071104K
  class space    used 2123K, capacity 2180K, committed 2304K, reserved 1048576K
Event: 110.428 GC heap after
Heap after GC invocations=23 (full 2):
 PSYoungGen      total 231424K, used 119250K [0x00000000d5e00000, 0x00000000efd00000, 0x0000000100000000)
  eden space 60416K, 0% used [0x00000000d5e00000,0x00000000d5e00000,0x00000000d9900000)
  from space 171008K, 69% used [0x00000000d9900000,0x00000000e0d74970,0x00000000e4000000)
  to   space 179712K, 0% used [0x00000000e4d80000,0x00000000e4d80000,0x00000000efd00000)
 ParOldGen       total 210944K, used 121634K [0x0000000081a00000, 0x000000008e800000, 0x00000000d5e00000)
  object space 210944K, 57% used [0x0000000081a00000,0x00000000890c8978,0x000000008e800000)
 Metaspace       used 22859K, capacity 23055K, committed 23296K, reserved 1071104K
  class space    used 2123K, capacity 2180K, committed 2304K, reserved 1048576K
}

Deoptimization events (10 events):
Event: 8.972 Thread 0x0000000019b95000 Uncommon trap: reason=bimorphic action=maybe_recompile pc=0x00000000032283b4 method=java.util.ArrayList.indexOf(Ljava/lang/Object;)I @ 51
Event: 9.036 Thread 0x0000000019b95000 Uncommon trap: reason=class_check action=maybe_recompile pc=0x000000000326cfd4 method=com.jogamp.common.nio.Buffers.getDirectBufferByteOffset(Ljava/lang/Object;)I @ 42
Event: 9.172 Thread 0x0000000019b95000 Uncommon trap: reason=bimorphic action=maybe_recompile pc=0x00000000032283b4 method=java.util.ArrayList.indexOf(Ljava/lang/Object;)I @ 51
Event: 9.342 Thread 0x0000000019b95000 Uncommon trap: reason=bimorphic action=maybe_recompile pc=0x00000000032283b4 method=java.util.ArrayList.indexOf(Ljava/lang/Object;)I @ 51
Event: 9.500 Thread 0x0000000019b95000 Uncommon trap: reason=bimorphic action=maybe_recompile pc=0x00000000032283b4 method=java.util.ArrayList.indexOf(Ljava/lang/Object;)I @ 51
Event: 19.285 Thread 0x0000000019b95000 Uncommon trap: reason=unreached action=reinterpret pc=0x00000000035d3df8 method=com.mysql.jdbc.ResultSetImpl.next()Z @ 107
Event: 19.689 Thread 0x0000000019b95000 Uncommon trap: reason=unreached action=reinterpret pc=0x00000000033e6018 method=java.awt.font.FontRenderContext.equals(Ljava/awt/font/FontRenderContext;)Z @ 2
Event: 43.639 Thread 0x0000000019b95000 Uncommon trap: reason=predicate action=maybe_recompile pc=0x0000000003802764 method=java.util.Arrays.fill([Ljava/lang/Object;IILjava/lang/Object;)V @ 16
Event: 44.066 Thread 0x0000000019b95000 Uncommon trap: reason=array_check action=maybe_recompile pc=0x00000000037a6180 method=java.util.Arrays.fill([Ljava/lang/Object;IILjava/lang/Object;)V @ 20
Event: 72.191 Thread 0x0000000019b95000 Uncommon trap: reason=null_check action=make_not_entrant pc=0x00000000035b0c80 method=com.mysql.jdbc.ResultSetImpl.findColumn(Ljava/lang/String;)I @ 33

Internal exceptions (10 events):
Event: 6.051 Thread 0x0000000019b95000 Exception <a 'java/security/PrivilegedActionException'> (0x00000000d614a428) thrown at [D:\re\workspace\8-2-build-windows-amd64-cygwin\jdk8u20\1074\hotspot\src\share\vm\prims\jvm.cpp, line 1275]
Event: 6.053 Thread 0x0000000019b95000 Exception <a 'java/security/PrivilegedActionException'> (0x00000000d614db28) thrown at [D:\re\workspace\8-2-build-windows-amd64-cygwin\jdk8u20\1074\hotspot\src\share\vm\prims\jvm.cpp, line 1275]
Event: 6.857 Thread 0x0000000019b95000 Exception <a 'java/security/PrivilegedActionException'> (0x00000000d6de41d8) thrown at [D:\re\workspace\8-2-build-windows-amd64-cygwin\jdk8u20\1074\hotspot\src\share\vm\prims\jvm.cpp, line 1275]
Event: 7.911 Thread 0x0000000019fed000 Implicit null exception at 0x00000000032776da to 0x000000000327b494
Event: 8.697 Thread 0x0000000019b95000 Exception <a 'java/security/PrivilegedActionException'> (0x00000000d63169c8) thrown at [D:\re\workspace\8-2-build-windows-amd64-cygwin\jdk8u20\1074\hotspot\src\share\vm\prims\jvm.cpp, line 1275]
Event: 8.816 Thread 0x0000000019b95000 Exception <a 'java/security/PrivilegedActionException'> (0x00000000d631fa68) thrown at [D:\re\workspace\8-2-build-windows-amd64-cygwin\jdk8u20\1074\hotspot\src\share\vm\prims\jvm.cpp, line 1275]
Event: 17.608 Thread 0x0000000019b95000 Exception <a 'java/security/PrivilegedActionException'> (0x00000000d5e6cc60) thrown at [D:\re\workspace\8-2-build-windows-amd64-cygwin\jdk8u20\1074\hotspot\src\share\vm\prims\jvm.cpp, line 1275]
Event: 18.300 Thread 0x0000000019b95000 Exception <a 'java/security/PrivilegedActionException'> (0x00000000d7401350) thrown at [D:\re\workspace\8-2-build-windows-amd64-cygwin\jdk8u20\1074\hotspot\src\share\vm\prims\jvm.cpp, line 1275]
Event: 19.285 Thread 0x0000000019b95000 Exception <a 'java/security/PrivilegedActionException'> (0x00000000d65f96f0) thrown at [D:\re\workspace\8-2-build-windows-amd64-cygwin\jdk8u20\1074\hotspot\src\share\vm\prims\jvm.cpp, line 1275]
Event: 72.191 Thread 0x0000000019b95000 Implicit null exception at 0x00000000035b0857 to 0x00000000035b0c65

Events (10 events):
Event: 80.623 Thread 0x000000001796e000 flushing nmethod 0x0000000003624cd0
Event: 80.623 Thread 0x000000001796e000 flushing nmethod 0x00000000036306d0
Event: 85.121 Executing VM operation: ParallelGCFailedAllocation
Event: 85.226 Executing VM operation: ParallelGCFailedAllocation done
Event: 91.065 loading class java/util/ArrayList$1
Event: 91.065 loading class java/util/ArrayList$1 done
Event: 98.197 Executing VM operation: ParallelGCFailedAllocation
Event: 98.305 Executing VM operation: ParallelGCFailedAllocation done
Event: 110.342 Executing VM operation: ParallelGCFailedAllocation
Event: 110.428 Executing VM operation: ParallelGCFailedAllocation done


Dynamic libraries:
0x00007ff7a7120000 - 0x00007ff7a7154000 	C:\Program Files\Java\jdk1.8.0_20\jre\bin\java.exe
0x00007ffcf9470000 - 0x00007ffcf961c000 	C:\Windows\SYSTEM32\ntdll.dll
0x00007ffcf76d0000 - 0x00007ffcf780e000 	C:\Windows\system32\KERNEL32.DLL
0x00007ffcf69d0000 - 0x00007ffcf6ae5000 	C:\Windows\system32\KERNELBASE.dll
0x00007ffcf25c0000 - 0x00007ffcf264e000 	C:\Windows\system32\apphelp.dll
0x00007ffcf3350000 - 0x00007ffcf33a3000 	C:\Windows\AppPatch\AppPatch64\AcGenral.DLL
0x00007ffcf6b60000 - 0x00007ffcf6c0a000 	C:\Windows\system32\msvcrt.dll
0x00007ffcf63f0000 - 0x00007ffcf641e000 	C:\Windows\SYSTEM32\SspiCli.dll
0x00007ffcf7b50000 - 0x00007ffcf7ba4000 	C:\Windows\system32\SHLWAPI.dll
0x00007ffcf9290000 - 0x00007ffcf9407000 	C:\Windows\system32\USER32.dll
0x00007ffcf7330000 - 0x00007ffcf74c4000 	C:\Windows\system32\ole32.dll
0x00007ffcf7d70000 - 0x00007ffcf9288000 	C:\Windows\system32\SHELL32.dll
0x00007ffcf5d80000 - 0x00007ffcf5da1000 	C:\Windows\SYSTEM32\USERENV.dll
0x00007ffcf7610000 - 0x00007ffcf76ba000 	C:\Windows\system32\ADVAPI32.dll
0x00007ffce98e0000 - 0x00007ffce98fe000 	C:\Windows\SYSTEM32\MPR.dll
0x00007ffcf7000000 - 0x00007ffcf7141000 	C:\Windows\system32\RPCRT4.dll
0x00007ffcf6af0000 - 0x00007ffcf6b49000 	C:\Windows\SYSTEM32\sechost.dll
0x00007ffcf6de0000 - 0x00007ffcf6ff1000 	C:\Windows\SYSTEM32\combase.dll
0x00007ffcf6c80000 - 0x00007ffcf6dd1000 	C:\Windows\system32\GDI32.dll
0x00007ffcf65c0000 - 0x00007ffcf65d5000 	C:\Windows\SYSTEM32\profapi.dll
0x00007ffcf5110000 - 0x00007ffcf51c2000 	C:\Windows\SYSTEM32\SHCORE.dll
0x00007ffcf9430000 - 0x00007ffcf9466000 	C:\Windows\system32\IMM32.DLL
0x00007ffcf7c10000 - 0x00007ffcf7d61000 	C:\Windows\system32\MSCTF.dll
0x00007ffcf46c0000 - 0x00007ffcf493b000 	C:\Windows\WinSxS\amd64_microsoft.windows.common-controls_6595b64144ccf1df_6.0.9600.17415_none_6240486fecbd8abb\COMCTL32.dll
0x0000000077560000 - 0x0000000077632000 	C:\Program Files\Java\jdk1.8.0_20\jre\bin\msvcr100.dll
0x0000000077640000 - 0x0000000077e98000 	C:\Program Files\Java\jdk1.8.0_20\jre\bin\server\jvm.dll
0x00007ffcda860000 - 0x00007ffcda869000 	C:\Windows\SYSTEM32\WSOCK32.dll
0x00007ffcf4c30000 - 0x00007ffcf4c52000 	C:\Windows\SYSTEM32\WINMM.dll
0x00007ffcf76c0000 - 0x00007ffcf76c7000 	C:\Windows\system32\PSAPI.DLL
0x00007ffcf6c20000 - 0x00007ffcf6c7a000 	C:\Windows\system32\WS2_32.dll
0x00007ffcf4bd0000 - 0x00007ffcf4bfa000 	C:\Windows\SYSTEM32\WINMMBASE.dll
0x00007ffcf6b50000 - 0x00007ffcf6b59000 	C:\Windows\system32\NSI.dll
0x00007ffcf67a0000 - 0x00007ffcf67ef000 	C:\Windows\SYSTEM32\cfgmgr32.dll
0x00007ffcf53b0000 - 0x00007ffcf53d8000 	C:\Windows\SYSTEM32\DEVOBJ.dll
0x0000000077550000 - 0x000000007755f000 	C:\Program Files\Java\jdk1.8.0_20\jre\bin\verify.dll
0x0000000077520000 - 0x0000000077548000 	C:\Program Files\Java\jdk1.8.0_20\jre\bin\java.dll
0x0000000077500000 - 0x0000000077516000 	C:\Program Files\Java\jdk1.8.0_20\jre\bin\zip.dll
0x0000000077320000 - 0x00000000774b8000 	C:\Program Files\Java\jdk1.8.0_20\jre\bin\awt.dll
0x00007ffcf7540000 - 0x00007ffcf7601000 	C:\Windows\system32\OLEAUT32.dll
0x00007ffcf4970000 - 0x00007ffcf4991000 	C:\Windows\system32\DWMAPI.DLL
0x00007ffcf5230000 - 0x00007ffcf5359000 	C:\Windows\system32\uxtheme.dll
0x00007ffcf5400000 - 0x00007ffcf540b000 	C:\Windows\SYSTEM32\kernel.appcore.dll
0x00007ffcf6490000 - 0x00007ffcf649b000 	C:\Windows\SYSTEM32\CRYPTBASE.dll
0x00007ffcf6420000 - 0x00007ffcf6483000 	C:\Windows\SYSTEM32\bcryptPrimitives.dll
0x00007ffcea560000 - 0x00007ffcea781000 	C:\Windows\system32\d3d9.dll
0x00007ffcf4b50000 - 0x00007ffcf4b5a000 	C:\Windows\SYSTEM32\VERSION.dll
0x00007ffcf3c50000 - 0x00007ffcf3db4000 	C:\Windows\SYSTEM32\nvumdshimx.dll
0x00007ffcf7150000 - 0x00007ffcf732a000 	C:\Windows\system32\SETUPAPI.dll
0x00007ffcf4db0000 - 0x00007ffcf4de2000 	C:\Windows\SYSTEM32\nvinitx.dll
0x00007ffcd83f0000 - 0x00007ffcd970f000 	C:\Windows\system32\igdumdim64.dll
0x00007ffceacc0000 - 0x00007ffceb645000 	C:\Windows\SYSTEM32\igdusc64.dll
0x00000000772d0000 - 0x0000000077317000 	C:\Program Files\Java\jdk1.8.0_20\jre\bin\fontmanager.dll
0x00007ffcf5ff0000 - 0x00007ffcf6010000 	C:\Windows\SYSTEM32\CRYPTSP.dll
0x00007ffcf5a70000 - 0x00007ffcf5aa6000 	C:\Windows\system32\rsaenh.dll
0x00007ffcf60e0000 - 0x00007ffcf6106000 	C:\Windows\SYSTEM32\bcrypt.dll
0x00000000774e0000 - 0x00000000774fa000 	C:\Program Files\Java\jdk1.8.0_20\jre\bin\net.dll
0x00007ffcf5d20000 - 0x00007ffcf5d79000 	C:\Windows\system32\mswsock.dll
0x00007ffcf2750000 - 0x00007ffcf277a000 	C:\Windows\SYSTEM32\IPHLPAPI.DLL
0x00007ffcf2740000 - 0x00007ffcf274a000 	C:\Windows\SYSTEM32\WINNSI.DLL
0x00007ffcee930000 - 0x00007ffcee946000 	C:\Windows\SYSTEM32\dhcpcsvc6.DLL
0x00007ffceeb30000 - 0x00007ffceeb4a000 	C:\Windows\SYSTEM32\dhcpcsvc.DLL
0x00000000774c0000 - 0x00000000774d1000 	C:\Program Files\Java\jdk1.8.0_20\jre\bin\nio.dll
0x00000000637c0000 - 0x00000000637cd000 	C:\Users\Aran\AppData\Local\Temp\jogamp_0000\file_cache\jln965282991610080521\jln2965998217258464406\gluegen-rt.dll
0x0000000076650000 - 0x0000000076657000 	C:\Program Files\Java\jdk1.8.0_20\jre\bin\jawt.dll
0x000000006a440000 - 0x000000006a44d000 	C:\Users\Aran\AppData\Local\Temp\jogamp_0000\file_cache\jln965282991610080521\jln2965998217258464406\nativewindow_awt.dll
0x000000006c100000 - 0x000000006c10f000 	C:\Users\Aran\AppData\Local\Temp\jogamp_0000\file_cache\jln965282991610080521\jln2965998217258464406\nativewindow_win32.dll
0x00007ffce8380000 - 0x00007ffce84ab000 	C:\Windows\SYSTEM32\OpenGL32.dll
0x00007ffcf1030000 - 0x00007ffcf105e000 	C:\Windows\SYSTEM32\GLU32.dll
0x00007ffce3640000 - 0x00007ffce3738000 	C:\Windows\SYSTEM32\DDRAW.dll
0x00007ffcf2f10000 - 0x00007ffcf2f19000 	C:\Windows\SYSTEM32\DCIMAN32.dll
0x0000000064500000 - 0x00000000645a0000 	C:\Users\Aran\AppData\Local\Temp\jogamp_0000\file_cache\jln965282991610080521\jln2965998217258464406\jogl_desktop.dll
0x00007ffcf4c60000 - 0x00007ffcf4cbb000 	C:\Windows\system32\NV\nvoglshim64.dll
0x00007ffcdb1e0000 - 0x00007ffcdba64000 	C:\Windows\system32\ig75icd64.dll
0x00007ffcf6560000 - 0x00007ffcf65a6000 	C:\Windows\SYSTEM32\powrprof.dll
0x0000000077280000 - 0x00000000772c1000 	C:\Program Files\Java\jdk1.8.0_20\jre\bin\t2k.dll
0x00007ffcf5b90000 - 0x00007ffcf5c34000 	C:\Windows\SYSTEM32\DNSAPI.dll
0x00007ffceca10000 - 0x00007ffceca1a000 	C:\Windows\System32\rasadhlp.dll
0x00007ffceea00000 - 0x00007ffceea6b000 	C:\Windows\System32\fwpuclnt.dll
0x00007ffcf3980000 - 0x00007ffcf3b0a000 	C:\Windows\SYSTEM32\dbghelp.dll

VM Arguments:
jvm_args: -Dfile.encoding=UTF-8 
java_command: programmingproject.ProgrammingProject
java_class_path (initial): C:\Users\Aran\Documents\NetBeansProjects\programming-project-group-3\ProgrammingProject\lib\core.jar;C:\Users\Aran\Documents\NetBeansProjects\programming-project-group-3\ProgrammingProject\lib\gluegen-rt-natives-linux-amd64.jar;C:\Users\Aran\Documents\NetBeansProjects\programming-project-group-3\ProgrammingProject\lib\gluegen-rt-natives-linux-armv6hf.jar;C:\Users\Aran\Documents\NetBeansProjects\programming-project-group-3\ProgrammingProject\lib\gluegen-rt-natives-linux-i586.jar;C:\Users\Aran\Documents\NetBeansProjects\programming-project-group-3\ProgrammingProject\lib\gluegen-rt-natives-macosx-universal.jar;C:\Users\Aran\Documents\NetBeansProjects\programming-project-group-3\ProgrammingProject\lib\gluegen-rt-natives-windows-amd64.jar;C:\Users\Aran\Documents\NetBeansProjects\programming-project-group-3\ProgrammingProject\lib\gluegen-rt-natives-windows-i586.jar;C:\Users\Aran\Documents\NetBeansProjects\programming-project-group-3\ProgrammingProject\lib\gluegen-rt.jar;C:\Users\Aran\Documents\NetBeansProjects\programming-project-group-3\ProgrammingProject\lib\jogl-all-natives-linux-amd64.jar;C:\Users\Aran\Documents\NetBeansProjects\programming-project-group-3\ProgrammingProject\lib\jogl-all-natives-linux-armv6hf.jar;C:\Users\Aran\Documents\NetBeansProjects\programming-project-group-3\ProgrammingProject\lib\jogl-all-natives-linux-i586.jar;C:\Users\Aran\Documents\NetBeansProjects\programming-project-group-3\ProgrammingProject\lib\jogl-all-natives-macosx-universal.jar;C:\Users\Aran\Documents\NetBeansProjects\programming-project-group-3\ProgrammingProject\lib\jogl-all-natives-windows-amd64.jar;C:\Users\Aran\Documents\NetBeansProjects\programming-project-group-3\ProgrammingProject\lib\jogl-all-natives-windows-i586.jar;C:\Users\Aran\Documents\NetBeansProjects\programming-project-group-3\ProgrammingProject\lib\jogl-all.jar;C:\Users\Aran\Documents\NetBeansProjects\programming-project-group-3\ProgrammingProject\lib\mysql-connector-java-5.1.34-bin.jar;
Launcher Type: SUN_STANDARD

Environment Variables:
PATH=C:\Users\Aran\Documents\Enviroment Variables;C:\Program Files\Haskell Platform\2014.2.0.0\bin;C:\Program Files\Haskell Platform\2014.2.0.0\lib\extralibs\bin;C:\Program Files\Haskell Platform\2014.2.0.0\bin;C:\Python34;C:\Program Files\Java\jdk1.8.0_20\bin;C:\ProgramData\Oracle\Java\javapath;C:\Windows\system32;C:\Windows;C:\Windows\System32\Wbem;C:\Windows\System32\WindowsPowerShell\v1.0\;C:\Program Files\Haskell Platform\2014.2.0.0\mingw\bin;C:\Program Files (x86)\MiKTeX 2.9\miktex\bin\;C:\Program Files (x86)\Windows Kits\8.1\Windows Performance Toolkit\;C:\Program Files\Microsoft SQL Server\110\Tools\Binn\;C:\Program Files (x86)\Microsoft SDKs\TypeScript\1.0\;C:\Program Files\Microsoft SQL Server\120\Tools\Binn\;C:\Program Files (x86)\Windows Live\Shared;C:\Program Files\MATLAB\R2014b\bin;C:\Program Files (x86)\Git\cmd;C:\Users\Aran\AppData\Roaming\cabal\bin;.;
USERNAME=Aran
OS=Windows_NT
PROCESSOR_IDENTIFIER=Intel64 Family 6 Model 60 Stepping 3, GenuineIntel



---------------  S Y S T E M  ---------------

OS: Windows 8.1 , 64 bit Build 9600 

CPU:total 4 (2 cores per cpu, 2 threads per core) family 6 model 60 stepping 3, cmov, cx8, fxsr, mmx, sse, sse2, sse3, ssse3, sse4.1, sse4.2, popcnt, avx, avx2, aes, clmul, erms, lzcnt, ht, tsc, tscinvbit, bmi1, bmi2

Memory: 4k page, physical 8281560k(2836136k free), swap 15187644k(7503172k free)

vm_info: Java HotSpot(TM) 64-Bit Server VM (25.20-b23) for windows-amd64 JRE (1.8.0_20-b26), built on Jul 30 2014 13:51:23 by "java_re" with MS VC++ 10.0 (VS2010)

time: Sat Mar 21 22:35:48 2015
elapsed time: 111 seconds (0d 0h 1m 51s)

