#
# A fatal error has been detected by the Java Runtime Environment:
#
#  EXCEPTION_ACCESS_VIOLATION (0xc0000005) at pc=0x00007ffcd9dae24e, pid=3516, tid=1800
#
# JRE version: Java(TM) SE Runtime Environment (8.0_20-b26) (build 1.8.0_20-b26)
# Java VM: Java HotSpot(TM) 64-Bit Server VM (25.20-b23 mixed mode windows-amd64 compressed oops)
# Problematic frame:
# C  [ig75icd64.dll+0x4ee24e]
#
# Failed to write core dump. Minidumps are not enabled by default on client versions of Windows
#
# If you would like to submit a bug report, please visit:
#   http://bugreport.sun.com/bugreport/crash.jsp
# The crash happened outside the Java Virtual Machine in native code.
# See problematic frame for where to report the bug.
#

---------------  T H R E A D  ---------------

Current thread (0x000000001974c800):  JavaThread "AWT-EventQueue-0" [_thread_in_native, id=1800, stack(0x000000001bee0000,0x000000001bfe0000)]

siginfo: ExceptionCode=0xc0000005, reading address 0x0000000000000000

Registers:
RAX=0x0000000000000000, RBX=0x000000001b409740, RCX=0x0000000000000018, RDX=0x000000001c5cbdc0
RSP=0x000000001bfdcce0, RBP=0x0000000000000000, RSI=0x000000001b409b00, RDI=0x000000001b3c3b30
R8 =0x0000000000000007, R9 =0x0000000000008000, R10=0x000000001f0ecb00, R11=0x0000000000000000
R12=0x0000000000000000, R13=0x000000001d293870, R14=0x000000001b3a8568, R15=0x0000000000000000
RIP=0x00007ffcd9dae24e, EFLAGS=0x0000000000010246

Top of Stack: (sp=0x000000001bfdcce0)
0x000000001bfdcce0:   000000001c6b0660 000000001b3f6f10
0x000000001bfdccf0:   000000001b409740 000000001b3c3b30
0x000000001bfdcd00:   000000001b3c3b30 00007ffcd9a33732
0x000000001bfdcd10:   000000001b3f6f10 000000001b3c3b30
0x000000001bfdcd20:   0000000000000000 000000001c6b0660
0x000000001bfdcd30:   000000001b3f6f10 00007ffcd9a36d72
0x000000001bfdcd40:   0000000000000000 000000001c6a4a20
0x000000001bfdcd50:   000000001c6c5ef0 000000001c5f4b80
0x000000001bfdcd60:   000000001974c800 0000000000000020
0x000000001bfdcd70:   000000001c5f4b80 00007ffcd98d1bee
0x000000001bfdcd80:   0000000000000000 000000001c4e8420
0x000000001bfdcd90:   000000001c5f4b80 000000001c5f4b80
0x000000001bfdcda0:   0000000000000008 00007ffcd9a2fe68
0x000000001bfdcdb0:   000000001f0ecb00 0000000000000000
0x000000001bfdcdc0:   0000000000000018 0000000000000003
0x000000001bfdcdd0:   0000000000000004 00007ffcd98d1a1e 

Instructions: (pc=0x00007ffcd9dae24e)
0x00007ffcd9dae22e:   00 00 00 00 74 0d 48 8b cf 48 83 c4 20 5f e9 df
0x00007ffcd9dae23e:   01 00 00 48 83 c4 20 5f c3 48 8b 82 78 7c 02 00
0x00007ffcd9dae24e:   48 8b 08 48 39 4b 10 77 a8 48 8b 82 78 7c 02 00
0x00007ffcd9dae25e:   48 8b 08 48 39 4b 18 77 98 80 bf f8 00 00 00 00 


Register to memory mapping:

RAX=0x0000000000000000 is an unknown value
RBX=0x000000001b409740 is an unknown value
RCX=0x0000000000000018 is an unknown value
RDX=0x000000001c5cbdc0 is an unknown value
RSP=0x000000001bfdcce0 is pointing into the stack for thread: 0x000000001974c800
RBP=0x0000000000000000 is an unknown value
RSI=0x000000001b409b00 is an unknown value
RDI=0x000000001b3c3b30 is an unknown value
R8 =0x0000000000000007 is an unknown value
R9 =0x0000000000008000 is an unknown value
R10=0x000000001f0ecb00 is an unknown value
R11=0x0000000000000000 is an unknown value
R12=0x0000000000000000 is an unknown value
R13={method} {0x000000001d293878} 'dispatch_wglDeleteContext0' '(JJ)Z' in 'jogamp/opengl/windows/wgl/WGL'
R14=0x000000001b3a8568 is an unknown value
R15=0x0000000000000000 is an unknown value


Stack: [0x000000001bee0000,0x000000001bfe0000],  sp=0x000000001bfdcce0,  free space=1011k
Native frames: (J=compiled Java code, j=interpreted, Vv=VM code, C=native code)

Java frames: (J=compiled Java code, j=interpreted, Vv=VM code)
j  jogamp.opengl.windows.wgl.WGL.dispatch_wglDeleteContext0(JJ)Z+0
j  jogamp.opengl.windows.wgl.WGL.wglDeleteContext(J)Z+37
j  jogamp.opengl.windows.wgl.WindowsWGLContext.destroyImpl()V+10
j  jogamp.opengl.GLContextImpl.destroy()V+503
j  jogamp.opengl.GLDrawableHelper.disposeGL(Ljavax/media/opengl/GLAutoDrawable;Ljavax/media/opengl/GLContext;Z)V+128
j  javax.media.opengl.awt.GLCanvas$7.run()V+167
J 2856 C1 javax.media.opengl.Threading.invoke(ZLjava/lang/Runnable;Ljava/lang/Object;)V (39 bytes) @ 0x0000000003399544 [0x0000000003399240+0x304]
j  javax.media.opengl.awt.GLCanvas.destroyImpl(Z)V+9
j  javax.media.opengl.awt.GLCanvas$2.run()V+5
j  com.jogamp.nativewindow.awt.AWTWindowClosingProtocol$WindowClosingAdapter.windowClosing(Ljava/awt/event/WindowEvent;)V+22
j  java.awt.Window.processWindowEvent(Ljava/awt/event/WindowEvent;)V+68
j  javax.swing.JFrame.processWindowEvent(Ljava/awt/event/WindowEvent;)V+2
j  java.awt.Window.processEvent(Ljava/awt/AWTEvent;)V+69
J 2907 C1 java.awt.Component.dispatchEventImpl(Ljava/awt/AWTEvent;)V (883 bytes) @ 0x00000000033d79a4 [0x00000000033d24a0+0x5504]
j  java.awt.Container.dispatchEventImpl(Ljava/awt/AWTEvent;)V+42
j  java.awt.Window.dispatchEventImpl(Ljava/awt/AWTEvent;)V+19
J 2678 C1 java.awt.EventQueue.dispatchEventImpl(Ljava/awt/AWTEvent;Ljava/lang/Object;)V (149 bytes) @ 0x00000000033163cc [0x0000000003314d40+0x168c]
J 2676 C1 java.awt.EventQueue$3.run()Ljava/lang/Void; (60 bytes) @ 0x000000000331968c [0x0000000003319480+0x20c]
J 2675 C1 java.awt.EventQueue$3.run()Ljava/lang/Object; (5 bytes) @ 0x0000000003317ecc [0x0000000003317e40+0x8c]
v  ~StubRoutines::call_stub
J 2207  java.security.AccessController.doPrivileged(Ljava/security/PrivilegedAction;Ljava/security/AccessControlContext;)Ljava/lang/Object; (0 bytes) @ 0x00000000031656e6 [0x0000000003165680+0x66]
J 2310 C1 java.security.ProtectionDomain$1.doIntersectionPrivilege(Ljava/security/PrivilegedAction;Ljava/security/AccessControlContext;Ljava/security/AccessControlContext;)Ljava/lang/Object; (32 bytes) @ 0x00000000031ba8dc [0x00000000031ba5e0+0x2fc]
J 3053 C1 java.awt.EventQueue$4.run()Ljava/lang/Object; (5 bytes) @ 0x000000000347d80c [0x000000000347d420+0x3ec]
v  ~StubRoutines::call_stub
J 2207  java.security.AccessController.doPrivileged(Ljava/security/PrivilegedAction;Ljava/security/AccessControlContext;)Ljava/lang/Object; (0 bytes) @ 0x00000000031656e6 [0x0000000003165680+0x66]
J 2387 C1 java.awt.EventQueue.dispatchEvent(Ljava/awt/AWTEvent;)V (80 bytes) @ 0x00000000031fa174 [0x00000000031f94c0+0xcb4]
J 2391 C1 java.awt.EventDispatchThread.pumpOneEventForFilters(I)V (295 bytes) @ 0x00000000031fdc5c [0x00000000031fc100+0x1b5c]
j  java.awt.EventDispatchThread.pumpEventsForFilter(ILjava/awt/Conditional;Ljava/awt/EventFilter;)V+35
j  java.awt.EventDispatchThread.pumpEventsForHierarchy(ILjava/awt/Conditional;Ljava/awt/Component;)V+11
j  java.awt.EventDispatchThread.pumpEvents(ILjava/awt/Conditional;)V+4
j  java.awt.EventDispatchThread.pumpEvents(Ljava/awt/Conditional;)V+3
j  java.awt.EventDispatchThread.run()V+9
v  ~StubRoutines::call_stub

---------------  P R O C E S S  ---------------

Java Threads: ( => current thread )
  0x000000001d573800 JavaThread "Abandoned connection cleanup thread" daemon [_thread_blocked, id=3312, stack(0x0000000021c20000,0x0000000021d20000)]
  0x000000001d57c800 JavaThread "Animation Thread-SharedResourceRunner" daemon [_thread_blocked, id=2796, stack(0x000000001e2f0000,0x000000001e3f0000)]
  0x00000000029be000 JavaThread "DestroyJavaVM" [_thread_blocked, id=3480, stack(0x0000000002850000,0x0000000002950000)]
  0x000000001976c800 JavaThread "Animation Thread" [_thread_blocked, id=4508, stack(0x000000001ce20000,0x000000001cf20000)]
  0x0000000019765800 JavaThread "D3D Screen Updater" daemon [_thread_blocked, id=5964, stack(0x000000001c0e0000,0x000000001c1e0000)]
=>0x000000001974c800 JavaThread "AWT-EventQueue-0" [_thread_in_native, id=1800, stack(0x000000001bee0000,0x000000001bfe0000)]
  0x00000000196e9800 JavaThread "AWT-Windows" daemon [_thread_in_native, id=3196, stack(0x000000001a060000,0x000000001a160000)]
  0x00000000196e9000 JavaThread "AWT-Shutdown" [_thread_blocked, id=1560, stack(0x0000000019f60000,0x000000001a060000)]
  0x00000000196e4000 JavaThread "Java2D Disposer" daemon [_thread_blocked, id=4424, stack(0x0000000019e60000,0x0000000019f60000)]
  0x0000000017604800 JavaThread "Service Thread" daemon [_thread_blocked, id=5044, stack(0x0000000019270000,0x0000000019370000)]
  0x0000000017600800 JavaThread "C1 CompilerThread2" daemon [_thread_blocked, id=3268, stack(0x0000000018d70000,0x0000000018e70000)]
  0x00000000175fa000 JavaThread "C2 CompilerThread1" daemon [_thread_blocked, id=6112, stack(0x0000000018c70000,0x0000000018d70000)]
  0x000000001760a000 JavaThread "C2 CompilerThread0" daemon [_thread_blocked, id=4992, stack(0x0000000018b70000,0x0000000018c70000)]
  0x0000000017607800 JavaThread "Attach Listener" daemon [_thread_blocked, id=3632, stack(0x0000000018a70000,0x0000000018b70000)]
  0x0000000017606800 JavaThread "Signal Dispatcher" daemon [_thread_blocked, id=4104, stack(0x0000000018970000,0x0000000018a70000)]
  0x0000000002ab7000 JavaThread "Finalizer" daemon [_thread_blocked, id=3996, stack(0x0000000018870000,0x0000000018970000)]
  0x0000000002aae000 JavaThread "Reference Handler" daemon [_thread_blocked, id=5332, stack(0x0000000018770000,0x0000000018870000)]

Other Threads:
  0x00000000175c5800 VMThread [stack: 0x0000000018670000,0x0000000018770000] [id=368]
  0x0000000018e89000 WatcherThread [stack: 0x0000000019370000,0x0000000019470000] [id=3876]

VM state:not at safepoint (normal execution)

VM Mutex/Monitor currently owned by a thread: None

Heap:
 PSYoungGen      total 93184K, used 52362K [0x00000000d5e00000, 0x00000000df980000, 0x0000000100000000)
  eden space 51200K, 20% used [0x00000000d5e00000,0x00000000d6823b48,0x00000000d9000000)
  from space 41984K, 99% used [0x00000000d9000000,0x00000000db8fece8,0x00000000db900000)
  to   space 52736K, 0% used [0x00000000dc600000,0x00000000dc600000,0x00000000df980000)
 ParOldGen       total 95232K, used 76147K [0x0000000081a00000, 0x0000000087700000, 0x00000000d5e00000)
  object space 95232K, 79% used [0x0000000081a00000,0x000000008645cc40,0x0000000087700000)
 Metaspace       used 22757K, capacity 22921K, committed 23296K, reserved 1071104K
  class space    used 2124K, capacity 2179K, committed 2304K, reserved 1048576K

Card table byte_map: [0x0000000011e80000,0x0000000012280000] byte_map_base: 0x0000000011a73000

Marking Bits: (ParMarkBitMap*) 0x0000000077e1b460
 Begin Bits: [0x0000000012930000, 0x00000000148c8000)
 End Bits:   [0x00000000148c8000, 0x0000000016860000)

Polling page: 0x0000000001020000

CodeCache: size=245760Kb used=10808Kb max_used=10818Kb free=234951Kb
 bounds [0x0000000002ac0000, 0x0000000003560000, 0x0000000011ac0000]
 total_blobs=3979 nmethods=3006 adapters=886
 compilation: enabled

Compilation events (10 events):
Event: 79.727 Thread 0x0000000017600800 3397       3       java.lang.Long::toString (129 bytes)
Event: 79.730 Thread 0x0000000017600800 nmethod 3397 0x000000000355bf90 code [0x000000000355c140, 0x000000000355c778]
Event: 79.779 Thread 0x0000000017600800 3398       1       java.awt.EventDispatchThread$1::evaluate (2 bytes)
Event: 79.779 Thread 0x0000000017600800 nmethod 3398 0x000000000354ebd0 code [0x000000000354ed20, 0x000000000354ee30]
Event: 79.788 Thread 0x00000000175fa000 3399       4       sun.java2d.pipe.LoopPipe::fillRect (32 bytes)
Event: 79.792 Thread 0x00000000175fa000 nmethod 3399 0x0000000003556790 code [0x00000000035568e0, 0x00000000035569c8]
Event: 80.022 Thread 0x000000001760a000 3400       4       java.util.Formatter$Conversion::isGeneral (64 bytes)
Event: 80.022 Thread 0x00000000175fa000 3401       4       java.util.Formatter$Conversion::isInteger (48 bytes)
Event: 80.026 Thread 0x00000000175fa000 nmethod 3401 0x000000000355b390 code [0x000000000355b620, 0x000000000355b698]
Event: 80.027 Thread 0x000000001760a000 nmethod 3400 0x000000000355bb90 code [0x000000000355bec0, 0x000000000355bf38]

GC Heap History (10 events):
Event: 30.720 GC heap before
{Heap before GC invocations=10 (full 1):
 PSYoungGen      total 75776K, used 75713K [0x00000000d5e00000, 0x00000000dc100000, 0x0000000100000000)
  eden space 56832K, 100% used [0x00000000d5e00000,0x00000000d9580000,0x00000000d9580000)
  from space 18944K, 99% used [0x00000000daa80000,0x00000000dbcf0480,0x00000000dbd00000)
  to   space 21504K, 0% used [0x00000000d9580000,0x00000000d9580000,0x00000000daa80000)
 ParOldGen       total 95232K, used 38683K [0x0000000081a00000, 0x0000000087700000, 0x00000000d5e00000)
  object space 95232K, 40% used [0x0000000081a00000,0x0000000083fc6ff0,0x0000000087700000)
 Metaspace       used 22085K, capacity 22267K, committed 22448K, reserved 1069056K
  class space    used 2108K, capacity 2178K, committed 2304K, reserved 1048576K
Event: 30.760 GC heap after
Heap after GC invocations=10 (full 1):
 PSYoungGen      total 78336K, used 21491K [0x00000000d5e00000, 0x00000000dd000000, 0x0000000100000000)
  eden space 56832K, 0% used [0x00000000d5e00000,0x00000000d5e00000,0x00000000d9580000)
  from space 21504K, 99% used [0x00000000d9580000,0x00000000daa7ce78,0x00000000daa80000)
  to   space 28160K, 0% used [0x00000000db480000,0x00000000db480000,0x00000000dd000000)
 ParOldGen       total 95232K, used 47356K [0x0000000081a00000, 0x0000000087700000, 0x00000000d5e00000)
  object space 95232K, 49% used [0x0000000081a00000,0x000000008483f140,0x0000000087700000)
 Metaspace       used 22085K, capacity 22267K, committed 22448K, reserved 1069056K
  class space    used 2108K, capacity 2178K, committed 2304K, reserved 1048576K
}
Event: 45.848 GC heap before
{Heap before GC invocations=11 (full 1):
 PSYoungGen      total 78336K, used 78323K [0x00000000d5e00000, 0x00000000dd000000, 0x0000000100000000)
  eden space 56832K, 100% used [0x00000000d5e00000,0x00000000d9580000,0x00000000d9580000)
  from space 21504K, 99% used [0x00000000d9580000,0x00000000daa7ce78,0x00000000daa80000)
  to   space 28160K, 0% used [0x00000000db480000,0x00000000db480000,0x00000000dd000000)
 ParOldGen       total 95232K, used 47356K [0x0000000081a00000, 0x0000000087700000, 0x00000000d5e00000)
  object space 95232K, 49% used [0x0000000081a00000,0x000000008483f140,0x0000000087700000)
 Metaspace       used 22324K, capacity 22537K, committed 22704K, reserved 1069056K
  class space    used 2120K, capacity 2179K, committed 2304K, reserved 1048576K
Event: 45.881 GC heap after
Heap after GC invocations=11 (full 1):
 PSYoungGen      total 87040K, used 21587K [0x00000000d5e00000, 0x00000000dd280000, 0x0000000100000000)
  eden space 58880K, 0% used [0x00000000d5e00000,0x00000000d5e00000,0x00000000d9780000)
  from space 28160K, 76% used [0x00000000db480000,0x00000000dc994e78,0x00000000dd000000)
  to   space 29696K, 0% used [0x00000000d9780000,0x00000000d9780000,0x00000000db480000)
 ParOldGen       total 95232K, used 47356K [0x0000000081a00000, 0x0000000087700000, 0x00000000d5e00000)
  object space 95232K, 49% used [0x0000000081a00000,0x000000008483f140,0x0000000087700000)
 Metaspace       used 22324K, capacity 22537K, committed 22704K, reserved 1069056K
  class space    used 2120K, capacity 2179K, committed 2304K, reserved 1048576K
}
Event: 61.940 GC heap before
{Heap before GC invocations=12 (full 1):
 PSYoungGen      total 87040K, used 80467K [0x00000000d5e00000, 0x00000000dd280000, 0x0000000100000000)
  eden space 58880K, 100% used [0x00000000d5e00000,0x00000000d9780000,0x00000000d9780000)
  from space 28160K, 76% used [0x00000000db480000,0x00000000dc994e78,0x00000000dd000000)
  to   space 29696K, 0% used [0x00000000d9780000,0x00000000d9780000,0x00000000db480000)
 ParOldGen       total 95232K, used 47356K [0x0000000081a00000, 0x0000000087700000, 0x00000000d5e00000)
  object space 95232K, 49% used [0x0000000081a00000,0x000000008483f140,0x0000000087700000)
 Metaspace       used 22428K, capacity 22665K, committed 23040K, reserved 1071104K
  class space    used 2121K, capacity 2179K, committed 2304K, reserved 1048576K
Event: 61.976 GC heap after
Heap after GC invocations=12 (full 1):
 PSYoungGen      total 88576K, used 23932K [0x00000000d5e00000, 0x00000000dd800000, 0x0000000100000000)
  eden space 58880K, 0% used [0x00000000d5e00000,0x00000000d5e00000,0x00000000d9780000)
  from space 29696K, 80% used [0x00000000d9780000,0x00000000daedf010,0x00000000db480000)
  to   space 31744K, 0% used [0x00000000db900000,0x00000000db900000,0x00000000dd800000)
 ParOldGen       total 95232K, used 47356K [0x0000000081a00000, 0x0000000087700000, 0x00000000d5e00000)
  object space 95232K, 49% used [0x0000000081a00000,0x000000008483f140,0x0000000087700000)
 Metaspace       used 22428K, capacity 22665K, committed 23040K, reserved 1071104K
  class space    used 2121K, capacity 2179K, committed 2304K, reserved 1048576K
}
Event: 73.347 GC heap before
{Heap before GC invocations=13 (full 1):
 PSYoungGen      total 88576K, used 82812K [0x00000000d5e00000, 0x00000000dd800000, 0x0000000100000000)
  eden space 58880K, 100% used [0x00000000d5e00000,0x00000000d9780000,0x00000000d9780000)
  from space 29696K, 80% used [0x00000000d9780000,0x00000000daedf010,0x00000000db480000)
  to   space 31744K, 0% used [0x00000000db900000,0x00000000db900000,0x00000000dd800000)
 ParOldGen       total 95232K, used 47356K [0x0000000081a00000, 0x0000000087700000, 0x00000000d5e00000)
  object space 95232K, 49% used [0x0000000081a00000,0x000000008483f140,0x0000000087700000)
 Metaspace       used 22657K, capacity 22793K, committed 23040K, reserved 1071104K
  class space    used 2124K, capacity 2179K, committed 2304K, reserved 1048576K
Event: 73.426 GC heap after
Heap after GC invocations=13 (full 1):
 PSYoungGen      total 82944K, used 31729K [0x00000000d5e00000, 0x00000000dec00000, 0x0000000100000000)
  eden space 51200K, 0% used [0x00000000d5e00000,0x00000000d5e00000,0x00000000d9000000)
  from space 31744K, 99% used [0x00000000db900000,0x00000000dd7fc668,0x00000000dd800000)
  to   space 41984K, 0% used [0x00000000d9000000,0x00000000d9000000,0x00000000db900000)
 ParOldGen       total 95232K, used 64117K [0x0000000081a00000, 0x0000000087700000, 0x00000000d5e00000)
  object space 95232K, 67% used [0x0000000081a00000,0x000000008589d4d0,0x0000000087700000)
 Metaspace       used 22657K, capacity 22793K, committed 23040K, reserved 1071104K
  class space    used 2124K, capacity 2179K, committed 2304K, reserved 1048576K
}
Event: 78.928 GC heap before
{Heap before GC invocations=14 (full 1):
 PSYoungGen      total 82944K, used 82929K [0x00000000d5e00000, 0x00000000dec00000, 0x0000000100000000)
  eden space 51200K, 100% used [0x00000000d5e00000,0x00000000d9000000,0x00000000d9000000)
  from space 31744K, 99% used [0x00000000db900000,0x00000000dd7fc668,0x00000000dd800000)
  to   space 41984K, 0% used [0x00000000d9000000,0x00000000d9000000,0x00000000db900000)
 ParOldGen       total 95232K, used 64117K [0x0000000081a00000, 0x0000000087700000, 0x00000000d5e00000)
  object space 95232K, 67% used [0x0000000081a00000,0x000000008589d4d0,0x0000000087700000)
 Metaspace       used 22748K, capacity 22921K, committed 23296K, reserved 1071104K
  class space    used 2124K, capacity 2179K, committed 2304K, reserved 1048576K
Event: 78.986 GC heap after
Heap after GC invocations=14 (full 1):
 PSYoungGen      total 93184K, used 41979K [0x00000000d5e00000, 0x00000000df980000, 0x0000000100000000)
  eden space 51200K, 0% used [0x00000000d5e00000,0x00000000d5e00000,0x00000000d9000000)
  from space 41984K, 99% used [0x00000000d9000000,0x00000000db8fece8,0x00000000db900000)
  to   space 52736K, 0% used [0x00000000dc600000,0x00000000dc600000,0x00000000df980000)
 ParOldGen       total 95232K, used 76147K [0x0000000081a00000, 0x0000000087700000, 0x00000000d5e00000)
  object space 95232K, 79% used [0x0000000081a00000,0x000000008645cc40,0x0000000087700000)
 Metaspace       used 22748K, capacity 22921K, committed 23296K, reserved 1071104K
  class space    used 2124K, capacity 2179K, committed 2304K, reserved 1048576K
}

Deoptimization events (10 events):
Event: 7.276 Thread 0x000000001974c800 Uncommon trap: reason=class_check action=maybe_recompile pc=0x0000000002ef5f94 method=com.jogamp.common.nio.Buffers.getDirectBufferByteOffset(Ljava/lang/Object;)I @ 42
Event: 8.107 Thread 0x000000001974c800 Uncommon trap: reason=class_check action=maybe_recompile pc=0x0000000002ef5f94 method=com.jogamp.common.nio.Buffers.getDirectBufferByteOffset(Ljava/lang/Object;)I @ 42
Event: 8.149 Thread 0x000000001974c800 Uncommon trap: reason=class_check action=maybe_recompile pc=0x0000000002ef5f94 method=com.jogamp.common.nio.Buffers.getDirectBufferByteOffset(Ljava/lang/Object;)I @ 42
Event: 23.710 Thread 0x000000001974c800 Uncommon trap: reason=null_check action=make_not_entrant pc=0x0000000003260280 method=com.mysql.jdbc.ResultSetImpl.findColumn(Ljava/lang/String;)I @ 33
Event: 48.309 Thread 0x000000001974c800 Uncommon trap: reason=predicate action=maybe_recompile pc=0x00000000033b93a4 method=java.util.Arrays.fill([Ljava/lang/Object;IILjava/lang/Object;)V @ 16
Event: 49.029 Thread 0x000000001974c800 Uncommon trap: reason=array_check action=maybe_recompile pc=0x000000000336ce00 method=java.util.Arrays.fill([Ljava/lang/Object;IILjava/lang/Object;)V @ 20
Event: 61.200 Thread 0x000000001974c800 Uncommon trap: reason=unreached action=reinterpret pc=0x0000000003031fd8 method=java.awt.font.FontRenderContext.equals(Ljava/awt/font/FontRenderContext;)Z @ 2
Event: 61.232 Thread 0x000000001974c800 Uncommon trap: reason=null_check action=make_not_entrant pc=0x0000000003177e54 method=processing.opengl.FontTexture.getTexInfo(Lprocessing/core/PFont$Glyph;)Lprocessing/opengl/FontTexture$TextureInfo; @ 8
Event: 69.547 Thread 0x000000001974c800 Uncommon trap: reason=unreached action=reinterpret pc=0x0000000002fb99a8 method=sun.font.FileFontStrike.getCachedGlyphPtr(I)J @ 99
Event: 69.575 Thread 0x000000001974c800 Uncommon trap: reason=null_check action=make_not_entrant pc=0x0000000003134324 method=sun.font.FontDesignMetrics.getMetrics(Ljava/awt/Font;Ljava/awt/font/FontRenderContext;)Lsun/font/FontDesignMetrics; @ 54

Internal exceptions (10 events):
Event: 6.995 Thread 0x0000000019ac4800 Implicit null exception at 0x0000000002f00a5a to 0x0000000002f047bc
Event: 7.388 Thread 0x000000001974c800 Exception <a 'java/security/PrivilegedActionException'> (0x00000000d6433998) thrown at [D:\re\workspace\8-2-build-windows-amd64-cygwin\jdk8u20\1074\hotspot\src\share\vm\prims\jvm.cpp, line 1275]
Event: 7.411 Thread 0x000000001974c800 Exception <a 'java/security/PrivilegedActionException'> (0x00000000d643ca38) thrown at [D:\re\workspace\8-2-build-windows-amd64-cygwin\jdk8u20\1074\hotspot\src\share\vm\prims\jvm.cpp, line 1275]
Event: 20.654 Thread 0x000000001974c800 Exception <a 'java/security/PrivilegedActionException'> (0x00000000d604e550) thrown at [D:\re\workspace\8-2-build-windows-amd64-cygwin\jdk8u20\1074\hotspot\src\share\vm\prims\jvm.cpp, line 1275]
Event: 21.467 Thread 0x000000001974c800 Exception <a 'java/security/PrivilegedActionException'> (0x00000000d627a1c8) thrown at [D:\re\workspace\8-2-build-windows-amd64-cygwin\jdk8u20\1074\hotspot\src\share\vm\prims\jvm.cpp, line 1275]
Event: 23.710 Thread 0x000000001974c800 Implicit null exception at 0x000000000325fe57 to 0x0000000003260265
Event: 61.232 Thread 0x000000001974c800 Implicit null exception at 0x00000000031774fe to 0x0000000003177e3d
Event: 69.502 Thread 0x000000001974c800 Exception <a 'java/security/PrivilegedActionException'> (0x00000000d76899a0) thrown at [D:\re\workspace\8-2-build-windows-amd64-cygwin\jdk8u20\1074\hotspot\src\share\vm\prims\jvm.cpp, line 1275]
Event: 69.547 Thread 0x000000001974c800 Implicit null exception at 0x0000000002fb9855 to 0x0000000002fb9991
Event: 69.575 Thread 0x000000001974c800 Implicit null exception at 0x0000000003133ca7 to 0x0000000003134310

Events (10 events):
Event: 69.584 loading class sun/misc/FormattedFloatingDecimal$2
Event: 69.584 loading class sun/misc/FormattedFloatingDecimal$2 done
Event: 73.188 loading class java/nio/DirectByteBuffer$1
Event: 73.188 loading class java/nio/DirectByteBuffer$1 done
Event: 73.347 Executing VM operation: ParallelGCFailedAllocation
Event: 73.426 Executing VM operation: ParallelGCFailedAllocation done
Event: 73.451 Executing VM operation: RevokeBias
Event: 73.452 Executing VM operation: RevokeBias done
Event: 78.927 Executing VM operation: ParallelGCFailedAllocation
Event: 78.986 Executing VM operation: ParallelGCFailedAllocation done


Dynamic libraries:
0x00007ff6fc2f0000 - 0x00007ff6fc324000 	C:\Program Files\Java\jdk1.8.0_20\jre\bin\java.exe
0x00007ffcf9470000 - 0x00007ffcf961c000 	C:\Windows\SYSTEM32\ntdll.dll
0x00007ffcf76d0000 - 0x00007ffcf780e000 	C:\Windows\system32\KERNEL32.DLL
0x00007ffcf69d0000 - 0x00007ffcf6ae5000 	C:\Windows\system32\KERNELBASE.dll
0x00007ffcf25c0000 - 0x00007ffcf264e000 	C:\Windows\system32\apphelp.dll
0x00007ffcef7b0000 - 0x00007ffcef803000 	C:\Windows\AppPatch\AppPatch64\AcGenral.DLL
0x00007ffcf6b60000 - 0x00007ffcf6c0a000 	C:\Windows\system32\msvcrt.dll
0x00007ffcf63f0000 - 0x00007ffcf641e000 	C:\Windows\SYSTEM32\SspiCli.dll
0x00007ffcf7b50000 - 0x00007ffcf7ba4000 	C:\Windows\system32\SHLWAPI.dll
0x00007ffcf9290000 - 0x00007ffcf9407000 	C:\Windows\system32\USER32.dll
0x00007ffcf7330000 - 0x00007ffcf74c4000 	C:\Windows\system32\ole32.dll
0x00007ffcf7d70000 - 0x00007ffcf9288000 	C:\Windows\system32\SHELL32.dll
0x00007ffcf5d80000 - 0x00007ffcf5da1000 	C:\Windows\SYSTEM32\USERENV.dll
0x00007ffcf7610000 - 0x00007ffcf76ba000 	C:\Windows\system32\ADVAPI32.dll
0x00007ffce98e0000 - 0x00007ffce98fe000 	C:\Windows\SYSTEM32\MPR.dll
0x00007ffcf7000000 - 0x00007ffcf7141000 	C:\Windows\system32\RPCRT4.dll
0x00007ffcf6af0000 - 0x00007ffcf6b49000 	C:\Windows\SYSTEM32\sechost.dll
0x00007ffcf6de0000 - 0x00007ffcf6ff1000 	C:\Windows\SYSTEM32\combase.dll
0x00007ffcf6c80000 - 0x00007ffcf6dd1000 	C:\Windows\system32\GDI32.dll
0x00007ffcf65c0000 - 0x00007ffcf65d5000 	C:\Windows\SYSTEM32\profapi.dll
0x00007ffcf5110000 - 0x00007ffcf51c2000 	C:\Windows\SYSTEM32\SHCORE.dll
0x00007ffcf9430000 - 0x00007ffcf9466000 	C:\Windows\system32\IMM32.DLL
0x00007ffcf7c10000 - 0x00007ffcf7d61000 	C:\Windows\system32\MSCTF.dll
0x00007ffcf46c0000 - 0x00007ffcf493b000 	C:\Windows\WinSxS\amd64_microsoft.windows.common-controls_6595b64144ccf1df_6.0.9600.17415_none_6240486fecbd8abb\COMCTL32.dll
0x0000000077560000 - 0x0000000077632000 	C:\Program Files\Java\jdk1.8.0_20\jre\bin\msvcr100.dll
0x0000000077640000 - 0x0000000077e98000 	C:\Program Files\Java\jdk1.8.0_20\jre\bin\server\jvm.dll
0x00007ffcda860000 - 0x00007ffcda869000 	C:\Windows\SYSTEM32\WSOCK32.dll
0x00007ffcf4da0000 - 0x00007ffcf4dc2000 	C:\Windows\SYSTEM32\WINMM.dll
0x00007ffcf76c0000 - 0x00007ffcf76c7000 	C:\Windows\system32\PSAPI.DLL
0x00007ffcf6c20000 - 0x00007ffcf6c7a000 	C:\Windows\system32\WS2_32.dll
0x00007ffcf3fc0000 - 0x00007ffcf3fea000 	C:\Windows\SYSTEM32\WINMMBASE.dll
0x00007ffcf6b50000 - 0x00007ffcf6b59000 	C:\Windows\system32\NSI.dll
0x00007ffcf67a0000 - 0x00007ffcf67ef000 	C:\Windows\SYSTEM32\cfgmgr32.dll
0x00007ffcf53b0000 - 0x00007ffcf53d8000 	C:\Windows\SYSTEM32\DEVOBJ.dll
0x0000000077550000 - 0x000000007755f000 	C:\Program Files\Java\jdk1.8.0_20\jre\bin\verify.dll
0x0000000077520000 - 0x0000000077548000 	C:\Program Files\Java\jdk1.8.0_20\jre\bin\java.dll
0x0000000077500000 - 0x0000000077516000 	C:\Program Files\Java\jdk1.8.0_20\jre\bin\zip.dll
0x0000000077320000 - 0x00000000774b8000 	C:\Program Files\Java\jdk1.8.0_20\jre\bin\awt.dll
0x00007ffcf7540000 - 0x00007ffcf7601000 	C:\Windows\system32\OLEAUT32.dll
0x00007ffcf4970000 - 0x00007ffcf4991000 	C:\Windows\system32\DWMAPI.DLL
0x00007ffcf5230000 - 0x00007ffcf5359000 	C:\Windows\system32\uxtheme.dll
0x00007ffcf5400000 - 0x00007ffcf540b000 	C:\Windows\SYSTEM32\kernel.appcore.dll
0x00007ffcf6490000 - 0x00007ffcf649b000 	C:\Windows\SYSTEM32\CRYPTBASE.dll
0x00007ffcf6420000 - 0x00007ffcf6483000 	C:\Windows\SYSTEM32\bcryptPrimitives.dll
0x00007ffcea560000 - 0x00007ffcea781000 	C:\Windows\system32\d3d9.dll
0x00007ffcf4b50000 - 0x00007ffcf4b5a000 	C:\Windows\SYSTEM32\VERSION.dll
0x00007ffcf3c50000 - 0x00007ffcf3db4000 	C:\Windows\SYSTEM32\nvumdshimx.dll
0x00007ffcf7150000 - 0x00007ffcf732a000 	C:\Windows\system32\SETUPAPI.dll
0x00007ffcf4fd0000 - 0x00007ffcf5002000 	C:\Windows\SYSTEM32\nvinitx.dll
0x00007ffcd6d70000 - 0x00007ffcd808f000 	C:\Windows\system32\igdumdim64.dll
0x00007ffceacc0000 - 0x00007ffceb645000 	C:\Windows\SYSTEM32\igdusc64.dll
0x00000000772d0000 - 0x0000000077317000 	C:\Program Files\Java\jdk1.8.0_20\jre\bin\fontmanager.dll
0x00007ffcf5ff0000 - 0x00007ffcf6010000 	C:\Windows\SYSTEM32\CRYPTSP.dll
0x00007ffcf5a70000 - 0x00007ffcf5aa6000 	C:\Windows\system32\rsaenh.dll
0x00007ffcf60e0000 - 0x00007ffcf6106000 	C:\Windows\SYSTEM32\bcrypt.dll
0x00000000774e0000 - 0x00000000774fa000 	C:\Program Files\Java\jdk1.8.0_20\jre\bin\net.dll
0x00007ffcf5d20000 - 0x00007ffcf5d79000 	C:\Windows\system32\mswsock.dll
0x00007ffcf2750000 - 0x00007ffcf277a000 	C:\Windows\SYSTEM32\IPHLPAPI.DLL
0x00007ffcf2740000 - 0x00007ffcf274a000 	C:\Windows\SYSTEM32\WINNSI.DLL
0x00007ffcee930000 - 0x00007ffcee946000 	C:\Windows\SYSTEM32\dhcpcsvc6.DLL
0x00007ffceeb30000 - 0x00007ffceeb4a000 	C:\Windows\SYSTEM32\dhcpcsvc.DLL
0x00000000774c0000 - 0x00000000774d1000 	C:\Program Files\Java\jdk1.8.0_20\jre\bin\nio.dll
0x00000000637c0000 - 0x00000000637cd000 	C:\Users\Aran\AppData\Local\Temp\jogamp_0000\file_cache\jln30496196925579036\jln6139459487487744709\gluegen-rt.dll
0x0000000077230000 - 0x0000000077237000 	C:\Program Files\Java\jdk1.8.0_20\jre\bin\jawt.dll
0x000000006a440000 - 0x000000006a44d000 	C:\Users\Aran\AppData\Local\Temp\jogamp_0000\file_cache\jln30496196925579036\jln6139459487487744709\nativewindow_awt.dll
0x000000006c100000 - 0x000000006c10f000 	C:\Users\Aran\AppData\Local\Temp\jogamp_0000\file_cache\jln30496196925579036\jln6139459487487744709\nativewindow_win32.dll
0x00007ffce9120000 - 0x00007ffce924b000 	C:\Windows\SYSTEM32\OpenGL32.dll
0x00007ffcf2f10000 - 0x00007ffcf2f3e000 	C:\Windows\SYSTEM32\GLU32.dll
0x00007ffceb6e0000 - 0x00007ffceb7d8000 	C:\Windows\SYSTEM32\DDRAW.dll
0x00007ffcf4d20000 - 0x00007ffcf4d29000 	C:\Windows\SYSTEM32\DCIMAN32.dll
0x0000000064500000 - 0x00000000645a0000 	C:\Users\Aran\AppData\Local\Temp\jogamp_0000\file_cache\jln30496196925579036\jln6139459487487744709\jogl_desktop.dll
0x00007ffcef2b0000 - 0x00007ffcef30b000 	C:\Windows\system32\NV\nvoglshim64.dll
0x00007ffcd98c0000 - 0x00007ffcda144000 	C:\Windows\system32\ig75icd64.dll
0x00007ffcf6560000 - 0x00007ffcf65a6000 	C:\Windows\SYSTEM32\powrprof.dll
0x0000000077280000 - 0x00000000772c1000 	C:\Program Files\Java\jdk1.8.0_20\jre\bin\t2k.dll
0x00007ffcf5b90000 - 0x00007ffcf5c34000 	C:\Windows\SYSTEM32\DNSAPI.dll
0x00007ffceca10000 - 0x00007ffceca1a000 	C:\Windows\System32\rasadhlp.dll
0x00007ffceea00000 - 0x00007ffceea6b000 	C:\Windows\System32\fwpuclnt.dll
0x00007ffcf3980000 - 0x00007ffcf3b0a000 	C:\Windows\SYSTEM32\dbghelp.dll

VM Arguments:
jvm_args: -Dfile.encoding=UTF-8 
java_command: programmingproject.ProgrammingProject
java_class_path (initial): C:\Users\Aran\Documents\NetBeansProjects\programming-project-group-3\ProgrammingProject\lib\core.jar;C:\Users\Aran\Documents\NetBeansProjects\programming-project-group-3\ProgrammingProject\lib\gluegen-rt-natives-linux-amd64.jar;C:\Users\Aran\Documents\NetBeansProjects\programming-project-group-3\ProgrammingProject\lib\gluegen-rt-natives-linux-armv6hf.jar;C:\Users\Aran\Documents\NetBeansProjects\programming-project-group-3\ProgrammingProject\lib\gluegen-rt-natives-linux-i586.jar;C:\Users\Aran\Documents\NetBeansProjects\programming-project-group-3\ProgrammingProject\lib\gluegen-rt-natives-macosx-universal.jar;C:\Users\Aran\Documents\NetBeansProjects\programming-project-group-3\ProgrammingProject\lib\gluegen-rt-natives-windows-amd64.jar;C:\Users\Aran\Documents\NetBeansProjects\programming-project-group-3\ProgrammingProject\lib\gluegen-rt-natives-windows-i586.jar;C:\Users\Aran\Documents\NetBeansProjects\programming-project-group-3\ProgrammingProject\lib\gluegen-rt.jar;C:\Users\Aran\Documents\NetBeansProjects\programming-project-group-3\ProgrammingProject\lib\jogl-all-natives-linux-amd64.jar;C:\Users\Aran\Documents\NetBeansProjects\programming-project-group-3\ProgrammingProject\lib\jogl-all-natives-linux-armv6hf.jar;C:\Users\Aran\Documents\NetBeansProjects\programming-project-group-3\ProgrammingProject\lib\jogl-all-natives-linux-i586.jar;C:\Users\Aran\Documents\NetBeansProjects\programming-project-group-3\ProgrammingProject\lib\jogl-all-natives-macosx-universal.jar;C:\Users\Aran\Documents\NetBeansProjects\programming-project-group-3\ProgrammingProject\lib\jogl-all-natives-windows-amd64.jar;C:\Users\Aran\Documents\NetBeansProjects\programming-project-group-3\ProgrammingProject\lib\jogl-all-natives-windows-i586.jar;C:\Users\Aran\Documents\NetBeansProjects\programming-project-group-3\ProgrammingProject\lib\jogl-all.jar;C:\Users\Aran\Documents\NetBeansProjects\programming-project-group-3\ProgrammingProject\lib\mysql-connector-java-5.1.34-bin.jar;
Launcher Type: SUN_STANDARD

Environment Variables:
PATH=C:\Users\Aran\Documents\Enviroment Variables;C:\Program Files\Haskell Platform\2014.2.0.0\bin;C:\Program Files\Haskell Platform\2014.2.0.0\lib\extralibs\bin;C:\Program Files\Haskell Platform\2014.2.0.0\bin;C:\Python34;C:\Program Files\Java\jdk1.8.0_20\bin;C:\ProgramData\Oracle\Java\javapath;C:\Windows\system32;C:\Windows;C:\Windows\System32\Wbem;C:\Windows\System32\WindowsPowerShell\v1.0\;C:\Program Files\Haskell Platform\2014.2.0.0\mingw\bin;C:\Program Files (x86)\MiKTeX 2.9\miktex\bin\;C:\Program Files (x86)\Windows Kits\8.1\Windows Performance Toolkit\;C:\Program Files\Microsoft SQL Server\110\Tools\Binn\;C:\Program Files (x86)\Microsoft SDKs\TypeScript\1.0\;C:\Program Files\Microsoft SQL Server\120\Tools\Binn\;C:\Program Files (x86)\Windows Live\Shared;C:\Program Files\MATLAB\R2014b\bin;C:\Program Files (x86)\Git\cmd;C:\Users\Aran\AppData\Roaming\cabal\bin;.;
USERNAME=Aran
OS=Windows_NT
PROCESSOR_IDENTIFIER=Intel64 Family 6 Model 60 Stepping 3, GenuineIntel



---------------  S Y S T E M  ---------------

OS: Windows 8.1 , 64 bit Build 9600 

CPU:total 4 (2 cores per cpu, 2 threads per core) family 6 model 60 stepping 3, cmov, cx8, fxsr, mmx, sse, sse2, sse3, ssse3, sse4.1, sse4.2, popcnt, avx, avx2, aes, clmul, erms, lzcnt, ht, tsc, tscinvbit, bmi1, bmi2

Memory: 4k page, physical 8281560k(4208972k free), swap 15166584k(9926448k free)

vm_info: Java HotSpot(TM) 64-Bit Server VM (25.20-b23) for windows-amd64 JRE (1.8.0_20-b26), built on Jul 30 2014 13:51:23 by "java_re" with MS VC++ 10.0 (VS2010)

time: Fri Mar 20 17:28:25 2015
elapsed time: 80 seconds (0d 0h 1m 20s)

