#
# A fatal error has been detected by the Java Runtime Environment:
#
#  EXCEPTION_ACCESS_VIOLATION (0xc0000005) at pc=0x00007ffcda13e24e, pid=5648, tid=4128
#
# JRE version: Java(TM) SE Runtime Environment (8.0_20-b26) (build 1.8.0_20-b26)
# Java VM: Java HotSpot(TM) 64-Bit Server VM (25.20-b23 mixed mode windows-amd64 compressed oops)
# Problematic frame:
# C  [ig75icd64.dll+0x4ee24e]
#
# Failed to write core dump. Minidumps are not enabled by default on client versions of Windows
#
# If you would like to submit a bug report, please visit:
#   http://bugreport.sun.com/bugreport/crash.jsp
# The crash happened outside the Java Virtual Machine in native code.
# See problematic frame for where to report the bug.
#

---------------  T H R E A D  ---------------

Current thread (0x0000000019a25800):  JavaThread "AWT-EventQueue-0" [_thread_in_native, id=4128, stack(0x000000001c210000,0x000000001c310000)]

siginfo: ExceptionCode=0xc0000005, reading address 0x0000000000000000

Registers:
RAX=0x0000000000000000, RBX=0x000000002e43a000, RCX=0x0000000000000018, RDX=0x000000001a4ca180
RSP=0x000000001c30cc90, RBP=0x0000000000000000, RSI=0x000000002e43a180, RDI=0x000000001a4afe70
R8 =0x0000000000000007, R9 =0x0000000000008000, R10=0x0000000000f90cc0, R11=0x000000002dd00480
R12=0x0000000000000000, R13=0x000000001d3c3870, R14=0x000000001a4a6048, R15=0x00000000000016a0
RIP=0x00007ffcda13e24e, EFLAGS=0x0000000000010246

Top of Stack: (sp=0x000000001c30cc90)
0x000000001c30cc90:   0000000000000003 00007ffcd9fdf1c4
0x000000001c30cca0:   0000000000001698 0000000000000000
0x000000001c30ccb0:   000000001a491940 00007ffcd9dcc76d
0x000000001c30ccc0:   000000002e35d2c0 000000001f859fc0
0x000000001c30ccd0:   000000001a4afe70 0000000000000000
0x000000001c30cce0:   000000001a4afe70 00007ffcd9dc9917
0x000000001c30ccf0:   000000002e442af8 000000002e35d2c0
0x000000001c30cd00:   00007ffcda232140 000000001f859f00
0x000000001c30cd10:   000000002e442a80 00007ffcd9dc9ff3
0x000000001c30cd20:   000000001f859fc0 000000000000000b
0x000000001c30cd30:   000000001f859fc0 0000000000000000
0x000000001c30cd40:   000000001f859fc0 00007ffcd9dcbfb1
0x000000001c30cd50:   000000002e3898f0 000000002e421020
0x000000001c30cd60:   0000000000001698 0000000000000000
0x000000001c30cd70:   000000002e3898a0 00007ffcd9dcc548
0x000000001c30cd80:   000000001ec20b70 000000001f859fc0 

Instructions: (pc=0x00007ffcda13e24e)
0x00007ffcda13e22e:   00 00 00 00 74 0d 48 8b cf 48 83 c4 20 5f e9 df
0x00007ffcda13e23e:   01 00 00 48 83 c4 20 5f c3 48 8b 82 78 7c 02 00
0x00007ffcda13e24e:   48 8b 08 48 39 4b 10 77 a8 48 8b 82 78 7c 02 00
0x00007ffcda13e25e:   48 8b 08 48 39 4b 18 77 98 80 bf f8 00 00 00 00 


Register to memory mapping:

RAX=0x0000000000000000 is an unknown value
RBX=0x000000002e43a000 is an unknown value
RCX=0x0000000000000018 is an unknown value
RDX=0x000000001a4ca180 is an unknown value
RSP=0x000000001c30cc90 is pointing into the stack for thread: 0x0000000019a25800
RBP=0x0000000000000000 is an unknown value
RSI=0x000000002e43a180 is an unknown value
RDI=0x000000001a4afe70 is an unknown value
R8 =0x0000000000000007 is an unknown value
R9 =0x0000000000008000 is an unknown value
R10=0x0000000000f90cc0 is an unknown value
R11=0x000000002dd00480 is an unknown value
R12=0x0000000000000000 is an unknown value
R13={method} {0x000000001d3c3878} 'dispatch_wglDeleteContext0' '(JJ)Z' in 'jogamp/opengl/windows/wgl/WGL'
R14=0x000000001a4a6048 is an unknown value
R15=0x00000000000016a0 is an unknown value


Stack: [0x000000001c210000,0x000000001c310000],  sp=0x000000001c30cc90,  free space=1011k
Native frames: (J=compiled Java code, j=interpreted, Vv=VM code, C=native code)

Java frames: (J=compiled Java code, j=interpreted, Vv=VM code)
j  jogamp.opengl.windows.wgl.WGL.dispatch_wglDeleteContext0(JJ)Z+0
j  jogamp.opengl.windows.wgl.WGL.wglDeleteContext(J)Z+37
j  jogamp.opengl.windows.wgl.WindowsWGLContext.destroyImpl()V+10
j  jogamp.opengl.GLContextImpl.destroy()V+503
j  jogamp.opengl.GLDrawableHelper.disposeGL(Ljavax/media/opengl/GLAutoDrawable;Ljavax/media/opengl/GLContext;Z)V+128
j  javax.media.opengl.awt.GLCanvas$7.run()V+167
J 2847 C1 javax.media.opengl.Threading.invoke(ZLjava/lang/Runnable;Ljava/lang/Object;)V (39 bytes) @ 0x00000000032f8e04 [0x00000000032f8b00+0x304]
j  javax.media.opengl.awt.GLCanvas.destroyImpl(Z)V+9
j  javax.media.opengl.awt.GLCanvas$2.run()V+5
j  com.jogamp.nativewindow.awt.AWTWindowClosingProtocol$WindowClosingAdapter.windowClosing(Ljava/awt/event/WindowEvent;)V+22
j  java.awt.Window.processWindowEvent(Ljava/awt/event/WindowEvent;)V+68
j  javax.swing.JFrame.processWindowEvent(Ljava/awt/event/WindowEvent;)V+2
j  java.awt.Window.processEvent(Ljava/awt/AWTEvent;)V+69
J 2686 C1 java.awt.Component.dispatchEventImpl(Ljava/awt/AWTEvent;)V (883 bytes) @ 0x0000000002f5d7a4 [0x0000000002f582a0+0x5504]
j  java.awt.Container.dispatchEventImpl(Ljava/awt/AWTEvent;)V+42
j  java.awt.Window.dispatchEventImpl(Ljava/awt/AWTEvent;)V+19
J 2473 C1 java.awt.EventQueue.dispatchEventImpl(Ljava/awt/AWTEvent;Ljava/lang/Object;)V (149 bytes) @ 0x000000000320e00c [0x000000000320c980+0x168c]
J 2471 C1 java.awt.EventQueue$3.run()Ljava/lang/Void; (60 bytes) @ 0x000000000320aecc [0x000000000320acc0+0x20c]
J 2470 C1 java.awt.EventQueue$3.run()Ljava/lang/Object; (5 bytes) @ 0x00000000032051cc [0x0000000003205140+0x8c]
v  ~StubRoutines::call_stub
J 2047  java.security.AccessController.doPrivileged(Ljava/security/PrivilegedAction;Ljava/security/AccessControlContext;)Ljava/lang/Object; (0 bytes) @ 0x0000000002ef2566 [0x0000000002ef2500+0x66]
J 2026 C1 java.security.ProtectionDomain$1.doIntersectionPrivilege(Ljava/security/PrivilegedAction;Ljava/security/AccessControlContext;Ljava/security/AccessControlContext;)Ljava/lang/Object; (32 bytes) @ 0x0000000002ee4f5c [0x0000000002ee4c60+0x2fc]
J 2708 C1 java.awt.EventQueue$4.run()Ljava/lang/Object; (5 bytes) @ 0x000000000301c5cc [0x000000000301c1e0+0x3ec]
v  ~StubRoutines::call_stub
J 2047  java.security.AccessController.doPrivileged(Ljava/security/PrivilegedAction;Ljava/security/AccessControlContext;)Ljava/lang/Object; (0 bytes) @ 0x0000000002ef2566 [0x0000000002ef2500+0x66]
J 2116 C1 java.awt.EventQueue.dispatchEvent(Ljava/awt/AWTEvent;)V (80 bytes) @ 0x0000000002eb6cf4 [0x0000000002eb6040+0xcb4]
J 2119 C1 java.awt.EventDispatchThread.pumpOneEventForFilters(I)V (295 bytes) @ 0x0000000002c78ddc [0x0000000002c77280+0x1b5c]
j  java.awt.EventDispatchThread.pumpEventsForFilter(ILjava/awt/Conditional;Ljava/awt/EventFilter;)V+35
j  java.awt.EventDispatchThread.pumpEventsForHierarchy(ILjava/awt/Conditional;Ljava/awt/Component;)V+11
j  java.awt.EventDispatchThread.pumpEvents(ILjava/awt/Conditional;)V+4
j  java.awt.EventDispatchThread.pumpEvents(Ljava/awt/Conditional;)V+3
j  java.awt.EventDispatchThread.run()V+9
v  ~StubRoutines::call_stub

---------------  P R O C E S S  ---------------

Java Threads: ( => current thread )
  0x0000000019f11800 JavaThread "Abandoned connection cleanup thread" daemon [_thread_blocked, id=5356, stack(0x0000000021830000,0x0000000021930000)]
  0x000000001d50d000 JavaThread "Animation Thread-SharedResourceRunner" daemon [_thread_blocked, id=2772, stack(0x000000001e420000,0x000000001e520000)]
  0x00000000028ae000 JavaThread "DestroyJavaVM" [_thread_blocked, id=3676, stack(0x00000000028b0000,0x00000000029b0000)]
  0x0000000019a46800 JavaThread "Animation Thread" [_thread_blocked, id=5440, stack(0x000000001ca70000,0x000000001cb70000)]
  0x0000000019a44000 JavaThread "D3D Screen Updater" daemon [_thread_blocked, id=2964, stack(0x000000001c410000,0x000000001c510000)]
=>0x0000000019a25800 JavaThread "AWT-EventQueue-0" [_thread_in_native, id=4128, stack(0x000000001c210000,0x000000001c310000)]
  0x000000001923e000 JavaThread "AWT-Windows" daemon [_thread_in_native, id=5624, stack(0x000000001a340000,0x000000001a440000)]
  0x00000000199c3000 JavaThread "AWT-Shutdown" [_thread_blocked, id=5412, stack(0x000000001a240000,0x000000001a340000)]
  0x000000001923d800 JavaThread "Java2D Disposer" daemon [_thread_blocked, id=3468, stack(0x000000001a140000,0x000000001a240000)]
  0x0000000018e58800 JavaThread "Service Thread" daemon [_thread_blocked, id=4700, stack(0x0000000019240000,0x0000000019340000)]
  0x00000000175f1800 JavaThread "C1 CompilerThread2" daemon [_thread_blocked, id=3096, stack(0x0000000018d40000,0x0000000018e40000)]
  0x00000000175ee000 JavaThread "C2 CompilerThread1" daemon [_thread_blocked, id=868, stack(0x0000000018c40000,0x0000000018d40000)]
  0x00000000175f9000 JavaThread "C2 CompilerThread0" daemon [_thread_blocked, id=3464, stack(0x0000000018b40000,0x0000000018c40000)]
  0x00000000175f7000 JavaThread "Attach Listener" daemon [_thread_blocked, id=4796, stack(0x0000000018a40000,0x0000000018b40000)]
  0x00000000175f6000 JavaThread "Signal Dispatcher" daemon [_thread_blocked, id=4280, stack(0x0000000018940000,0x0000000018a40000)]
  0x0000000002aa7000 JavaThread "Finalizer" daemon [_thread_blocked, id=1084, stack(0x0000000018840000,0x0000000018940000)]
  0x0000000002a9e000 JavaThread "Reference Handler" daemon [_thread_blocked, id=1564, stack(0x0000000018740000,0x0000000018840000)]

Other Threads:
  0x00000000175b5800 VMThread [stack: 0x0000000018640000,0x0000000018740000] [id=4896]
  0x0000000018e72800 WatcherThread [stack: 0x0000000019340000,0x0000000019440000] [id=6128]

VM state:not at safepoint (normal execution)

VM Mutex/Monitor currently owned by a thread: None

Heap:
 PSYoungGen      total 272384K, used 66930K [0x00000000d5e00000, 0x00000000eda00000, 0x0000000100000000)
  eden space 166912K, 33% used [0x00000000d5e00000,0x00000000d9474d60,0x00000000e0100000)
  from space 105472K, 10% used [0x00000000e7300000,0x00000000e7de7c98,0x00000000eda00000)
  to   space 111104K, 0% used [0x00000000e0100000,0x00000000e0100000,0x00000000e6d80000)
 ParOldGen       total 434176K, used 325276K [0x0000000081a00000, 0x000000009c200000, 0x00000000d5e00000)
  object space 434176K, 74% used [0x0000000081a00000,0x00000000957a73d0,0x000000009c200000)
 Metaspace       used 22686K, capacity 22851K, committed 23040K, reserved 1071104K
  class space    used 2114K, capacity 2178K, committed 2304K, reserved 1048576K

Card table byte_map: [0x0000000011e70000,0x0000000012270000] byte_map_base: 0x0000000011a63000

Marking Bits: (ParMarkBitMap*) 0x0000000077e1b460
 Begin Bits: [0x0000000012920000, 0x00000000148b8000)
 End Bits:   [0x00000000148b8000, 0x0000000016850000)

Polling page: 0x0000000000fd0000

CodeCache: size=245760Kb used=10688Kb max_used=10717Kb free=235071Kb
 bounds [0x0000000002ab0000, 0x0000000003540000, 0x0000000011ab0000]
 total_blobs=3916 nmethods=2945 adapters=884
 compilation: enabled

Compilation events (10 events):
Event: 114.522 Thread 0x00000000175f1800 nmethod 3404 0x0000000003513d90 code [0x0000000003513ee0, 0x0000000003513ff0]
Event: 114.522 Thread 0x00000000175f1800 3405       1       controlP5.ControllerGroup::postDraw (1 bytes)
Event: 114.522 Thread 0x00000000175f1800 nmethod 3405 0x00000000034fb5d0 code [0x00000000034fb720, 0x00000000034fb830]
Event: 114.523 Thread 0x00000000175f9000 nmethod 3398 0x0000000003523f50 code [0x0000000003524620, 0x000000000352b5f0]
Event: 114.763 Thread 0x00000000175ee000 3406       4       sun.font.TrueTypeFont::lookupName (205 bytes)
Event: 115.132 Thread 0x00000000175ee000 nmethod 3406 0x0000000003534d10 code [0x0000000003535000, 0x0000000003537028]
Event: 115.246 Thread 0x00000000175f9000 3407       4       processing.opengl.PJOGL::texParameteri (13 bytes)
Event: 115.258 Thread 0x00000000175f9000 nmethod 3407 0x0000000002bc8cd0 code [0x0000000002bc8e60, 0x0000000002bc90e8]
Event: 115.562 Thread 0x00000000175ee000 3408       4       processing.opengl.Texture::unbind (87 bytes)
Event: 115.599 Thread 0x00000000175ee000 nmethod 3408 0x000000000351fb90 code [0x000000000351fd60, 0x0000000003520390]

GC Heap History (10 events):
Event: 87.067 GC heap before
{Heap before GC invocations=19 (full 2):
 PSYoungGen      total 209408K, used 174825K [0x00000000d5e00000, 0x00000000e6f80000, 0x0000000100000000)
  eden space 138752K, 100% used [0x00000000d5e00000,0x00000000de580000,0x00000000de580000)
  from space 70656K, 51% used [0x00000000e2a80000,0x00000000e4dba440,0x00000000e6f80000)
  to   space 70656K, 0% used [0x00000000de580000,0x00000000de580000,0x00000000e2a80000)
 ParOldGen       total 265216K, used 159133K [0x0000000081a00000, 0x0000000091d00000, 0x00000000d5e00000)
  object space 265216K, 60% used [0x0000000081a00000,0x000000008b567798,0x0000000091d00000)
 Metaspace       used 22548K, capacity 22787K, committed 23040K, reserved 1071104K
  class space    used 2114K, capacity 2178K, committed 2304K, reserved 1048576K
Event: 87.205 GC heap after
Heap after GC invocations=19 (full 2):
 PSYoungGen      total 209408K, used 59892K [0x00000000d5e00000, 0x00000000ea000000, 0x0000000100000000)
  eden space 138752K, 0% used [0x00000000d5e00000,0x00000000d5e00000,0x00000000de580000)
  from space 70656K, 84% used [0x00000000de580000,0x00000000e1ffd180,0x00000000e2a80000)
  to   space 78336K, 0% used [0x00000000e5380000,0x00000000e5380000,0x00000000ea000000)
 ParOldGen       total 265216K, used 171045K [0x0000000081a00000, 0x0000000091d00000, 0x00000000d5e00000)
  object space 265216K, 64% used [0x0000000081a00000,0x000000008c1097a8,0x0000000091d00000)
 Metaspace       used 22548K, capacity 22787K, committed 23040K, reserved 1071104K
  class space    used 2114K, capacity 2178K, committed 2304K, reserved 1048576K
}
Event: 89.339 GC heap before
{Heap before GC invocations=20 (full 2):
 PSYoungGen      total 209408K, used 198644K [0x00000000d5e00000, 0x00000000ea000000, 0x0000000100000000)
  eden space 138752K, 100% used [0x00000000d5e00000,0x00000000de580000,0x00000000de580000)
  from space 70656K, 84% used [0x00000000de580000,0x00000000e1ffd180,0x00000000e2a80000)
  to   space 78336K, 0% used [0x00000000e5380000,0x00000000e5380000,0x00000000ea000000)
 ParOldGen       total 265216K, used 171045K [0x0000000081a00000, 0x0000000091d00000, 0x00000000d5e00000)
  object space 265216K, 64% used [0x0000000081a00000,0x000000008c1097a8,0x0000000091d00000)
 Metaspace       used 22548K, capacity 22787K, committed 23040K, reserved 1071104K
  class space    used 2114K, capacity 2178K, committed 2304K, reserved 1048576K
Event: 89.747 GC heap after
Heap after GC invocations=20 (full 2):
 PSYoungGen      total 214528K, used 78318K [0x00000000d5e00000, 0x00000000eeb00000, 0x0000000100000000)
  eden space 136192K, 0% used [0x00000000d5e00000,0x00000000d5e00000,0x00000000de300000)
  from space 78336K, 99% used [0x00000000e5380000,0x00000000e9ffb8d0,0x00000000ea000000)
  to   space 115200K, 0% used [0x00000000de300000,0x00000000de300000,0x00000000e5380000)
 ParOldGen       total 265216K, used 237869K [0x0000000081a00000, 0x0000000091d00000, 0x00000000d5e00000)
  object space 265216K, 89% used [0x0000000081a00000,0x000000009024b440,0x0000000091d00000)
 Metaspace       used 22548K, capacity 22787K, committed 23040K, reserved 1071104K
  class space    used 2114K, capacity 2178K, committed 2304K, reserved 1048576K
}
Event: 89.747 GC heap before
{Heap before GC invocations=21 (full 3):
 PSYoungGen      total 214528K, used 78318K [0x00000000d5e00000, 0x00000000eeb00000, 0x0000000100000000)
  eden space 136192K, 0% used [0x00000000d5e00000,0x00000000d5e00000,0x00000000de300000)
  from space 78336K, 99% used [0x00000000e5380000,0x00000000e9ffb8d0,0x00000000ea000000)
  to   space 115200K, 0% used [0x00000000de300000,0x00000000de300000,0x00000000e5380000)
 ParOldGen       total 265216K, used 237869K [0x0000000081a00000, 0x0000000091d00000, 0x00000000d5e00000)
  object space 265216K, 89% used [0x0000000081a00000,0x000000009024b440,0x0000000091d00000)
 Metaspace       used 22548K, capacity 22787K, committed 23040K, reserved 1071104K
  class space    used 2114K, capacity 2178K, committed 2304K, reserved 1048576K
Event: 92.280 GC heap after
Heap after GC invocations=21 (full 3):
 PSYoungGen      total 214528K, used 49580K [0x00000000d5e00000, 0x00000000eeb00000, 0x0000000100000000)
  eden space 136192K, 0% used [0x00000000d5e00000,0x00000000d5e00000,0x00000000de300000)
  from space 78336K, 63% used [0x00000000e5380000,0x00000000e83eb200,0x00000000ea000000)
  to   space 115200K, 0% used [0x00000000de300000,0x00000000de300000,0x00000000e5380000)
 ParOldGen       total 434176K, used 265188K [0x0000000081a00000, 0x000000009c200000, 0x00000000d5e00000)
  object space 434176K, 61% used [0x0000000081a00000,0x0000000091cf93d0,0x000000009c200000)
 Metaspace       used 22548K, capacity 22787K, committed 23040K, reserved 1071104K
  class space    used 2114K, capacity 2178K, committed 2304K, reserved 1048576K
}
Event: 92.657 GC heap before
{Heap before GC invocations=22 (full 3):
 PSYoungGen      total 214528K, used 185772K [0x00000000d5e00000, 0x00000000eeb00000, 0x0000000100000000)
  eden space 136192K, 100% used [0x00000000d5e00000,0x00000000de300000,0x00000000de300000)
  from space 78336K, 63% used [0x00000000e5380000,0x00000000e83eb200,0x00000000ea000000)
  to   space 115200K, 0% used [0x00000000de300000,0x00000000de300000,0x00000000e5380000)
 ParOldGen       total 434176K, used 265188K [0x0000000081a00000, 0x000000009c200000, 0x00000000d5e00000)
  object space 434176K, 61% used [0x0000000081a00000,0x0000000091cf93d0,0x000000009c200000)
 Metaspace       used 22548K, capacity 22787K, committed 23040K, reserved 1071104K
  class space    used 2114K, capacity 2178K, committed 2304K, reserved 1048576K
Event: 92.868 GC heap after
Heap after GC invocations=22 (full 3):
 PSYoungGen      total 251392K, used 11082K [0x00000000d5e00000, 0x00000000ee200000, 0x0000000100000000)
  eden space 136192K, 0% used [0x00000000d5e00000,0x00000000d5e00000,0x00000000de300000)
  from space 115200K, 9% used [0x00000000de300000,0x00000000dedd2868,0x00000000e5380000)
  to   space 113664K, 0% used [0x00000000e7300000,0x00000000e7300000,0x00000000ee200000)
 ParOldGen       total 434176K, used 315004K [0x0000000081a00000, 0x000000009c200000, 0x00000000d5e00000)
  object space 434176K, 72% used [0x0000000081a00000,0x0000000094d9f3d0,0x000000009c200000)
 Metaspace       used 22548K, capacity 22787K, committed 23040K, reserved 1071104K
  class space    used 2114K, capacity 2178K, committed 2304K, reserved 1048576K
}
Event: 99.772 GC heap before
{Heap before GC invocations=23 (full 3):
 PSYoungGen      total 251392K, used 147274K [0x00000000d5e00000, 0x00000000ee200000, 0x0000000100000000)
  eden space 136192K, 100% used [0x00000000d5e00000,0x00000000de300000,0x00000000de300000)
  from space 115200K, 9% used [0x00000000de300000,0x00000000dedd2868,0x00000000e5380000)
  to   space 113664K, 0% used [0x00000000e7300000,0x00000000e7300000,0x00000000ee200000)
 ParOldGen       total 434176K, used 315004K [0x0000000081a00000, 0x000000009c200000, 0x00000000d5e00000)
  object space 434176K, 72% used [0x0000000081a00000,0x0000000094d9f3d0,0x000000009c200000)
 Metaspace       used 22593K, capacity 22787K, committed 23040K, reserved 1071104K
  class space    used 2114K, capacity 2178K, committed 2304K, reserved 1048576K
Event: 99.868 GC heap after
Heap after GC invocations=23 (full 3):
 PSYoungGen      total 272384K, used 11167K [0x00000000d5e00000, 0x00000000eda00000, 0x0000000100000000)
  eden space 166912K, 0% used [0x00000000d5e00000,0x00000000d5e00000,0x00000000e0100000)
  from space 105472K, 10% used [0x00000000e7300000,0x00000000e7de7c98,0x00000000eda00000)
  to   space 111104K, 0% used [0x00000000e0100000,0x00000000e0100000,0x00000000e6d80000)
 ParOldGen       total 434176K, used 325276K [0x0000000081a00000, 0x000000009c200000, 0x00000000d5e00000)
  object space 434176K, 74% used [0x0000000081a00000,0x00000000957a73d0,0x000000009c200000)
 Metaspace       used 22593K, capacity 22787K, committed 23040K, reserved 1071104K
  class space    used 2114K, capacity 2178K, committed 2304K, reserved 1048576K
}

Deoptimization events (10 events):
Event: 23.653 Thread 0x0000000019a25800 Uncommon trap: reason=null_check action=make_not_entrant pc=0x0000000002d5b6a0 method=processing.opengl.FontTexture.getTexInfo(Lprocessing/core/PFont$Glyph;)Lprocessing/opengl/FontTexture$TextureInfo; @ 8
Event: 53.972 Thread 0x0000000019a25800 Uncommon trap: reason=unreached action=reinterpret pc=0x0000000003382970 method=com.mysql.jdbc.MysqlIO.readSingleRowSet(JIIZ[Lcom/mysql/jdbc/Field;)Lcom/mysql/jdbc/RowData; @ 80
Event: 53.973 Thread 0x0000000019a25800 Uncommon trap: reason=null_check action=make_not_entrant pc=0x0000000002ecdc80 method=com.mysql.jdbc.ResultSetImpl.findColumn(Ljava/lang/String;)I @ 33
Event: 59.057 Thread 0x0000000019a25800 Uncommon trap: reason=unloaded action=reinterpret pc=0x0000000002c4c02c method=programmingproject.TripAnimator.switchData()V @ 66
Event: 59.354 Thread 0x0000000019a25800 Uncommon trap: reason=class_check action=maybe_recompile pc=0x0000000002f43f98 method=java.util.regex.Matcher.search(I)Z @ 86
Event: 59.354 Thread 0x0000000019a25800 Uncommon trap: reason=class_check action=maybe_recompile pc=0x0000000002f43f98 method=java.util.regex.Matcher.search(I)Z @ 86
Event: 59.354 Thread 0x0000000019a25800 Uncommon trap: reason=class_check action=maybe_recompile pc=0x0000000002f43f98 method=java.util.regex.Matcher.search(I)Z @ 86
Event: 59.374 Thread 0x0000000019a25800 Uncommon trap: reason=unloaded action=reinterpret pc=0x00000000033a3708 method=programmingproject.TripAnimator.draw()V @ 201
Event: 59.374 Thread 0x0000000019a25800 Uncommon trap: reason=class_check action=maybe_recompile pc=0x0000000002f43f98 method=java.util.regex.Matcher.search(I)Z @ 86
Event: 59.849 Thread 0x0000000019a25800 Uncommon trap: reason=unloaded action=reinterpret pc=0x00000000030b4b24 method=programmingproject.TripAnimator.draw()V @ 201

Internal exceptions (10 events):
Event: 4.552 Thread 0x0000000019a25800 Exception <a 'java/security/PrivilegedActionException'> (0x00000000d60d5e48) thrown at [D:\re\workspace\8-2-build-windows-amd64-cygwin\jdk8u20\1074\hotspot\src\share\vm\prims\jvm.cpp, line 1275]
Event: 5.048 Thread 0x0000000019a25800 Exception <a 'java/security/PrivilegedActionException'> (0x00000000d664de40) thrown at [D:\re\workspace\8-2-build-windows-amd64-cygwin\jdk8u20\1074\hotspot\src\share\vm\prims\jvm.cpp, line 1275]
Event: 5.564 Thread 0x0000000019a25800 Exception <a 'java/security/PrivilegedActionException'> (0x00000000d697daf0) thrown at [D:\re\workspace\8-2-build-windows-amd64-cygwin\jdk8u20\1074\hotspot\src\share\vm\prims\jvm.cpp, line 1275]
Event: 5.593 Thread 0x0000000019a25800 Exception <a 'java/security/PrivilegedActionException'> (0x00000000d6986b90) thrown at [D:\re\workspace\8-2-build-windows-amd64-cygwin\jdk8u20\1074\hotspot\src\share\vm\prims\jvm.cpp, line 1275]
Event: 17.636 Thread 0x0000000019a25800 Exception <a 'java/security/PrivilegedActionException'> (0x00000000da31c558) thrown at [D:\re\workspace\8-2-build-windows-amd64-cygwin\jdk8u20\1074\hotspot\src\share\vm\prims\jvm.cpp, line 1275]
Event: 18.353 Thread 0x0000000019a25800 Exception <a 'java/security/PrivilegedActionException'> (0x00000000da5f4ad8) thrown at [D:\re\workspace\8-2-build-windows-amd64-cygwin\jdk8u20\1074\hotspot\src\share\vm\prims\jvm.cpp, line 1275]
Event: 20.284 Thread 0x0000000019a25800 Implicit null exception at 0x0000000003008557 to 0x0000000003008ba9
Event: 23.653 Thread 0x0000000019a25800 Implicit null exception at 0x0000000002d5acfd to 0x0000000002d5b689
Event: 53.973 Thread 0x0000000019a25800 Implicit null exception at 0x0000000002ecd857 to 0x0000000002ecdc65
Event: 58.097 Thread 0x0000000019a25800 Exception <a 'java/security/PrivilegedActionException'> (0x00000000dbae9768) thrown at [D:\re\workspace\8-2-build-windows-amd64-cygwin\jdk8u20\1074\hotspot\src\share\vm\prims\jvm.cpp, line 1275]

Events (10 events):
Event: 105.450 loading class java/nio/DirectByteBuffer$1
Event: 105.451 loading class java/nio/DirectByteBuffer$1 done
Event: 115.134 Thread 0x00000000175ee000 flushing nmethod 0x0000000002bc85d0
Event: 115.134 Thread 0x00000000175ee000 flushing nmethod 0x0000000002bd98d0
Event: 115.134 Thread 0x00000000175ee000 flushing nmethod 0x0000000002bf1d50
Event: 115.260 Thread 0x00000000175f9000 flushing nmethod 0x0000000002c40c90
Event: 115.260 Thread 0x00000000175f9000 flushing nmethod 0x0000000002c43dd0
Event: 115.260 Thread 0x00000000175f9000 flushing nmethod 0x0000000002c53990
Event: 115.260 Thread 0x00000000175f9000 flushing nmethod 0x0000000002c67d90
Event: 115.600 Thread 0x00000000175ee000 flushing nmethod 0x0000000002cb85d0


Dynamic libraries:
0x00007ff7ff1c0000 - 0x00007ff7ff1f4000 	C:\Program Files\Java\jdk1.8.0_20\jre\bin\java.exe
0x00007ffcf9470000 - 0x00007ffcf961c000 	C:\Windows\SYSTEM32\ntdll.dll
0x00007ffcf76d0000 - 0x00007ffcf780e000 	C:\Windows\system32\KERNEL32.DLL
0x00007ffcf69d0000 - 0x00007ffcf6ae5000 	C:\Windows\system32\KERNELBASE.dll
0x00007ffcf25c0000 - 0x00007ffcf264e000 	C:\Windows\system32\apphelp.dll
0x00007ffcf3690000 - 0x00007ffcf36e3000 	C:\Windows\AppPatch\AppPatch64\AcGenral.DLL
0x00007ffcf6b60000 - 0x00007ffcf6c0a000 	C:\Windows\system32\msvcrt.dll
0x00007ffcf63f0000 - 0x00007ffcf641e000 	C:\Windows\SYSTEM32\SspiCli.dll
0x00007ffcf7b50000 - 0x00007ffcf7ba4000 	C:\Windows\system32\SHLWAPI.dll
0x00007ffcf9290000 - 0x00007ffcf9407000 	C:\Windows\system32\USER32.dll
0x00007ffcf7330000 - 0x00007ffcf74c4000 	C:\Windows\system32\ole32.dll
0x00007ffcf7d70000 - 0x00007ffcf9288000 	C:\Windows\system32\SHELL32.dll
0x00007ffcf5d80000 - 0x00007ffcf5da1000 	C:\Windows\SYSTEM32\USERENV.dll
0x00007ffcf7610000 - 0x00007ffcf76ba000 	C:\Windows\system32\ADVAPI32.dll
0x00007ffce98e0000 - 0x00007ffce98fe000 	C:\Windows\SYSTEM32\MPR.dll
0x00007ffcf7000000 - 0x00007ffcf7141000 	C:\Windows\system32\RPCRT4.dll
0x00007ffcf6af0000 - 0x00007ffcf6b49000 	C:\Windows\SYSTEM32\sechost.dll
0x00007ffcf6de0000 - 0x00007ffcf6ff1000 	C:\Windows\SYSTEM32\combase.dll
0x00007ffcf6c80000 - 0x00007ffcf6dd1000 	C:\Windows\system32\GDI32.dll
0x00007ffcf65c0000 - 0x00007ffcf65d5000 	C:\Windows\SYSTEM32\profapi.dll
0x00007ffcf5110000 - 0x00007ffcf51c2000 	C:\Windows\SYSTEM32\SHCORE.dll
0x00007ffcf9430000 - 0x00007ffcf9466000 	C:\Windows\system32\IMM32.DLL
0x00007ffcf7c10000 - 0x00007ffcf7d61000 	C:\Windows\system32\MSCTF.dll
0x00007ffcf46c0000 - 0x00007ffcf493b000 	C:\Windows\WinSxS\amd64_microsoft.windows.common-controls_6595b64144ccf1df_6.0.9600.17415_none_6240486fecbd8abb\COMCTL32.dll
0x0000000077560000 - 0x0000000077632000 	C:\Program Files\Java\jdk1.8.0_20\jre\bin\msvcr100.dll
0x0000000077640000 - 0x0000000077e98000 	C:\Program Files\Java\jdk1.8.0_20\jre\bin\server\jvm.dll
0x00007ffcda860000 - 0x00007ffcda869000 	C:\Windows\SYSTEM32\WSOCK32.dll
0x00007ffcf4d10000 - 0x00007ffcf4d32000 	C:\Windows\SYSTEM32\WINMM.dll
0x00007ffcf76c0000 - 0x00007ffcf76c7000 	C:\Windows\system32\PSAPI.DLL
0x00007ffcf6c20000 - 0x00007ffcf6c7a000 	C:\Windows\system32\WS2_32.dll
0x00007ffcf4ce0000 - 0x00007ffcf4d0a000 	C:\Windows\SYSTEM32\WINMMBASE.dll
0x00007ffcf6b50000 - 0x00007ffcf6b59000 	C:\Windows\system32\NSI.dll
0x00007ffcf67a0000 - 0x00007ffcf67ef000 	C:\Windows\SYSTEM32\cfgmgr32.dll
0x00007ffcf53b0000 - 0x00007ffcf53d8000 	C:\Windows\SYSTEM32\DEVOBJ.dll
0x0000000077550000 - 0x000000007755f000 	C:\Program Files\Java\jdk1.8.0_20\jre\bin\verify.dll
0x0000000077520000 - 0x0000000077548000 	C:\Program Files\Java\jdk1.8.0_20\jre\bin\java.dll
0x0000000077500000 - 0x0000000077516000 	C:\Program Files\Java\jdk1.8.0_20\jre\bin\zip.dll
0x0000000077320000 - 0x00000000774b8000 	C:\Program Files\Java\jdk1.8.0_20\jre\bin\awt.dll
0x00007ffcf7540000 - 0x00007ffcf7601000 	C:\Windows\system32\OLEAUT32.dll
0x00007ffcf4970000 - 0x00007ffcf4991000 	C:\Windows\system32\DWMAPI.DLL
0x00007ffcf5230000 - 0x00007ffcf5359000 	C:\Windows\system32\uxtheme.dll
0x00007ffcf5400000 - 0x00007ffcf540b000 	C:\Windows\SYSTEM32\kernel.appcore.dll
0x00007ffcf6490000 - 0x00007ffcf649b000 	C:\Windows\SYSTEM32\CRYPTBASE.dll
0x00007ffcf6420000 - 0x00007ffcf6483000 	C:\Windows\SYSTEM32\bcryptPrimitives.dll
0x00007ffcea560000 - 0x00007ffcea781000 	C:\Windows\system32\d3d9.dll
0x00007ffcf4b50000 - 0x00007ffcf4b5a000 	C:\Windows\SYSTEM32\VERSION.dll
0x00007ffcf3c50000 - 0x00007ffcf3db4000 	C:\Windows\SYSTEM32\nvumdshimx.dll
0x00007ffcf7150000 - 0x00007ffcf732a000 	C:\Windows\system32\SETUPAPI.dll
0x00007ffcf4ff0000 - 0x00007ffcf5022000 	C:\Windows\SYSTEM32\nvinitx.dll
0x00007ffcd6d70000 - 0x00007ffcd808f000 	C:\Windows\system32\igdumdim64.dll
0x00007ffcef790000 - 0x00007ffcf0115000 	C:\Windows\SYSTEM32\igdusc64.dll
0x00000000772d0000 - 0x0000000077317000 	C:\Program Files\Java\jdk1.8.0_20\jre\bin\fontmanager.dll
0x00007ffcf5ff0000 - 0x00007ffcf6010000 	C:\Windows\SYSTEM32\CRYPTSP.dll
0x00007ffcf5a70000 - 0x00007ffcf5aa6000 	C:\Windows\system32\rsaenh.dll
0x00007ffcf60e0000 - 0x00007ffcf6106000 	C:\Windows\SYSTEM32\bcrypt.dll
0x00000000774e0000 - 0x00000000774fa000 	C:\Program Files\Java\jdk1.8.0_20\jre\bin\net.dll
0x00007ffcf5d20000 - 0x00007ffcf5d79000 	C:\Windows\system32\mswsock.dll
0x00007ffcf2750000 - 0x00007ffcf277a000 	C:\Windows\SYSTEM32\IPHLPAPI.DLL
0x00007ffcf2740000 - 0x00007ffcf274a000 	C:\Windows\SYSTEM32\WINNSI.DLL
0x00007ffcee930000 - 0x00007ffcee946000 	C:\Windows\SYSTEM32\dhcpcsvc6.DLL
0x00007ffceeb30000 - 0x00007ffceeb4a000 	C:\Windows\SYSTEM32\dhcpcsvc.DLL
0x00000000774c0000 - 0x00000000774d1000 	C:\Program Files\Java\jdk1.8.0_20\jre\bin\nio.dll
0x00000000637c0000 - 0x00000000637cd000 	C:\Users\Aran\AppData\Local\Temp\jogamp_0000\file_cache\jln5947911038621715387\jln8910553025719564532\gluegen-rt.dll
0x0000000077230000 - 0x0000000077237000 	C:\Program Files\Java\jdk1.8.0_20\jre\bin\jawt.dll
0x000000006a440000 - 0x000000006a44d000 	C:\Users\Aran\AppData\Local\Temp\jogamp_0000\file_cache\jln5947911038621715387\jln8910553025719564532\nativewindow_awt.dll
0x000000006c100000 - 0x000000006c10f000 	C:\Users\Aran\AppData\Local\Temp\jogamp_0000\file_cache\jln5947911038621715387\jln8910553025719564532\nativewindow_win32.dll
0x00007ffce3ab0000 - 0x00007ffce3bdb000 	C:\Windows\SYSTEM32\OpenGL32.dll
0x00007ffcf3150000 - 0x00007ffcf317e000 	C:\Windows\SYSTEM32\GLU32.dll
0x00007ffce3640000 - 0x00007ffce3738000 	C:\Windows\SYSTEM32\DDRAW.dll
0x00007ffcf4080000 - 0x00007ffcf4089000 	C:\Windows\SYSTEM32\DCIMAN32.dll
0x0000000064500000 - 0x00000000645a0000 	C:\Users\Aran\AppData\Local\Temp\jogamp_0000\file_cache\jln5947911038621715387\jln8910553025719564532\jogl_desktop.dll
0x00007ffcf3630000 - 0x00007ffcf368b000 	C:\Windows\system32\NV\nvoglshim64.dll
0x00007ffcd9c50000 - 0x00007ffcda4d4000 	C:\Windows\system32\ig75icd64.dll
0x00007ffcf6560000 - 0x00007ffcf65a6000 	C:\Windows\SYSTEM32\powrprof.dll
0x0000000077280000 - 0x00000000772c1000 	C:\Program Files\Java\jdk1.8.0_20\jre\bin\t2k.dll
0x00007ffcf5b90000 - 0x00007ffcf5c34000 	C:\Windows\SYSTEM32\DNSAPI.dll
0x00007ffceca10000 - 0x00007ffceca1a000 	C:\Windows\System32\rasadhlp.dll
0x00007ffceea00000 - 0x00007ffceea6b000 	C:\Windows\System32\fwpuclnt.dll
0x00007ffcf3980000 - 0x00007ffcf3b0a000 	C:\Windows\SYSTEM32\dbghelp.dll

VM Arguments:
jvm_args: -Dfile.encoding=UTF-8 
java_command: programmingproject.ProgrammingProject
java_class_path (initial): C:\Users\Aran\Documents\NetBeansProjects\programming-project-group-3\ProgrammingProject\lib\core.jar;C:\Users\Aran\Documents\NetBeansProjects\programming-project-group-3\ProgrammingProject\lib\gluegen-rt-natives-linux-amd64.jar;C:\Users\Aran\Documents\NetBeansProjects\programming-project-group-3\ProgrammingProject\lib\gluegen-rt-natives-linux-armv6hf.jar;C:\Users\Aran\Documents\NetBeansProjects\programming-project-group-3\ProgrammingProject\lib\gluegen-rt-natives-linux-i586.jar;C:\Users\Aran\Documents\NetBeansProjects\programming-project-group-3\ProgrammingProject\lib\gluegen-rt-natives-macosx-universal.jar;C:\Users\Aran\Documents\NetBeansProjects\programming-project-group-3\ProgrammingProject\lib\gluegen-rt-natives-windows-amd64.jar;C:\Users\Aran\Documents\NetBeansProjects\programming-project-group-3\ProgrammingProject\lib\gluegen-rt-natives-windows-i586.jar;C:\Users\Aran\Documents\NetBeansProjects\programming-project-group-3\ProgrammingProject\lib\gluegen-rt.jar;C:\Users\Aran\Documents\NetBeansProjects\programming-project-group-3\ProgrammingProject\lib\jogl-all-natives-linux-amd64.jar;C:\Users\Aran\Documents\NetBeansProjects\programming-project-group-3\ProgrammingProject\lib\jogl-all-natives-linux-armv6hf.jar;C:\Users\Aran\Documents\NetBeansProjects\programming-project-group-3\ProgrammingProject\lib\jogl-all-natives-linux-i586.jar;C:\Users\Aran\Documents\NetBeansProjects\programming-project-group-3\ProgrammingProject\lib\jogl-all-natives-macosx-universal.jar;C:\Users\Aran\Documents\NetBeansProjects\programming-project-group-3\ProgrammingProject\lib\jogl-all-natives-windows-amd64.jar;C:\Users\Aran\Documents\NetBeansProjects\programming-project-group-3\ProgrammingProject\lib\jogl-all-natives-windows-i586.jar;C:\Users\Aran\Documents\NetBeansProjects\programming-project-group-3\ProgrammingProject\lib\jogl-all.jar;C:\Users\Aran\Documents\NetBeansProjects\programming-project-group-3\ProgrammingProject\lib\mysql-connector-java-5.1.34-bin.jar;
Launcher Type: SUN_STANDARD

Environment Variables:
PATH=C:\Users\Aran\Documents\Enviroment Variables;C:\Program Files\Haskell Platform\2014.2.0.0\bin;C:\Program Files\Haskell Platform\2014.2.0.0\lib\extralibs\bin;C:\Program Files\Haskell Platform\2014.2.0.0\bin;C:\Python34;C:\Program Files\Java\jdk1.8.0_20\bin;C:\ProgramData\Oracle\Java\javapath;C:\Windows\system32;C:\Windows;C:\Windows\System32\Wbem;C:\Windows\System32\WindowsPowerShell\v1.0\;C:\Program Files\Haskell Platform\2014.2.0.0\mingw\bin;C:\Program Files (x86)\MiKTeX 2.9\miktex\bin\;C:\Program Files (x86)\Windows Kits\8.1\Windows Performance Toolkit\;C:\Program Files\Microsoft SQL Server\110\Tools\Binn\;C:\Program Files (x86)\Microsoft SDKs\TypeScript\1.0\;C:\Program Files\Microsoft SQL Server\120\Tools\Binn\;C:\Program Files (x86)\Windows Live\Shared;C:\Program Files\MATLAB\R2014b\bin;C:\Program Files (x86)\Git\cmd;C:\Users\Aran\AppData\Roaming\cabal\bin;.;
USERNAME=Aran
OS=Windows_NT
PROCESSOR_IDENTIFIER=Intel64 Family 6 Model 60 Stepping 3, GenuineIntel



---------------  S Y S T E M  ---------------

OS: Windows 8.1 , 64 bit Build 9600 

CPU:total 4 (2 cores per cpu, 2 threads per core) family 6 model 60 stepping 3, cmov, cx8, fxsr, mmx, sse, sse2, sse3, ssse3, sse4.1, sse4.2, popcnt, avx, avx2, aes, clmul, erms, lzcnt, ht, tsc, tscinvbit, bmi1, bmi2

Memory: 4k page, physical 8281560k(3116580k free), swap 9592280k(3455900k free)

vm_info: Java HotSpot(TM) 64-Bit Server VM (25.20-b23) for windows-amd64 JRE (1.8.0_20-b26), built on Jul 30 2014 13:51:23 by "java_re" with MS VC++ 10.0 (VS2010)

time: Wed Mar 18 09:32:26 2015
elapsed time: 115 seconds (0d 0h 1m 55s)

