#
# A fatal error has been detected by the Java Runtime Environment:
#
#  EXCEPTION_ACCESS_VIOLATION (0xc0000005) at pc=0x00007ffcdb6ce24e, pid=1392, tid=6772
#
# JRE version: Java(TM) SE Runtime Environment (8.0_20-b26) (build 1.8.0_20-b26)
# Java VM: Java HotSpot(TM) 64-Bit Server VM (25.20-b23 mixed mode windows-amd64 compressed oops)
# Problematic frame:
# C  [ig75icd64.dll+0x4ee24e]
#
# Failed to write core dump. Minidumps are not enabled by default on client versions of Windows
#
# If you would like to submit a bug report, please visit:
#   http://bugreport.sun.com/bugreport/crash.jsp
# The crash happened outside the Java Virtual Machine in native code.
# See problematic frame for where to report the bug.
#

---------------  T H R E A D  ---------------

Current thread (0x0000000018fc0000):  JavaThread "AWT-EventQueue-0" [_thread_in_native, id=6772, stack(0x000000001b730000,0x000000001b830000)]

siginfo: ExceptionCode=0xc0000005, reading address 0x0000000000000000

Registers:
RAX=0x0000000000000000, RBX=0x000000001ec37c70, RCX=0x0000000000000018, RDX=0x000000001bf869c0
RSP=0x000000001b82cc40, RBP=0x0000000000000000, RSI=0x000000001ec38330, RDI=0x000000001ac798b0
R8 =0x0000000000000007, R9 =0x0000000000000008, R10=0x000000001c087880, R11=0x0000000000000000
R12=0x0000000000000000, R13=0x000000001cae9300, R14=0x000000001ac7c5a8, R15=0x0000000000000000
RIP=0x00007ffcdb6ce24e, EFLAGS=0x0000000000010246

Top of Stack: (sp=0x000000001b82cc40)
0x000000001b82cc40:   000000001c08e560 000000001bfb0cc0
0x000000001b82cc50:   000000001abec3b0 00007ffcf69d9b32
0x000000001b82cc60:   000000001e9fe250 00007ffcdb356d1f
0x000000001b82cc70:   000000001ec57460 000000001ac798b0
0x000000001b82cc80:   000000001ec38450 000000001ec57460
0x000000001b82cc90:   0000000018fc0000 0000000000000040
0x000000001b82cca0:   000000001bfb0cc0 00007ffcdb1f1bee
0x000000001b82ccb0:   0000000000000000 000000001c064f70
0x000000001b82ccc0:   000000001bfb0cc0 000000001bfb0cc0
0x000000001b82ccd0:   0000000000000008 00007ffcdb34fe68
0x000000001b82cce0:   000000001c087880 0000000000000000
0x000000001b82ccf0:   0000000000000038 0000000000000007
0x000000001b82cd00:   0000000000000008 00007ffcdb1f1a1e
0x000000001b82cd10:   000000001ec173a0 000000001bfb0cc0
0x000000001b82cd20:   000000001c08e560 0000000000000000
0x000000001b82cd30:   fffffffffffffffe 00007ffcdb6d1100 

Instructions: (pc=0x00007ffcdb6ce24e)
0x00007ffcdb6ce22e:   00 00 00 00 74 0d 48 8b cf 48 83 c4 20 5f e9 df
0x00007ffcdb6ce23e:   01 00 00 48 83 c4 20 5f c3 48 8b 82 78 7c 02 00
0x00007ffcdb6ce24e:   48 8b 08 48 39 4b 10 77 a8 48 8b 82 78 7c 02 00
0x00007ffcdb6ce25e:   48 8b 08 48 39 4b 18 77 98 80 bf f8 00 00 00 00 


Register to memory mapping:

RAX=0x0000000000000000 is an unknown value
RBX=0x000000001ec37c70 is an unknown value
RCX=0x0000000000000018 is an unknown value
RDX=0x000000001bf869c0 is an unknown value
RSP=0x000000001b82cc40 is pointing into the stack for thread: 0x0000000018fc0000
RBP=0x0000000000000000 is an unknown value
RSI=0x000000001ec38330 is an unknown value
RDI=0x000000001ac798b0 is an unknown value
R8 =0x0000000000000007 is an unknown value
R9 =0x0000000000000008 is an unknown value
R10=0x000000001c087880 is an unknown value
R11=0x0000000000000000 is an unknown value
R12=0x0000000000000000 is an unknown value
R13={method} {0x000000001cae9308} 'dispatch_wglDeleteContext0' '(JJ)Z' in 'jogamp/opengl/windows/wgl/WGL'
R14=0x000000001ac7c5a8 is an unknown value
R15=0x0000000000000000 is an unknown value


Stack: [0x000000001b730000,0x000000001b830000],  sp=0x000000001b82cc40,  free space=1011k
Native frames: (J=compiled Java code, j=interpreted, Vv=VM code, C=native code)

Java frames: (J=compiled Java code, j=interpreted, Vv=VM code)
j  jogamp.opengl.windows.wgl.WGL.dispatch_wglDeleteContext0(JJ)Z+0
j  jogamp.opengl.windows.wgl.WGL.wglDeleteContext(J)Z+37
j  jogamp.opengl.windows.wgl.WindowsWGLContext.destroyImpl()V+10
j  jogamp.opengl.GLContextImpl.destroy()V+503
j  jogamp.opengl.GLDrawableHelper.disposeGL(Ljavax/media/opengl/GLAutoDrawable;Ljavax/media/opengl/GLContext;Z)V+128
j  javax.media.opengl.awt.GLCanvas$7.run()V+167
J 2866 C1 javax.media.opengl.Threading.invoke(ZLjava/lang/Runnable;Ljava/lang/Object;)V (39 bytes) @ 0x0000000002d39084 [0x0000000002d38d80+0x304]
j  javax.media.opengl.awt.GLCanvas.destroyImpl(Z)V+9
j  javax.media.opengl.awt.GLCanvas$2.run()V+5
j  com.jogamp.nativewindow.awt.AWTWindowClosingProtocol$WindowClosingAdapter.windowClosing(Ljava/awt/event/WindowEvent;)V+22
j  java.awt.Window.processWindowEvent(Ljava/awt/event/WindowEvent;)V+68
j  javax.swing.JFrame.processWindowEvent(Ljava/awt/event/WindowEvent;)V+2
j  java.awt.Window.processEvent(Ljava/awt/AWTEvent;)V+69
j  java.awt.Component.dispatchEventImpl(Ljava/awt/AWTEvent;)V+589
j  java.awt.Container.dispatchEventImpl(Ljava/awt/AWTEvent;)V+42
j  java.awt.Window.dispatchEventImpl(Ljava/awt/AWTEvent;)V+19
J 2812 C1 java.awt.EventQueue.dispatchEventImpl(Ljava/awt/AWTEvent;Ljava/lang/Object;)V (149 bytes) @ 0x0000000002cc710c [0x0000000002cc5a80+0x168c]
J 2810 C1 java.awt.EventQueue$3.run()Ljava/lang/Void; (60 bytes) @ 0x0000000002cc838c [0x0000000002cc8180+0x20c]
J 2809 C1 java.awt.EventQueue$3.run()Ljava/lang/Object; (5 bytes) @ 0x0000000002cc95cc [0x0000000002cc9540+0x8c]
v  ~StubRoutines::call_stub
J 2467  java.security.AccessController.doPrivileged(Ljava/security/PrivilegedAction;Ljava/security/AccessControlContext;)Ljava/lang/Object; (0 bytes) @ 0x0000000002be1ee6 [0x0000000002be1e80+0x66]
J 2616 C1 java.security.ProtectionDomain$1.doIntersectionPrivilege(Ljava/security/PrivilegedAction;Ljava/security/AccessControlContext;Ljava/security/AccessControlContext;)Ljava/lang/Object; (32 bytes) @ 0x0000000002c4985c [0x0000000002c49560+0x2fc]
j  java.security.ProtectionDomain$1.doIntersectionPrivilege(Ljava/security/PrivilegedAction;Ljava/security/AccessControlContext;)Ljava/lang/Object;+6
j  java.awt.EventQueue$4.run()Ljava/lang/Void;+11
j  java.awt.EventQueue$4.run()Ljava/lang/Object;+1
v  ~StubRoutines::call_stub
J 2467  java.security.AccessController.doPrivileged(Ljava/security/PrivilegedAction;Ljava/security/AccessControlContext;)Ljava/lang/Object; (0 bytes) @ 0x0000000002be1ee6 [0x0000000002be1e80+0x66]
J 2651 C1 java.awt.EventQueue.dispatchEvent(Ljava/awt/AWTEvent;)V (80 bytes) @ 0x0000000002c5f4f4 [0x0000000002c5e840+0xcb4]
J 2655 C1 java.awt.EventDispatchThread.pumpOneEventForFilters(I)V (295 bytes) @ 0x0000000002c62ddc [0x0000000002c61280+0x1b5c]
j  java.awt.EventDispatchThread.pumpEventsForFilter(ILjava/awt/Conditional;Ljava/awt/EventFilter;)V+35
j  java.awt.EventDispatchThread.pumpEventsForHierarchy(ILjava/awt/Conditional;Ljava/awt/Component;)V+11
j  java.awt.EventDispatchThread.pumpEvents(ILjava/awt/Conditional;)V+4
j  java.awt.EventDispatchThread.pumpEvents(Ljava/awt/Conditional;)V+3
j  java.awt.EventDispatchThread.run()V+9
v  ~StubRoutines::call_stub

---------------  P R O C E S S  ---------------

Java Threads: ( => current thread )
  0x000000001946b800 JavaThread "Abandoned connection cleanup thread" daemon [_thread_blocked, id=4004, stack(0x0000000020c20000,0x0000000020d20000)]
  0x000000001cea9800 JavaThread "Animation Thread-SharedResourceRunner" daemon [_thread_blocked, id=3248, stack(0x000000001db40000,0x000000001dc40000)]
  0x000000000245e000 JavaThread "DestroyJavaVM" [_thread_blocked, id=6004, stack(0x0000000000830000,0x0000000000930000)]
  0x0000000018fac800 JavaThread "Animation Thread" [_thread_blocked, id=6168, stack(0x000000001c670000,0x000000001c770000)]
  0x0000000018f9d800 JavaThread "D3D Screen Updater" daemon [_thread_blocked, id=1912, stack(0x000000001b930000,0x000000001ba30000)]
=>0x0000000018fc0000 JavaThread "AWT-EventQueue-0" [_thread_in_native, id=6772, stack(0x000000001b730000,0x000000001b830000)]
  0x0000000018f37800 JavaThread "AWT-Windows" daemon [_thread_in_native, id=3100, stack(0x00000000198b0000,0x00000000199b0000)]
  0x0000000018f36800 JavaThread "AWT-Shutdown" [_thread_blocked, id=7024, stack(0x00000000197b0000,0x00000000198b0000)]
  0x0000000018f34000 JavaThread "Java2D Disposer" daemon [_thread_blocked, id=1272, stack(0x00000000196b0000,0x00000000197b0000)]
  0x0000000018724800 JavaThread "Service Thread" daemon [_thread_blocked, id=7016, stack(0x0000000018b10000,0x0000000018c10000)]
  0x0000000016ef2800 JavaThread "C1 CompilerThread2" daemon [_thread_blocked, id=3132, stack(0x0000000018610000,0x0000000018710000)]
  0x0000000016ee7800 JavaThread "C2 CompilerThread1" daemon [_thread_blocked, id=6252, stack(0x0000000018510000,0x0000000018610000)]
  0x0000000016e98800 JavaThread "C2 CompilerThread0" daemon [_thread_blocked, id=4928, stack(0x0000000018410000,0x0000000018510000)]
  0x0000000016ea8000 JavaThread "Attach Listener" daemon [_thread_blocked, id=556, stack(0x0000000018310000,0x0000000018410000)]
  0x0000000016ea7000 JavaThread "Signal Dispatcher" daemon [_thread_blocked, id=7044, stack(0x0000000018210000,0x0000000018310000)]
  0x0000000002197000 JavaThread "Finalizer" daemon [_thread_blocked, id=2420, stack(0x0000000018110000,0x0000000018210000)]
  0x000000000218e000 JavaThread "Reference Handler" daemon [_thread_blocked, id=6260, stack(0x0000000018010000,0x0000000018110000)]

Other Threads:
  0x0000000016e65800 VMThread [stack: 0x0000000017f10000,0x0000000018010000] [id=6596]
  0x0000000018727800 WatcherThread [stack: 0x0000000018c10000,0x0000000018d10000] [id=6408]

VM state:not at safepoint (normal execution)

VM Mutex/Monitor currently owned by a thread: None

Heap:
 PSYoungGen      total 198656K, used 150682K [0x00000000d5e00000, 0x00000000e7480000, 0x0000000100000000)
  eden space 136192K, 69% used [0x00000000d5e00000,0x00000000dba32eb8,0x00000000de300000)
  from space 62464K, 90% used [0x00000000de300000,0x00000000e19f39b0,0x00000000e2000000)
  to   space 70144K, 0% used [0x00000000e3000000,0x00000000e3000000,0x00000000e7480000)
 ParOldGen       total 217088K, used 90960K [0x0000000081a00000, 0x000000008ee00000, 0x00000000d5e00000)
  object space 217088K, 41% used [0x0000000081a00000,0x00000000872d40a8,0x000000008ee00000)
 Metaspace       used 22719K, capacity 22915K, committed 23296K, reserved 1071104K
  class space    used 2115K, capacity 2178K, committed 2304K, reserved 1048576K

Card table byte_map: [0x0000000011820000,0x0000000011c20000] byte_map_base: 0x0000000011413000

Marking Bits: (ParMarkBitMap*) 0x0000000077e1b460
 Begin Bits: [0x00000000121d0000, 0x0000000014168000)
 End Bits:   [0x0000000014168000, 0x0000000016100000)

Polling page: 0x0000000000930000

CodeCache: size=245760Kb used=10823Kb max_used=10957Kb free=234936Kb
 bounds [0x0000000002460000, 0x0000000002f30000, 0x0000000011460000]
 total_blobs=3996 nmethods=3024 adapters=884
 compilation: enabled

Compilation events (10 events):
Event: 265.465 Thread 0x0000000016ee7800 3520       4       processing.opengl.PGraphicsOpenGL::restoreGL (274 bytes)
Event: 265.653 Thread 0x0000000016ee7800 nmethod 3520 0x0000000002a397d0 code [0x0000000002a39d80, 0x0000000002a3bee0]
Event: 265.904 Thread 0x0000000016e98800 3521       4       java.util.HashMap::removeNode (291 bytes)
Event: 265.939 Thread 0x0000000016e98800 nmethod 3521 0x0000000002a85a10 code [0x0000000002a85ba0, 0x0000000002a862d8]
Event: 272.757 Thread 0x0000000016ef2800 3523       3       java.awt.event.InputEvent::getWhen (5 bytes)
Event: 272.758 Thread 0x0000000016ef2800 nmethod 3523 0x0000000002bf71d0 code [0x0000000002bf7320, 0x0000000002bf7470]
Event: 273.658 Thread 0x0000000016ef2800 3524   !   3       java.awt.KeyboardFocusManager::getGlobalFocusOwner (20 bytes)
Event: 273.660 Thread 0x0000000016ef2800 nmethod 3524 0x0000000002a86910 code [0x0000000002a86ac0, 0x0000000002a86f48]
Event: 275.788 Thread 0x0000000016ee7800 3525       4       java.util.HashMap::remove (26 bytes)
Event: 275.825 Thread 0x0000000016ee7800 nmethod 3525 0x0000000002ab0d10 code [0x0000000002ab0ea0, 0x0000000002ab14f8]

GC Heap History (10 events):
Event: 209.162 GC heap before
{Heap before GC invocations=15 (full 1):
 PSYoungGen      total 181248K, used 168241K [0x00000000d5e00000, 0x00000000e3a80000, 0x0000000100000000)
  eden space 142848K, 100% used [0x00000000d5e00000,0x00000000de980000,0x00000000de980000)
  from space 38400K, 66% used [0x00000000de980000,0x00000000e024c630,0x00000000e0f00000)
  to   space 39424K, 0% used [0x00000000e1400000,0x00000000e1400000,0x00000000e3a80000)
 ParOldGen       total 91136K, used 56757K [0x0000000081a00000, 0x0000000087300000, 0x00000000d5e00000)
  object space 91136K, 62% used [0x0000000081a00000,0x000000008516d7f0,0x0000000087300000)
 Metaspace       used 22403K, capacity 22595K, committed 22784K, reserved 1069056K
  class space    used 2114K, capacity 2178K, committed 2304K, reserved 1048576K
Event: 209.193 GC heap after
Heap after GC invocations=15 (full 1):
 PSYoungGen      total 185856K, used 25617K [0x00000000d5e00000, 0x00000000e3b00000, 0x0000000100000000)
  eden space 146432K, 0% used [0x00000000d5e00000,0x00000000d5e00000,0x00000000ded00000)
  from space 39424K, 64% used [0x00000000e1400000,0x00000000e2d04630,0x00000000e3a80000)
  to   space 39936K, 0% used [0x00000000ded00000,0x00000000ded00000,0x00000000e1400000)
 ParOldGen       total 91136K, used 56765K [0x0000000081a00000, 0x0000000087300000, 0x00000000d5e00000)
  object space 91136K, 62% used [0x0000000081a00000,0x000000008516f7f0,0x0000000087300000)
 Metaspace       used 22403K, capacity 22595K, committed 22784K, reserved 1069056K
  class space    used 2114K, capacity 2178K, committed 2304K, reserved 1048576K
}
Event: 230.353 GC heap before
{Heap before GC invocations=16 (full 1):
 PSYoungGen      total 185856K, used 172049K [0x00000000d5e00000, 0x00000000e3b00000, 0x0000000100000000)
  eden space 146432K, 100% used [0x00000000d5e00000,0x00000000ded00000,0x00000000ded00000)
  from space 39424K, 64% used [0x00000000e1400000,0x00000000e2d04630,0x00000000e3a80000)
  to   space 39936K, 0% used [0x00000000ded00000,0x00000000ded00000,0x00000000e1400000)
 ParOldGen       total 91136K, used 56765K [0x0000000081a00000, 0x0000000087300000, 0x00000000d5e00000)
  object space 91136K, 62% used [0x0000000081a00000,0x000000008516f7f0,0x0000000087300000)
 Metaspace       used 22543K, capacity 22723K, committed 23040K, reserved 1071104K
  class space    used 2115K, capacity 2178K, committed 2304K, reserved 1048576K
Event: 230.447 GC heap after
Heap after GC invocations=16 (full 1):
 PSYoungGen      total 186368K, used 39927K [0x00000000d5e00000, 0x00000000e4f00000, 0x0000000100000000)
  eden space 146432K, 0% used [0x00000000d5e00000,0x00000000d5e00000,0x00000000ded00000)
  from space 39936K, 99% used [0x00000000ded00000,0x00000000e13fdde0,0x00000000e1400000)
  to   space 48128K, 0% used [0x00000000e2000000,0x00000000e2000000,0x00000000e4f00000)
 ParOldGen       total 91136K, used 63981K [0x0000000081a00000, 0x0000000087300000, 0x00000000d5e00000)
  object space 91136K, 70% used [0x0000000081a00000,0x000000008587b7f0,0x0000000087300000)
 Metaspace       used 22543K, capacity 22723K, committed 23040K, reserved 1071104K
  class space    used 2115K, capacity 2178K, committed 2304K, reserved 1048576K
}
Event: 239.372 GC heap before
{Heap before GC invocations=17 (full 1):
 PSYoungGen      total 186368K, used 186359K [0x00000000d5e00000, 0x00000000e4f00000, 0x0000000100000000)
  eden space 146432K, 100% used [0x00000000d5e00000,0x00000000ded00000,0x00000000ded00000)
  from space 39936K, 99% used [0x00000000ded00000,0x00000000e13fdde0,0x00000000e1400000)
  to   space 48128K, 0% used [0x00000000e2000000,0x00000000e2000000,0x00000000e4f00000)
 ParOldGen       total 91136K, used 63981K [0x0000000081a00000, 0x0000000087300000, 0x00000000d5e00000)
  object space 91136K, 70% used [0x0000000081a00000,0x000000008587b7f0,0x0000000087300000)
 Metaspace       used 22670K, capacity 22851K, committed 23040K, reserved 1071104K
  class space    used 2115K, capacity 2178K, committed 2304K, reserved 1048576K
Event: 239.552 GC heap after
Heap after GC invocations=17 (full 1):
 PSYoungGen      total 184320K, used 48114K [0x00000000d5e00000, 0x00000000e6f80000, 0x0000000100000000)
  eden space 136192K, 0% used [0x00000000d5e00000,0x00000000d5e00000,0x00000000de300000)
  from space 48128K, 99% used [0x00000000e2000000,0x00000000e4efc960,0x00000000e4f00000)
  to   space 62464K, 0% used [0x00000000de300000,0x00000000de300000,0x00000000e2000000)
 ParOldGen       total 91136K, used 83169K [0x0000000081a00000, 0x0000000087300000, 0x00000000d5e00000)
  object space 91136K, 91% used [0x0000000081a00000,0x0000000086b38770,0x0000000087300000)
 Metaspace       used 22670K, capacity 22851K, committed 23040K, reserved 1071104K
  class space    used 2115K, capacity 2178K, committed 2304K, reserved 1048576K
}
Event: 239.552 GC heap before
{Heap before GC invocations=18 (full 2):
 PSYoungGen      total 184320K, used 48114K [0x00000000d5e00000, 0x00000000e6f80000, 0x0000000100000000)
  eden space 136192K, 0% used [0x00000000d5e00000,0x00000000d5e00000,0x00000000de300000)
  from space 48128K, 99% used [0x00000000e2000000,0x00000000e4efc960,0x00000000e4f00000)
  to   space 62464K, 0% used [0x00000000de300000,0x00000000de300000,0x00000000e2000000)
 ParOldGen       total 91136K, used 83169K [0x0000000081a00000, 0x0000000087300000, 0x00000000d5e00000)
  object space 91136K, 91% used [0x0000000081a00000,0x0000000086b38770,0x0000000087300000)
 Metaspace       used 22670K, capacity 22851K, committed 23040K, reserved 1071104K
  class space    used 2115K, capacity 2178K, committed 2304K, reserved 1048576K
Event: 240.562 GC heap after
Heap after GC invocations=18 (full 2):
 PSYoungGen      total 184320K, used 38530K [0x00000000d5e00000, 0x00000000e6f80000, 0x0000000100000000)
  eden space 136192K, 0% used [0x00000000d5e00000,0x00000000d5e00000,0x00000000de300000)
  from space 48128K, 80% used [0x00000000e2000000,0x00000000e45a0960,0x00000000e4f00000)
  to   space 62464K, 0% used [0x00000000de300000,0x00000000de300000,0x00000000e2000000)
 ParOldGen       total 217088K, used 90936K [0x0000000081a00000, 0x000000008ee00000, 0x00000000d5e00000)
  object space 217088K, 41% used [0x0000000081a00000,0x00000000872ce0a8,0x000000008ee00000)
 Metaspace       used 22670K, capacity 22851K, committed 23040K, reserved 1071104K
  class space    used 2115K, capacity 2178K, committed 2304K, reserved 1048576K
}
Event: 260.767 GC heap before
{Heap before GC invocations=19 (full 2):
 PSYoungGen      total 184320K, used 174722K [0x00000000d5e00000, 0x00000000e6f80000, 0x0000000100000000)
  eden space 136192K, 100% used [0x00000000d5e00000,0x00000000de300000,0x00000000de300000)
  from space 48128K, 80% used [0x00000000e2000000,0x00000000e45a0960,0x00000000e4f00000)
  to   space 62464K, 0% used [0x00000000de300000,0x00000000de300000,0x00000000e2000000)
 ParOldGen       total 217088K, used 90936K [0x0000000081a00000, 0x000000008ee00000, 0x00000000d5e00000)
  object space 217088K, 41% used [0x0000000081a00000,0x00000000872ce0a8,0x000000008ee00000)
 Metaspace       used 22719K, capacity 22915K, committed 23296K, reserved 1071104K
  class space    used 2115K, capacity 2178K, committed 2304K, reserved 1048576K
Event: 260.843 GC heap after
Heap after GC invocations=19 (full 2):
 PSYoungGen      total 198656K, used 56270K [0x00000000d5e00000, 0x00000000e7480000, 0x0000000100000000)
  eden space 136192K, 0% used [0x00000000d5e00000,0x00000000d5e00000,0x00000000de300000)
  from space 62464K, 90% used [0x00000000de300000,0x00000000e19f39b0,0x00000000e2000000)
  to   space 70144K, 0% used [0x00000000e3000000,0x00000000e3000000,0x00000000e7480000)
 ParOldGen       total 217088K, used 90960K [0x0000000081a00000, 0x000000008ee00000, 0x00000000d5e00000)
  object space 217088K, 41% used [0x0000000081a00000,0x00000000872d40a8,0x000000008ee00000)
 Metaspace       used 22719K, capacity 22915K, committed 23296K, reserved 1071104K
  class space    used 2115K, capacity 2178K, committed 2304K, reserved 1048576K
}

Deoptimization events (10 events):
Event: 202.519 Thread 0x0000000018fc0000 Uncommon trap: reason=bimorphic action=maybe_recompile pc=0x00000000029f9620 method=java.util.concurrent.ConcurrentHashMap.get(Ljava/lang/Object;)Ljava/lang/Object; @ 149
Event: 230.982 Thread 0x0000000018fc0000 Uncommon trap: reason=unreached action=reinterpret pc=0x0000000002ab34f8 method=com.mysql.jdbc.ResultSetImpl.next()Z @ 107
Event: 231.240 Thread 0x0000000018fc0000 Uncommon trap: reason=class_check action=maybe_recompile pc=0x0000000002c4c69c method=processing.core.PGraphics.textFont(Lprocessing/core/PFont;)V @ 15
Event: 231.364 Thread 0x0000000018fc0000 Uncommon trap: reason=class_check action=maybe_recompile pc=0x0000000002c4c69c method=processing.core.PGraphics.textFont(Lprocessing/core/PFont;)V @ 15
Event: 231.450 Thread 0x0000000018fc0000 Uncommon trap: reason=class_check action=maybe_recompile pc=0x0000000002c4c69c method=processing.core.PGraphics.textFont(Lprocessing/core/PFont;)V @ 15
Event: 231.521 Thread 0x0000000018fc0000 Uncommon trap: reason=class_check action=maybe_recompile pc=0x0000000002c4c69c method=processing.core.PGraphics.textFont(Lprocessing/core/PFont;)V @ 15
Event: 256.983 Thread 0x0000000018fc0000 Uncommon trap: reason=class_check action=maybe_recompile pc=0x000000000256f500 method=controlP5.Controller.inside()Z @ 89
Event: 257.077 Thread 0x0000000018fc0000 Uncommon trap: reason=class_check action=maybe_recompile pc=0x000000000256f500 method=controlP5.Controller.inside()Z @ 89
Event: 257.170 Thread 0x0000000018fc0000 Uncommon trap: reason=class_check action=maybe_recompile pc=0x000000000256f500 method=controlP5.Controller.inside()Z @ 89
Event: 257.260 Thread 0x0000000018fc0000 Uncommon trap: reason=class_check action=maybe_recompile pc=0x000000000256f500 method=controlP5.Controller.inside()Z @ 89

Internal exceptions (10 events):
Event: 6.420 Thread 0x0000000018fc0000 Exception <a 'java/security/PrivilegedActionException'> (0x00000000d6345898) thrown at [D:\re\workspace\8-2-build-windows-amd64-cygwin\jdk8u20\1074\hotspot\src\share\vm\prims\jvm.cpp, line 1275]
Event: 7.612 Thread 0x0000000018fc0000 Exception <a 'java/security/PrivilegedActionException'> (0x00000000d60d5fb8) thrown at [D:\re\workspace\8-2-build-windows-amd64-cygwin\jdk8u20\1074\hotspot\src\share\vm\prims\jvm.cpp, line 1275]
Event: 7.836 Thread 0x0000000019536000 Implicit null exception at 0x00000000028d00da to 0x00000000028d3e94
Event: 8.918 Thread 0x0000000018fc0000 Exception <a 'java/security/PrivilegedActionException'> (0x00000000d672d6e8) thrown at [D:\re\workspace\8-2-build-windows-amd64-cygwin\jdk8u20\1074\hotspot\src\share\vm\prims\jvm.cpp, line 1275]
Event: 9.038 Thread 0x0000000018fc0000 Exception <a 'java/security/PrivilegedActionException'> (0x00000000d6736788) thrown at [D:\re\workspace\8-2-build-windows-amd64-cygwin\jdk8u20\1074\hotspot\src\share\vm\prims\jvm.cpp, line 1275]
Event: 200.421 Thread 0x0000000018fc0000 Implicit null exception at 0x0000000002b82867 to 0x0000000002b83199
Event: 202.436 Thread 0x0000000018fc0000 Implicit null exception at 0x0000000002be8bfe to 0x0000000002be9701
Event: 229.390 Thread 0x0000000018fc0000 Exception <a 'java/security/PrivilegedActionException'> (0x00000000dd579178) thrown at [D:\re\workspace\8-2-build-windows-amd64-cygwin\jdk8u20\1074\hotspot\src\share\vm\prims\jvm.cpp, line 1275]
Event: 230.188 Thread 0x0000000018fc0000 Exception <a 'java/security/PrivilegedActionException'> (0x00000000deafdb38) thrown at [D:\re\workspace\8-2-build-windows-amd64-cygwin\jdk8u20\1074\hotspot\src\share\vm\prims\jvm.cpp, line 1275]
Event: 230.982 Thread 0x0000000018fc0000 Exception <a 'java/security/PrivilegedActionException'> (0x00000000d8ef4c30) thrown at [D:\re\workspace\8-2-build-windows-amd64-cygwin\jdk8u20\1074\hotspot\src\share\vm\prims\jvm.cpp, line 1275]

Events (10 events):
Event: 264.843 Thread 0x0000000016e98800 flushing nmethod 0x0000000002a9d490
Event: 264.843 Thread 0x0000000016e98800 flushing nmethod 0x0000000002ab0b90
Event: 264.843 Thread 0x0000000016e98800 flushing nmethod 0x0000000002ae6310
Event: 265.655 Thread 0x0000000016ee7800 flushing nmethod 0x0000000002ba1510
Event: 265.939 Thread 0x0000000016e98800 flushing nmethod 0x0000000002bf17d0
Event: 265.939 Thread 0x0000000016e98800 flushing nmethod 0x0000000002bf1b10
Event: 265.940 Thread 0x0000000016e98800 flushing nmethod 0x0000000002bf71d0
Event: 265.940 Thread 0x0000000016e98800 flushing nmethod 0x0000000002c16a90
Event: 265.940 Thread 0x0000000016e98800 flushing nmethod 0x0000000002c3b550
Event: 272.758 Thread 0x0000000016ef2800 flushing nmethod 0x0000000002c6df90


Dynamic libraries:
0x00007ff7a7120000 - 0x00007ff7a7154000 	C:\Program Files\Java\jdk1.8.0_20\jre\bin\java.exe
0x00007ffcf9470000 - 0x00007ffcf961c000 	C:\Windows\SYSTEM32\ntdll.dll
0x00007ffcf76d0000 - 0x00007ffcf780e000 	C:\Windows\system32\KERNEL32.DLL
0x00007ffcf69d0000 - 0x00007ffcf6ae5000 	C:\Windows\system32\KERNELBASE.dll
0x00007ffcf25c0000 - 0x00007ffcf264e000 	C:\Windows\system32\apphelp.dll
0x00007ffcf3350000 - 0x00007ffcf33a3000 	C:\Windows\AppPatch\AppPatch64\AcGenral.DLL
0x00007ffcf6b60000 - 0x00007ffcf6c0a000 	C:\Windows\system32\msvcrt.dll
0x00007ffcf63f0000 - 0x00007ffcf641e000 	C:\Windows\SYSTEM32\SspiCli.dll
0x00007ffcf7b50000 - 0x00007ffcf7ba4000 	C:\Windows\system32\SHLWAPI.dll
0x00007ffcf9290000 - 0x00007ffcf9407000 	C:\Windows\system32\USER32.dll
0x00007ffcf7330000 - 0x00007ffcf74c4000 	C:\Windows\system32\ole32.dll
0x00007ffcf7d70000 - 0x00007ffcf9288000 	C:\Windows\system32\SHELL32.dll
0x00007ffcf5d80000 - 0x00007ffcf5da1000 	C:\Windows\SYSTEM32\USERENV.dll
0x00007ffcf7610000 - 0x00007ffcf76ba000 	C:\Windows\system32\ADVAPI32.dll
0x00007ffce98e0000 - 0x00007ffce98fe000 	C:\Windows\SYSTEM32\MPR.dll
0x00007ffcf7000000 - 0x00007ffcf7141000 	C:\Windows\system32\RPCRT4.dll
0x00007ffcf6af0000 - 0x00007ffcf6b49000 	C:\Windows\SYSTEM32\sechost.dll
0x00007ffcf6de0000 - 0x00007ffcf6ff1000 	C:\Windows\SYSTEM32\combase.dll
0x00007ffcf6c80000 - 0x00007ffcf6dd1000 	C:\Windows\system32\GDI32.dll
0x00007ffcf65c0000 - 0x00007ffcf65d5000 	C:\Windows\SYSTEM32\profapi.dll
0x00007ffcf5110000 - 0x00007ffcf51c2000 	C:\Windows\SYSTEM32\SHCORE.dll
0x00007ffcf9430000 - 0x00007ffcf9466000 	C:\Windows\system32\IMM32.DLL
0x00007ffcf7c10000 - 0x00007ffcf7d61000 	C:\Windows\system32\MSCTF.dll
0x00007ffcf46c0000 - 0x00007ffcf493b000 	C:\Windows\WinSxS\amd64_microsoft.windows.common-controls_6595b64144ccf1df_6.0.9600.17415_none_6240486fecbd8abb\COMCTL32.dll
0x0000000077560000 - 0x0000000077632000 	C:\Program Files\Java\jdk1.8.0_20\jre\bin\msvcr100.dll
0x0000000077640000 - 0x0000000077e98000 	C:\Program Files\Java\jdk1.8.0_20\jre\bin\server\jvm.dll
0x00007ffcda860000 - 0x00007ffcda869000 	C:\Windows\SYSTEM32\WSOCK32.dll
0x00007ffcf4c30000 - 0x00007ffcf4c52000 	C:\Windows\SYSTEM32\WINMM.dll
0x00007ffcf76c0000 - 0x00007ffcf76c7000 	C:\Windows\system32\PSAPI.DLL
0x00007ffcf6c20000 - 0x00007ffcf6c7a000 	C:\Windows\system32\WS2_32.dll
0x00007ffcf4bd0000 - 0x00007ffcf4bfa000 	C:\Windows\SYSTEM32\WINMMBASE.dll
0x00007ffcf6b50000 - 0x00007ffcf6b59000 	C:\Windows\system32\NSI.dll
0x00007ffcf67a0000 - 0x00007ffcf67ef000 	C:\Windows\SYSTEM32\cfgmgr32.dll
0x00007ffcf53b0000 - 0x00007ffcf53d8000 	C:\Windows\SYSTEM32\DEVOBJ.dll
0x0000000077550000 - 0x000000007755f000 	C:\Program Files\Java\jdk1.8.0_20\jre\bin\verify.dll
0x0000000077520000 - 0x0000000077548000 	C:\Program Files\Java\jdk1.8.0_20\jre\bin\java.dll
0x0000000077500000 - 0x0000000077516000 	C:\Program Files\Java\jdk1.8.0_20\jre\bin\zip.dll
0x0000000077320000 - 0x00000000774b8000 	C:\Program Files\Java\jdk1.8.0_20\jre\bin\awt.dll
0x00007ffcf7540000 - 0x00007ffcf7601000 	C:\Windows\system32\OLEAUT32.dll
0x00007ffcf4970000 - 0x00007ffcf4991000 	C:\Windows\system32\DWMAPI.DLL
0x00007ffcf5230000 - 0x00007ffcf5359000 	C:\Windows\system32\uxtheme.dll
0x00007ffcf5400000 - 0x00007ffcf540b000 	C:\Windows\SYSTEM32\kernel.appcore.dll
0x00007ffcf6490000 - 0x00007ffcf649b000 	C:\Windows\SYSTEM32\CRYPTBASE.dll
0x00007ffcf6420000 - 0x00007ffcf6483000 	C:\Windows\SYSTEM32\bcryptPrimitives.dll
0x00007ffcea560000 - 0x00007ffcea781000 	C:\Windows\system32\d3d9.dll
0x00007ffcf4b50000 - 0x00007ffcf4b5a000 	C:\Windows\SYSTEM32\VERSION.dll
0x00007ffcf3c50000 - 0x00007ffcf3db4000 	C:\Windows\SYSTEM32\nvumdshimx.dll
0x00007ffcf7150000 - 0x00007ffcf732a000 	C:\Windows\system32\SETUPAPI.dll
0x00007ffcf4db0000 - 0x00007ffcf4de2000 	C:\Windows\SYSTEM32\nvinitx.dll
0x00007ffcd83f0000 - 0x00007ffcd970f000 	C:\Windows\system32\igdumdim64.dll
0x00007ffceacc0000 - 0x00007ffceb645000 	C:\Windows\SYSTEM32\igdusc64.dll
0x00000000772d0000 - 0x0000000077317000 	C:\Program Files\Java\jdk1.8.0_20\jre\bin\fontmanager.dll
0x00007ffcf5ff0000 - 0x00007ffcf6010000 	C:\Windows\SYSTEM32\CRYPTSP.dll
0x00007ffcf5a70000 - 0x00007ffcf5aa6000 	C:\Windows\system32\rsaenh.dll
0x00007ffcf60e0000 - 0x00007ffcf6106000 	C:\Windows\SYSTEM32\bcrypt.dll
0x00000000774e0000 - 0x00000000774fa000 	C:\Program Files\Java\jdk1.8.0_20\jre\bin\net.dll
0x00007ffcf5d20000 - 0x00007ffcf5d79000 	C:\Windows\system32\mswsock.dll
0x00007ffcf2750000 - 0x00007ffcf277a000 	C:\Windows\SYSTEM32\IPHLPAPI.DLL
0x00007ffcf2740000 - 0x00007ffcf274a000 	C:\Windows\SYSTEM32\WINNSI.DLL
0x00007ffcee930000 - 0x00007ffcee946000 	C:\Windows\SYSTEM32\dhcpcsvc6.DLL
0x00007ffceeb30000 - 0x00007ffceeb4a000 	C:\Windows\SYSTEM32\dhcpcsvc.DLL
0x00000000774c0000 - 0x00000000774d1000 	C:\Program Files\Java\jdk1.8.0_20\jre\bin\nio.dll
0x00000000637c0000 - 0x00000000637cd000 	C:\Users\Aran\AppData\Local\Temp\jogamp_0000\file_cache\jln6662613811900147267\jln6898979623906468298\gluegen-rt.dll
0x0000000076650000 - 0x0000000076657000 	C:\Program Files\Java\jdk1.8.0_20\jre\bin\jawt.dll
0x000000006a440000 - 0x000000006a44d000 	C:\Users\Aran\AppData\Local\Temp\jogamp_0000\file_cache\jln6662613811900147267\jln6898979623906468298\nativewindow_awt.dll
0x000000006c100000 - 0x000000006c10f000 	C:\Users\Aran\AppData\Local\Temp\jogamp_0000\file_cache\jln6662613811900147267\jln6898979623906468298\nativewindow_win32.dll
0x00007ffce8380000 - 0x00007ffce84ab000 	C:\Windows\SYSTEM32\OpenGL32.dll
0x00007ffcf1030000 - 0x00007ffcf105e000 	C:\Windows\SYSTEM32\GLU32.dll
0x00007ffce3640000 - 0x00007ffce3738000 	C:\Windows\SYSTEM32\DDRAW.dll
0x00007ffcf2f10000 - 0x00007ffcf2f19000 	C:\Windows\SYSTEM32\DCIMAN32.dll
0x0000000064500000 - 0x00000000645a0000 	C:\Users\Aran\AppData\Local\Temp\jogamp_0000\file_cache\jln6662613811900147267\jln6898979623906468298\jogl_desktop.dll
0x00007ffce8c90000 - 0x00007ffce8ceb000 	C:\Windows\system32\NV\nvoglshim64.dll
0x00007ffcdb1e0000 - 0x00007ffcdba64000 	C:\Windows\system32\ig75icd64.dll
0x00007ffcf6560000 - 0x00007ffcf65a6000 	C:\Windows\SYSTEM32\powrprof.dll
0x0000000077280000 - 0x00000000772c1000 	C:\Program Files\Java\jdk1.8.0_20\jre\bin\t2k.dll
0x00007ffcf5b90000 - 0x00007ffcf5c34000 	C:\Windows\SYSTEM32\DNSAPI.dll
0x00007ffceca10000 - 0x00007ffceca1a000 	C:\Windows\System32\rasadhlp.dll
0x00007ffceea00000 - 0x00007ffceea6b000 	C:\Windows\System32\fwpuclnt.dll
0x00007ffcf3980000 - 0x00007ffcf3b0a000 	C:\Windows\SYSTEM32\dbghelp.dll

VM Arguments:
jvm_args: -Dfile.encoding=UTF-8 
java_command: programmingproject.ProgrammingProject
java_class_path (initial): C:\Users\Aran\Documents\NetBeansProjects\programming-project-group-3\ProgrammingProject\lib\core.jar;C:\Users\Aran\Documents\NetBeansProjects\programming-project-group-3\ProgrammingProject\lib\gluegen-rt-natives-linux-amd64.jar;C:\Users\Aran\Documents\NetBeansProjects\programming-project-group-3\ProgrammingProject\lib\gluegen-rt-natives-linux-armv6hf.jar;C:\Users\Aran\Documents\NetBeansProjects\programming-project-group-3\ProgrammingProject\lib\gluegen-rt-natives-linux-i586.jar;C:\Users\Aran\Documents\NetBeansProjects\programming-project-group-3\ProgrammingProject\lib\gluegen-rt-natives-macosx-universal.jar;C:\Users\Aran\Documents\NetBeansProjects\programming-project-group-3\ProgrammingProject\lib\gluegen-rt-natives-windows-amd64.jar;C:\Users\Aran\Documents\NetBeansProjects\programming-project-group-3\ProgrammingProject\lib\gluegen-rt-natives-windows-i586.jar;C:\Users\Aran\Documents\NetBeansProjects\programming-project-group-3\ProgrammingProject\lib\gluegen-rt.jar;C:\Users\Aran\Documents\NetBeansProjects\programming-project-group-3\ProgrammingProject\lib\jogl-all-natives-linux-amd64.jar;C:\Users\Aran\Documents\NetBeansProjects\programming-project-group-3\ProgrammingProject\lib\jogl-all-natives-linux-armv6hf.jar;C:\Users\Aran\Documents\NetBeansProjects\programming-project-group-3\ProgrammingProject\lib\jogl-all-natives-linux-i586.jar;C:\Users\Aran\Documents\NetBeansProjects\programming-project-group-3\ProgrammingProject\lib\jogl-all-natives-macosx-universal.jar;C:\Users\Aran\Documents\NetBeansProjects\programming-project-group-3\ProgrammingProject\lib\jogl-all-natives-windows-amd64.jar;C:\Users\Aran\Documents\NetBeansProjects\programming-project-group-3\ProgrammingProject\lib\jogl-all-natives-windows-i586.jar;C:\Users\Aran\Documents\NetBeansProjects\programming-project-group-3\ProgrammingProject\lib\jogl-all.jar;C:\Users\Aran\Documents\NetBeansProjects\programming-project-group-3\ProgrammingProject\lib\mysql-connector-java-5.1.34-bin.jar;
Launcher Type: SUN_STANDARD

Environment Variables:
PATH=C:\Users\Aran\Documents\Enviroment Variables;C:\Program Files\Haskell Platform\2014.2.0.0\bin;C:\Program Files\Haskell Platform\2014.2.0.0\lib\extralibs\bin;C:\Program Files\Haskell Platform\2014.2.0.0\bin;C:\Python34;C:\Program Files\Java\jdk1.8.0_20\bin;C:\ProgramData\Oracle\Java\javapath;C:\Windows\system32;C:\Windows;C:\Windows\System32\Wbem;C:\Windows\System32\WindowsPowerShell\v1.0\;C:\Program Files\Haskell Platform\2014.2.0.0\mingw\bin;C:\Program Files (x86)\MiKTeX 2.9\miktex\bin\;C:\Program Files (x86)\Windows Kits\8.1\Windows Performance Toolkit\;C:\Program Files\Microsoft SQL Server\110\Tools\Binn\;C:\Program Files (x86)\Microsoft SDKs\TypeScript\1.0\;C:\Program Files\Microsoft SQL Server\120\Tools\Binn\;C:\Program Files (x86)\Windows Live\Shared;C:\Program Files\MATLAB\R2014b\bin;C:\Program Files (x86)\Git\cmd;C:\Users\Aran\AppData\Roaming\cabal\bin;.;
USERNAME=Aran
OS=Windows_NT
PROCESSOR_IDENTIFIER=Intel64 Family 6 Model 60 Stepping 3, GenuineIntel



---------------  S Y S T E M  ---------------

OS: Windows 8.1 , 64 bit Build 9600 

CPU:total 4 (2 cores per cpu, 2 threads per core) family 6 model 60 stepping 3, cmov, cx8, fxsr, mmx, sse, sse2, sse3, ssse3, sse4.1, sse4.2, popcnt, avx, avx2, aes, clmul, erms, lzcnt, ht, tsc, tscinvbit, bmi1, bmi2

Memory: 4k page, physical 8281560k(3507612k free), swap 15187644k(8386580k free)

vm_info: Java HotSpot(TM) 64-Bit Server VM (25.20-b23) for windows-amd64 JRE (1.8.0_20-b26), built on Jul 30 2014 13:51:23 by "java_re" with MS VC++ 10.0 (VS2010)

time: Sun Mar 22 00:01:33 2015
elapsed time: 276 seconds (0d 0h 4m 36s)

