#
# A fatal error has been detected by the Java Runtime Environment:
#
#  EXCEPTION_ACCESS_VIOLATION (0xc0000005) at pc=0x00007ffcdb6ce24e, pid=664, tid=6600
#
# JRE version: Java(TM) SE Runtime Environment (8.0_20-b26) (build 1.8.0_20-b26)
# Java VM: Java HotSpot(TM) 64-Bit Server VM (25.20-b23 mixed mode windows-amd64 compressed oops)
# Problematic frame:
# C  [ig75icd64.dll+0x4ee24e]
#
# Failed to write core dump. Minidumps are not enabled by default on client versions of Windows
#
# If you would like to submit a bug report, please visit:
#   http://bugreport.sun.com/bugreport/crash.jsp
# The crash happened outside the Java Virtual Machine in native code.
# See problematic frame for where to report the bug.
#

---------------  T H R E A D  ---------------

Current thread (0x00000000198b4000):  JavaThread "AWT-EventQueue-0" [_thread_in_native, id=6600, stack(0x000000001c070000,0x000000001c170000)]

siginfo: ExceptionCode=0xc0000005, reading address 0x0000000000000000

Registers:
RAX=0x0000000000000000, RBX=0x000000001f4dbfa0, RCX=0x0000000000000018, RDX=0x000000001c907000
RSP=0x000000001c16cbb0, RBP=0x0000000000000000, RSI=0x000000001f4dd1a0, RDI=0x000000001b5b8ae0
R8 =0x0000000000000007, R9 =0x0000000000000008, R10=0x000000001b57d5b0, R11=0x0000000000000000
R12=0x0000000000000000, R13=0x000000001d426438, R14=0x000000001b537e28, R15=0x0000000000000000
RIP=0x00007ffcdb6ce24e, EFLAGS=0x0000000000010246

Top of Stack: (sp=0x000000001c16cbb0)
0x000000001c16cbb0:   000000001c9de150 000000001ca1a8c0
0x000000001c16cbc0:   000000001b509010 00007ffcf69d9b32
0x000000001c16cbd0:   000000001f560650 00007ffcdb356d1f
0x000000001c16cbe0:   000000001f5413e0 000000001b5b8ae0
0x000000001c16cbf0:   000000001f4dc600 000000001f5413e0
0x000000001c16cc00:   00000000198b4000 0000000000000040
0x000000001c16cc10:   000000001ca1a8c0 00007ffcdb1f1bee
0x000000001c16cc20:   0000000000000000 000000001b5d8850
0x000000001c16cc30:   000000001ca1a8c0 000000001ca1a8c0
0x000000001c16cc40:   0000000000000008 00007ffcdb34fe68
0x000000001c16cc50:   000000001b57d5b0 0000000000000000
0x000000001c16cc60:   0000000000000038 0000000000000007
0x000000001c16cc70:   0000000000000008 00007ffcdb1f1a1e
0x000000001c16cc80:   000000001f5211c0 000000001ca1a8c0
0x000000001c16cc90:   000000001c9de150 0000000000000000
0x000000001c16cca0:   fffffffffffffffe 00007ffcdb6d1100 

Instructions: (pc=0x00007ffcdb6ce24e)
0x00007ffcdb6ce22e:   00 00 00 00 74 0d 48 8b cf 48 83 c4 20 5f e9 df
0x00007ffcdb6ce23e:   01 00 00 48 83 c4 20 5f c3 48 8b 82 78 7c 02 00
0x00007ffcdb6ce24e:   48 8b 08 48 39 4b 10 77 a8 48 8b 82 78 7c 02 00
0x00007ffcdb6ce25e:   48 8b 08 48 39 4b 18 77 98 80 bf f8 00 00 00 00 


Register to memory mapping:

RAX=0x0000000000000000 is an unknown value
RBX=0x000000001f4dbfa0 is an unknown value
RCX=0x0000000000000018 is an unknown value
RDX=0x000000001c907000 is an unknown value
RSP=0x000000001c16cbb0 is pointing into the stack for thread: 0x00000000198b4000
RBP=0x0000000000000000 is an unknown value
RSI=0x000000001f4dd1a0 is an unknown value
RDI=0x000000001b5b8ae0 is an unknown value
R8 =0x0000000000000007 is an unknown value
R9 =0x0000000000000008 is an unknown value
R10=0x000000001b57d5b0 is an unknown value
R11=0x0000000000000000 is an unknown value
R12=0x0000000000000000 is an unknown value
R13={method} {0x000000001d426440} 'dispatch_wglDeleteContext0' '(JJ)Z' in 'jogamp/opengl/windows/wgl/WGL'
R14=0x000000001b537e28 is an unknown value
R15=0x0000000000000000 is an unknown value


Stack: [0x000000001c070000,0x000000001c170000],  sp=0x000000001c16cbb0,  free space=1010k
Native frames: (J=compiled Java code, j=interpreted, Vv=VM code, C=native code)

Java frames: (J=compiled Java code, j=interpreted, Vv=VM code)
j  jogamp.opengl.windows.wgl.WGL.dispatch_wglDeleteContext0(JJ)Z+0
j  jogamp.opengl.windows.wgl.WGL.wglDeleteContext(J)Z+37
j  jogamp.opengl.windows.wgl.WindowsWGLContext.destroyImpl()V+10
j  jogamp.opengl.GLContextImpl.destroy()V+503
j  jogamp.opengl.GLDrawableHelper.disposeGL(Ljavax/media/opengl/GLAutoDrawable;Ljavax/media/opengl/GLContext;Z)V+128
j  javax.media.opengl.awt.GLCanvas$7.run()V+167
J 2828 C1 javax.media.opengl.Threading.invoke(ZLjava/lang/Runnable;Ljava/lang/Object;)V (39 bytes) @ 0x00000000035fc684 [0x00000000035fc380+0x304]
j  javax.media.opengl.awt.GLCanvas.destroyImpl(Z)V+9
j  javax.media.opengl.awt.GLCanvas$2.run()V+5
j  com.jogamp.nativewindow.awt.AWTWindowClosingProtocol$WindowClosingAdapter.windowClosing(Ljava/awt/event/WindowEvent;)V+22
j  java.awt.Window.processWindowEvent(Ljava/awt/event/WindowEvent;)V+68
j  javax.swing.JFrame.processWindowEvent(Ljava/awt/event/WindowEvent;)V+2
j  java.awt.Window.processEvent(Ljava/awt/AWTEvent;)V+69
j  java.awt.Component.dispatchEventImpl(Ljava/awt/AWTEvent;)V+589
j  java.awt.Container.dispatchEventImpl(Ljava/awt/AWTEvent;)V+42
j  java.awt.Window.dispatchEventImpl(Ljava/awt/AWTEvent;)V+19
J 2774 C1 java.awt.EventQueue.dispatchEventImpl(Ljava/awt/AWTEvent;Ljava/lang/Object;)V (149 bytes) @ 0x00000000035b9ecc [0x00000000035b8840+0x168c]
J 2772 C1 java.awt.EventQueue$3.run()Ljava/lang/Void; (60 bytes) @ 0x0000000003588ecc [0x0000000003588cc0+0x20c]
J 2627 C1 java.awt.EventQueue$3.run()Ljava/lang/Object; (5 bytes) @ 0x0000000003520d8c [0x0000000003520d00+0x8c]
v  ~StubRoutines::call_stub
J 2529  java.security.AccessController.doPrivileged(Ljava/security/PrivilegedAction;Ljava/security/AccessControlContext;)Ljava/lang/Object; (0 bytes) @ 0x00000000034f0d66 [0x00000000034f0d00+0x66]
J 2601 C1 java.security.ProtectionDomain$1.doIntersectionPrivilege(Ljava/security/PrivilegedAction;Ljava/security/AccessControlContext;Ljava/security/AccessControlContext;)Ljava/lang/Object; (32 bytes) @ 0x000000000351621c [0x0000000003515f20+0x2fc]
j  java.security.ProtectionDomain$1.doIntersectionPrivilege(Ljava/security/PrivilegedAction;Ljava/security/AccessControlContext;)Ljava/lang/Object;+6
j  java.awt.EventQueue$4.run()Ljava/lang/Void;+11
j  java.awt.EventQueue$4.run()Ljava/lang/Object;+1
v  ~StubRoutines::call_stub
J 2529  java.security.AccessController.doPrivileged(Ljava/security/PrivilegedAction;Ljava/security/AccessControlContext;)Ljava/lang/Object; (0 bytes) @ 0x00000000034f0d66 [0x00000000034f0d00+0x66]
J 2625 C1 java.awt.EventQueue.dispatchEvent(Ljava/awt/AWTEvent;)V (80 bytes) @ 0x00000000035276f4 [0x0000000003526a40+0xcb4]
J 2630 C1 java.awt.EventDispatchThread.pumpOneEventForFilters(I)V (295 bytes) @ 0x000000000352b0dc [0x0000000003529580+0x1b5c]
j  java.awt.EventDispatchThread.pumpEventsForFilter(ILjava/awt/Conditional;Ljava/awt/EventFilter;)V+35
j  java.awt.EventDispatchThread.pumpEventsForHierarchy(ILjava/awt/Conditional;Ljava/awt/Component;)V+11
j  java.awt.EventDispatchThread.pumpEvents(ILjava/awt/Conditional;)V+4
j  java.awt.EventDispatchThread.pumpEvents(Ljava/awt/Conditional;)V+3
j  java.awt.EventDispatchThread.run()V+9
v  ~StubRoutines::call_stub

---------------  P R O C E S S  ---------------

Java Threads: ( => current thread )
  0x000000001d5fe800 JavaThread "Abandoned connection cleanup thread" daemon [_thread_blocked, id=6940, stack(0x0000000021690000,0x0000000021790000)]
  0x0000000019a08000 JavaThread "Animation Thread-SharedResourceRunner" daemon [_thread_blocked, id=3388, stack(0x000000001e480000,0x000000001e580000)]
  0x0000000002d2e000 JavaThread "DestroyJavaVM" [_thread_blocked, id=6356, stack(0x0000000001230000,0x0000000001330000)]
  0x0000000019901000 JavaThread "Animation Thread" [_thread_blocked, id=4620, stack(0x000000001cfb0000,0x000000001d0b0000)]
  0x00000000198be000 JavaThread "D3D Screen Updater" daemon [_thread_blocked, id=3624, stack(0x000000001c270000,0x000000001c370000)]
=>0x00000000198b4000 JavaThread "AWT-EventQueue-0" [_thread_in_native, id=6600, stack(0x000000001c070000,0x000000001c170000)]
  0x000000001985a800 JavaThread "AWT-Windows" daemon [_thread_in_native, id=7120, stack(0x000000001a1d0000,0x000000001a2d0000)]
  0x0000000019859000 JavaThread "AWT-Shutdown" [_thread_blocked, id=5076, stack(0x000000001a0d0000,0x000000001a1d0000)]
  0x00000000193cc800 JavaThread "Java2D Disposer" daemon [_thread_blocked, id=836, stack(0x0000000019fd0000,0x000000001a0d0000)]
  0x0000000018fe8800 JavaThread "Service Thread" daemon [_thread_blocked, id=2144, stack(0x00000000193d0000,0x00000000194d0000)]
  0x0000000017771800 JavaThread "C1 CompilerThread2" daemon [_thread_blocked, id=4536, stack(0x0000000018ed0000,0x0000000018fd0000)]
  0x000000001776b000 JavaThread "C2 CompilerThread1" daemon [_thread_blocked, id=1560, stack(0x0000000018dd0000,0x0000000018ed0000)]
  0x0000000017779800 JavaThread "C2 CompilerThread0" daemon [_thread_blocked, id=4800, stack(0x0000000018cd0000,0x0000000018dd0000)]
  0x0000000017777000 JavaThread "Attach Listener" daemon [_thread_blocked, id=2088, stack(0x0000000018bd0000,0x0000000018cd0000)]
  0x0000000017776000 JavaThread "Signal Dispatcher" daemon [_thread_blocked, id=556, stack(0x0000000018ad0000,0x0000000018bd0000)]
  0x0000000002b67000 JavaThread "Finalizer" daemon [_thread_blocked, id=6740, stack(0x00000000189d0000,0x0000000018ad0000)]
  0x0000000002b5e000 JavaThread "Reference Handler" daemon [_thread_blocked, id=3584, stack(0x00000000188d0000,0x00000000189d0000)]

Other Threads:
  0x0000000017735800 VMThread [stack: 0x00000000187d0000,0x00000000188d0000] [id=6428]
  0x0000000018fe9800 WatcherThread [stack: 0x00000000194d0000,0x00000000195d0000] [id=3364]

VM state:not at safepoint (normal execution)

VM Mutex/Monitor currently owned by a thread: None

Heap:
 PSYoungGen      total 204800K, used 71317K [0x00000000d5e00000, 0x00000000ea900000, 0x0000000100000000)
  eden space 136192K, 1% used [0x00000000d5e00000,0x00000000d60a62f8,0x00000000de300000)
  from space 68608K, 99% used [0x00000000e3900000,0x00000000e7bff2f0,0x00000000e7c00000)
  to   space 88064K, 0% used [0x00000000de300000,0x00000000de300000,0x00000000e3900000)
 ParOldGen       total 220160K, used 136268K [0x0000000081a00000, 0x000000008f100000, 0x00000000d5e00000)
  object space 220160K, 61% used [0x0000000081a00000,0x0000000089f133c8,0x000000008f100000)
 Metaspace       used 22704K, capacity 22851K, committed 23040K, reserved 1071104K
  class space    used 2119K, capacity 2178K, committed 2304K, reserved 1048576K

Card table byte_map: [0x00000000120f0000,0x00000000124f0000] byte_map_base: 0x0000000011ce3000

Marking Bits: (ParMarkBitMap*) 0x0000000077e1b460
 Begin Bits: [0x0000000012aa0000, 0x0000000014a38000)
 End Bits:   [0x0000000014a38000, 0x00000000169d0000)

Polling page: 0x00000000010f0000

CodeCache: size=245760Kb used=10702Kb max_used=10702Kb free=235057Kb
 bounds [0x0000000002d30000, 0x00000000037c0000, 0x0000000011d30000]
 total_blobs=4002 nmethods=3030 adapters=884
 compilation: enabled

Compilation events (10 events):
Event: 133.135 Thread 0x0000000017771800 3491       3       processing.opengl.Texture::dispose (24 bytes)
Event: 133.136 Thread 0x0000000017771800 nmethod 3491 0x00000000037abc50 code [0x00000000037abe00, 0x00000000037ac538]
Event: 133.136 Thread 0x0000000017771800 3492       3       processing.opengl.PGraphicsOpenGL::createTextureObject (54 bytes)
Event: 133.138 Thread 0x0000000017771800 nmethod 3492 0x00000000037aebd0 code [0x00000000037aeda0, 0x00000000037af428]
Event: 133.138 Thread 0x0000000017771800 3493       3       processing.opengl.PJOGL::texParameterf (13 bytes)
Event: 133.140 Thread 0x0000000017771800 nmethod 3493 0x000000000335f3d0 code [0x000000000335f540, 0x000000000335f768]
Event: 133.140 Thread 0x0000000017771800 3494       3       jogamp.opengl.gl4.GL4bcImpl::glTexParameterf (55 bytes)
Event: 133.145 Thread 0x0000000017771800 nmethod 3494 0x00000000037af6d0 code [0x00000000037af920, 0x00000000037b07e8]
Event: 133.145 Thread 0x0000000017771800 3496       3       processing.opengl.PGL::initTexture (11 bytes)
Event: 133.146 Thread 0x0000000017771800 nmethod 3496 0x0000000003330e10 code [0x0000000003330f80, 0x0000000003331188]

GC Heap History (10 events):
Event: 95.561 GC heap before
{Heap before GC invocations=12 (full 1):
 PSYoungGen      total 174592K, used 167918K [0x00000000d5e00000, 0x00000000e2d00000, 0x0000000100000000)
  eden space 141312K, 100% used [0x00000000d5e00000,0x00000000de800000,0x00000000de800000)
  from space 33280K, 79% used [0x00000000e0a80000,0x00000000e247b970,0x00000000e2b00000)
  to   space 35328K, 0% used [0x00000000de800000,0x00000000de800000,0x00000000e0a80000)
 ParOldGen       total 92672K, used 55611K [0x0000000081a00000, 0x0000000087480000, 0x00000000d5e00000)
  object space 92672K, 60% used [0x0000000081a00000,0x000000008504ef98,0x0000000087480000)
 Metaspace       used 22572K, capacity 22787K, committed 23040K, reserved 1071104K
  class space    used 2119K, capacity 2178K, committed 2304K, reserved 1048576K
Event: 95.724 GC heap after
Heap after GC invocations=12 (full 1):
 PSYoungGen      total 176640K, used 35325K [0x00000000d5e00000, 0x00000000e5380000, 0x0000000100000000)
  eden space 141312K, 0% used [0x00000000d5e00000,0x00000000d5e00000,0x00000000de800000)
  from space 35328K, 99% used [0x00000000de800000,0x00000000e0a7f6a0,0x00000000e0a80000)
  to   space 49664K, 0% used [0x00000000e2300000,0x00000000e2300000,0x00000000e5380000)
 ParOldGen       total 92672K, used 81971K [0x0000000081a00000, 0x0000000087480000, 0x00000000d5e00000)
  object space 92672K, 88% used [0x0000000081a00000,0x0000000086a0cf38,0x0000000087480000)
 Metaspace       used 22572K, capacity 22787K, committed 23040K, reserved 1071104K
  class space    used 2119K, capacity 2178K, committed 2304K, reserved 1048576K
}
Event: 95.724 GC heap before
{Heap before GC invocations=13 (full 2):
 PSYoungGen      total 176640K, used 35325K [0x00000000d5e00000, 0x00000000e5380000, 0x0000000100000000)
  eden space 141312K, 0% used [0x00000000d5e00000,0x00000000d5e00000,0x00000000de800000)
  from space 35328K, 99% used [0x00000000de800000,0x00000000e0a7f6a0,0x00000000e0a80000)
  to   space 49664K, 0% used [0x00000000e2300000,0x00000000e2300000,0x00000000e5380000)
 ParOldGen       total 92672K, used 81971K [0x0000000081a00000, 0x0000000087480000, 0x00000000d5e00000)
  object space 92672K, 88% used [0x0000000081a00000,0x0000000086a0cf38,0x0000000087480000)
 Metaspace       used 22572K, capacity 22787K, committed 23040K, reserved 1071104K
  class space    used 2119K, capacity 2178K, committed 2304K, reserved 1048576K
Event: 96.719 GC heap after
Heap after GC invocations=13 (full 2):
 PSYoungGen      total 176640K, used 23462K [0x00000000d5e00000, 0x00000000e5380000, 0x0000000100000000)
  eden space 141312K, 0% used [0x00000000d5e00000,0x00000000d5e00000,0x00000000de800000)
  from space 35328K, 66% used [0x00000000de800000,0x00000000dfee98c8,0x00000000e0a80000)
  to   space 49664K, 0% used [0x00000000e2300000,0x00000000e2300000,0x00000000e5380000)
 ParOldGen       total 220160K, used 92264K [0x0000000081a00000, 0x000000008f100000, 0x00000000d5e00000)
  object space 220160K, 41% used [0x0000000081a00000,0x000000008741a1b8,0x000000008f100000)
 Metaspace       used 22572K, capacity 22787K, committed 23040K, reserved 1071104K
  class space    used 2119K, capacity 2178K, committed 2304K, reserved 1048576K
}
Event: 104.827 GC heap before
{Heap before GC invocations=14 (full 2):
 PSYoungGen      total 176640K, used 164774K [0x00000000d5e00000, 0x00000000e5380000, 0x0000000100000000)
  eden space 141312K, 100% used [0x00000000d5e00000,0x00000000de800000,0x00000000de800000)
  from space 35328K, 66% used [0x00000000de800000,0x00000000dfee98c8,0x00000000e0a80000)
  to   space 49664K, 0% used [0x00000000e2300000,0x00000000e2300000,0x00000000e5380000)
 ParOldGen       total 220160K, used 92264K [0x0000000081a00000, 0x000000008f100000, 0x00000000d5e00000)
  object space 220160K, 41% used [0x0000000081a00000,0x000000008741a1b8,0x000000008f100000)
 Metaspace       used 22681K, capacity 22851K, committed 23040K, reserved 1071104K
  class space    used 2119K, capacity 2178K, committed 2304K, reserved 1048576K
Event: 105.082 GC heap after
Heap after GC invocations=14 (full 2):
 PSYoungGen      total 187392K, used 49644K [0x00000000d5e00000, 0x00000000e7a00000, 0x0000000100000000)
  eden space 137728K, 0% used [0x00000000d5e00000,0x00000000d5e00000,0x00000000de480000)
  from space 49664K, 99% used [0x00000000e2300000,0x00000000e537b330,0x00000000e5380000)
  to   space 64000K, 0% used [0x00000000de480000,0x00000000de480000,0x00000000e2300000)
 ParOldGen       total 220160K, used 112273K [0x0000000081a00000, 0x000000008f100000, 0x00000000d5e00000)
  object space 220160K, 50% used [0x0000000081a00000,0x00000000887a45a8,0x000000008f100000)
 Metaspace       used 22681K, capacity 22851K, committed 23040K, reserved 1071104K
  class space    used 2119K, capacity 2178K, committed 2304K, reserved 1048576K
}
Event: 127.146 GC heap before
{Heap before GC invocations=15 (full 2):
 PSYoungGen      total 187392K, used 187372K [0x00000000d5e00000, 0x00000000e7a00000, 0x0000000100000000)
  eden space 137728K, 100% used [0x00000000d5e00000,0x00000000de480000,0x00000000de480000)
  from space 49664K, 99% used [0x00000000e2300000,0x00000000e537b330,0x00000000e5380000)
  to   space 64000K, 0% used [0x00000000de480000,0x00000000de480000,0x00000000e2300000)
 ParOldGen       total 220160K, used 112273K [0x0000000081a00000, 0x000000008f100000, 0x00000000d5e00000)
  object space 220160K, 50% used [0x0000000081a00000,0x00000000887a45a8,0x000000008f100000)
 Metaspace       used 22682K, capacity 22851K, committed 23040K, reserved 1071104K
  class space    used 2119K, capacity 2178K, committed 2304K, reserved 1048576K
Event: 127.215 GC heap after
Heap after GC invocations=15 (full 2):
 PSYoungGen      total 201728K, used 49452K [0x00000000d5e00000, 0x00000000e7c00000, 0x0000000100000000)
  eden space 137728K, 0% used [0x00000000d5e00000,0x00000000d5e00000,0x00000000de480000)
  from space 64000K, 77% used [0x00000000de480000,0x00000000e14cb310,0x00000000e2300000)
  to   space 68608K, 0% used [0x00000000e3900000,0x00000000e3900000,0x00000000e7c00000)
 ParOldGen       total 220160K, used 112817K [0x0000000081a00000, 0x000000008f100000, 0x00000000d5e00000)
  object space 220160K, 51% used [0x0000000081a00000,0x000000008882c5c8,0x000000008f100000)
 Metaspace       used 22682K, capacity 22851K, committed 23040K, reserved 1071104K
  class space    used 2119K, capacity 2178K, committed 2304K, reserved 1048576K
}
Event: 133.745 GC heap before
{Heap before GC invocations=16 (full 2):
 PSYoungGen      total 201728K, used 187180K [0x00000000d5e00000, 0x00000000e7c00000, 0x0000000100000000)
  eden space 137728K, 100% used [0x00000000d5e00000,0x00000000de480000,0x00000000de480000)
  from space 64000K, 77% used [0x00000000de480000,0x00000000e14cb310,0x00000000e2300000)
  to   space 68608K, 0% used [0x00000000e3900000,0x00000000e3900000,0x00000000e7c00000)
 ParOldGen       total 220160K, used 112817K [0x0000000081a00000, 0x000000008f100000, 0x00000000d5e00000)
  object space 220160K, 51% used [0x0000000081a00000,0x000000008882c5c8,0x000000008f100000)
 Metaspace       used 22704K, capacity 22851K, committed 23040K, reserved 1071104K
  class space    used 2119K, capacity 2178K, committed 2304K, reserved 1048576K
Event: 134.027 GC heap after
Heap after GC invocations=16 (full 2):
 PSYoungGen      total 204800K, used 68604K [0x00000000d5e00000, 0x00000000ea900000, 0x0000000100000000)
  eden space 136192K, 0% used [0x00000000d5e00000,0x00000000d5e00000,0x00000000de300000)
  from space 68608K, 99% used [0x00000000e3900000,0x00000000e7bff2f0,0x00000000e7c00000)
  to   space 88064K, 0% used [0x00000000de300000,0x00000000de300000,0x00000000e3900000)
 ParOldGen       total 220160K, used 136268K [0x0000000081a00000, 0x000000008f100000, 0x00000000d5e00000)
  object space 220160K, 61% used [0x0000000081a00000,0x0000000089f133c8,0x000000008f100000)
 Metaspace       used 22704K, capacity 22851K, committed 23040K, reserved 1071104K
  class space    used 2119K, capacity 2178K, committed 2304K, reserved 1048576K
}

Deoptimization events (10 events):
Event: 92.971 Thread 0x00000000198b4000 Uncommon trap: reason=unreached action=reinterpret pc=0x00000000032e9b4c method=java.awt.font.FontRenderContext.equals(Ljava/awt/font/FontRenderContext;)Z @ 2
Event: 92.976 Thread 0x00000000198b4000 Uncommon trap: reason=class_check action=maybe_recompile pc=0x000000000350389c method=processing.core.PGraphics.textFont(Lprocessing/core/PFont;)V @ 15
Event: 92.977 Thread 0x00000000198b4000 Uncommon trap: reason=null_check action=make_not_entrant pc=0x00000000035bcfbc method=processing.opengl.PGraphicsOpenGL.getFontTexture(Lprocessing/core/PFont;)Lprocessing/opengl/FontTexture; @ 11
Event: 93.001 Thread 0x00000000198b4000 Uncommon trap: reason=predicate action=maybe_recompile pc=0x000000000350431c method=processing.core.PGraphics.textLineImpl([CIIFF)V @ 6
Event: 93.121 Thread 0x00000000198b4000 Uncommon trap: reason=class_check action=maybe_recompile pc=0x000000000350389c method=processing.core.PGraphics.textFont(Lprocessing/core/PFont;)V @ 15
Event: 93.149 Thread 0x00000000198b4000 Uncommon trap: reason=class_check action=maybe_recompile pc=0x000000000350389c method=processing.core.PGraphics.textFont(Lprocessing/core/PFont;)V @ 15
Event: 93.217 Thread 0x00000000198b4000 Uncommon trap: reason=class_check action=maybe_recompile pc=0x000000000350389c method=processing.core.PGraphics.textFont(Lprocessing/core/PFont;)V @ 15
Event: 104.393 Thread 0x00000000198b4000 Uncommon trap: reason=unreached action=reinterpret pc=0x0000000003252330 method=com.mysql.jdbc.MysqlIO.readSingleRowSet(JIIZ[Lcom/mysql/jdbc/Field;)Lcom/mysql/jdbc/RowData; @ 80
Event: 104.394 Thread 0x00000000198b4000 Uncommon trap: reason=null_check action=make_not_entrant pc=0x00000000036d1b80 method=com.mysql.jdbc.ResultSetImpl.findColumn(Ljava/lang/String;)I @ 33
Event: 134.306 Thread 0x00000000198b4000 Uncommon trap: reason=unreached action=reinterpret pc=0x0000000002e40350 method=java.security.AccessControlContext.optimize()Ljava/security/AccessControlContext; @ 279

Internal exceptions (10 events):
Event: 88.129 Thread 0x00000000198b4000 Exception <a 'java/security/PrivilegedActionException'> (0x00000000d62f7b90) thrown at [D:\re\workspace\8-2-build-windows-amd64-cygwin\jdk8u20\1074\hotspot\src\share\vm\prims\jvm.cpp, line 1275]
Event: 88.129 Thread 0x00000000198b4000 Exception <a 'java/security/PrivilegedActionException'> (0x00000000d62fae30) thrown at [D:\re\workspace\8-2-build-windows-amd64-cygwin\jdk8u20\1074\hotspot\src\share\vm\prims\jvm.cpp, line 1275]
Event: 91.268 Thread 0x00000000198b4000 Exception <a 'java/security/PrivilegedActionException'> (0x00000000d712c790) thrown at [D:\re\workspace\8-2-build-windows-amd64-cygwin\jdk8u20\1074\hotspot\src\share\vm\prims\jvm.cpp, line 1275]
Event: 91.868 Thread 0x00000000198b4000 Exception <a 'java/security/PrivilegedActionException'> (0x00000000d86a0cb8) thrown at [D:\re\workspace\8-2-build-windows-amd64-cygwin\jdk8u20\1074\hotspot\src\share\vm\prims\jvm.cpp, line 1275]
Event: 92.658 Thread 0x00000000198b4000 Exception <a 'java/security/PrivilegedActionException'> (0x00000000db996730) thrown at [D:\re\workspace\8-2-build-windows-amd64-cygwin\jdk8u20\1074\hotspot\src\share\vm\prims\jvm.cpp, line 1275]
Event: 104.394 Thread 0x00000000198b4000 Implicit null exception at 0x00000000036d1757 to 0x00000000036d1b65
Event: 117.109 Thread 0x00000000198b4000 Exception <a 'java/lang/ArrayIndexOutOfBoundsException': 5> (0x00000000dab77ea0) thrown at [D:\re\workspace\8-2-build-windows-amd64-cygwin\jdk8u20\1074\hotspot\src\share\vm\interpreter\interpreterRuntime.cpp, line 366]
Event: 117.109 Thread 0x00000000198b4000 Exception <a 'java/lang/reflect/InvocationTargetException'> (0x00000000dab781e0) thrown at [D:\re\workspace\8-2-build-windows-amd64-cygwin\jdk8u20\1074\hotspot\src\share\vm\runtime\reflection.cpp, line 1079]
Event: 121.049 Thread 0x00000000198b4000 Exception <a 'java/lang/ArrayIndexOutOfBoundsException': 4> (0x00000000dc20dbf8) thrown at [D:\re\workspace\8-2-build-windows-amd64-cygwin\jdk8u20\1074\hotspot\src\share\vm\interpreter\interpreterRuntime.cpp, line 366]
Event: 121.049 Thread 0x00000000198b4000 Exception <a 'java/lang/reflect/InvocationTargetException'> (0x00000000dc20df38) thrown at [D:\re\workspace\8-2-build-windows-amd64-cygwin\jdk8u20\1074\hotspot\src\share\vm\runtime\reflection.cpp, line 1079]

Events (10 events):
Event: 127.689 Thread 0x000000001776b000 flushing nmethod 0x00000000033fcc90
Event: 127.690 Thread 0x000000001776b000 flushing nmethod 0x0000000003445650
Event: 127.690 Thread 0x000000001776b000 flushing nmethod 0x00000000034623d0
Event: 127.865 Thread 0x000000001776b000 flushing nmethod 0x00000000034d0a90
Event: 127.888 Thread 0x0000000017779800 flushing nmethod 0x0000000003541ad0
Event: 133.745 Executing VM operation: ParallelGCFailedAllocation
Event: 134.027 Executing VM operation: ParallelGCFailedAllocation done
Event: 134.306 Thread 0x00000000198b4000 Uncommon trap: trap_request=0xffffffad fr.pc=0x0000000002e40350
Event: 134.306 Thread 0x00000000198b4000 DEOPT PACKING pc=0x0000000002e40350 sp=0x000000001c16e1a0
Event: 134.306 Thread 0x00000000198b4000 DEOPT UNPACKING pc=0x0000000002d7556a sp=0x000000001c16e160 mode 2


Dynamic libraries:
0x00007ff7a7120000 - 0x00007ff7a7154000 	C:\Program Files\Java\jdk1.8.0_20\jre\bin\java.exe
0x00007ffcf9470000 - 0x00007ffcf961c000 	C:\Windows\SYSTEM32\ntdll.dll
0x00007ffcf76d0000 - 0x00007ffcf780e000 	C:\Windows\system32\KERNEL32.DLL
0x00007ffcf69d0000 - 0x00007ffcf6ae5000 	C:\Windows\system32\KERNELBASE.dll
0x00007ffcf25c0000 - 0x00007ffcf264e000 	C:\Windows\system32\apphelp.dll
0x00007ffcf3350000 - 0x00007ffcf33a3000 	C:\Windows\AppPatch\AppPatch64\AcGenral.DLL
0x00007ffcf6b60000 - 0x00007ffcf6c0a000 	C:\Windows\system32\msvcrt.dll
0x00007ffcf63f0000 - 0x00007ffcf641e000 	C:\Windows\SYSTEM32\SspiCli.dll
0x00007ffcf7b50000 - 0x00007ffcf7ba4000 	C:\Windows\system32\SHLWAPI.dll
0x00007ffcf9290000 - 0x00007ffcf9407000 	C:\Windows\system32\USER32.dll
0x00007ffcf7330000 - 0x00007ffcf74c4000 	C:\Windows\system32\ole32.dll
0x00007ffcf7d70000 - 0x00007ffcf9288000 	C:\Windows\system32\SHELL32.dll
0x00007ffcf5d80000 - 0x00007ffcf5da1000 	C:\Windows\SYSTEM32\USERENV.dll
0x00007ffcf7610000 - 0x00007ffcf76ba000 	C:\Windows\system32\ADVAPI32.dll
0x00007ffce98e0000 - 0x00007ffce98fe000 	C:\Windows\SYSTEM32\MPR.dll
0x00007ffcf7000000 - 0x00007ffcf7141000 	C:\Windows\system32\RPCRT4.dll
0x00007ffcf6af0000 - 0x00007ffcf6b49000 	C:\Windows\SYSTEM32\sechost.dll
0x00007ffcf6de0000 - 0x00007ffcf6ff1000 	C:\Windows\SYSTEM32\combase.dll
0x00007ffcf6c80000 - 0x00007ffcf6dd1000 	C:\Windows\system32\GDI32.dll
0x00007ffcf65c0000 - 0x00007ffcf65d5000 	C:\Windows\SYSTEM32\profapi.dll
0x00007ffcf5110000 - 0x00007ffcf51c2000 	C:\Windows\SYSTEM32\SHCORE.dll
0x00007ffcf9430000 - 0x00007ffcf9466000 	C:\Windows\system32\IMM32.DLL
0x00007ffcf7c10000 - 0x00007ffcf7d61000 	C:\Windows\system32\MSCTF.dll
0x00007ffcf46c0000 - 0x00007ffcf493b000 	C:\Windows\WinSxS\amd64_microsoft.windows.common-controls_6595b64144ccf1df_6.0.9600.17415_none_6240486fecbd8abb\COMCTL32.dll
0x0000000077560000 - 0x0000000077632000 	C:\Program Files\Java\jdk1.8.0_20\jre\bin\msvcr100.dll
0x0000000077640000 - 0x0000000077e98000 	C:\Program Files\Java\jdk1.8.0_20\jre\bin\server\jvm.dll
0x00007ffcda860000 - 0x00007ffcda869000 	C:\Windows\SYSTEM32\WSOCK32.dll
0x00007ffcf4c30000 - 0x00007ffcf4c52000 	C:\Windows\SYSTEM32\WINMM.dll
0x00007ffcf76c0000 - 0x00007ffcf76c7000 	C:\Windows\system32\PSAPI.DLL
0x00007ffcf6c20000 - 0x00007ffcf6c7a000 	C:\Windows\system32\WS2_32.dll
0x00007ffcf4bd0000 - 0x00007ffcf4bfa000 	C:\Windows\SYSTEM32\WINMMBASE.dll
0x00007ffcf6b50000 - 0x00007ffcf6b59000 	C:\Windows\system32\NSI.dll
0x00007ffcf67a0000 - 0x00007ffcf67ef000 	C:\Windows\SYSTEM32\cfgmgr32.dll
0x00007ffcf53b0000 - 0x00007ffcf53d8000 	C:\Windows\SYSTEM32\DEVOBJ.dll
0x0000000077550000 - 0x000000007755f000 	C:\Program Files\Java\jdk1.8.0_20\jre\bin\verify.dll
0x0000000077520000 - 0x0000000077548000 	C:\Program Files\Java\jdk1.8.0_20\jre\bin\java.dll
0x0000000077500000 - 0x0000000077516000 	C:\Program Files\Java\jdk1.8.0_20\jre\bin\zip.dll
0x0000000077320000 - 0x00000000774b8000 	C:\Program Files\Java\jdk1.8.0_20\jre\bin\awt.dll
0x00007ffcf7540000 - 0x00007ffcf7601000 	C:\Windows\system32\OLEAUT32.dll
0x00007ffcf4970000 - 0x00007ffcf4991000 	C:\Windows\system32\DWMAPI.DLL
0x00007ffcf5230000 - 0x00007ffcf5359000 	C:\Windows\system32\uxtheme.dll
0x00007ffcf5400000 - 0x00007ffcf540b000 	C:\Windows\SYSTEM32\kernel.appcore.dll
0x00007ffcf6490000 - 0x00007ffcf649b000 	C:\Windows\SYSTEM32\CRYPTBASE.dll
0x00007ffcf6420000 - 0x00007ffcf6483000 	C:\Windows\SYSTEM32\bcryptPrimitives.dll
0x00007ffcea560000 - 0x00007ffcea781000 	C:\Windows\system32\d3d9.dll
0x00007ffcf4b50000 - 0x00007ffcf4b5a000 	C:\Windows\SYSTEM32\VERSION.dll
0x00007ffcf3c50000 - 0x00007ffcf3db4000 	C:\Windows\SYSTEM32\nvumdshimx.dll
0x00007ffcf7150000 - 0x00007ffcf732a000 	C:\Windows\system32\SETUPAPI.dll
0x00007ffcf4db0000 - 0x00007ffcf4de2000 	C:\Windows\SYSTEM32\nvinitx.dll
0x00007ffcd83f0000 - 0x00007ffcd970f000 	C:\Windows\system32\igdumdim64.dll
0x00007ffceacc0000 - 0x00007ffceb645000 	C:\Windows\SYSTEM32\igdusc64.dll
0x00000000772d0000 - 0x0000000077317000 	C:\Program Files\Java\jdk1.8.0_20\jre\bin\fontmanager.dll
0x00007ffcf5ff0000 - 0x00007ffcf6010000 	C:\Windows\SYSTEM32\CRYPTSP.dll
0x00007ffcf5a70000 - 0x00007ffcf5aa6000 	C:\Windows\system32\rsaenh.dll
0x00007ffcf60e0000 - 0x00007ffcf6106000 	C:\Windows\SYSTEM32\bcrypt.dll
0x00000000774e0000 - 0x00000000774fa000 	C:\Program Files\Java\jdk1.8.0_20\jre\bin\net.dll
0x00007ffcf5d20000 - 0x00007ffcf5d79000 	C:\Windows\system32\mswsock.dll
0x00007ffcf2750000 - 0x00007ffcf277a000 	C:\Windows\SYSTEM32\IPHLPAPI.DLL
0x00007ffcf2740000 - 0x00007ffcf274a000 	C:\Windows\SYSTEM32\WINNSI.DLL
0x00007ffcee930000 - 0x00007ffcee946000 	C:\Windows\SYSTEM32\dhcpcsvc6.DLL
0x00007ffceeb30000 - 0x00007ffceeb4a000 	C:\Windows\SYSTEM32\dhcpcsvc.DLL
0x00000000774c0000 - 0x00000000774d1000 	C:\Program Files\Java\jdk1.8.0_20\jre\bin\nio.dll
0x00000000637c0000 - 0x00000000637cd000 	C:\Users\Aran\AppData\Local\Temp\jogamp_0000\file_cache\jln8595505374088231314\jln5105706732741785631\gluegen-rt.dll
0x0000000076650000 - 0x0000000076657000 	C:\Program Files\Java\jdk1.8.0_20\jre\bin\jawt.dll
0x000000006a440000 - 0x000000006a44d000 	C:\Users\Aran\AppData\Local\Temp\jogamp_0000\file_cache\jln8595505374088231314\jln5105706732741785631\nativewindow_awt.dll
0x000000006c100000 - 0x000000006c10f000 	C:\Users\Aran\AppData\Local\Temp\jogamp_0000\file_cache\jln8595505374088231314\jln5105706732741785631\nativewindow_win32.dll
0x00007ffce8380000 - 0x00007ffce84ab000 	C:\Windows\SYSTEM32\OpenGL32.dll
0x00007ffcf1030000 - 0x00007ffcf105e000 	C:\Windows\SYSTEM32\GLU32.dll
0x00007ffce3640000 - 0x00007ffce3738000 	C:\Windows\SYSTEM32\DDRAW.dll
0x00007ffcf2f10000 - 0x00007ffcf2f19000 	C:\Windows\SYSTEM32\DCIMAN32.dll
0x0000000064500000 - 0x00000000645a0000 	C:\Users\Aran\AppData\Local\Temp\jogamp_0000\file_cache\jln8595505374088231314\jln5105706732741785631\jogl_desktop.dll
0x00007ffceabd0000 - 0x00007ffceac2b000 	C:\Windows\system32\NV\nvoglshim64.dll
0x00007ffcdb1e0000 - 0x00007ffcdba64000 	C:\Windows\system32\ig75icd64.dll
0x00007ffcf6560000 - 0x00007ffcf65a6000 	C:\Windows\SYSTEM32\powrprof.dll
0x0000000077280000 - 0x00000000772c1000 	C:\Program Files\Java\jdk1.8.0_20\jre\bin\t2k.dll
0x00007ffcf5b90000 - 0x00007ffcf5c34000 	C:\Windows\SYSTEM32\DNSAPI.dll
0x00007ffceca10000 - 0x00007ffceca1a000 	C:\Windows\System32\rasadhlp.dll
0x00007ffceea00000 - 0x00007ffceea6b000 	C:\Windows\System32\fwpuclnt.dll
0x00007ffcf3980000 - 0x00007ffcf3b0a000 	C:\Windows\SYSTEM32\dbghelp.dll

VM Arguments:
jvm_args: -Dfile.encoding=UTF-8 
java_command: programmingproject.ProgrammingProject
java_class_path (initial): C:\Users\Aran\Documents\NetBeansProjects\programming-project-group-3\ProgrammingProject\lib\core.jar;C:\Users\Aran\Documents\NetBeansProjects\programming-project-group-3\ProgrammingProject\lib\gluegen-rt-natives-linux-amd64.jar;C:\Users\Aran\Documents\NetBeansProjects\programming-project-group-3\ProgrammingProject\lib\gluegen-rt-natives-linux-armv6hf.jar;C:\Users\Aran\Documents\NetBeansProjects\programming-project-group-3\ProgrammingProject\lib\gluegen-rt-natives-linux-i586.jar;C:\Users\Aran\Documents\NetBeansProjects\programming-project-group-3\ProgrammingProject\lib\gluegen-rt-natives-macosx-universal.jar;C:\Users\Aran\Documents\NetBeansProjects\programming-project-group-3\ProgrammingProject\lib\gluegen-rt-natives-windows-amd64.jar;C:\Users\Aran\Documents\NetBeansProjects\programming-project-group-3\ProgrammingProject\lib\gluegen-rt-natives-windows-i586.jar;C:\Users\Aran\Documents\NetBeansProjects\programming-project-group-3\ProgrammingProject\lib\gluegen-rt.jar;C:\Users\Aran\Documents\NetBeansProjects\programming-project-group-3\ProgrammingProject\lib\jogl-all-natives-linux-amd64.jar;C:\Users\Aran\Documents\NetBeansProjects\programming-project-group-3\ProgrammingProject\lib\jogl-all-natives-linux-armv6hf.jar;C:\Users\Aran\Documents\NetBeansProjects\programming-project-group-3\ProgrammingProject\lib\jogl-all-natives-linux-i586.jar;C:\Users\Aran\Documents\NetBeansProjects\programming-project-group-3\ProgrammingProject\lib\jogl-all-natives-macosx-universal.jar;C:\Users\Aran\Documents\NetBeansProjects\programming-project-group-3\ProgrammingProject\lib\jogl-all-natives-windows-amd64.jar;C:\Users\Aran\Documents\NetBeansProjects\programming-project-group-3\ProgrammingProject\lib\jogl-all-natives-windows-i586.jar;C:\Users\Aran\Documents\NetBeansProjects\programming-project-group-3\ProgrammingProject\lib\jogl-all.jar;C:\Users\Aran\Documents\NetBeansProjects\programming-project-group-3\ProgrammingProject\lib\mysql-connector-java-5.1.34-bin.jar;
Launcher Type: SUN_STANDARD

Environment Variables:
PATH=C:\Users\Aran\Documents\Enviroment Variables;C:\Program Files\Haskell Platform\2014.2.0.0\bin;C:\Program Files\Haskell Platform\2014.2.0.0\lib\extralibs\bin;C:\Program Files\Haskell Platform\2014.2.0.0\bin;C:\Python34;C:\Program Files\Java\jdk1.8.0_20\bin;C:\ProgramData\Oracle\Java\javapath;C:\Windows\system32;C:\Windows;C:\Windows\System32\Wbem;C:\Windows\System32\WindowsPowerShell\v1.0\;C:\Program Files\Haskell Platform\2014.2.0.0\mingw\bin;C:\Program Files (x86)\MiKTeX 2.9\miktex\bin\;C:\Program Files (x86)\Windows Kits\8.1\Windows Performance Toolkit\;C:\Program Files\Microsoft SQL Server\110\Tools\Binn\;C:\Program Files (x86)\Microsoft SDKs\TypeScript\1.0\;C:\Program Files\Microsoft SQL Server\120\Tools\Binn\;C:\Program Files (x86)\Windows Live\Shared;C:\Program Files\MATLAB\R2014b\bin;C:\Program Files (x86)\Git\cmd;C:\Users\Aran\AppData\Roaming\cabal\bin;.;
USERNAME=Aran
OS=Windows_NT
PROCESSOR_IDENTIFIER=Intel64 Family 6 Model 60 Stepping 3, GenuineIntel



---------------  S Y S T E M  ---------------

OS: Windows 8.1 , 64 bit Build 9600 

CPU:total 4 (2 cores per cpu, 2 threads per core) family 6 model 60 stepping 3, cmov, cx8, fxsr, mmx, sse, sse2, sse3, ssse3, sse4.1, sse4.2, popcnt, avx, avx2, aes, clmul, erms, lzcnt, ht, tsc, tscinvbit, bmi1, bmi2

Memory: 4k page, physical 8281560k(3387976k free), swap 15187644k(8107884k free)

vm_info: Java HotSpot(TM) 64-Bit Server VM (25.20-b23) for windows-amd64 JRE (1.8.0_20-b26), built on Jul 30 2014 13:51:23 by "java_re" with MS VC++ 10.0 (VS2010)

time: Sat Mar 21 22:46:56 2015
elapsed time: 134 seconds (0d 0h 2m 14s)

