#
# A fatal error has been detected by the Java Runtime Environment:
#
#  EXCEPTION_ACCESS_VIOLATION (0xc0000005) at pc=0x00007ffcdb6ce24e, pid=76, tid=3924
#
# JRE version: Java(TM) SE Runtime Environment (8.0_20-b26) (build 1.8.0_20-b26)
# Java VM: Java HotSpot(TM) 64-Bit Server VM (25.20-b23 mixed mode windows-amd64 compressed oops)
# Problematic frame:
# C  [ig75icd64.dll+0x4ee24e]
#
# Failed to write core dump. Minidumps are not enabled by default on client versions of Windows
#
# If you would like to submit a bug report, please visit:
#   http://bugreport.sun.com/bugreport/crash.jsp
# The crash happened outside the Java Virtual Machine in native code.
# See problematic frame for where to report the bug.
#

---------------  T H R E A D  ---------------

Current thread (0x0000000018ee6800):  JavaThread "AWT-EventQueue-0" [_thread_in_native, id=3924, stack(0x000000001b670000,0x000000001b770000)]

siginfo: ExceptionCode=0xc0000005, reading address 0x0000000000000000

Registers:
RAX=0x0000000000000000, RBX=0x0000000020ba60c0, RCX=0x0000000000000018, RDX=0x000000001bf51fc0
RSP=0x000000001b76c890, RBP=0x0000000000000000, RSI=0x0000000020ba5ee0, RDI=0x000000001ebaffe0
R8 =0x0000000000000007, R9 =0x0000000000008000, R10=0x000000001c022c30, R11=0x0000000000000000
R12=0x0000000000000000, R13=0x000000001ca25930, R14=0x000000001ab524c8, R15=0x0000000000000000
RIP=0x00007ffcdb6ce24e, EFLAGS=0x0000000000010246

Top of Stack: (sp=0x000000001b76c890)
0x000000001b76c890:   000000001e9122a0 0000000020b7f300
0x000000001b76c8a0:   0000000020ba60c0 000000001ebaffe0
0x000000001b76c8b0:   000000001ebaffe0 00007ffcdb353732
0x000000001b76c8c0:   0000000020b7f300 000000001ebaffe0
0x000000001b76c8d0:   0000000000000000 000000001e9122a0
0x000000001b76c8e0:   0000000020b7f300 00007ffcdb356d72
0x000000001b76c8f0:   0000000000000000 000000001ab25480
0x000000001b76c900:   000000001c04bb70 000000001bf7a640
0x000000001b76c910:   0000000018ee6800 0000000000000040
0x000000001b76c920:   000000001bf7a640 00007ffcdb1f1bee
0x000000001b76c930:   0000000000000000 000000001ab4a3d0
0x000000001b76c940:   000000001bf7a640 000000001bf7a640
0x000000001b76c950:   0000000000000008 00007ffcdb34fe68
0x000000001b76c960:   000000001c022c30 0000000000000000
0x000000001b76c970:   0000000000000038 0000000000000007
0x000000001b76c980:   0000000000000008 00007ffcdb1f1a1e 

Instructions: (pc=0x00007ffcdb6ce24e)
0x00007ffcdb6ce22e:   00 00 00 00 74 0d 48 8b cf 48 83 c4 20 5f e9 df
0x00007ffcdb6ce23e:   01 00 00 48 83 c4 20 5f c3 48 8b 82 78 7c 02 00
0x00007ffcdb6ce24e:   48 8b 08 48 39 4b 10 77 a8 48 8b 82 78 7c 02 00
0x00007ffcdb6ce25e:   48 8b 08 48 39 4b 18 77 98 80 bf f8 00 00 00 00 


Register to memory mapping:

RAX=0x0000000000000000 is an unknown value
RBX=0x0000000020ba60c0 is an unknown value
RCX=0x0000000000000018 is an unknown value
RDX=0x000000001bf51fc0 is an unknown value
RSP=0x000000001b76c890 is pointing into the stack for thread: 0x0000000018ee6800
RBP=0x0000000000000000 is an unknown value
RSI=0x0000000020ba5ee0 is an unknown value
RDI=0x000000001ebaffe0 is an unknown value
R8 =0x0000000000000007 is an unknown value
R9 =0x0000000000008000 is an unknown value
R10=0x000000001c022c30 is an unknown value
R11=0x0000000000000000 is an unknown value
R12=0x0000000000000000 is an unknown value
R13={method} {0x000000001ca25938} 'dispatch_wglDeleteContext0' '(JJ)Z' in 'jogamp/opengl/windows/wgl/WGL'
R14=0x000000001ab524c8 is an unknown value
R15=0x0000000000000000 is an unknown value


Stack: [0x000000001b670000,0x000000001b770000],  sp=0x000000001b76c890,  free space=1010k
Native frames: (J=compiled Java code, j=interpreted, Vv=VM code, C=native code)

Java frames: (J=compiled Java code, j=interpreted, Vv=VM code)
j  jogamp.opengl.windows.wgl.WGL.dispatch_wglDeleteContext0(JJ)Z+0
j  jogamp.opengl.windows.wgl.WGL.wglDeleteContext(J)Z+37
j  jogamp.opengl.windows.wgl.WindowsWGLContext.destroyImpl()V+10
j  jogamp.opengl.GLContextImpl.destroy()V+503
j  jogamp.opengl.GLDrawableHelper.disposeGL(Ljavax/media/opengl/GLAutoDrawable;Ljavax/media/opengl/GLContext;Z)V+128
j  javax.media.opengl.awt.GLCanvas$7.run()V+167
J 3172 C1 javax.media.opengl.Threading.invoke(ZLjava/lang/Runnable;Ljava/lang/Object;)V (39 bytes) @ 0x0000000002c25344 [0x0000000002c25040+0x304]
j  javax.media.opengl.awt.GLCanvas.destroyImpl(Z)V+9
j  javax.media.opengl.awt.GLCanvas$2.run()V+5
j  com.jogamp.nativewindow.awt.AWTWindowClosingProtocol$WindowClosingAdapter.windowClosing(Ljava/awt/event/WindowEvent;)V+22
j  java.awt.Window.processWindowEvent(Ljava/awt/event/WindowEvent;)V+68
j  javax.swing.JFrame.processWindowEvent(Ljava/awt/event/WindowEvent;)V+2
j  java.awt.Window.processEvent(Ljava/awt/AWTEvent;)V+69
J 3219 C1 java.awt.Component.dispatchEventImpl(Ljava/awt/AWTEvent;)V (883 bytes) @ 0x0000000002c4ff24 [0x0000000002c4aa20+0x5504]
j  java.awt.Container.dispatchEventImpl(Ljava/awt/AWTEvent;)V+42
j  java.awt.Window.dispatchEventImpl(Ljava/awt/AWTEvent;)V+19
J 2826 C1 java.awt.EventQueue.dispatchEventImpl(Ljava/awt/AWTEvent;Ljava/lang/Object;)V (149 bytes) @ 0x0000000002ae238c [0x0000000002ae0d00+0x168c]
J 2828 C1 java.awt.EventQueue$3.run()Ljava/lang/Void; (60 bytes) @ 0x0000000002adb7cc [0x0000000002adb5c0+0x20c]
J 2720 C1 java.awt.EventQueue$3.run()Ljava/lang/Object; (5 bytes) @ 0x0000000002a9854c [0x0000000002a984c0+0x8c]
v  ~StubRoutines::call_stub
J 2192  java.security.AccessController.doPrivileged(Ljava/security/PrivilegedAction;Ljava/security/AccessControlContext;)Ljava/lang/Object; (0 bytes) @ 0x000000000266b926 [0x000000000266b8c0+0x66]
J 2638 C1 java.security.ProtectionDomain$1.doIntersectionPrivilege(Ljava/security/PrivilegedAction;Ljava/security/AccessControlContext;Ljava/security/AccessControlContext;)Ljava/lang/Object; (32 bytes) @ 0x0000000002a33d1c [0x0000000002a33a20+0x2fc]
J 3333 C1 java.awt.EventQueue$4.run()Ljava/lang/Object; (5 bytes) @ 0x00000000027ab20c [0x00000000027aae20+0x3ec]
v  ~StubRoutines::call_stub
J 2192  java.security.AccessController.doPrivileged(Ljava/security/PrivilegedAction;Ljava/security/AccessControlContext;)Ljava/lang/Object; (0 bytes) @ 0x000000000266b926 [0x000000000266b8c0+0x66]
J 2718 C1 java.awt.EventQueue.dispatchEvent(Ljava/awt/AWTEvent;)V (80 bytes) @ 0x0000000002a9a6f4 [0x0000000002a99a40+0xcb4]
J 2722 C1 java.awt.EventDispatchThread.pumpOneEventForFilters(I)V (295 bytes) @ 0x0000000002a9d2dc [0x0000000002a9b780+0x1b5c]
j  java.awt.EventDispatchThread.pumpEventsForFilter(ILjava/awt/Conditional;Ljava/awt/EventFilter;)V+35
j  java.awt.EventDispatchThread.pumpEventsForHierarchy(ILjava/awt/Conditional;Ljava/awt/Component;)V+11
j  java.awt.EventDispatchThread.pumpEvents(ILjava/awt/Conditional;)V+4
j  java.awt.EventDispatchThread.pumpEvents(Ljava/awt/Conditional;)V+3
j  java.awt.EventDispatchThread.run()V+9
v  ~StubRoutines::call_stub

---------------  P R O C E S S  ---------------

Java Threads: ( => current thread )
  0x000000001cb97000 JavaThread "Abandoned connection cleanup thread" daemon [_thread_blocked, id=3860, stack(0x0000000021340000,0x0000000021440000)]
  0x000000001cca3800 JavaThread "Animation Thread-SharedResourceRunner" daemon [_thread_blocked, id=2092, stack(0x000000001da80000,0x000000001db80000)]
  0x000000000076e000 JavaThread "DestroyJavaVM" [_thread_blocked, id=5728, stack(0x0000000001f80000,0x0000000002080000)]
  0x0000000018eec800 JavaThread "Animation Thread" [_thread_blocked, id=6084, stack(0x000000001c5b0000,0x000000001c6b0000)]
  0x0000000018ed4000 JavaThread "D3D Screen Updater" daemon [_thread_blocked, id=32, stack(0x000000001b870000,0x000000001b970000)]
=>0x0000000018ee6800 JavaThread "AWT-EventQueue-0" [_thread_in_native, id=3924, stack(0x000000001b670000,0x000000001b770000)]
  0x0000000018e5e000 JavaThread "AWT-Windows" daemon [_thread_in_native, id=5256, stack(0x00000000197e0000,0x00000000198e0000)]
  0x0000000018e5d000 JavaThread "AWT-Shutdown" [_thread_blocked, id=5016, stack(0x00000000196e0000,0x00000000197e0000)]
  0x000000001898e000 JavaThread "Java2D Disposer" daemon [_thread_blocked, id=5496, stack(0x00000000195e0000,0x00000000196e0000)]
  0x0000000016d43800 JavaThread "Service Thread" daemon [_thread_blocked, id=3060, stack(0x0000000018990000,0x0000000018a90000)]
  0x0000000016d41000 JavaThread "C1 CompilerThread2" daemon [_thread_blocked, id=2780, stack(0x0000000018490000,0x0000000018590000)]
  0x0000000016d3d800 JavaThread "C2 CompilerThread1" daemon [_thread_blocked, id=3932, stack(0x0000000018390000,0x0000000018490000)]
  0x0000000016d4a000 JavaThread "C2 CompilerThread0" daemon [_thread_blocked, id=3556, stack(0x0000000018290000,0x0000000018390000)]
  0x0000000016d47800 JavaThread "Attach Listener" daemon [_thread_blocked, id=4972, stack(0x0000000018190000,0x0000000018290000)]
  0x0000000016d46800 JavaThread "Signal Dispatcher" daemon [_thread_blocked, id=3520, stack(0x0000000018090000,0x0000000018190000)]
  0x00000000021f7000 JavaThread "Finalizer" daemon [_thread_blocked, id=4452, stack(0x0000000017f90000,0x0000000018090000)]
  0x00000000021ee000 JavaThread "Reference Handler" daemon [_thread_blocked, id=2480, stack(0x0000000017e90000,0x0000000017f90000)]

Other Threads:
  0x0000000016d05800 VMThread [stack: 0x0000000017d90000,0x0000000017e90000] [id=4164]
  0x00000000185b0000 WatcherThread [stack: 0x0000000018a90000,0x0000000018b90000] [id=1988]

VM state:not at safepoint (normal execution)

VM Mutex/Monitor currently owned by a thread: None

Heap:
 PSYoungGen      total 189440K, used 89784K [0x00000000d5e00000, 0x00000000e6080000, 0x0000000100000000)
  eden space 145920K, 31% used [0x00000000d5e00000,0x00000000d8b2e300,0x00000000dec80000)
  from space 43520K, 99% used [0x00000000e2000000,0x00000000e4a7ffa8,0x00000000e4a80000)
  to   space 52736K, 0% used [0x00000000dec80000,0x00000000dec80000,0x00000000e2000000)
 ParOldGen       total 214016K, used 97582K [0x0000000081a00000, 0x000000008eb00000, 0x00000000d5e00000)
  object space 214016K, 45% used [0x0000000081a00000,0x000000008794bb88,0x000000008eb00000)
 Metaspace       used 22680K, capacity 22857K, committed 23040K, reserved 1071104K
  class space    used 2121K, capacity 2179K, committed 2304K, reserved 1048576K

Card table byte_map: [0x00000000115c0000,0x00000000119c0000] byte_map_base: 0x00000000111b3000

Marking Bits: (ParMarkBitMap*) 0x0000000077e1b460
 Begin Bits: [0x0000000012070000, 0x0000000014008000)
 End Bits:   [0x0000000014008000, 0x0000000015fa0000)

Polling page: 0x0000000000750000

CodeCache: size=245760Kb used=10753Kb max_used=10875Kb free=235006Kb
 bounds [0x0000000002200000, 0x0000000002cd0000, 0x0000000011200000]
 total_blobs=3971 nmethods=2999 adapters=884
 compilation: enabled

Compilation events (10 events):
Event: 56.574 Thread 0x0000000016d3d800 3338       4       jogamp.common.util.locks.RecursiveLockImpl01Unfairish$SingleThreadSync::isOwner (14 bytes)
Event: 56.577 Thread 0x0000000016d3d800 nmethod 3338 0x0000000002b642d0 code [0x0000000002b64400, 0x0000000002b64478]
Event: 56.860 Thread 0x0000000016d41000 3339       3       programmingproject.DateTime::secsToHourAndMinute (209 bytes)
Event: 56.875 Thread 0x0000000016d41000 nmethod 3339 0x00000000026e9b90 code [0x00000000026ea1c0, 0x00000000026ee6c8]
Event: 57.011 Thread 0x0000000016d4a000 3340       4       processing.core.PFont::addGlyph (274 bytes)
Event: 57.075 Thread 0x0000000016d4a000 nmethod 3340 0x00000000027ba350 code [0x00000000027ba4e0, 0x00000000027babb8]
Event: 57.231 Thread 0x0000000016d3d800 3341       4       sun.java2d.SunGraphics2D::validateColor (102 bytes)
Event: 57.240 Thread 0x0000000016d3d800 nmethod 3341 0x0000000002521290 code [0x0000000002521400, 0x0000000002521698]
Event: 57.517 Thread 0x0000000016d41000 3344       3       jogamp.opengl.gl4.GL4bcImpl::glTexParameterf (55 bytes)
Event: 57.527 Thread 0x0000000016d41000 nmethod 3344 0x00000000027b0cd0 code [0x00000000027b0f20, 0x00000000027b1de8]

GC Heap History (10 events):
Event: 9.239 GC heap before
{Heap before GC invocations=8 (full 1):
 PSYoungGen      total 116224K, used 116208K [0x00000000d5e00000, 0x00000000e0700000, 0x0000000100000000)
  eden space 115200K, 100% used [0x00000000d5e00000,0x00000000dce80000,0x00000000dce80000)
  from space 1024K, 98% used [0x00000000de500000,0x00000000de5fc040,0x00000000de600000)
  to   space 23040K, 0% used [0x00000000dce80000,0x00000000dce80000,0x00000000de500000)
 ParOldGen       total 92160K, used 57613K [0x0000000081a00000, 0x0000000087400000, 0x00000000d5e00000)
  object space 92160K, 62% used [0x0000000081a00000,0x00000000852435e0,0x0000000087400000)
 Metaspace       used 21956K, capacity 22139K, committed 22448K, reserved 1069056K
  class space    used 2105K, capacity 2178K, committed 2304K, reserved 1048576K
Event: 9.310 GC heap after
Heap after GC invocations=8 (full 1):
 PSYoungGen      total 138240K, used 22908K [0x00000000d5e00000, 0x00000000e1e80000, 0x0000000100000000)
  eden space 115200K, 0% used [0x00000000d5e00000,0x00000000d5e00000,0x00000000dce80000)
  from space 23040K, 99% used [0x00000000dce80000,0x00000000de4df060,0x00000000de500000)
  to   space 27136K, 0% used [0x00000000e0400000,0x00000000e0400000,0x00000000e1e80000)
 ParOldGen       total 92160K, used 58133K [0x0000000081a00000, 0x0000000087400000, 0x00000000d5e00000)
  object space 92160K, 63% used [0x0000000081a00000,0x00000000852c5600,0x0000000087400000)
 Metaspace       used 21956K, capacity 22139K, committed 22448K, reserved 1069056K
  class space    used 2105K, capacity 2178K, committed 2304K, reserved 1048576K
}
Event: 21.790 GC heap before
{Heap before GC invocations=9 (full 1):
 PSYoungGen      total 138240K, used 138108K [0x00000000d5e00000, 0x00000000e1e80000, 0x0000000100000000)
  eden space 115200K, 100% used [0x00000000d5e00000,0x00000000dce80000,0x00000000dce80000)
  from space 23040K, 99% used [0x00000000dce80000,0x00000000de4df060,0x00000000de500000)
  to   space 27136K, 0% used [0x00000000e0400000,0x00000000e0400000,0x00000000e1e80000)
 ParOldGen       total 92160K, used 58133K [0x0000000081a00000, 0x0000000087400000, 0x00000000d5e00000)
  object space 92160K, 63% used [0x0000000081a00000,0x00000000852c5600,0x0000000087400000)
 Metaspace       used 22181K, capacity 22331K, committed 22704K, reserved 1069056K
  class space    used 2105K, capacity 2178K, committed 2304K, reserved 1048576K
Event: 21.909 GC heap after
Heap after GC invocations=9 (full 1):
 PSYoungGen      total 165888K, used 27006K [0x00000000d5e00000, 0x00000000e2380000, 0x0000000100000000)
  eden space 138752K, 0% used [0x00000000d5e00000,0x00000000d5e00000,0x00000000de580000)
  from space 27136K, 99% used [0x00000000e0400000,0x00000000e1e5fa98,0x00000000e1e80000)
  to   space 31232K, 0% used [0x00000000de580000,0x00000000de580000,0x00000000e0400000)
 ParOldGen       total 92160K, used 67350K [0x0000000081a00000, 0x0000000087400000, 0x00000000d5e00000)
  object space 92160K, 73% used [0x0000000081a00000,0x0000000085bc5840,0x0000000087400000)
 Metaspace       used 22181K, capacity 22331K, committed 22704K, reserved 1069056K
  class space    used 2105K, capacity 2178K, committed 2304K, reserved 1048576K
}
Event: 39.988 GC heap before
{Heap before GC invocations=10 (full 1):
 PSYoungGen      total 165888K, used 165758K [0x00000000d5e00000, 0x00000000e2380000, 0x0000000100000000)
  eden space 138752K, 100% used [0x00000000d5e00000,0x00000000de580000,0x00000000de580000)
  from space 27136K, 99% used [0x00000000e0400000,0x00000000e1e5fa98,0x00000000e1e80000)
  to   space 31232K, 0% used [0x00000000de580000,0x00000000de580000,0x00000000e0400000)
 ParOldGen       total 92160K, used 67350K [0x0000000081a00000, 0x0000000087400000, 0x00000000d5e00000)
  object space 92160K, 73% used [0x0000000081a00000,0x0000000085bc5840,0x0000000087400000)
 Metaspace       used 22332K, capacity 22531K, committed 22704K, reserved 1069056K
  class space    used 2117K, capacity 2178K, committed 2304K, reserved 1048576K
Event: 40.189 GC heap after
Heap after GC invocations=10 (full 1):
 PSYoungGen      total 169984K, used 31215K [0x00000000d5e00000, 0x00000000e4a80000, 0x0000000100000000)
  eden space 138752K, 0% used [0x00000000d5e00000,0x00000000d5e00000,0x00000000de580000)
  from space 31232K, 99% used [0x00000000de580000,0x00000000e03fbc20,0x00000000e0400000)
  to   space 43520K, 0% used [0x00000000e2000000,0x00000000e2000000,0x00000000e4a80000)
 ParOldGen       total 92160K, used 85742K [0x0000000081a00000, 0x0000000087400000, 0x00000000d5e00000)
  object space 92160K, 93% used [0x0000000081a00000,0x0000000086dbb840,0x0000000087400000)
 Metaspace       used 22332K, capacity 22531K, committed 22704K, reserved 1069056K
  class space    used 2117K, capacity 2178K, committed 2304K, reserved 1048576K
}
Event: 40.189 GC heap before
{Heap before GC invocations=11 (full 2):
 PSYoungGen      total 169984K, used 31215K [0x00000000d5e00000, 0x00000000e4a80000, 0x0000000100000000)
  eden space 138752K, 0% used [0x00000000d5e00000,0x00000000d5e00000,0x00000000de580000)
  from space 31232K, 99% used [0x00000000de580000,0x00000000e03fbc20,0x00000000e0400000)
  to   space 43520K, 0% used [0x00000000e2000000,0x00000000e2000000,0x00000000e4a80000)
 ParOldGen       total 92160K, used 85742K [0x0000000081a00000, 0x0000000087400000, 0x00000000d5e00000)
  object space 92160K, 93% used [0x0000000081a00000,0x0000000086dbb840,0x0000000087400000)
 Metaspace       used 22332K, capacity 22531K, committed 22704K, reserved 1069056K
  class space    used 2117K, capacity 2178K, committed 2304K, reserved 1048576K
Event: 41.156 GC heap after
Heap after GC invocations=11 (full 2):
 PSYoungGen      total 169984K, used 19942K [0x00000000d5e00000, 0x00000000e4a80000, 0x0000000100000000)
  eden space 138752K, 0% used [0x00000000d5e00000,0x00000000d5e00000,0x00000000de580000)
  from space 31232K, 63% used [0x00000000de580000,0x00000000df8f9ac0,0x00000000e0400000)
  to   space 43520K, 0% used [0x00000000e2000000,0x00000000e2000000,0x00000000e4a80000)
 ParOldGen       total 214016K, used 91903K [0x0000000081a00000, 0x000000008eb00000, 0x00000000d5e00000)
  object space 214016K, 42% used [0x0000000081a00000,0x00000000873bfdb8,0x000000008eb00000)
 Metaspace       used 22332K, capacity 22531K, committed 22704K, reserved 1069056K
  class space    used 2117K, capacity 2178K, committed 2304K, reserved 1048576K
}
Event: 51.551 GC heap before
{Heap before GC invocations=12 (full 2):
 PSYoungGen      total 169984K, used 158694K [0x00000000d5e00000, 0x00000000e4a80000, 0x0000000100000000)
  eden space 138752K, 100% used [0x00000000d5e00000,0x00000000de580000,0x00000000de580000)
  from space 31232K, 63% used [0x00000000de580000,0x00000000df8f9ac0,0x00000000e0400000)
  to   space 43520K, 0% used [0x00000000e2000000,0x00000000e2000000,0x00000000e4a80000)
 ParOldGen       total 214016K, used 91903K [0x0000000081a00000, 0x000000008eb00000, 0x00000000d5e00000)
  object space 214016K, 42% used [0x0000000081a00000,0x00000000873bfdb8,0x000000008eb00000)
 Metaspace       used 22572K, capacity 22793K, committed 23040K, reserved 1071104K
  class space    used 2121K, capacity 2179K, committed 2304K, reserved 1048576K
Event: 51.673 GC heap after
Heap after GC invocations=12 (full 2):
 PSYoungGen      total 189440K, used 43519K [0x00000000d5e00000, 0x00000000e6080000, 0x0000000100000000)
  eden space 145920K, 0% used [0x00000000d5e00000,0x00000000d5e00000,0x00000000dec80000)
  from space 43520K, 99% used [0x00000000e2000000,0x00000000e4a7ffa8,0x00000000e4a80000)
  to   space 52736K, 0% used [0x00000000dec80000,0x00000000dec80000,0x00000000e2000000)
 ParOldGen       total 214016K, used 97582K [0x0000000081a00000, 0x000000008eb00000, 0x00000000d5e00000)
  object space 214016K, 45% used [0x0000000081a00000,0x000000008794bb88,0x000000008eb00000)
 Metaspace       used 22572K, capacity 22793K, committed 23040K, reserved 1071104K
  class space    used 2121K, capacity 2179K, committed 2304K, reserved 1048576K
}

Deoptimization events (10 events):
Event: 8.525 Thread 0x0000000018ee6800 Uncommon trap: reason=null_check action=make_not_entrant pc=0x0000000002926000 method=com.mysql.jdbc.ResultSetImpl.findColumn(Ljava/lang/String;)I @ 33
Event: 28.507 Thread 0x0000000018ee6800 Uncommon trap: reason=predicate action=maybe_recompile pc=0x0000000002b069a4 method=java.util.Arrays.fill([Ljava/lang/Object;IILjava/lang/Object;)V @ 16
Event: 28.738 Thread 0x0000000018ee6800 Uncommon trap: reason=array_check action=maybe_recompile pc=0x0000000002af8080 method=java.util.Arrays.fill([Ljava/lang/Object;IILjava/lang/Object;)V @ 20
Event: 41.629 Thread 0x0000000018ee6800 Uncommon trap: reason=unreached action=reinterpret pc=0x000000000231fa0c method=java.awt.font.FontRenderContext.equals(Ljava/awt/font/FontRenderContext;)Z @ 2
Event: 41.632 Thread 0x0000000018ee6800 Uncommon trap: reason=class_check action=maybe_recompile pc=0x0000000002a1a3e8 method=java.util.regex.Matcher.search(I)Z @ 86
Event: 41.633 Thread 0x0000000018ee6800 Uncommon trap: reason=class_check action=maybe_recompile pc=0x0000000002a1a3e8 method=java.util.regex.Matcher.search(I)Z @ 86
Event: 41.633 Thread 0x0000000018ee6800 Uncommon trap: reason=class_check action=maybe_recompile pc=0x0000000002a1a3e8 method=java.util.regex.Matcher.search(I)Z @ 86
Event: 41.653 Thread 0x0000000018ee6800 Uncommon trap: reason=predicate action=maybe_recompile pc=0x0000000002b522dc method=processing.core.PGraphics.textLineImpl([CIIFF)V @ 6
Event: 41.655 Thread 0x0000000018ee6800 Uncommon trap: reason=null_check action=make_not_entrant pc=0x0000000002a36794 method=processing.opengl.FontTexture.getTexInfo(Lprocessing/core/PFont$Glyph;)Lprocessing/opengl/FontTexture$TextureInfo; @ 8
Event: 41.662 Thread 0x0000000018ee6800 Uncommon trap: reason=class_check action=maybe_recompile pc=0x0000000002a1a3e8 method=java.util.regex.Matcher.search(I)Z @ 86

Internal exceptions (10 events):
Event: 1.952 Thread 0x0000000018ee6800 Exception <a 'java/security/PrivilegedActionException'> (0x00000000d613c970) thrown at [D:\re\workspace\8-2-build-windows-amd64-cygwin\jdk8u20\1074\hotspot\src\share\vm\prims\jvm.cpp, line 1275]
Event: 2.124 Thread 0x0000000018ee6800 Exception <a 'java/security/PrivilegedActionException'> (0x00000000d6ebee00) thrown at [D:\re\workspace\8-2-build-windows-amd64-cygwin\jdk8u20\1074\hotspot\src\share\vm\prims\jvm.cpp, line 1275]
Event: 2.642 Thread 0x000000001959c000 Implicit null exception at 0x0000000002645dda to 0x0000000002649b3c
Event: 2.853 Thread 0x0000000018ee6800 Exception <a 'java/security/PrivilegedActionException'> (0x00000000d617dfc8) thrown at [D:\re\workspace\8-2-build-windows-amd64-cygwin\jdk8u20\1074\hotspot\src\share\vm\prims\jvm.cpp, line 1275]
Event: 2.861 Thread 0x0000000018ee6800 Exception <a 'java/security/PrivilegedActionException'> (0x00000000d6187068) thrown at [D:\re\workspace\8-2-build-windows-amd64-cygwin\jdk8u20\1074\hotspot\src\share\vm\prims\jvm.cpp, line 1275]
Event: 7.815 Thread 0x0000000018ee6800 Exception <a 'java/security/PrivilegedActionException'> (0x00000000d9f42640) thrown at [D:\re\workspace\8-2-build-windows-amd64-cygwin\jdk8u20\1074\hotspot\src\share\vm\prims\jvm.cpp, line 1275]
Event: 8.003 Thread 0x0000000018ee6800 Exception <a 'java/security/PrivilegedActionException'> (0x00000000da31c628) thrown at [D:\re\workspace\8-2-build-windows-amd64-cygwin\jdk8u20\1074\hotspot\src\share\vm\prims\jvm.cpp, line 1275]
Event: 8.525 Thread 0x0000000018ee6800 Implicit null exception at 0x0000000002925bd7 to 0x0000000002925fe5
Event: 41.371 Thread 0x0000000018ee6800 Exception <a 'java/security/PrivilegedActionException'> (0x00000000d82241c0) thrown at [D:\re\workspace\8-2-build-windows-amd64-cygwin\jdk8u20\1074\hotspot\src\share\vm\prims\jvm.cpp, line 1275]
Event: 41.655 Thread 0x0000000018ee6800 Implicit null exception at 0x0000000002a35e3e to 0x0000000002a3677d

Events (10 events):
Event: 54.902 Thread 0x0000000016d41000 flushing nmethod 0x00000000027b7a10
Event: 54.902 Thread 0x0000000016d41000 flushing nmethod 0x00000000027b7e90
Event: 54.902 Thread 0x0000000016d41000 flushing nmethod 0x00000000027ba350
Event: 54.904 Thread 0x0000000016d41000 flushing nmethod 0x00000000027bf810
Event: 54.904 Thread 0x0000000016d41000 flushing nmethod 0x00000000027cc310
Event: 54.904 Thread 0x0000000016d41000 flushing nmethod 0x00000000027d6dd0
Event: 54.904 Thread 0x0000000016d41000 flushing nmethod 0x00000000027daf90
Event: 54.904 Thread 0x0000000016d41000 flushing nmethod 0x00000000027df890
Event: 54.904 Thread 0x0000000016d41000 flushing nmethod 0x00000000027ea250
Event: 54.906 Thread 0x0000000016d41000 flushing nmethod 0x0000000002882050


Dynamic libraries:
0x00007ff7a7120000 - 0x00007ff7a7154000 	C:\Program Files\Java\jdk1.8.0_20\jre\bin\java.exe
0x00007ffcf9470000 - 0x00007ffcf961c000 	C:\Windows\SYSTEM32\ntdll.dll
0x00007ffcf76d0000 - 0x00007ffcf780e000 	C:\Windows\system32\KERNEL32.DLL
0x00007ffcf69d0000 - 0x00007ffcf6ae5000 	C:\Windows\system32\KERNELBASE.dll
0x00007ffcf25c0000 - 0x00007ffcf264e000 	C:\Windows\system32\apphelp.dll
0x00007ffcf3350000 - 0x00007ffcf33a3000 	C:\Windows\AppPatch\AppPatch64\AcGenral.DLL
0x00007ffcf6b60000 - 0x00007ffcf6c0a000 	C:\Windows\system32\msvcrt.dll
0x00007ffcf63f0000 - 0x00007ffcf641e000 	C:\Windows\SYSTEM32\SspiCli.dll
0x00007ffcf7b50000 - 0x00007ffcf7ba4000 	C:\Windows\system32\SHLWAPI.dll
0x00007ffcf9290000 - 0x00007ffcf9407000 	C:\Windows\system32\USER32.dll
0x00007ffcf7330000 - 0x00007ffcf74c4000 	C:\Windows\system32\ole32.dll
0x00007ffcf7d70000 - 0x00007ffcf9288000 	C:\Windows\system32\SHELL32.dll
0x00007ffcf5d80000 - 0x00007ffcf5da1000 	C:\Windows\SYSTEM32\USERENV.dll
0x00007ffcf7610000 - 0x00007ffcf76ba000 	C:\Windows\system32\ADVAPI32.dll
0x00007ffce98e0000 - 0x00007ffce98fe000 	C:\Windows\SYSTEM32\MPR.dll
0x00007ffcf7000000 - 0x00007ffcf7141000 	C:\Windows\system32\RPCRT4.dll
0x00007ffcf6af0000 - 0x00007ffcf6b49000 	C:\Windows\SYSTEM32\sechost.dll
0x00007ffcf6de0000 - 0x00007ffcf6ff1000 	C:\Windows\SYSTEM32\combase.dll
0x00007ffcf6c80000 - 0x00007ffcf6dd1000 	C:\Windows\system32\GDI32.dll
0x00007ffcf65c0000 - 0x00007ffcf65d5000 	C:\Windows\SYSTEM32\profapi.dll
0x00007ffcf5110000 - 0x00007ffcf51c2000 	C:\Windows\SYSTEM32\SHCORE.dll
0x00007ffcf9430000 - 0x00007ffcf9466000 	C:\Windows\system32\IMM32.DLL
0x00007ffcf7c10000 - 0x00007ffcf7d61000 	C:\Windows\system32\MSCTF.dll
0x00007ffcf46c0000 - 0x00007ffcf493b000 	C:\Windows\WinSxS\amd64_microsoft.windows.common-controls_6595b64144ccf1df_6.0.9600.17415_none_6240486fecbd8abb\COMCTL32.dll
0x0000000077560000 - 0x0000000077632000 	C:\Program Files\Java\jdk1.8.0_20\jre\bin\msvcr100.dll
0x0000000077640000 - 0x0000000077e98000 	C:\Program Files\Java\jdk1.8.0_20\jre\bin\server\jvm.dll
0x00007ffcda860000 - 0x00007ffcda869000 	C:\Windows\SYSTEM32\WSOCK32.dll
0x00007ffcf4c30000 - 0x00007ffcf4c52000 	C:\Windows\SYSTEM32\WINMM.dll
0x00007ffcf76c0000 - 0x00007ffcf76c7000 	C:\Windows\system32\PSAPI.DLL
0x00007ffcf6c20000 - 0x00007ffcf6c7a000 	C:\Windows\system32\WS2_32.dll
0x00007ffcf4bd0000 - 0x00007ffcf4bfa000 	C:\Windows\SYSTEM32\WINMMBASE.dll
0x00007ffcf6b50000 - 0x00007ffcf6b59000 	C:\Windows\system32\NSI.dll
0x00007ffcf67a0000 - 0x00007ffcf67ef000 	C:\Windows\SYSTEM32\cfgmgr32.dll
0x00007ffcf53b0000 - 0x00007ffcf53d8000 	C:\Windows\SYSTEM32\DEVOBJ.dll
0x0000000077550000 - 0x000000007755f000 	C:\Program Files\Java\jdk1.8.0_20\jre\bin\verify.dll
0x0000000077520000 - 0x0000000077548000 	C:\Program Files\Java\jdk1.8.0_20\jre\bin\java.dll
0x0000000077500000 - 0x0000000077516000 	C:\Program Files\Java\jdk1.8.0_20\jre\bin\zip.dll
0x0000000077320000 - 0x00000000774b8000 	C:\Program Files\Java\jdk1.8.0_20\jre\bin\awt.dll
0x00007ffcf7540000 - 0x00007ffcf7601000 	C:\Windows\system32\OLEAUT32.dll
0x00007ffcf4970000 - 0x00007ffcf4991000 	C:\Windows\system32\DWMAPI.DLL
0x00007ffcf5230000 - 0x00007ffcf5359000 	C:\Windows\system32\uxtheme.dll
0x00007ffcf5400000 - 0x00007ffcf540b000 	C:\Windows\SYSTEM32\kernel.appcore.dll
0x00007ffcf6490000 - 0x00007ffcf649b000 	C:\Windows\SYSTEM32\CRYPTBASE.dll
0x00007ffcf6420000 - 0x00007ffcf6483000 	C:\Windows\SYSTEM32\bcryptPrimitives.dll
0x00007ffcea560000 - 0x00007ffcea781000 	C:\Windows\system32\d3d9.dll
0x00007ffcf4b50000 - 0x00007ffcf4b5a000 	C:\Windows\SYSTEM32\VERSION.dll
0x00007ffcf3c50000 - 0x00007ffcf3db4000 	C:\Windows\SYSTEM32\nvumdshimx.dll
0x00007ffcf7150000 - 0x00007ffcf732a000 	C:\Windows\system32\SETUPAPI.dll
0x00007ffcf4db0000 - 0x00007ffcf4de2000 	C:\Windows\SYSTEM32\nvinitx.dll
0x00007ffcd6d70000 - 0x00007ffcd808f000 	C:\Windows\system32\igdumdim64.dll
0x00007ffceacc0000 - 0x00007ffceb645000 	C:\Windows\SYSTEM32\igdusc64.dll
0x00000000772d0000 - 0x0000000077317000 	C:\Program Files\Java\jdk1.8.0_20\jre\bin\fontmanager.dll
0x00007ffcf5ff0000 - 0x00007ffcf6010000 	C:\Windows\SYSTEM32\CRYPTSP.dll
0x00007ffcf5a70000 - 0x00007ffcf5aa6000 	C:\Windows\system32\rsaenh.dll
0x00007ffcf60e0000 - 0x00007ffcf6106000 	C:\Windows\SYSTEM32\bcrypt.dll
0x00000000774e0000 - 0x00000000774fa000 	C:\Program Files\Java\jdk1.8.0_20\jre\bin\net.dll
0x00007ffcf5d20000 - 0x00007ffcf5d79000 	C:\Windows\system32\mswsock.dll
0x00007ffcf2750000 - 0x00007ffcf277a000 	C:\Windows\SYSTEM32\IPHLPAPI.DLL
0x00007ffcf2740000 - 0x00007ffcf274a000 	C:\Windows\SYSTEM32\WINNSI.DLL
0x00007ffcee930000 - 0x00007ffcee946000 	C:\Windows\SYSTEM32\dhcpcsvc6.DLL
0x00007ffceeb30000 - 0x00007ffceeb4a000 	C:\Windows\SYSTEM32\dhcpcsvc.DLL
0x00000000774c0000 - 0x00000000774d1000 	C:\Program Files\Java\jdk1.8.0_20\jre\bin\nio.dll
0x00000000637c0000 - 0x00000000637cd000 	C:\Users\Aran\AppData\Local\Temp\jogamp_0000\file_cache\jln4963330407534030794\jln6165768148718368831\gluegen-rt.dll
0x0000000076680000 - 0x0000000076687000 	C:\Program Files\Java\jdk1.8.0_20\jre\bin\jawt.dll
0x000000006a440000 - 0x000000006a44d000 	C:\Users\Aran\AppData\Local\Temp\jogamp_0000\file_cache\jln4963330407534030794\jln6165768148718368831\nativewindow_awt.dll
0x000000006c100000 - 0x000000006c10f000 	C:\Users\Aran\AppData\Local\Temp\jogamp_0000\file_cache\jln4963330407534030794\jln6165768148718368831\nativewindow_win32.dll
0x00007ffce8380000 - 0x00007ffce84ab000 	C:\Windows\SYSTEM32\OpenGL32.dll
0x00007ffcf1030000 - 0x00007ffcf105e000 	C:\Windows\SYSTEM32\GLU32.dll
0x00007ffce3640000 - 0x00007ffce3738000 	C:\Windows\SYSTEM32\DDRAW.dll
0x00007ffcf2f10000 - 0x00007ffcf2f19000 	C:\Windows\SYSTEM32\DCIMAN32.dll
0x0000000064500000 - 0x00000000645a0000 	C:\Users\Aran\AppData\Local\Temp\jogamp_0000\file_cache\jln4963330407534030794\jln6165768148718368831\jogl_desktop.dll
0x00007ffcf13d0000 - 0x00007ffcf142b000 	C:\Windows\system32\NV\nvoglshim64.dll
0x00007ffcdb1e0000 - 0x00007ffcdba64000 	C:\Windows\system32\ig75icd64.dll
0x00007ffcf6560000 - 0x00007ffcf65a6000 	C:\Windows\SYSTEM32\powrprof.dll
0x0000000077280000 - 0x00000000772c1000 	C:\Program Files\Java\jdk1.8.0_20\jre\bin\t2k.dll
0x00007ffcf5b90000 - 0x00007ffcf5c34000 	C:\Windows\SYSTEM32\DNSAPI.dll
0x00007ffceca10000 - 0x00007ffceca1a000 	C:\Windows\System32\rasadhlp.dll
0x00007ffceea00000 - 0x00007ffceea6b000 	C:\Windows\System32\fwpuclnt.dll
0x00007ffcf3980000 - 0x00007ffcf3b0a000 	C:\Windows\SYSTEM32\dbghelp.dll

VM Arguments:
jvm_args: -Dfile.encoding=UTF-8 
java_command: programmingproject.ProgrammingProject
java_class_path (initial): C:\Users\Aran\Documents\NetBeansProjects\programming-project-group-3\ProgrammingProject\lib\core.jar;C:\Users\Aran\Documents\NetBeansProjects\programming-project-group-3\ProgrammingProject\lib\gluegen-rt-natives-linux-amd64.jar;C:\Users\Aran\Documents\NetBeansProjects\programming-project-group-3\ProgrammingProject\lib\gluegen-rt-natives-linux-armv6hf.jar;C:\Users\Aran\Documents\NetBeansProjects\programming-project-group-3\ProgrammingProject\lib\gluegen-rt-natives-linux-i586.jar;C:\Users\Aran\Documents\NetBeansProjects\programming-project-group-3\ProgrammingProject\lib\gluegen-rt-natives-macosx-universal.jar;C:\Users\Aran\Documents\NetBeansProjects\programming-project-group-3\ProgrammingProject\lib\gluegen-rt-natives-windows-amd64.jar;C:\Users\Aran\Documents\NetBeansProjects\programming-project-group-3\ProgrammingProject\lib\gluegen-rt-natives-windows-i586.jar;C:\Users\Aran\Documents\NetBeansProjects\programming-project-group-3\ProgrammingProject\lib\gluegen-rt.jar;C:\Users\Aran\Documents\NetBeansProjects\programming-project-group-3\ProgrammingProject\lib\jogl-all-natives-linux-amd64.jar;C:\Users\Aran\Documents\NetBeansProjects\programming-project-group-3\ProgrammingProject\lib\jogl-all-natives-linux-armv6hf.jar;C:\Users\Aran\Documents\NetBeansProjects\programming-project-group-3\ProgrammingProject\lib\jogl-all-natives-linux-i586.jar;C:\Users\Aran\Documents\NetBeansProjects\programming-project-group-3\ProgrammingProject\lib\jogl-all-natives-macosx-universal.jar;C:\Users\Aran\Documents\NetBeansProjects\programming-project-group-3\ProgrammingProject\lib\jogl-all-natives-windows-amd64.jar;C:\Users\Aran\Documents\NetBeansProjects\programming-project-group-3\ProgrammingProject\lib\jogl-all-natives-windows-i586.jar;C:\Users\Aran\Documents\NetBeansProjects\programming-project-group-3\ProgrammingProject\lib\jogl-all.jar;C:\Users\Aran\Documents\NetBeansProjects\programming-project-group-3\ProgrammingProject\lib\mysql-connector-java-5.1.34-bin.jar;
Launcher Type: SUN_STANDARD

Environment Variables:
PATH=C:\Users\Aran\Documents\Enviroment Variables;C:\Program Files\Haskell Platform\2014.2.0.0\bin;C:\Program Files\Haskell Platform\2014.2.0.0\lib\extralibs\bin;C:\Program Files\Haskell Platform\2014.2.0.0\bin;C:\Python34;C:\Program Files\Java\jdk1.8.0_20\bin;C:\ProgramData\Oracle\Java\javapath;C:\Windows\system32;C:\Windows;C:\Windows\System32\Wbem;C:\Windows\System32\WindowsPowerShell\v1.0\;C:\Program Files\Haskell Platform\2014.2.0.0\mingw\bin;C:\Program Files (x86)\MiKTeX 2.9\miktex\bin\;C:\Program Files (x86)\Windows Kits\8.1\Windows Performance Toolkit\;C:\Program Files\Microsoft SQL Server\110\Tools\Binn\;C:\Program Files (x86)\Microsoft SDKs\TypeScript\1.0\;C:\Program Files\Microsoft SQL Server\120\Tools\Binn\;C:\Program Files (x86)\Windows Live\Shared;C:\Program Files\MATLAB\R2014b\bin;C:\Program Files (x86)\Git\cmd;C:\Users\Aran\AppData\Roaming\cabal\bin;.;
USERNAME=Aran
OS=Windows_NT
PROCESSOR_IDENTIFIER=Intel64 Family 6 Model 60 Stepping 3, GenuineIntel



---------------  S Y S T E M  ---------------

OS: Windows 8.1 , 64 bit Build 9600 

CPU:total 4 (2 cores per cpu, 2 threads per core) family 6 model 60 stepping 3, cmov, cx8, fxsr, mmx, sse, sse2, sse3, ssse3, sse4.1, sse4.2, popcnt, avx, avx2, aes, clmul, erms, lzcnt, ht, tsc, tscinvbit, bmi1, bmi2

Memory: 4k page, physical 8281560k(3583400k free), swap 15166584k(9288324k free)

vm_info: Java HotSpot(TM) 64-Bit Server VM (25.20-b23) for windows-amd64 JRE (1.8.0_20-b26), built on Jul 30 2014 13:51:23 by "java_re" with MS VC++ 10.0 (VS2010)

time: Sat Mar 21 14:36:00 2015
elapsed time: 57 seconds (0d 0h 0m 57s)

