#
# A fatal error has been detected by the Java Runtime Environment:
#
#  EXCEPTION_ACCESS_VIOLATION (0xc0000005) at pc=0x00007ffcdb6ce24e, pid=3668, tid=1260
#
# JRE version: Java(TM) SE Runtime Environment (8.0_20-b26) (build 1.8.0_20-b26)
# Java VM: Java HotSpot(TM) 64-Bit Server VM (25.20-b23 mixed mode windows-amd64 compressed oops)
# Problematic frame:
# C  [ig75icd64.dll+0x4ee24e]
#
# Failed to write core dump. Minidumps are not enabled by default on client versions of Windows
#
# If you would like to submit a bug report, please visit:
#   http://bugreport.sun.com/bugreport/crash.jsp
# The crash happened outside the Java Virtual Machine in native code.
# See problematic frame for where to report the bug.
#

---------------  T H R E A D  ---------------

Current thread (0x0000000018ae6000):  JavaThread "AWT-EventQueue-0" [_thread_in_native, id=1260, stack(0x000000001b2c0000,0x000000001b3c0000)]

siginfo: ExceptionCode=0xc0000005, reading address 0x0000000000000000

Registers:
RAX=0x0000000000000000, RBX=0x000000003875c0f0, RCX=0x0000000000000018, RDX=0x000000001a7c7000
RSP=0x000000001b3bce80, RBP=0x0000000000000000, RSI=0x000000003875b310, RDI=0x000000001a7bfc60
R8 =0x0000000000000007, R9 =0x0000000000000008, R10=0x000000001ea006e0, R11=0x0000000000000000
R12=0x0000000000000000, R13=0x000000001c3759c0, R14=0x000000001a77c768, R15=0x0000000000000000
RIP=0x00007ffcdb6ce24e, EFLAGS=0x0000000000010246

Top of Stack: (sp=0x000000001b3bce80)
0x000000001b3bce80:   000000001db77250 000000001a7eff80
0x000000001b3bce90:   000000001a758df0 00007ffcf69d9b32
0x000000001b3bcea0:   000000001e999fe0 00007ffcdb356d1f
0x000000001b3bceb0:   000000001dc47160 000000001a7bfc60
0x000000001b3bcec0:   000000003875b250 000000001dc47160
0x000000001b3bced0:   0000000018ae6000 0000000000000060
0x000000001b3bcee0:   000000001a7eff80 00007ffcdb1f1bee
0x000000001b3bcef0:   0000000000000000 000000001e994c80
0x000000001b3bcf00:   000000001a7eff80 000000001a7eff80
0x000000001b3bcf10:   0000000000000008 00007ffcdb34fe68
0x000000001b3bcf20:   000000001ea006e0 0000000000000000
0x000000001b3bcf30:   0000000000000058 000000000000000b
0x000000001b3bcf40:   000000000000000c 00007ffcdb1f1a1e
0x000000001b3bcf50:   000000001ea1c6f0 000000001a7eff80
0x000000001b3bcf60:   000000001db77250 0000000000000000
0x000000001b3bcf70:   fffffffffffffffe 00007ffcdb6d1100 

Instructions: (pc=0x00007ffcdb6ce24e)
0x00007ffcdb6ce22e:   00 00 00 00 74 0d 48 8b cf 48 83 c4 20 5f e9 df
0x00007ffcdb6ce23e:   01 00 00 48 83 c4 20 5f c3 48 8b 82 78 7c 02 00
0x00007ffcdb6ce24e:   48 8b 08 48 39 4b 10 77 a8 48 8b 82 78 7c 02 00
0x00007ffcdb6ce25e:   48 8b 08 48 39 4b 18 77 98 80 bf f8 00 00 00 00 


Register to memory mapping:

RAX=0x0000000000000000 is an unknown value
RBX=0x000000003875c0f0 is an unknown value
RCX=0x0000000000000018 is an unknown value
RDX=0x000000001a7c7000 is an unknown value
RSP=0x000000001b3bce80 is pointing into the stack for thread: 0x0000000018ae6000
RBP=0x0000000000000000 is an unknown value
RSI=0x000000003875b310 is an unknown value
RDI=0x000000001a7bfc60 is an unknown value
R8 =0x0000000000000007 is an unknown value
R9 =0x0000000000000008 is an unknown value
R10=0x000000001ea006e0 is an unknown value
R11=0x0000000000000000 is an unknown value
R12=0x0000000000000000 is an unknown value
R13={method} {0x000000001c3759c8} 'dispatch_wglDeleteContext0' '(JJ)Z' in 'jogamp/opengl/windows/wgl/WGL'
R14=0x000000001a77c768 is an unknown value
R15=0x0000000000000000 is an unknown value


Stack: [0x000000001b2c0000,0x000000001b3c0000],  sp=0x000000001b3bce80,  free space=1011k
Native frames: (J=compiled Java code, j=interpreted, Vv=VM code, C=native code)

Java frames: (J=compiled Java code, j=interpreted, Vv=VM code)
j  jogamp.opengl.windows.wgl.WGL.dispatch_wglDeleteContext0(JJ)Z+0
j  jogamp.opengl.windows.wgl.WGL.wglDeleteContext(J)Z+37
j  jogamp.opengl.windows.wgl.WindowsWGLContext.destroyImpl()V+10
j  jogamp.opengl.GLContextImpl.destroy()V+503
j  jogamp.opengl.GLDrawableHelper.disposeGL(Ljavax/media/opengl/GLAutoDrawable;Ljavax/media/opengl/GLContext;Z)V+128
j  javax.media.opengl.awt.GLCanvas$7.run()V+167
j  javax.media.opengl.Threading.invoke(ZLjava/lang/Runnable;Ljava/lang/Object;)V+33
j  javax.media.opengl.awt.GLCanvas.destroyImpl(Z)V+9
j  javax.media.opengl.awt.GLCanvas$2.run()V+5
j  com.jogamp.nativewindow.awt.AWTWindowClosingProtocol$WindowClosingAdapter.windowClosing(Ljava/awt/event/WindowEvent;)V+22
j  java.awt.Window.processWindowEvent(Ljava/awt/event/WindowEvent;)V+68
j  javax.swing.JFrame.processWindowEvent(Ljava/awt/event/WindowEvent;)V+2
j  java.awt.Window.processEvent(Ljava/awt/AWTEvent;)V+69
j  java.awt.Component.dispatchEventImpl(Ljava/awt/AWTEvent;)V+589
j  java.awt.Container.dispatchEventImpl(Ljava/awt/AWTEvent;)V+42
j  java.awt.Window.dispatchEventImpl(Ljava/awt/AWTEvent;)V+19
j  java.awt.Component.dispatchEvent(Ljava/awt/AWTEvent;)V+2
j  java.awt.EventQueue.dispatchEventImpl(Ljava/awt/AWTEvent;Ljava/lang/Object;)V+41
j  java.awt.EventQueue.access$400(Ljava/awt/EventQueue;Ljava/awt/AWTEvent;Ljava/lang/Object;)V+3
j  java.awt.EventQueue$3.run()Ljava/lang/Void;+32
j  java.awt.EventQueue$3.run()Ljava/lang/Object;+1
v  ~StubRoutines::call_stub
J 2293  java.security.AccessController.doPrivileged(Ljava/security/PrivilegedAction;Ljava/security/AccessControlContext;)Ljava/lang/Object; (0 bytes) @ 0x00000000024c71e6 [0x00000000024c7180+0x66]
j  java.security.ProtectionDomain$1.doIntersectionPrivilege(Ljava/security/PrivilegedAction;Ljava/security/AccessControlContext;Ljava/security/AccessControlContext;)Ljava/lang/Object;+28
j  java.security.ProtectionDomain$1.doIntersectionPrivilege(Ljava/security/PrivilegedAction;Ljava/security/AccessControlContext;)Ljava/lang/Object;+6
j  java.awt.EventQueue$4.run()Ljava/lang/Void;+11
j  java.awt.EventQueue$4.run()Ljava/lang/Object;+1
v  ~StubRoutines::call_stub
J 2293  java.security.AccessController.doPrivileged(Ljava/security/PrivilegedAction;Ljava/security/AccessControlContext;)Ljava/lang/Object; (0 bytes) @ 0x00000000024c71e6 [0x00000000024c7180+0x66]
j  java.security.ProtectionDomain$1.doIntersectionPrivilege(Ljava/security/PrivilegedAction;Ljava/security/AccessControlContext;Ljava/security/AccessControlContext;)Ljava/lang/Object;+28
j  java.awt.EventQueue.dispatchEvent(Ljava/awt/AWTEvent;)V+73
j  java.awt.EventDispatchThread.pumpOneEventForFilters(I)V+245
j  java.awt.EventDispatchThread.pumpEventsForFilter(ILjava/awt/Conditional;Ljava/awt/EventFilter;)V+35
j  java.awt.EventDispatchThread.pumpEventsForHierarchy(ILjava/awt/Conditional;Ljava/awt/Component;)V+11
j  java.awt.EventDispatchThread.pumpEvents(ILjava/awt/Conditional;)V+4
j  java.awt.EventDispatchThread.pumpEvents(Ljava/awt/Conditional;)V+3
j  java.awt.EventDispatchThread.run()V+9
v  ~StubRoutines::call_stub

---------------  P R O C E S S  ---------------

Java Threads: ( => current thread )
  0x000000001c61d800 JavaThread "Image Fetcher 3" daemon [_thread_blocked, id=3720, stack(0x0000000031ef0000,0x0000000031ff0000)]
  0x000000001c620800 JavaThread "Image Fetcher 2" daemon [_thread_blocked, id=1624, stack(0x0000000031df0000,0x0000000031ef0000)]
  0x000000001c61f800 JavaThread "Image Fetcher 1" daemon [_thread_blocked, id=3896, stack(0x0000000031cf0000,0x0000000031df0000)]
  0x000000001c61c800 JavaThread "Keep-Alive-Timer" daemon [_thread_blocked, id=5196, stack(0x0000000031bf0000,0x0000000031cf0000)]
  0x0000000018e51800 JavaThread "Image Fetcher 0" daemon [_thread_blocked, id=5888, stack(0x0000000020ce0000,0x0000000020de0000)]
  0x000000001c5e7800 JavaThread "Abandoned connection cleanup thread" daemon [_thread_blocked, id=4184, stack(0x00000000207e0000,0x00000000208e0000)]
  0x0000000018dd1000 JavaThread "Animation Thread-SharedResourceRunner" daemon [_thread_blocked, id=2316, stack(0x000000001d3d0000,0x000000001d4d0000)]
  0x0000000001b9e000 JavaThread "DestroyJavaVM" [_thread_blocked, id=5712, stack(0x0000000001c00000,0x0000000001d00000)]
  0x0000000018ace800 JavaThread "Animation Thread" [_thread_blocked, id=5036, stack(0x000000001be00000,0x000000001bf00000)]
  0x0000000018ac3000 JavaThread "D3D Screen Updater" daemon [_thread_blocked, id=3420, stack(0x000000001b4c0000,0x000000001b5c0000)]
=>0x0000000018ae6000 JavaThread "AWT-EventQueue-0" [_thread_in_native, id=1260, stack(0x000000001b2c0000,0x000000001b3c0000)]
  0x0000000018a5d000 JavaThread "AWT-Windows" daemon [_thread_in_native, id=3816, stack(0x00000000193e0000,0x00000000194e0000)]
  0x0000000018a5c800 JavaThread "AWT-Shutdown" [_thread_blocked, id=3476, stack(0x00000000192e0000,0x00000000193e0000)]
  0x0000000018a59000 JavaThread "Java2D Disposer" daemon [_thread_blocked, id=5544, stack(0x00000000191e0000,0x00000000192e0000)]
  0x00000000181a4800 JavaThread "Service Thread" daemon [_thread_blocked, id=5784, stack(0x00000000185a0000,0x00000000186a0000)]
  0x0000000016943000 JavaThread "C1 CompilerThread2" daemon [_thread_blocked, id=2888, stack(0x00000000180a0000,0x00000000181a0000)]
  0x000000001693b000 JavaThread "C2 CompilerThread1" daemon [_thread_blocked, id=960, stack(0x0000000017fa0000,0x00000000180a0000)]
  0x0000000016949000 JavaThread "C2 CompilerThread0" daemon [_thread_blocked, id=3464, stack(0x0000000017ea0000,0x0000000017fa0000)]
  0x0000000016947000 JavaThread "Attach Listener" daemon [_thread_blocked, id=5444, stack(0x0000000017da0000,0x0000000017ea0000)]
  0x0000000016946000 JavaThread "Signal Dispatcher" daemon [_thread_blocked, id=4036, stack(0x0000000017ca0000,0x0000000017da0000)]
  0x0000000001df7000 JavaThread "Finalizer" daemon [_thread_blocked, id=388, stack(0x0000000017ba0000,0x0000000017ca0000)]
  0x0000000001dee000 JavaThread "Reference Handler" daemon [_thread_blocked, id=4708, stack(0x0000000017aa0000,0x0000000017ba0000)]

Other Threads:
  0x0000000016905800 VMThread [stack: 0x00000000179a0000,0x0000000017aa0000] [id=96]
  0x00000000181a7000 WatcherThread [stack: 0x00000000186a0000,0x00000000187a0000] [id=776]

VM state:not at safepoint (normal execution)

VM Mutex/Monitor currently owned by a thread: None

Heap:
 PSYoungGen      total 120320K, used 118856K [0x00000000d5e00000, 0x00000000e0400000, 0x0000000100000000)
  eden space 116736K, 98% used [0x00000000d5e00000,0x00000000dce961e8,0x00000000dd000000)
  from space 3584K, 99% used [0x00000000de500000,0x00000000de87c0e0,0x00000000de880000)
  to   space 21504K, 0% used [0x00000000dd000000,0x00000000dd000000,0x00000000de500000)
 ParOldGen       total 93184K, used 48202K [0x0000000081a00000, 0x0000000087500000, 0x00000000d5e00000)
  object space 93184K, 51% used [0x0000000081a00000,0x0000000084912a10,0x0000000087500000)
 Metaspace       used 21840K, capacity 22075K, committed 22448K, reserved 1069056K
  class space    used 2104K, capacity 2178K, committed 2304K, reserved 1048576K

Card table byte_map: [0x00000000111c0000,0x00000000115c0000] byte_map_base: 0x0000000010db3000

Marking Bits: (ParMarkBitMap*) 0x0000000077e1b460
 Begin Bits: [0x0000000011c70000, 0x0000000013c08000)
 End Bits:   [0x0000000013c08000, 0x0000000015ba0000)

Polling page: 0x0000000001b70000

CodeCache: size=245760Kb used=7271Kb max_used=7280Kb free=238488Kb
 bounds [0x0000000001e00000, 0x0000000002530000, 0x0000000010e00000]
 total_blobs=3075 nmethods=2107 adapters=881
 compilation: enabled

Compilation events (10 events):
Event: 19.738 Thread 0x0000000016943000 nmethod 2371 0x000000000251cc50 code [0x000000000251cfc0, 0x000000000251e948]
Event: 19.738 Thread 0x0000000016943000 2372       3       processing.opengl.PGraphicsOpenGL$TessGeometry::updatePolyColorsBuffer (10 bytes)
Event: 19.738 Thread 0x0000000016943000 nmethod 2372 0x0000000002515c50 code [0x0000000002515dc0, 0x0000000002515fc8]
Event: 19.789 Thread 0x0000000016949000 nmethod 2367 0x0000000002522e10 code [0x0000000002523040, 0x0000000002524008]
Event: 19.865 Thread 0x0000000016943000 2374       3       java.awt.image.ColorModel::getRGBdefault (31 bytes)
Event: 19.866 Thread 0x0000000016943000 nmethod 2374 0x00000000025157d0 code [0x0000000002515940, 0x0000000002515ba8]
Event: 19.870 Thread 0x0000000016943000 2375       3       processing.opengl.FontTexture::contextIsOutdated (87 bytes)
Event: 19.872 Thread 0x0000000016943000 nmethod 2375 0x0000000002522050 code [0x0000000002522220, 0x00000000025229a8]
Event: 19.882 Thread 0x0000000016943000 2376       3       java.nio.DirectByteBuffer::<init> (24 bytes)
Event: 19.884 Thread 0x0000000016943000 nmethod 2376 0x0000000002515210 code [0x0000000002515380, 0x0000000002515668]

GC Heap History (10 events):
Event: 7.136 GC heap before
{Heap before GC invocations=3 (full 0):
 PSYoungGen      total 71680K, used 24162K [0x00000000d5e00000, 0x00000000da900000, 0x0000000100000000)
  eden space 66560K, 28% used [0x00000000d5e00000,0x00000000d709ca78,0x00000000d9f00000)
  from space 5120K, 99% used [0x00000000da400000,0x00000000da8fbdf0,0x00000000da900000)
  to   space 5120K, 0% used [0x00000000d9f00000,0x00000000d9f00000,0x00000000da400000)
 ParOldGen       total 87552K, used 8794K [0x0000000081a00000, 0x0000000086f80000, 0x00000000d5e00000)
  object space 87552K, 10% used [0x0000000081a00000,0x00000000822969a0,0x0000000086f80000)
 Metaspace       used 21070K, capacity 21183K, committed 21296K, reserved 1069056K
  class space    used 2085K, capacity 2142K, committed 2176K, reserved 1048576K
Event: 7.206 GC heap after
Heap after GC invocations=3 (full 0):
 PSYoungGen      total 71680K, used 5104K [0x00000000d5e00000, 0x00000000dea00000, 0x0000000100000000)
  eden space 66560K, 0% used [0x00000000d5e00000,0x00000000d5e00000,0x00000000d9f00000)
  from space 5120K, 99% used [0x00000000d9f00000,0x00000000da3fc0d0,0x00000000da400000)
  to   space 5120K, 0% used [0x00000000de500000,0x00000000de500000,0x00000000dea00000)
 ParOldGen       total 87552K, used 18466K [0x0000000081a00000, 0x0000000086f80000, 0x00000000d5e00000)
  object space 87552K, 21% used [0x0000000081a00000,0x0000000082c08a10,0x0000000086f80000)
 Metaspace       used 21070K, capacity 21183K, committed 21296K, reserved 1069056K
  class space    used 2085K, capacity 2142K, committed 2176K, reserved 1048576K
}
Event: 7.206 GC heap before
{Heap before GC invocations=4 (full 1):
 PSYoungGen      total 71680K, used 5104K [0x00000000d5e00000, 0x00000000dea00000, 0x0000000100000000)
  eden space 66560K, 0% used [0x00000000d5e00000,0x00000000d5e00000,0x00000000d9f00000)
  from space 5120K, 99% used [0x00000000d9f00000,0x00000000da3fc0d0,0x00000000da400000)
  to   space 5120K, 0% used [0x00000000de500000,0x00000000de500000,0x00000000dea00000)
 ParOldGen       total 87552K, used 18466K [0x0000000081a00000, 0x0000000086f80000, 0x00000000d5e00000)
  object space 87552K, 21% used [0x0000000081a00000,0x0000000082c08a10,0x0000000086f80000)
 Metaspace       used 21070K, capacity 21183K, committed 21296K, reserved 1069056K
  class space    used 2085K, capacity 2142K, committed 2176K, reserved 1048576K
Event: 7.763 GC heap after
Heap after GC invocations=4 (full 1):
 PSYoungGen      total 71680K, used 0K [0x00000000d5e00000, 0x00000000dea00000, 0x0000000100000000)
  eden space 66560K, 0% used [0x00000000d5e00000,0x00000000d5e00000,0x00000000d9f00000)
  from space 5120K, 0% used [0x00000000d9f00000,0x00000000d9f00000,0x00000000da400000)
  to   space 5120K, 0% used [0x00000000de500000,0x00000000de500000,0x00000000dea00000)
 ParOldGen       total 93184K, used 21693K [0x0000000081a00000, 0x0000000087500000, 0x00000000d5e00000)
  object space 93184K, 23% used [0x0000000081a00000,0x0000000082f2f420,0x0000000087500000)
 Metaspace       used 21069K, capacity 21181K, committed 21296K, reserved 1069056K
  class space    used 2084K, capacity 2141K, committed 2176K, reserved 1048576K
}
Event: 11.428 GC heap before
{Heap before GC invocations=5 (full 1):
 PSYoungGen      total 71680K, used 66555K [0x00000000d5e00000, 0x00000000dea00000, 0x0000000100000000)
  eden space 66560K, 99% used [0x00000000d5e00000,0x00000000d9efef78,0x00000000d9f00000)
  from space 5120K, 0% used [0x00000000d9f00000,0x00000000d9f00000,0x00000000da400000)
  to   space 5120K, 0% used [0x00000000de500000,0x00000000de500000,0x00000000dea00000)
 ParOldGen       total 93184K, used 21693K [0x0000000081a00000, 0x0000000087500000, 0x00000000d5e00000)
  object space 93184K, 23% used [0x0000000081a00000,0x0000000082f2f420,0x0000000087500000)
 Metaspace       used 21405K, capacity 21597K, committed 21808K, reserved 1069056K
  class space    used 2098K, capacity 2173K, committed 2176K, reserved 1048576K
Event: 11.456 GC heap after
Heap after GC invocations=5 (full 1):
 PSYoungGen      total 88576K, used 5056K [0x00000000d5e00000, 0x00000000dea00000, 0x0000000100000000)
  eden space 83456K, 0% used [0x00000000d5e00000,0x00000000d5e00000,0x00000000daf80000)
  from space 5120K, 98% used [0x00000000de500000,0x00000000de9f0098,0x00000000dea00000)
  to   space 5120K, 0% used [0x00000000de000000,0x00000000de000000,0x00000000de500000)
 ParOldGen       total 93184K, used 26053K [0x0000000081a00000, 0x0000000087500000, 0x00000000d5e00000)
  object space 93184K, 27% used [0x0000000081a00000,0x0000000083371530,0x0000000087500000)
 Metaspace       used 21405K, capacity 21597K, committed 21808K, reserved 1069056K
  class space    used 2098K, capacity 2173K, committed 2176K, reserved 1048576K
}
Event: 13.390 GC heap before
{Heap before GC invocations=6 (full 1):
 PSYoungGen      total 88576K, used 88512K [0x00000000d5e00000, 0x00000000dea00000, 0x0000000100000000)
  eden space 83456K, 100% used [0x00000000d5e00000,0x00000000daf80000,0x00000000daf80000)
  from space 5120K, 98% used [0x00000000de500000,0x00000000de9f0098,0x00000000dea00000)
  to   space 5120K, 0% used [0x00000000de000000,0x00000000de000000,0x00000000de500000)
 ParOldGen       total 93184K, used 26053K [0x0000000081a00000, 0x0000000087500000, 0x00000000d5e00000)
  object space 93184K, 27% used [0x0000000081a00000,0x0000000083371530,0x0000000087500000)
 Metaspace       used 21581K, capacity 21749K, committed 21936K, reserved 1069056K
  class space    used 2103K, capacity 2177K, committed 2304K, reserved 1048576K
Event: 13.429 GC heap after
Heap after GC invocations=6 (full 1):
 PSYoungGen      total 109056K, used 5079K [0x00000000d5e00000, 0x00000000de880000, 0x0000000100000000)
  eden space 103936K, 0% used [0x00000000d5e00000,0x00000000d5e00000,0x00000000dc380000)
  from space 5120K, 99% used [0x00000000de000000,0x00000000de4f5f60,0x00000000de500000)
  to   space 3584K, 0% used [0x00000000de500000,0x00000000de500000,0x00000000de880000)
 ParOldGen       total 93184K, used 34922K [0x0000000081a00000, 0x0000000087500000, 0x00000000d5e00000)
  object space 93184K, 37% used [0x0000000081a00000,0x0000000083c1aa60,0x0000000087500000)
 Metaspace       used 21581K, capacity 21749K, committed 21936K, reserved 1069056K
  class space    used 2103K, capacity 2177K, committed 2304K, reserved 1048576K
}
Event: 16.288 GC heap before
{Heap before GC invocations=7 (full 1):
 PSYoungGen      total 109056K, used 109015K [0x00000000d5e00000, 0x00000000de880000, 0x0000000100000000)
  eden space 103936K, 100% used [0x00000000d5e00000,0x00000000dc380000,0x00000000dc380000)
  from space 5120K, 99% used [0x00000000de000000,0x00000000de4f5f60,0x00000000de500000)
  to   space 3584K, 0% used [0x00000000de500000,0x00000000de500000,0x00000000de880000)
 ParOldGen       total 93184K, used 34922K [0x0000000081a00000, 0x0000000087500000, 0x00000000d5e00000)
  object space 93184K, 37% used [0x0000000081a00000,0x0000000083c1aa60,0x0000000087500000)
 Metaspace       used 21748K, capacity 21947K, committed 22192K, reserved 1069056K
  class space    used 2104K, capacity 2178K, committed 2304K, reserved 1048576K
Event: 16.327 GC heap after
Heap after GC invocations=7 (full 1):
 PSYoungGen      total 120320K, used 3568K [0x00000000d5e00000, 0x00000000e0400000, 0x0000000100000000)
  eden space 116736K, 0% used [0x00000000d5e00000,0x00000000d5e00000,0x00000000dd000000)
  from space 3584K, 99% used [0x00000000de500000,0x00000000de87c0e0,0x00000000de880000)
  to   space 21504K, 0% used [0x00000000dd000000,0x00000000dd000000,0x00000000de500000)
 ParOldGen       total 93184K, used 48202K [0x0000000081a00000, 0x0000000087500000, 0x00000000d5e00000)
  object space 93184K, 51% used [0x0000000081a00000,0x0000000084912a10,0x0000000087500000)
 Metaspace       used 21748K, capacity 21947K, committed 22192K, reserved 1069056K
  class space    used 2104K, capacity 2178K, committed 2304K, reserved 1048576K
}

Deoptimization events (10 events):
Event: 4.499 Thread 0x0000000018ae6000 Uncommon trap: reason=class_check action=maybe_recompile pc=0x0000000001fc0a9c method=java.lang.String.equals(Ljava/lang/Object;)Z @ 8
Event: 4.499 Thread 0x0000000018ae6000 Uncommon trap: reason=class_check action=maybe_recompile pc=0x0000000001fc0a9c method=java.lang.String.equals(Ljava/lang/Object;)Z @ 8
Event: 4.652 Thread 0x0000000018ae6000 Uncommon trap: reason=unreached action=reinterpret pc=0x00000000020ca4f0 method=java.lang.reflect.AccessibleObject.setAccessible0(Ljava/lang/reflect/AccessibleObject;Z)V @ 4
Event: 5.698 Thread 0x0000000018ae6000 Uncommon trap: reason=predicate action=maybe_recompile pc=0x00000000021659f0 method=java.util.ArrayList.indexOf(Ljava/lang/Object;)I @ 44
Event: 7.796 Thread 0x0000000018e51800 Uncommon trap: reason=predicate action=maybe_recompile pc=0x0000000002244678 method=sun.awt.image.PNGImageDecoder.produceImage()V @ 960
Event: 8.005 Thread 0x0000000018ae6000 Uncommon trap: reason=class_check action=maybe_recompile pc=0x0000000002231894 method=com.jogamp.common.nio.Buffers.getDirectBufferByteOffset(Ljava/lang/Object;)I @ 42
Event: 9.668 Thread 0x0000000018ae6000 Uncommon trap: reason=class_check action=maybe_recompile pc=0x0000000002231894 method=com.jogamp.common.nio.Buffers.getDirectBufferByteOffset(Ljava/lang/Object;)I @ 42
Event: 9.731 Thread 0x0000000018ae6000 Uncommon trap: reason=class_check action=maybe_recompile pc=0x0000000002231894 method=com.jogamp.common.nio.Buffers.getDirectBufferByteOffset(Ljava/lang/Object;)I @ 42
Event: 9.820 Thread 0x0000000018ae6000 Uncommon trap: reason=class_check action=maybe_recompile pc=0x0000000002231894 method=com.jogamp.common.nio.Buffers.getDirectBufferByteOffset(Ljava/lang/Object;)I @ 42
Event: 17.745 Thread 0x0000000018ae6000 Uncommon trap: reason=unreached action=reinterpret pc=0x00000000024799fc method=processing.opengl.PGL.bindTexture(II)V @ 10

Internal exceptions (10 events):
Event: 5.697 Thread 0x0000000018ae6000 Exception <a 'java/security/PrivilegedActionException'> (0x00000000d7b9f6d8) thrown at [D:\re\workspace\8-2-build-windows-amd64-cygwin\jdk8u20\1074\hotspot\src\share\vm\prims\jvm.cpp, line 1275]
Event: 5.698 Thread 0x0000000018ae6000 Exception <a 'java/security/PrivilegedActionException'> (0x00000000d7ba76c8) thrown at [D:\re\workspace\8-2-build-windows-amd64-cygwin\jdk8u20\1074\hotspot\src\share\vm\prims\jvm.cpp, line 1275]
Event: 5.794 Thread 0x0000000018ae6000 Exception <a 'java/security/PrivilegedActionException'> (0x00000000d5fd9fe0) thrown at [D:\re\workspace\8-2-build-windows-amd64-cygwin\jdk8u20\1074\hotspot\src\share\vm\prims\jvm.cpp, line 1275]
Event: 6.232 Thread 0x0000000018ae6000 Exception <a 'java/security/PrivilegedActionException'> (0x00000000d61d4b08) thrown at [D:\re\workspace\8-2-build-windows-amd64-cygwin\jdk8u20\1074\hotspot\src\share\vm\prims\jvm.cpp, line 1275]
Event: 6.235 Thread 0x0000000018ae6000 Exception <a 'java/security/PrivilegedActionException'> (0x00000000d61d8208) thrown at [D:\re\workspace\8-2-build-windows-amd64-cygwin\jdk8u20\1074\hotspot\src\share\vm\prims\jvm.cpp, line 1275]
Event: 6.861 Thread 0x0000000018ae6000 Exception <a 'java/security/PrivilegedActionException'> (0x00000000d6e55158) thrown at [D:\re\workspace\8-2-build-windows-amd64-cygwin\jdk8u20\1074\hotspot\src\share\vm\prims\jvm.cpp, line 1275]
Event: 7.796 Thread 0x0000000018e51800 Implicit null exception at 0x000000000224089a to 0x00000000022445fc
Event: 9.532 Thread 0x0000000018ae6000 Exception <a 'java/security/PrivilegedActionException'> (0x00000000d63876d8) thrown at [D:\re\workspace\8-2-build-windows-amd64-cygwin\jdk8u20\1074\hotspot\src\share\vm\prims\jvm.cpp, line 1275]
Event: 9.568 Thread 0x0000000018ae6000 Exception <a 'java/security/PrivilegedActionException'> (0x00000000d6390778) thrown at [D:\re\workspace\8-2-build-windows-amd64-cygwin\jdk8u20\1074\hotspot\src\share\vm\prims\jvm.cpp, line 1275]
Event: 17.744 Thread 0x0000000018ae6000 Implicit null exception at 0x000000000247977b to 0x00000000024799e9

Events (10 events):
Event: 19.673 Thread 0x000000001c61f000 Thread exited: 0x000000001c61f000
Event: 19.675 Thread 0x000000001c621000 Thread exited: 0x000000001c621000
Event: 19.716 Thread 0x000000001c621000 Thread added: 0x000000001c621000
Event: 19.717 Thread 0x000000001c622000 Thread added: 0x000000001c622000
Event: 19.719 Thread 0x000000001c61f000 Thread added: 0x000000001c61f000
Event: 19.719 Thread 0x000000001c622800 Thread added: 0x000000001c622800
Event: 19.806 Thread 0x000000001c622000 Thread exited: 0x000000001c622000
Event: 19.819 Thread 0x000000001c621000 Thread exited: 0x000000001c621000
Event: 19.865 Thread 0x000000001c622800 Thread exited: 0x000000001c622800
Event: 19.874 Thread 0x000000001c61f000 Thread exited: 0x000000001c61f000


Dynamic libraries:
0x00007ff698ed0000 - 0x00007ff698f04000 	C:\Program Files\Java\jdk1.8.0_20\jre\bin\java.exe
0x00007ffcf9470000 - 0x00007ffcf961c000 	C:\Windows\SYSTEM32\ntdll.dll
0x00007ffcf76d0000 - 0x00007ffcf780e000 	C:\Windows\system32\KERNEL32.DLL
0x00007ffcf69d0000 - 0x00007ffcf6ae5000 	C:\Windows\system32\KERNELBASE.dll
0x00007ffcf25c0000 - 0x00007ffcf264e000 	C:\Windows\system32\apphelp.dll
0x00007ffcf13d0000 - 0x00007ffcf1423000 	C:\Windows\AppPatch\AppPatch64\AcGenral.DLL
0x00007ffcf6b60000 - 0x00007ffcf6c0a000 	C:\Windows\system32\msvcrt.dll
0x00007ffcf63f0000 - 0x00007ffcf641e000 	C:\Windows\SYSTEM32\SspiCli.dll
0x00007ffcf7b50000 - 0x00007ffcf7ba4000 	C:\Windows\system32\SHLWAPI.dll
0x00007ffcf9290000 - 0x00007ffcf9407000 	C:\Windows\system32\USER32.dll
0x00007ffcf7330000 - 0x00007ffcf74c4000 	C:\Windows\system32\ole32.dll
0x00007ffcf7d70000 - 0x00007ffcf9288000 	C:\Windows\system32\SHELL32.dll
0x00007ffcf5d80000 - 0x00007ffcf5da1000 	C:\Windows\SYSTEM32\USERENV.dll
0x00007ffcf7610000 - 0x00007ffcf76ba000 	C:\Windows\system32\ADVAPI32.dll
0x00007ffce98e0000 - 0x00007ffce98fe000 	C:\Windows\SYSTEM32\MPR.dll
0x00007ffcf7000000 - 0x00007ffcf7141000 	C:\Windows\system32\RPCRT4.dll
0x00007ffcf6af0000 - 0x00007ffcf6b49000 	C:\Windows\SYSTEM32\sechost.dll
0x00007ffcf6de0000 - 0x00007ffcf6ff1000 	C:\Windows\SYSTEM32\combase.dll
0x00007ffcf6c80000 - 0x00007ffcf6dd1000 	C:\Windows\system32\GDI32.dll
0x00007ffcf65c0000 - 0x00007ffcf65d5000 	C:\Windows\SYSTEM32\profapi.dll
0x00007ffcf5110000 - 0x00007ffcf51c2000 	C:\Windows\SYSTEM32\SHCORE.dll
0x00007ffcf9430000 - 0x00007ffcf9466000 	C:\Windows\system32\IMM32.DLL
0x00007ffcf7c10000 - 0x00007ffcf7d61000 	C:\Windows\system32\MSCTF.dll
0x00007ffcf46c0000 - 0x00007ffcf493b000 	C:\Windows\WinSxS\amd64_microsoft.windows.common-controls_6595b64144ccf1df_6.0.9600.17415_none_6240486fecbd8abb\COMCTL32.dll
0x0000000077560000 - 0x0000000077632000 	C:\Program Files\Java\jdk1.8.0_20\jre\bin\msvcr100.dll
0x0000000077640000 - 0x0000000077e98000 	C:\Program Files\Java\jdk1.8.0_20\jre\bin\server\jvm.dll
0x00007ffcda860000 - 0x00007ffcda869000 	C:\Windows\SYSTEM32\WSOCK32.dll
0x00007ffcf4d30000 - 0x00007ffcf4d52000 	C:\Windows\SYSTEM32\WINMM.dll
0x00007ffcf76c0000 - 0x00007ffcf76c7000 	C:\Windows\system32\PSAPI.DLL
0x00007ffcf6c20000 - 0x00007ffcf6c7a000 	C:\Windows\system32\WS2_32.dll
0x00007ffcf3fc0000 - 0x00007ffcf3fea000 	C:\Windows\SYSTEM32\WINMMBASE.dll
0x00007ffcf6b50000 - 0x00007ffcf6b59000 	C:\Windows\system32\NSI.dll
0x00007ffcf67a0000 - 0x00007ffcf67ef000 	C:\Windows\SYSTEM32\cfgmgr32.dll
0x00007ffcf53b0000 - 0x00007ffcf53d8000 	C:\Windows\SYSTEM32\DEVOBJ.dll
0x0000000077550000 - 0x000000007755f000 	C:\Program Files\Java\jdk1.8.0_20\jre\bin\verify.dll
0x0000000077520000 - 0x0000000077548000 	C:\Program Files\Java\jdk1.8.0_20\jre\bin\java.dll
0x0000000077500000 - 0x0000000077516000 	C:\Program Files\Java\jdk1.8.0_20\jre\bin\zip.dll
0x0000000077320000 - 0x00000000774b8000 	C:\Program Files\Java\jdk1.8.0_20\jre\bin\awt.dll
0x00007ffcf7540000 - 0x00007ffcf7601000 	C:\Windows\system32\OLEAUT32.dll
0x00007ffcf4970000 - 0x00007ffcf4991000 	C:\Windows\system32\DWMAPI.DLL
0x00007ffcf5230000 - 0x00007ffcf5359000 	C:\Windows\system32\uxtheme.dll
0x00007ffcf5400000 - 0x00007ffcf540b000 	C:\Windows\SYSTEM32\kernel.appcore.dll
0x00007ffcf6490000 - 0x00007ffcf649b000 	C:\Windows\SYSTEM32\CRYPTBASE.dll
0x00007ffcf6420000 - 0x00007ffcf6483000 	C:\Windows\SYSTEM32\bcryptPrimitives.dll
0x00007ffcea560000 - 0x00007ffcea781000 	C:\Windows\system32\d3d9.dll
0x00007ffcf4b50000 - 0x00007ffcf4b5a000 	C:\Windows\SYSTEM32\VERSION.dll
0x00007ffcf3c50000 - 0x00007ffcf3db4000 	C:\Windows\SYSTEM32\nvumdshimx.dll
0x00007ffcf7150000 - 0x00007ffcf732a000 	C:\Windows\system32\SETUPAPI.dll
0x00007ffcf4fd0000 - 0x00007ffcf5002000 	C:\Windows\SYSTEM32\nvinitx.dll
0x00007ffcd6d70000 - 0x00007ffcd808f000 	C:\Windows\system32\igdumdim64.dll
0x00007ffceacc0000 - 0x00007ffceb645000 	C:\Windows\SYSTEM32\igdusc64.dll
0x00000000772d0000 - 0x0000000077317000 	C:\Program Files\Java\jdk1.8.0_20\jre\bin\fontmanager.dll
0x00007ffcf5ff0000 - 0x00007ffcf6010000 	C:\Windows\SYSTEM32\CRYPTSP.dll
0x00007ffcf5a70000 - 0x00007ffcf5aa6000 	C:\Windows\system32\rsaenh.dll
0x00007ffcf60e0000 - 0x00007ffcf6106000 	C:\Windows\SYSTEM32\bcrypt.dll
0x00000000774e0000 - 0x00000000774fa000 	C:\Program Files\Java\jdk1.8.0_20\jre\bin\net.dll
0x00007ffcf5d20000 - 0x00007ffcf5d79000 	C:\Windows\system32\mswsock.dll
0x00007ffcf2750000 - 0x00007ffcf277a000 	C:\Windows\SYSTEM32\IPHLPAPI.DLL
0x00007ffcf2740000 - 0x00007ffcf274a000 	C:\Windows\SYSTEM32\WINNSI.DLL
0x00007ffcee930000 - 0x00007ffcee946000 	C:\Windows\SYSTEM32\dhcpcsvc6.DLL
0x00007ffceeb30000 - 0x00007ffceeb4a000 	C:\Windows\SYSTEM32\dhcpcsvc.DLL
0x00000000774c0000 - 0x00000000774d1000 	C:\Program Files\Java\jdk1.8.0_20\jre\bin\nio.dll
0x00000000637c0000 - 0x00000000637cd000 	C:\Users\Aran\AppData\Local\Temp\jogamp_0000\file_cache\jln110047236354323250\jln7746106755205827196\gluegen-rt.dll
0x0000000077230000 - 0x0000000077237000 	C:\Program Files\Java\jdk1.8.0_20\jre\bin\jawt.dll
0x000000006a440000 - 0x000000006a44d000 	C:\Users\Aran\AppData\Local\Temp\jogamp_0000\file_cache\jln110047236354323250\jln7746106755205827196\nativewindow_awt.dll
0x000000006c100000 - 0x000000006c10f000 	C:\Users\Aran\AppData\Local\Temp\jogamp_0000\file_cache\jln110047236354323250\jln7746106755205827196\nativewindow_win32.dll
0x00007ffce8f10000 - 0x00007ffce903b000 	C:\Windows\SYSTEM32\OpenGL32.dll
0x00007ffcf2f10000 - 0x00007ffcf2f3e000 	C:\Windows\SYSTEM32\GLU32.dll
0x00007ffceab10000 - 0x00007ffceac08000 	C:\Windows\SYSTEM32\DDRAW.dll
0x00007ffcf1d10000 - 0x00007ffcf1d19000 	C:\Windows\SYSTEM32\DCIMAN32.dll
0x0000000064500000 - 0x00000000645a0000 	C:\Users\Aran\AppData\Local\Temp\jogamp_0000\file_cache\jln110047236354323250\jln7746106755205827196\jogl_desktop.dll
0x00007ffcf1100000 - 0x00007ffcf115b000 	C:\Windows\system32\NV\nvoglshim64.dll
0x00007ffcdb1e0000 - 0x00007ffcdba64000 	C:\Windows\system32\ig75icd64.dll
0x00007ffcf6560000 - 0x00007ffcf65a6000 	C:\Windows\SYSTEM32\powrprof.dll
0x0000000077280000 - 0x00000000772c1000 	C:\Program Files\Java\jdk1.8.0_20\jre\bin\t2k.dll
0x00007ffcf5b90000 - 0x00007ffcf5c34000 	C:\Windows\SYSTEM32\DNSAPI.dll
0x00007ffceca10000 - 0x00007ffceca1a000 	C:\Windows\System32\rasadhlp.dll
0x00007ffceea00000 - 0x00007ffceea6b000 	C:\Windows\System32\fwpuclnt.dll
0x00007ffcf3980000 - 0x00007ffcf3b0a000 	C:\Windows\SYSTEM32\dbghelp.dll

VM Arguments:
jvm_args: -Dfile.encoding=UTF-8 
java_command: programmingproject.ProgrammingProject
java_class_path (initial): C:\Users\Aran\Documents\NetBeansProjects\programming-project-group-3\ProgrammingProject\lib\core.jar;C:\Users\Aran\Documents\NetBeansProjects\programming-project-group-3\ProgrammingProject\lib\gluegen-rt-natives-linux-amd64.jar;C:\Users\Aran\Documents\NetBeansProjects\programming-project-group-3\ProgrammingProject\lib\gluegen-rt-natives-linux-armv6hf.jar;C:\Users\Aran\Documents\NetBeansProjects\programming-project-group-3\ProgrammingProject\lib\gluegen-rt-natives-linux-i586.jar;C:\Users\Aran\Documents\NetBeansProjects\programming-project-group-3\ProgrammingProject\lib\gluegen-rt-natives-macosx-universal.jar;C:\Users\Aran\Documents\NetBeansProjects\programming-project-group-3\ProgrammingProject\lib\gluegen-rt-natives-windows-amd64.jar;C:\Users\Aran\Documents\NetBeansProjects\programming-project-group-3\ProgrammingProject\lib\gluegen-rt-natives-windows-i586.jar;C:\Users\Aran\Documents\NetBeansProjects\programming-project-group-3\ProgrammingProject\lib\gluegen-rt.jar;C:\Users\Aran\Documents\NetBeansProjects\programming-project-group-3\ProgrammingProject\lib\jogl-all-natives-linux-amd64.jar;C:\Users\Aran\Documents\NetBeansProjects\programming-project-group-3\ProgrammingProject\lib\jogl-all-natives-linux-armv6hf.jar;C:\Users\Aran\Documents\NetBeansProjects\programming-project-group-3\ProgrammingProject\lib\jogl-all-natives-linux-i586.jar;C:\Users\Aran\Documents\NetBeansProjects\programming-project-group-3\ProgrammingProject\lib\jogl-all-natives-macosx-universal.jar;C:\Users\Aran\Documents\NetBeansProjects\programming-project-group-3\ProgrammingProject\lib\jogl-all-natives-windows-amd64.jar;C:\Users\Aran\Documents\NetBeansProjects\programming-project-group-3\ProgrammingProject\lib\jogl-all-natives-windows-i586.jar;C:\Users\Aran\Documents\NetBeansProjects\programming-project-group-3\ProgrammingProject\lib\jogl-all.jar;C:\Users\Aran\Documents\NetBeansProjects\programming-project-group-3\ProgrammingProject\lib\mysql-connector-java-5.1.34-bin.jar;
Launcher Type: SUN_STANDARD

Environment Variables:
PATH=C:\Users\Aran\Documents\Enviroment Variables;C:\Program Files\Haskell Platform\2014.2.0.0\bin;C:\Program Files\Haskell Platform\2014.2.0.0\lib\extralibs\bin;C:\Program Files\Haskell Platform\2014.2.0.0\bin;C:\Python34;C:\Program Files\Java\jdk1.8.0_20\bin;C:\ProgramData\Oracle\Java\javapath;C:\Windows\system32;C:\Windows;C:\Windows\System32\Wbem;C:\Windows\System32\WindowsPowerShell\v1.0\;C:\Program Files\Haskell Platform\2014.2.0.0\mingw\bin;C:\Program Files (x86)\MiKTeX 2.9\miktex\bin\;C:\Program Files (x86)\Windows Kits\8.1\Windows Performance Toolkit\;C:\Program Files\Microsoft SQL Server\110\Tools\Binn\;C:\Program Files (x86)\Microsoft SDKs\TypeScript\1.0\;C:\Program Files\Microsoft SQL Server\120\Tools\Binn\;C:\Program Files (x86)\Windows Live\Shared;C:\Program Files\MATLAB\R2014b\bin;C:\Program Files (x86)\Git\cmd;C:\Users\Aran\AppData\Roaming\cabal\bin;.;
USERNAME=Aran
OS=Windows_NT
PROCESSOR_IDENTIFIER=Intel64 Family 6 Model 60 Stepping 3, GenuineIntel



---------------  S Y S T E M  ---------------

OS: Windows 8.1 , 64 bit Build 9600 

CPU:total 4 (2 cores per cpu, 2 threads per core) family 6 model 60 stepping 3, cmov, cx8, fxsr, mmx, sse, sse2, sse3, ssse3, sse4.1, sse4.2, popcnt, avx, avx2, aes, clmul, erms, lzcnt, ht, tsc, tscinvbit, bmi1, bmi2

Memory: 4k page, physical 8281560k(4028548k free), swap 15166584k(10057372k free)

vm_info: Java HotSpot(TM) 64-Bit Server VM (25.20-b23) for windows-amd64 JRE (1.8.0_20-b26), built on Jul 30 2014 13:51:23 by "java_re" with MS VC++ 10.0 (VS2010)

time: Fri Mar 20 19:59:48 2015
elapsed time: 19 seconds (0d 0h 0m 19s)

