#
# A fatal error has been detected by the Java Runtime Environment:
#
#  EXCEPTION_ACCESS_VIOLATION (0xc0000005) at pc=0x00007ffcdb6ce24e, pid=848, tid=4588
#
# JRE version: Java(TM) SE Runtime Environment (8.0_20-b26) (build 1.8.0_20-b26)
# Java VM: Java HotSpot(TM) 64-Bit Server VM (25.20-b23 mixed mode windows-amd64 compressed oops)
# Problematic frame:
# C  [ig75icd64.dll+0x4ee24e]
#
# Failed to write core dump. Minidumps are not enabled by default on client versions of Windows
#
# If you would like to submit a bug report, please visit:
#   http://bugreport.sun.com/bugreport/crash.jsp
# The crash happened outside the Java Virtual Machine in native code.
# See problematic frame for where to report the bug.
#

---------------  T H R E A D  ---------------

Current thread (0x0000000019670000):  JavaThread "AWT-EventQueue-0" [_thread_in_native, id=4588, stack(0x000000001be20000,0x000000001bf20000)]

siginfo: ExceptionCode=0xc0000005, reading address 0x0000000000000000

Registers:
RAX=0x0000000000000000, RBX=0x00000000393b8050, RCX=0x0000000000000018, RDX=0x000000001b33bf00
RSP=0x000000001bf1d020, RBP=0x0000000000000000, RSI=0x000000001f5a2ae0, RDI=0x000000001b2d1780
R8 =0x0000000000000007, R9 =0x000000001b30af40, R10=0x0000000000000000, R11=0x0000000000000000
R12=0x0000000000000000, R13=0x000000001cfd59c0, R14=0x000000001b30ba68, R15=0x0000000019670000
RIP=0x00007ffcdb6ce24e, EFLAGS=0x0000000000010246

Top of Stack: (sp=0x000000001bf1d020)
0x000000001bf1d020:   0000000019670000 00007ffcdb58229d
0x000000001bf1d030:   fffffffffffffffe 00000000393d9150
0x000000001bf1d040:   000000001b2d1780 00007ffcdb353732
0x000000001bf1d050:   000000001f5a9b80 000000001b364fc0
0x000000001bf1d060:   000000001b2d1780 0000000000000058
0x000000001bf1d070:   00000000393d8f98 00007ffcdb359895
0x000000001bf1d080:   000000001f5a9b80 00000000393d90e0
0x000000001bf1d090:   00007ffcdb7c2140 0000000000000000
0x000000001bf1d0a0:   00000000393d8f20 00007ffcdb359ff3
0x000000001bf1d0b0:   000000001b364fc0 0000000000000001
0x000000001bf1d0c0:   000000001b364fc0 00007ffcdb6d1100
0x000000001bf1d0d0:   00000000393c55a0 00007ffcdb35bfb1
0x000000001bf1d0e0:   00000000393c5620 000000001f2f7290
0x000000001bf1d0f0:   000000001f2f7290 000000001b364fc0
0x000000001bf1d100:   000000001b30af40 00007ffcdb34d8df
0x000000001bf1d110:   0000000019670000 0000000000000000 

Instructions: (pc=0x00007ffcdb6ce24e)
0x00007ffcdb6ce22e:   00 00 00 00 74 0d 48 8b cf 48 83 c4 20 5f e9 df
0x00007ffcdb6ce23e:   01 00 00 48 83 c4 20 5f c3 48 8b 82 78 7c 02 00
0x00007ffcdb6ce24e:   48 8b 08 48 39 4b 10 77 a8 48 8b 82 78 7c 02 00
0x00007ffcdb6ce25e:   48 8b 08 48 39 4b 18 77 98 80 bf f8 00 00 00 00 


Register to memory mapping:

RAX=0x0000000000000000 is an unknown value
RBX=0x00000000393b8050 is an unknown value
RCX=0x0000000000000018 is an unknown value
RDX=0x000000001b33bf00 is an unknown value
RSP=0x000000001bf1d020 is pointing into the stack for thread: 0x0000000019670000
RBP=0x0000000000000000 is an unknown value
RSI=0x000000001f5a2ae0 is an unknown value
RDI=0x000000001b2d1780 is an unknown value
R8 =0x0000000000000007 is an unknown value
R9 =0x000000001b30af40 is an unknown value
R10=0x0000000000000000 is an unknown value
R11=0x0000000000000000 is an unknown value
R12=0x0000000000000000 is an unknown value
R13={method} {0x000000001cfd59c8} 'dispatch_wglDeleteContext0' '(JJ)Z' in 'jogamp/opengl/windows/wgl/WGL'
R14=0x000000001b30ba68 is an unknown value
R15=0x0000000019670000 is a thread


Stack: [0x000000001be20000,0x000000001bf20000],  sp=0x000000001bf1d020,  free space=1012k
Native frames: (J=compiled Java code, j=interpreted, Vv=VM code, C=native code)

Java frames: (J=compiled Java code, j=interpreted, Vv=VM code)
j  jogamp.opengl.windows.wgl.WGL.dispatch_wglDeleteContext0(JJ)Z+0
j  jogamp.opengl.windows.wgl.WGL.wglDeleteContext(J)Z+37
j  jogamp.opengl.windows.wgl.WindowsWGLContext.destroyImpl()V+10
j  jogamp.opengl.GLContextImpl.destroy()V+503
j  jogamp.opengl.GLDrawableHelper.disposeGL(Ljavax/media/opengl/GLAutoDrawable;Ljavax/media/opengl/GLContext;Z)V+128
j  javax.media.opengl.awt.GLCanvas$7.run()V+167
J 3120 C1 javax.media.opengl.Threading.invoke(ZLjava/lang/Runnable;Ljava/lang/Object;)V (39 bytes) @ 0x0000000003327184 [0x0000000003326e80+0x304]
j  javax.media.opengl.awt.GLCanvas.destroyImpl(Z)V+9
j  javax.media.opengl.awt.GLCanvas$2.run()V+5
j  com.jogamp.nativewindow.awt.AWTWindowClosingProtocol$WindowClosingAdapter.windowClosing(Ljava/awt/event/WindowEvent;)V+22
j  java.awt.Window.processWindowEvent(Ljava/awt/event/WindowEvent;)V+68
j  javax.swing.JFrame.processWindowEvent(Ljava/awt/event/WindowEvent;)V+2
j  java.awt.Window.processEvent(Ljava/awt/AWTEvent;)V+69
J 3225 C1 java.awt.Component.dispatchEventImpl(Ljava/awt/AWTEvent;)V (883 bytes) @ 0x0000000002f291a4 [0x0000000002f23ca0+0x5504]
j  java.awt.Container.dispatchEventImpl(Ljava/awt/AWTEvent;)V+42
j  java.awt.Window.dispatchEventImpl(Ljava/awt/AWTEvent;)V+19
J 2937 C1 java.awt.EventQueue.dispatchEventImpl(Ljava/awt/AWTEvent;Ljava/lang/Object;)V (149 bytes) @ 0x000000000325ff0c [0x000000000325e880+0x168c]
J 2935 C1 java.awt.EventQueue$3.run()Ljava/lang/Void; (60 bytes) @ 0x000000000325c60c [0x000000000325c400+0x20c]
J 2850 C1 java.awt.EventQueue$3.run()Ljava/lang/Object; (5 bytes) @ 0x000000000323178c [0x0000000003231700+0x8c]
v  ~StubRoutines::call_stub
J 2637  java.security.AccessController.doPrivileged(Ljava/security/PrivilegedAction;Ljava/security/AccessControlContext;)Ljava/lang/Object; (0 bytes) @ 0x0000000003187626 [0x00000000031875c0+0x66]
J 2707 C1 java.security.ProtectionDomain$1.doIntersectionPrivilege(Ljava/security/PrivilegedAction;Ljava/security/AccessControlContext;Ljava/security/AccessControlContext;)Ljava/lang/Object; (32 bytes) @ 0x0000000002e0999c [0x0000000002e096a0+0x2fc]
J 3238 C1 java.awt.EventQueue$4.run()Ljava/lang/Object; (5 bytes) @ 0x0000000002f1eb4c [0x0000000002f1e760+0x3ec]
v  ~StubRoutines::call_stub
J 2637  java.security.AccessController.doPrivileged(Ljava/security/PrivilegedAction;Ljava/security/AccessControlContext;)Ljava/lang/Object; (0 bytes) @ 0x0000000003187626 [0x00000000031875c0+0x66]
J 2848 C1 java.awt.EventQueue.dispatchEvent(Ljava/awt/AWTEvent;)V (80 bytes) @ 0x000000000322b834 [0x000000000322ab80+0xcb4]
J 2852 C1 java.awt.EventDispatchThread.pumpOneEventForFilters(I)V (295 bytes) @ 0x000000000322f25c [0x000000000322d700+0x1b5c]
j  java.awt.EventDispatchThread.pumpEventsForFilter(ILjava/awt/Conditional;Ljava/awt/EventFilter;)V+35
j  java.awt.EventDispatchThread.pumpEventsForHierarchy(ILjava/awt/Conditional;Ljava/awt/Component;)V+11
j  java.awt.EventDispatchThread.pumpEvents(ILjava/awt/Conditional;)V+4
j  java.awt.EventDispatchThread.pumpEvents(Ljava/awt/Conditional;)V+3
j  java.awt.EventDispatchThread.run()V+9
v  ~StubRoutines::call_stub

---------------  P R O C E S S  ---------------

Java Threads: ( => current thread )
  0x000000001d1c7000 JavaThread "Abandoned connection cleanup thread" daemon [_thread_blocked, id=1652, stack(0x00000000212c0000,0x00000000213c0000)]
  0x000000001d1e8000 JavaThread "Animation Thread-SharedResourceRunner" daemon [_thread_blocked, id=4084, stack(0x000000001e030000,0x000000001e130000)]
  0x000000000290e000 JavaThread "DestroyJavaVM" [_thread_blocked, id=4916, stack(0x0000000002670000,0x0000000002770000)]
  0x000000001969f800 JavaThread "Animation Thread" [_thread_blocked, id=5072, stack(0x000000001cb60000,0x000000001cc60000)]
  0x0000000019682000 JavaThread "D3D Screen Updater" daemon [_thread_blocked, id=4840, stack(0x000000001c020000,0x000000001c120000)]
=>0x0000000019670000 JavaThread "AWT-EventQueue-0" [_thread_in_native, id=4588, stack(0x000000001be20000,0x000000001bf20000)]
  0x000000001960e800 JavaThread "AWT-Windows" daemon [_thread_in_native, id=6128, stack(0x0000000019f90000,0x000000001a090000)]
  0x000000001960d800 JavaThread "AWT-Shutdown" [_thread_blocked, id=3092, stack(0x0000000019e90000,0x0000000019f90000)]
  0x0000000019600000 JavaThread "Java2D Disposer" daemon [_thread_blocked, id=4136, stack(0x0000000019d90000,0x0000000019e90000)]
  0x00000000174ae000 JavaThread "Service Thread" daemon [_thread_blocked, id=3152, stack(0x00000000190a0000,0x00000000191a0000)]
  0x0000000017451800 JavaThread "C1 CompilerThread2" daemon [_thread_blocked, id=3148, stack(0x0000000018ba0000,0x0000000018ca0000)]
  0x000000001744e800 JavaThread "C2 CompilerThread1" daemon [_thread_blocked, id=4300, stack(0x0000000018aa0000,0x0000000018ba0000)]
  0x000000001745a800 JavaThread "C2 CompilerThread0" daemon [_thread_blocked, id=3260, stack(0x00000000189a0000,0x0000000018aa0000)]
  0x0000000017459000 JavaThread "Attach Listener" daemon [_thread_blocked, id=4812, stack(0x00000000188a0000,0x00000000189a0000)]
  0x0000000017458000 JavaThread "Signal Dispatcher" daemon [_thread_blocked, id=5048, stack(0x00000000187a0000,0x00000000188a0000)]
  0x0000000017417800 JavaThread "Finalizer" daemon [_thread_blocked, id=5768, stack(0x00000000186a0000,0x00000000187a0000)]
  0x0000000002871000 JavaThread "Reference Handler" daemon [_thread_blocked, id=568, stack(0x00000000185a0000,0x00000000186a0000)]

Other Threads:
  0x0000000017415800 VMThread [stack: 0x00000000184a0000,0x00000000185a0000] [id=4336]
  0x0000000018cd0800 WatcherThread [stack: 0x00000000191a0000,0x00000000192a0000] [id=3940]

VM state:not at safepoint (normal execution)

VM Mutex/Monitor currently owned by a thread: None

Heap:
 PSYoungGen      total 205312K, used 140046K [0x00000000d5e00000, 0x00000000e8200000, 0x0000000100000000)
  eden space 144896K, 54% used [0x00000000d5e00000,0x00000000dabcb010,0x00000000deb80000)
  from space 60416K, 99% used [0x00000000deb80000,0x00000000e2678b40,0x00000000e2680000)
  to   space 71168K, 0% used [0x00000000e3c80000,0x00000000e3c80000,0x00000000e8200000)
 ParOldGen       total 92160K, used 64331K [0x0000000081a00000, 0x0000000087400000, 0x00000000d5e00000)
  object space 92160K, 69% used [0x0000000081a00000,0x00000000858d2db0,0x0000000087400000)
 Metaspace       used 22588K, capacity 22723K, committed 23040K, reserved 1071104K
  class space    used 2119K, capacity 2178K, committed 2304K, reserved 1048576K

Card table byte_map: [0x0000000011cd0000,0x00000000120d0000] byte_map_base: 0x00000000118c3000

Marking Bits: (ParMarkBitMap*) 0x0000000077e1b460
 Begin Bits: [0x0000000012780000, 0x0000000014718000)
 End Bits:   [0x0000000014718000, 0x00000000166b0000)

Polling page: 0x0000000000e90000

CodeCache: size=245760Kb used=10000Kb max_used=10649Kb free=235759Kb
 bounds [0x0000000002910000, 0x0000000003390000, 0x0000000011910000]
 total_blobs=3778 nmethods=2805 adapters=885
 compilation: enabled

Compilation events (10 events):
Event: 175.459 Thread 0x0000000017451800 3304   !   3       java.awt.KeyboardFocusManager::retargetFocusEvent (244 bytes)
Event: 175.469 Thread 0x0000000017451800 nmethod 3304 0x0000000002dfa090 code [0x0000000002dfa4c0, 0x0000000002dfcf08]
Event: 176.185 Thread 0x000000001745a800 3306       4       processing.core.PMatrix3D::invert (819 bytes)
Event: 176.203 Thread 0x000000001745a800 nmethod 3306 0x0000000002cab6d0 code [0x0000000002cab860, 0x0000000002cabe48]
Event: 176.543 Thread 0x0000000017451800 3307  s    3       sun.awt.im.InputContext::getInputMethod (34 bytes)
Event: 176.545 Thread 0x0000000017451800 nmethod 3307 0x0000000002edb490 code [0x0000000002edb600, 0x0000000002edba48]
Event: 177.600 Thread 0x000000001744e800 3308   !   4       jogamp.common.os.MachineDescriptionRuntime::getStatic (108 bytes)
Event: 177.612 Thread 0x000000001744e800 nmethod 3308 0x0000000002b99050 code [0x0000000002b991e0, 0x0000000002b99898]
Event: 177.961 Thread 0x000000001745a800 3309   !   4       jogamp.common.util.locks.RecursiveLockImpl01Unfairish::validateLocked (147 bytes)
Event: 177.970 Thread 0x000000001745a800 nmethod 3309 0x0000000002ae0190 code [0x0000000002ae02e0, 0x0000000002ae05d8]

GC Heap History (10 events):
Event: 18.166 GC heap before
{Heap before GC invocations=8 (full 1):
 PSYoungGen      total 130048K, used 130023K [0x00000000d5e00000, 0x00000000e1c00000, 0x0000000100000000)
  eden space 110080K, 100% used [0x00000000d5e00000,0x00000000dc980000,0x00000000dc980000)
  from space 19968K, 99% used [0x00000000de500000,0x00000000df879df0,0x00000000df880000)
  to   space 28160K, 0% used [0x00000000dc980000,0x00000000dc980000,0x00000000de500000)
 ParOldGen       total 92160K, used 44335K [0x0000000081a00000, 0x0000000087400000, 0x00000000d5e00000)
  object space 92160K, 48% used [0x0000000081a00000,0x000000008454bc90,0x0000000087400000)
 Metaspace       used 21940K, capacity 22133K, committed 22448K, reserved 1069056K
  class space    used 2106K, capacity 2177K, committed 2304K, reserved 1048576K
Event: 18.280 GC heap after
Heap after GC invocations=8 (full 1):
 PSYoungGen      total 138240K, used 28135K [0x00000000d5e00000, 0x00000000e3900000, 0x0000000100000000)
  eden space 110080K, 0% used [0x00000000d5e00000,0x00000000d5e00000,0x00000000dc980000)
  from space 28160K, 99% used [0x00000000dc980000,0x00000000de4f9f30,0x00000000de500000)
  to   space 41472K, 0% used [0x00000000e1080000,0x00000000e1080000,0x00000000e3900000)
 ParOldGen       total 92160K, used 60280K [0x0000000081a00000, 0x0000000087400000, 0x00000000d5e00000)
  object space 92160K, 65% used [0x0000000081a00000,0x00000000854de070,0x0000000087400000)
 Metaspace       used 21940K, capacity 22133K, committed 22448K, reserved 1069056K
  class space    used 2106K, capacity 2177K, committed 2304K, reserved 1048576K
}
Event: 58.617 GC heap before
{Heap before GC invocations=9 (full 1):
 PSYoungGen      total 138240K, used 138215K [0x00000000d5e00000, 0x00000000e3900000, 0x0000000100000000)
  eden space 110080K, 100% used [0x00000000d5e00000,0x00000000dc980000,0x00000000dc980000)
  from space 28160K, 99% used [0x00000000dc980000,0x00000000de4f9f30,0x00000000de500000)
  to   space 41472K, 0% used [0x00000000e1080000,0x00000000e1080000,0x00000000e3900000)
 ParOldGen       total 92160K, used 60280K [0x0000000081a00000, 0x0000000087400000, 0x00000000d5e00000)
  object space 92160K, 65% used [0x0000000081a00000,0x00000000854de070,0x0000000087400000)
 Metaspace       used 22201K, capacity 22331K, committed 22704K, reserved 1069056K
  class space    used 2118K, capacity 2178K, committed 2304K, reserved 1048576K
Event: 58.730 GC heap after
Heap after GC invocations=9 (full 1):
 PSYoungGen      total 177152K, used 37549K [0x00000000d5e00000, 0x00000000e3e80000, 0x0000000100000000)
  eden space 135680K, 0% used [0x00000000d5e00000,0x00000000d5e00000,0x00000000de280000)
  from space 41472K, 90% used [0x00000000e1080000,0x00000000e352b7a8,0x00000000e3900000)
  to   space 47104K, 0% used [0x00000000de280000,0x00000000de280000,0x00000000e1080000)
 ParOldGen       total 92160K, used 61067K [0x0000000081a00000, 0x0000000087400000, 0x00000000d5e00000)
  object space 92160K, 66% used [0x0000000081a00000,0x00000000855a2db0,0x0000000087400000)
 Metaspace       used 22201K, capacity 22331K, committed 22704K, reserved 1069056K
  class space    used 2118K, capacity 2178K, committed 2304K, reserved 1048576K
}
Event: 85.906 GC heap before
{Heap before GC invocations=10 (full 1):
 PSYoungGen      total 177152K, used 173229K [0x00000000d5e00000, 0x00000000e3e80000, 0x0000000100000000)
  eden space 135680K, 100% used [0x00000000d5e00000,0x00000000de280000,0x00000000de280000)
  from space 41472K, 90% used [0x00000000e1080000,0x00000000e352b7a8,0x00000000e3900000)
  to   space 47104K, 0% used [0x00000000de280000,0x00000000de280000,0x00000000e1080000)
 ParOldGen       total 92160K, used 61067K [0x0000000081a00000, 0x0000000087400000, 0x00000000d5e00000)
  object space 92160K, 66% used [0x0000000081a00000,0x00000000855a2db0,0x0000000087400000)
 Metaspace       used 22334K, capacity 22531K, committed 22704K, reserved 1069056K
  class space    used 2118K, capacity 2178K, committed 2304K, reserved 1048576K
Event: 85.988 GC heap after
Heap after GC invocations=10 (full 1):
 PSYoungGen      total 182784K, used 43901K [0x00000000d5e00000, 0x00000000e5b00000, 0x0000000100000000)
  eden space 135680K, 0% used [0x00000000d5e00000,0x00000000d5e00000,0x00000000de280000)
  from space 47104K, 93% used [0x00000000de280000,0x00000000e0d5f4f8,0x00000000e1080000)
  to   space 53760K, 0% used [0x00000000e2680000,0x00000000e2680000,0x00000000e5b00000)
 ParOldGen       total 92160K, used 61075K [0x0000000081a00000, 0x0000000087400000, 0x00000000d5e00000)
  object space 92160K, 66% used [0x0000000081a00000,0x00000000855a4db0,0x0000000087400000)
 Metaspace       used 22334K, capacity 22531K, committed 22704K, reserved 1069056K
  class space    used 2118K, capacity 2178K, committed 2304K, reserved 1048576K
}
Event: 115.307 GC heap before
{Heap before GC invocations=11 (full 1):
 PSYoungGen      total 182784K, used 179581K [0x00000000d5e00000, 0x00000000e5b00000, 0x0000000100000000)
  eden space 135680K, 100% used [0x00000000d5e00000,0x00000000de280000,0x00000000de280000)
  from space 47104K, 93% used [0x00000000de280000,0x00000000e0d5f4f8,0x00000000e1080000)
  to   space 53760K, 0% used [0x00000000e2680000,0x00000000e2680000,0x00000000e5b00000)
 ParOldGen       total 92160K, used 61075K [0x0000000081a00000, 0x0000000087400000, 0x00000000d5e00000)
  object space 92160K, 66% used [0x0000000081a00000,0x00000000855a4db0,0x0000000087400000)
 Metaspace       used 22478K, capacity 22659K, committed 23040K, reserved 1071104K
  class space    used 2118K, capacity 2178K, committed 2304K, reserved 1048576K
Event: 115.431 GC heap after
Heap after GC invocations=11 (full 1):
 PSYoungGen      total 198656K, used 48630K [0x00000000d5e00000, 0x00000000e6580000, 0x0000000100000000)
  eden space 144896K, 0% used [0x00000000d5e00000,0x00000000d5e00000,0x00000000deb80000)
  from space 53760K, 90% used [0x00000000e2680000,0x00000000e55fdbb0,0x00000000e5b00000)
  to   space 60416K, 0% used [0x00000000deb80000,0x00000000deb80000,0x00000000e2680000)
 ParOldGen       total 92160K, used 61075K [0x0000000081a00000, 0x0000000087400000, 0x00000000d5e00000)
  object space 92160K, 66% used [0x0000000081a00000,0x00000000855a4db0,0x0000000087400000)
 Metaspace       used 22478K, capacity 22659K, committed 23040K, reserved 1071104K
  class space    used 2118K, capacity 2178K, committed 2304K, reserved 1048576K
}
Event: 154.550 GC heap before
{Heap before GC invocations=12 (full 1):
 PSYoungGen      total 198656K, used 193526K [0x00000000d5e00000, 0x00000000e6580000, 0x0000000100000000)
  eden space 144896K, 100% used [0x00000000d5e00000,0x00000000deb80000,0x00000000deb80000)
  from space 53760K, 90% used [0x00000000e2680000,0x00000000e55fdbb0,0x00000000e5b00000)
  to   space 60416K, 0% used [0x00000000deb80000,0x00000000deb80000,0x00000000e2680000)
 ParOldGen       total 92160K, used 61075K [0x0000000081a00000, 0x0000000087400000, 0x00000000d5e00000)
  object space 92160K, 66% used [0x0000000081a00000,0x00000000855a4db0,0x0000000087400000)
 Metaspace       used 22574K, capacity 22723K, committed 23040K, reserved 1071104K
  class space    used 2119K, capacity 2178K, committed 2304K, reserved 1048576K
Event: 154.626 GC heap after
Heap after GC invocations=12 (full 1):
 PSYoungGen      total 205312K, used 60386K [0x00000000d5e00000, 0x00000000e8200000, 0x0000000100000000)
  eden space 144896K, 0% used [0x00000000d5e00000,0x00000000d5e00000,0x00000000deb80000)
  from space 60416K, 99% used [0x00000000deb80000,0x00000000e2678b40,0x00000000e2680000)
  to   space 71168K, 0% used [0x00000000e3c80000,0x00000000e3c80000,0x00000000e8200000)
 ParOldGen       total 92160K, used 64331K [0x0000000081a00000, 0x0000000087400000, 0x00000000d5e00000)
  object space 92160K, 69% used [0x0000000081a00000,0x00000000858d2db0,0x0000000087400000)
 Metaspace       used 22574K, capacity 22723K, committed 23040K, reserved 1071104K
  class space    used 2119K, capacity 2178K, committed 2304K, reserved 1048576K
}

Deoptimization events (10 events):
Event: 53.258 Thread 0x0000000019670000 Uncommon trap: reason=null_check action=make_not_entrant pc=0x0000000002f44dc0 method=com.mysql.jdbc.ResultSetImpl.findColumn(Ljava/lang/String;)I @ 33
Event: 75.197 Thread 0x0000000019670000 Uncommon trap: reason=predicate action=maybe_recompile pc=0x00000000032ae1e4 method=java.util.Arrays.fill([Ljava/lang/Object;IILjava/lang/Object;)V @ 16
Event: 75.443 Thread 0x0000000019670000 Uncommon trap: reason=array_check action=maybe_recompile pc=0x00000000032ac850 method=java.util.Arrays.fill([Ljava/lang/Object;IILjava/lang/Object;)V @ 20
Event: 75.468 Thread 0x0000000019670000 Uncommon trap: reason=array_check action=maybe_recompile pc=0x00000000032ac850 method=java.util.Arrays.fill([Ljava/lang/Object;IILjava/lang/Object;)V @ 20
Event: 75.469 Thread 0x0000000019670000 Uncommon trap: reason=array_check action=maybe_recompile pc=0x00000000032ac850 method=java.util.Arrays.fill([Ljava/lang/Object;IILjava/lang/Object;)V @ 20
Event: 75.480 Thread 0x0000000019670000 Uncommon trap: reason=array_check action=maybe_recompile pc=0x00000000032ac850 method=java.util.Arrays.fill([Ljava/lang/Object;IILjava/lang/Object;)V @ 20
Event: 75.861 Thread 0x0000000019670000 Uncommon trap: reason=array_check action=maybe_recompile pc=0x0000000003250400 method=java.util.Arrays.fill([Ljava/lang/Object;IILjava/lang/Object;)V @ 20
Event: 117.142 Thread 0x0000000019670000 Uncommon trap: reason=unreached action=reinterpret pc=0x0000000002f34070 method=java.security.AccessControlContext.optimize()Ljava/security/AccessControlContext; @ 263
Event: 117.346 Thread 0x0000000019670000 Uncommon trap: reason=unreached action=reinterpret pc=0x000000000305c0fc method=processing.opengl.PGL.bindTexture(II)V @ 10
Event: 117.438 Thread 0x0000000019670000 Uncommon trap: reason=unreached action=reinterpret pc=0x0000000002ef7e88 method=processing.core.PGraphics.pushStyle()V @ 35

Internal exceptions (10 events):
Event: 6.349 Thread 0x0000000019670000 Exception <a 'java/security/PrivilegedActionException'> (0x00000000d61aa020) thrown at [D:\re\workspace\8-2-build-windows-amd64-cygwin\jdk8u20\1074\hotspot\src\share\vm\prims\jvm.cpp, line 1275]
Event: 6.936 Thread 0x0000000019670000 Exception <a 'java/security/PrivilegedActionException'> (0x00000000d6f2c940) thrown at [D:\re\workspace\8-2-build-windows-amd64-cygwin\jdk8u20\1074\hotspot\src\share\vm\prims\jvm.cpp, line 1275]
Event: 7.828 Thread 0x000000001d400800 Implicit null exception at 0x0000000002d535da to 0x0000000002d57338
Event: 9.240 Thread 0x0000000019670000 Exception <a 'java/security/PrivilegedActionException'> (0x00000000d6396610) thrown at [D:\re\workspace\8-2-build-windows-amd64-cygwin\jdk8u20\1074\hotspot\src\share\vm\prims\jvm.cpp, line 1275]
Event: 9.268 Thread 0x0000000019670000 Exception <a 'java/security/PrivilegedActionException'> (0x00000000d639f6b0) thrown at [D:\re\workspace\8-2-build-windows-amd64-cygwin\jdk8u20\1074\hotspot\src\share\vm\prims\jvm.cpp, line 1275]
Event: 12.369 Thread 0x0000000019670000 Exception <a 'java/security/PrivilegedActionException'> (0x00000000da803068) thrown at [D:\re\workspace\8-2-build-windows-amd64-cygwin\jdk8u20\1074\hotspot\src\share\vm\prims\jvm.cpp, line 1275]
Event: 12.558 Thread 0x0000000019670000 Exception <a 'java/security/PrivilegedActionException'> (0x00000000dae6f7a8) thrown at [D:\re\workspace\8-2-build-windows-amd64-cygwin\jdk8u20\1074\hotspot\src\share\vm\prims\jvm.cpp, line 1275]
Event: 23.633 Thread 0x0000000019670000 Implicit null exception at 0x000000000317c267 to 0x000000000317cb49
Event: 53.258 Thread 0x0000000019670000 Implicit null exception at 0x0000000002f44997 to 0x0000000002f44da5
Event: 117.346 Thread 0x0000000019670000 Implicit null exception at 0x000000000305be7b to 0x000000000305c0e9

Events (10 events):
Event: 139.260 Thread 0x000000001744e800 flushing nmethod 0x0000000003082d90
Event: 139.260 Thread 0x000000001744e800 flushing nmethod 0x0000000003084010
Event: 139.260 Thread 0x000000001744e800 flushing nmethod 0x0000000003088810
Event: 139.260 Thread 0x000000001744e800 flushing nmethod 0x000000000308e690
Event: 139.260 Thread 0x000000001744e800 flushing nmethod 0x0000000003096750
Event: 139.260 Thread 0x000000001744e800 flushing nmethod 0x000000000309be90
Event: 139.260 Thread 0x000000001744e800 flushing nmethod 0x00000000030a62d0
Event: 139.584 Thread 0x000000001745a800 flushing nmethod 0x000000000317bed0
Event: 154.550 Executing VM operation: ParallelGCFailedAllocation
Event: 154.626 Executing VM operation: ParallelGCFailedAllocation done


Dynamic libraries:
0x00007ff7a7120000 - 0x00007ff7a7154000 	C:\Program Files\Java\jdk1.8.0_20\jre\bin\java.exe
0x00007ffcf9470000 - 0x00007ffcf961c000 	C:\Windows\SYSTEM32\ntdll.dll
0x00007ffcf76d0000 - 0x00007ffcf780e000 	C:\Windows\system32\KERNEL32.DLL
0x00007ffcf69d0000 - 0x00007ffcf6ae5000 	C:\Windows\system32\KERNELBASE.dll
0x00007ffcf25c0000 - 0x00007ffcf264e000 	C:\Windows\system32\apphelp.dll
0x00007ffcf3350000 - 0x00007ffcf33a3000 	C:\Windows\AppPatch\AppPatch64\AcGenral.DLL
0x00007ffcf6b60000 - 0x00007ffcf6c0a000 	C:\Windows\system32\msvcrt.dll
0x00007ffcf63f0000 - 0x00007ffcf641e000 	C:\Windows\SYSTEM32\SspiCli.dll
0x00007ffcf7b50000 - 0x00007ffcf7ba4000 	C:\Windows\system32\SHLWAPI.dll
0x00007ffcf9290000 - 0x00007ffcf9407000 	C:\Windows\system32\USER32.dll
0x00007ffcf7330000 - 0x00007ffcf74c4000 	C:\Windows\system32\ole32.dll
0x00007ffcf7d70000 - 0x00007ffcf9288000 	C:\Windows\system32\SHELL32.dll
0x00007ffcf5d80000 - 0x00007ffcf5da1000 	C:\Windows\SYSTEM32\USERENV.dll
0x00007ffcf7610000 - 0x00007ffcf76ba000 	C:\Windows\system32\ADVAPI32.dll
0x00007ffce98e0000 - 0x00007ffce98fe000 	C:\Windows\SYSTEM32\MPR.dll
0x00007ffcf7000000 - 0x00007ffcf7141000 	C:\Windows\system32\RPCRT4.dll
0x00007ffcf6af0000 - 0x00007ffcf6b49000 	C:\Windows\SYSTEM32\sechost.dll
0x00007ffcf6de0000 - 0x00007ffcf6ff1000 	C:\Windows\SYSTEM32\combase.dll
0x00007ffcf6c80000 - 0x00007ffcf6dd1000 	C:\Windows\system32\GDI32.dll
0x00007ffcf65c0000 - 0x00007ffcf65d5000 	C:\Windows\SYSTEM32\profapi.dll
0x00007ffcf5110000 - 0x00007ffcf51c2000 	C:\Windows\SYSTEM32\SHCORE.dll
0x00007ffcf9430000 - 0x00007ffcf9466000 	C:\Windows\system32\IMM32.DLL
0x00007ffcf7c10000 - 0x00007ffcf7d61000 	C:\Windows\system32\MSCTF.dll
0x00007ffcf46c0000 - 0x00007ffcf493b000 	C:\Windows\WinSxS\amd64_microsoft.windows.common-controls_6595b64144ccf1df_6.0.9600.17415_none_6240486fecbd8abb\COMCTL32.dll
0x0000000077560000 - 0x0000000077632000 	C:\Program Files\Java\jdk1.8.0_20\jre\bin\msvcr100.dll
0x0000000077640000 - 0x0000000077e98000 	C:\Program Files\Java\jdk1.8.0_20\jre\bin\server\jvm.dll
0x00007ffcda860000 - 0x00007ffcda869000 	C:\Windows\SYSTEM32\WSOCK32.dll
0x00007ffcf4c30000 - 0x00007ffcf4c52000 	C:\Windows\SYSTEM32\WINMM.dll
0x00007ffcf76c0000 - 0x00007ffcf76c7000 	C:\Windows\system32\PSAPI.DLL
0x00007ffcf6c20000 - 0x00007ffcf6c7a000 	C:\Windows\system32\WS2_32.dll
0x00007ffcf4bd0000 - 0x00007ffcf4bfa000 	C:\Windows\SYSTEM32\WINMMBASE.dll
0x00007ffcf6b50000 - 0x00007ffcf6b59000 	C:\Windows\system32\NSI.dll
0x00007ffcf67a0000 - 0x00007ffcf67ef000 	C:\Windows\SYSTEM32\cfgmgr32.dll
0x00007ffcf53b0000 - 0x00007ffcf53d8000 	C:\Windows\SYSTEM32\DEVOBJ.dll
0x0000000077550000 - 0x000000007755f000 	C:\Program Files\Java\jdk1.8.0_20\jre\bin\verify.dll
0x0000000077520000 - 0x0000000077548000 	C:\Program Files\Java\jdk1.8.0_20\jre\bin\java.dll
0x0000000077500000 - 0x0000000077516000 	C:\Program Files\Java\jdk1.8.0_20\jre\bin\zip.dll
0x0000000077320000 - 0x00000000774b8000 	C:\Program Files\Java\jdk1.8.0_20\jre\bin\awt.dll
0x00007ffcf7540000 - 0x00007ffcf7601000 	C:\Windows\system32\OLEAUT32.dll
0x00007ffcf4970000 - 0x00007ffcf4991000 	C:\Windows\system32\DWMAPI.DLL
0x00007ffcf5230000 - 0x00007ffcf5359000 	C:\Windows\system32\uxtheme.dll
0x00007ffcf5400000 - 0x00007ffcf540b000 	C:\Windows\SYSTEM32\kernel.appcore.dll
0x00007ffcf6490000 - 0x00007ffcf649b000 	C:\Windows\SYSTEM32\CRYPTBASE.dll
0x00007ffcf6420000 - 0x00007ffcf6483000 	C:\Windows\SYSTEM32\bcryptPrimitives.dll
0x00007ffcea560000 - 0x00007ffcea781000 	C:\Windows\system32\d3d9.dll
0x00007ffcf4b50000 - 0x00007ffcf4b5a000 	C:\Windows\SYSTEM32\VERSION.dll
0x00007ffcf3c50000 - 0x00007ffcf3db4000 	C:\Windows\SYSTEM32\nvumdshimx.dll
0x00007ffcf7150000 - 0x00007ffcf732a000 	C:\Windows\system32\SETUPAPI.dll
0x00007ffcf4db0000 - 0x00007ffcf4de2000 	C:\Windows\SYSTEM32\nvinitx.dll
0x00007ffcd6d70000 - 0x00007ffcd808f000 	C:\Windows\system32\igdumdim64.dll
0x00007ffceacc0000 - 0x00007ffceb645000 	C:\Windows\SYSTEM32\igdusc64.dll
0x00000000772d0000 - 0x0000000077317000 	C:\Program Files\Java\jdk1.8.0_20\jre\bin\fontmanager.dll
0x00007ffcf5ff0000 - 0x00007ffcf6010000 	C:\Windows\SYSTEM32\CRYPTSP.dll
0x00007ffcf5a70000 - 0x00007ffcf5aa6000 	C:\Windows\system32\rsaenh.dll
0x00007ffcf60e0000 - 0x00007ffcf6106000 	C:\Windows\SYSTEM32\bcrypt.dll
0x00000000774e0000 - 0x00000000774fa000 	C:\Program Files\Java\jdk1.8.0_20\jre\bin\net.dll
0x00007ffcf5d20000 - 0x00007ffcf5d79000 	C:\Windows\system32\mswsock.dll
0x00007ffcf2750000 - 0x00007ffcf277a000 	C:\Windows\SYSTEM32\IPHLPAPI.DLL
0x00007ffcf2740000 - 0x00007ffcf274a000 	C:\Windows\SYSTEM32\WINNSI.DLL
0x00007ffcee930000 - 0x00007ffcee946000 	C:\Windows\SYSTEM32\dhcpcsvc6.DLL
0x00007ffceeb30000 - 0x00007ffceeb4a000 	C:\Windows\SYSTEM32\dhcpcsvc.DLL
0x00000000774c0000 - 0x00000000774d1000 	C:\Program Files\Java\jdk1.8.0_20\jre\bin\nio.dll
0x00000000637c0000 - 0x00000000637cd000 	C:\Users\Aran\AppData\Local\Temp\jogamp_0000\file_cache\jln6783066453634429351\jln651614693644759466\gluegen-rt.dll
0x0000000076680000 - 0x0000000076687000 	C:\Program Files\Java\jdk1.8.0_20\jre\bin\jawt.dll
0x000000006a440000 - 0x000000006a44d000 	C:\Users\Aran\AppData\Local\Temp\jogamp_0000\file_cache\jln6783066453634429351\jln651614693644759466\nativewindow_awt.dll
0x000000006c100000 - 0x000000006c10f000 	C:\Users\Aran\AppData\Local\Temp\jogamp_0000\file_cache\jln6783066453634429351\jln651614693644759466\nativewindow_win32.dll
0x00007ffce8380000 - 0x00007ffce84ab000 	C:\Windows\SYSTEM32\OpenGL32.dll
0x00007ffcf1030000 - 0x00007ffcf105e000 	C:\Windows\SYSTEM32\GLU32.dll
0x00007ffce3640000 - 0x00007ffce3738000 	C:\Windows\SYSTEM32\DDRAW.dll
0x00007ffcf2f10000 - 0x00007ffcf2f19000 	C:\Windows\SYSTEM32\DCIMAN32.dll
0x0000000064500000 - 0x00000000645a0000 	C:\Users\Aran\AppData\Local\Temp\jogamp_0000\file_cache\jln6783066453634429351\jln651614693644759466\jogl_desktop.dll
0x00007ffcf0270000 - 0x00007ffcf02cb000 	C:\Windows\system32\NV\nvoglshim64.dll
0x00007ffcdb1e0000 - 0x00007ffcdba64000 	C:\Windows\system32\ig75icd64.dll
0x00007ffcf6560000 - 0x00007ffcf65a6000 	C:\Windows\SYSTEM32\powrprof.dll
0x0000000077280000 - 0x00000000772c1000 	C:\Program Files\Java\jdk1.8.0_20\jre\bin\t2k.dll
0x00007ffcf5b90000 - 0x00007ffcf5c34000 	C:\Windows\SYSTEM32\DNSAPI.dll
0x00007ffceca10000 - 0x00007ffceca1a000 	C:\Windows\System32\rasadhlp.dll
0x00007ffceea00000 - 0x00007ffceea6b000 	C:\Windows\System32\fwpuclnt.dll
0x00007ffcf3980000 - 0x00007ffcf3b0a000 	C:\Windows\SYSTEM32\dbghelp.dll

VM Arguments:
jvm_args: -Dfile.encoding=UTF-8 
java_command: programmingproject.ProgrammingProject
java_class_path (initial): C:\Users\Aran\Documents\NetBeansProjects\programming-project-group-3\ProgrammingProject\lib\core.jar;C:\Users\Aran\Documents\NetBeansProjects\programming-project-group-3\ProgrammingProject\lib\gluegen-rt-natives-linux-amd64.jar;C:\Users\Aran\Documents\NetBeansProjects\programming-project-group-3\ProgrammingProject\lib\gluegen-rt-natives-linux-armv6hf.jar;C:\Users\Aran\Documents\NetBeansProjects\programming-project-group-3\ProgrammingProject\lib\gluegen-rt-natives-linux-i586.jar;C:\Users\Aran\Documents\NetBeansProjects\programming-project-group-3\ProgrammingProject\lib\gluegen-rt-natives-macosx-universal.jar;C:\Users\Aran\Documents\NetBeansProjects\programming-project-group-3\ProgrammingProject\lib\gluegen-rt-natives-windows-amd64.jar;C:\Users\Aran\Documents\NetBeansProjects\programming-project-group-3\ProgrammingProject\lib\gluegen-rt-natives-windows-i586.jar;C:\Users\Aran\Documents\NetBeansProjects\programming-project-group-3\ProgrammingProject\lib\gluegen-rt.jar;C:\Users\Aran\Documents\NetBeansProjects\programming-project-group-3\ProgrammingProject\lib\jogl-all-natives-linux-amd64.jar;C:\Users\Aran\Documents\NetBeansProjects\programming-project-group-3\ProgrammingProject\lib\jogl-all-natives-linux-armv6hf.jar;C:\Users\Aran\Documents\NetBeansProjects\programming-project-group-3\ProgrammingProject\lib\jogl-all-natives-linux-i586.jar;C:\Users\Aran\Documents\NetBeansProjects\programming-project-group-3\ProgrammingProject\lib\jogl-all-natives-macosx-universal.jar;C:\Users\Aran\Documents\NetBeansProjects\programming-project-group-3\ProgrammingProject\lib\jogl-all-natives-windows-amd64.jar;C:\Users\Aran\Documents\NetBeansProjects\programming-project-group-3\ProgrammingProject\lib\jogl-all-natives-windows-i586.jar;C:\Users\Aran\Documents\NetBeansProjects\programming-project-group-3\ProgrammingProject\lib\jogl-all.jar;C:\Users\Aran\Documents\NetBeansProjects\programming-project-group-3\ProgrammingProject\lib\mysql-connector-java-5.1.34-bin.jar;
Launcher Type: SUN_STANDARD

Environment Variables:
PATH=C:\Users\Aran\Documents\Enviroment Variables;C:\Program Files\Haskell Platform\2014.2.0.0\bin;C:\Program Files\Haskell Platform\2014.2.0.0\lib\extralibs\bin;C:\Program Files\Haskell Platform\2014.2.0.0\bin;C:\Python34;C:\Program Files\Java\jdk1.8.0_20\bin;C:\ProgramData\Oracle\Java\javapath;C:\Windows\system32;C:\Windows;C:\Windows\System32\Wbem;C:\Windows\System32\WindowsPowerShell\v1.0\;C:\Program Files\Haskell Platform\2014.2.0.0\mingw\bin;C:\Program Files (x86)\MiKTeX 2.9\miktex\bin\;C:\Program Files (x86)\Windows Kits\8.1\Windows Performance Toolkit\;C:\Program Files\Microsoft SQL Server\110\Tools\Binn\;C:\Program Files (x86)\Microsoft SDKs\TypeScript\1.0\;C:\Program Files\Microsoft SQL Server\120\Tools\Binn\;C:\Program Files (x86)\Windows Live\Shared;C:\Program Files\MATLAB\R2014b\bin;C:\Program Files (x86)\Git\cmd;C:\Users\Aran\AppData\Roaming\cabal\bin;.;
USERNAME=Aran
OS=Windows_NT
PROCESSOR_IDENTIFIER=Intel64 Family 6 Model 60 Stepping 3, GenuineIntel



---------------  S Y S T E M  ---------------

OS: Windows 8.1 , 64 bit Build 9600 

CPU:total 4 (2 cores per cpu, 2 threads per core) family 6 model 60 stepping 3, cmov, cx8, fxsr, mmx, sse, sse2, sse3, ssse3, sse4.1, sse4.2, popcnt, avx, avx2, aes, clmul, erms, lzcnt, ht, tsc, tscinvbit, bmi1, bmi2

Memory: 4k page, physical 8281560k(3493916k free), swap 15166584k(9247696k free)

vm_info: Java HotSpot(TM) 64-Bit Server VM (25.20-b23) for windows-amd64 JRE (1.8.0_20-b26), built on Jul 30 2014 13:51:23 by "java_re" with MS VC++ 10.0 (VS2010)

time: Sat Mar 21 14:47:22 2015
elapsed time: 178 seconds (0d 0h 2m 58s)

