#
# A fatal error has been detected by the Java Runtime Environment:
#
#  EXCEPTION_ACCESS_VIOLATION (0xc0000005) at pc=0x00007ffcdb6ce24e, pid=2396, tid=5628
#
# JRE version: Java(TM) SE Runtime Environment (8.0_20-b26) (build 1.8.0_20-b26)
# Java VM: Java HotSpot(TM) 64-Bit Server VM (25.20-b23 mixed mode windows-amd64 compressed oops)
# Problematic frame:
# C  [ig75icd64.dll+0x4ee24e]
#
# Failed to write core dump. Minidumps are not enabled by default on client versions of Windows
#
# If you would like to submit a bug report, please visit:
#   http://bugreport.sun.com/bugreport/crash.jsp
# The crash happened outside the Java Virtual Machine in native code.
# See problematic frame for where to report the bug.
#

---------------  T H R E A D  ---------------

Current thread (0x0000000018ee6800):  JavaThread "AWT-EventQueue-0" [_thread_in_native, id=5628, stack(0x000000001b680000,0x000000001b780000)]

siginfo: ExceptionCode=0xc0000005, reading address 0x0000000000000000

Registers:
RAX=0x0000000000000000, RBX=0x000000001be92c50, RCX=0x0000000000000018, RDX=0x000000001bed8a40
RSP=0x000000001b77ce60, RBP=0x0000000000000000, RSI=0x000000001be93070, RDI=0x000000001beb6f50
R8 =0x0000000000000007, R9 =0x0000000000008000, R10=0x000000001e8c7760, R11=0x0000000000000000
R12=0x0000000000000000, R13=0x000000001ca35ca0, R14=0x000000001bed7cc8, R15=0x0000000000000000
RIP=0x00007ffcdb6ce24e, EFLAGS=0x0000000000010246

Top of Stack: (sp=0x000000001b77ce60)
0x000000001b77ce60:   000000001bf63020 000000001bf7f760
0x000000001b77ce70:   000000001be92c50 000000001beb6f50
0x000000001b77ce80:   000000001beb6f50 00007ffcdb353732
0x000000001b77ce90:   000000001bf7f760 000000001beb6f50
0x000000001b77cea0:   0000000000000000 000000001bf63020
0x000000001b77ceb0:   000000001bf7f760 00007ffcdb356d72
0x000000001b77cec0:   0000000000000000 000000001abc10e0
0x000000001b77ced0:   000000001bfe0300 000000001c025700
0x000000001b77cee0:   0000000018ee6800 0000000000000050
0x000000001b77cef0:   000000001c025700 00007ffcdb1f1bee
0x000000001b77cf00:   0000000000000000 000000001ec25830
0x000000001b77cf10:   000000001c025700 000000001c025700
0x000000001b77cf20:   0000000000000008 00007ffcdb34fe68
0x000000001b77cf30:   000000001e8c7760 0000000000000000
0x000000001b77cf40:   0000000000000048 0000000000000009
0x000000001b77cf50:   000000000000000a 00007ffcdb1f1a1e 

Instructions: (pc=0x00007ffcdb6ce24e)
0x00007ffcdb6ce22e:   00 00 00 00 74 0d 48 8b cf 48 83 c4 20 5f e9 df
0x00007ffcdb6ce23e:   01 00 00 48 83 c4 20 5f c3 48 8b 82 78 7c 02 00
0x00007ffcdb6ce24e:   48 8b 08 48 39 4b 10 77 a8 48 8b 82 78 7c 02 00
0x00007ffcdb6ce25e:   48 8b 08 48 39 4b 18 77 98 80 bf f8 00 00 00 00 


Register to memory mapping:

RAX=0x0000000000000000 is an unknown value
RBX=0x000000001be92c50 is an unknown value
RCX=0x0000000000000018 is an unknown value
RDX=0x000000001bed8a40 is an unknown value
RSP=0x000000001b77ce60 is pointing into the stack for thread: 0x0000000018ee6800
RBP=0x0000000000000000 is an unknown value
RSI=0x000000001be93070 is an unknown value
RDI=0x000000001beb6f50 is an unknown value
R8 =0x0000000000000007 is an unknown value
R9 =0x0000000000008000 is an unknown value
R10=0x000000001e8c7760 is an unknown value
R11=0x0000000000000000 is an unknown value
R12=0x0000000000000000 is an unknown value
R13={method} {0x000000001ca35ca8} 'dispatch_wglDeleteContext0' '(JJ)Z' in 'jogamp/opengl/windows/wgl/WGL'
R14=0x000000001bed7cc8 is an unknown value
R15=0x0000000000000000 is an unknown value


Stack: [0x000000001b680000,0x000000001b780000],  sp=0x000000001b77ce60,  free space=1011k
Native frames: (J=compiled Java code, j=interpreted, Vv=VM code, C=native code)

Java frames: (J=compiled Java code, j=interpreted, Vv=VM code)
j  jogamp.opengl.windows.wgl.WGL.dispatch_wglDeleteContext0(JJ)Z+0
j  jogamp.opengl.windows.wgl.WGL.wglDeleteContext(J)Z+37
j  jogamp.opengl.windows.wgl.WindowsWGLContext.destroyImpl()V+10
j  jogamp.opengl.GLContextImpl.destroy()V+503
j  jogamp.opengl.GLDrawableHelper.disposeGL(Ljavax/media/opengl/GLAutoDrawable;Ljavax/media/opengl/GLContext;Z)V+128
j  javax.media.opengl.awt.GLCanvas$7.run()V+167
j  javax.media.opengl.Threading.invoke(ZLjava/lang/Runnable;Ljava/lang/Object;)V+33
j  javax.media.opengl.awt.GLCanvas.destroyImpl(Z)V+9
j  javax.media.opengl.awt.GLCanvas$2.run()V+5
j  com.jogamp.nativewindow.awt.AWTWindowClosingProtocol$WindowClosingAdapter.windowClosing(Ljava/awt/event/WindowEvent;)V+22
j  java.awt.Window.processWindowEvent(Ljava/awt/event/WindowEvent;)V+68
j  javax.swing.JFrame.processWindowEvent(Ljava/awt/event/WindowEvent;)V+2
j  java.awt.Window.processEvent(Ljava/awt/AWTEvent;)V+69
j  java.awt.Component.dispatchEventImpl(Ljava/awt/AWTEvent;)V+589
j  java.awt.Container.dispatchEventImpl(Ljava/awt/AWTEvent;)V+42
j  java.awt.Window.dispatchEventImpl(Ljava/awt/AWTEvent;)V+19
j  java.awt.Component.dispatchEvent(Ljava/awt/AWTEvent;)V+2
j  java.awt.EventQueue.dispatchEventImpl(Ljava/awt/AWTEvent;Ljava/lang/Object;)V+41
j  java.awt.EventQueue.access$400(Ljava/awt/EventQueue;Ljava/awt/AWTEvent;Ljava/lang/Object;)V+3
j  java.awt.EventQueue$3.run()Ljava/lang/Void;+32
j  java.awt.EventQueue$3.run()Ljava/lang/Object;+1
v  ~StubRoutines::call_stub
J 2188  java.security.AccessController.doPrivileged(Ljava/security/PrivilegedAction;Ljava/security/AccessControlContext;)Ljava/lang/Object; (0 bytes) @ 0x000000000288ed26 [0x000000000288ecc0+0x66]
j  java.security.ProtectionDomain$1.doIntersectionPrivilege(Ljava/security/PrivilegedAction;Ljava/security/AccessControlContext;Ljava/security/AccessControlContext;)Ljava/lang/Object;+28
j  java.security.ProtectionDomain$1.doIntersectionPrivilege(Ljava/security/PrivilegedAction;Ljava/security/AccessControlContext;)Ljava/lang/Object;+6
j  java.awt.EventQueue$4.run()Ljava/lang/Void;+11
j  java.awt.EventQueue$4.run()Ljava/lang/Object;+1
v  ~StubRoutines::call_stub
J 2188  java.security.AccessController.doPrivileged(Ljava/security/PrivilegedAction;Ljava/security/AccessControlContext;)Ljava/lang/Object; (0 bytes) @ 0x000000000288ed26 [0x000000000288ecc0+0x66]
J 2521 C1 java.awt.EventQueue.dispatchEvent(Ljava/awt/AWTEvent;)V (80 bytes) @ 0x00000000029c4c74 [0x00000000029c3fc0+0xcb4]
j  java.awt.EventDispatchThread.pumpOneEventForFilters(I)V+245
j  java.awt.EventDispatchThread.pumpEventsForFilter(ILjava/awt/Conditional;Ljava/awt/EventFilter;)V+35
j  java.awt.EventDispatchThread.pumpEventsForHierarchy(ILjava/awt/Conditional;Ljava/awt/Component;)V+11
j  java.awt.EventDispatchThread.pumpEvents(ILjava/awt/Conditional;)V+4
j  java.awt.EventDispatchThread.pumpEvents(Ljava/awt/Conditional;)V+3
j  java.awt.EventDispatchThread.run()V+9
v  ~StubRoutines::call_stub

---------------  P R O C E S S  ---------------

Java Threads: ( => current thread )
  0x000000001ce32000 JavaThread "Abandoned connection cleanup thread" daemon [_thread_blocked, id=5280, stack(0x0000000020b20000,0x0000000020c20000)]
  0x000000001cd25800 JavaThread "Animation Thread-SharedResourceRunner" daemon [_thread_blocked, id=5544, stack(0x000000001da90000,0x000000001db90000)]
  0x000000000212e000 JavaThread "DestroyJavaVM" [_thread_blocked, id=6120, stack(0x0000000001f50000,0x0000000002050000)]
  0x0000000018f00800 JavaThread "Animation Thread" [_thread_blocked, id=4036, stack(0x000000001c5c0000,0x000000001c6c0000)]
  0x0000000018efa800 JavaThread "D3D Screen Updater" daemon [_thread_blocked, id=5444, stack(0x000000001b880000,0x000000001b980000)]
=>0x0000000018ee6800 JavaThread "AWT-EventQueue-0" [_thread_in_native, id=5628, stack(0x000000001b680000,0x000000001b780000)]
  0x0000000018e85000 JavaThread "AWT-Windows" daemon [_thread_in_native, id=388, stack(0x0000000019800000,0x0000000019900000)]
  0x00000000189ce800 JavaThread "AWT-Shutdown" [_thread_blocked, id=96, stack(0x0000000019700000,0x0000000019800000)]
  0x00000000189cd800 JavaThread "Java2D Disposer" daemon [_thread_blocked, id=5712, stack(0x0000000019600000,0x0000000019700000)]
  0x0000000016dce800 JavaThread "Service Thread" daemon [_thread_blocked, id=1052, stack(0x00000000189d0000,0x0000000018ad0000)]
  0x0000000016d90800 JavaThread "C1 CompilerThread2" daemon [_thread_blocked, id=2156, stack(0x00000000184d0000,0x00000000185d0000)]
  0x0000000016d75800 JavaThread "C2 CompilerThread1" daemon [_thread_blocked, id=5436, stack(0x00000000183d0000,0x00000000184d0000)]
  0x0000000016d6e800 JavaThread "C2 CompilerThread0" daemon [_thread_blocked, id=3364, stack(0x00000000182d0000,0x00000000183d0000)]
  0x0000000016d6c800 JavaThread "Attach Listener" daemon [_thread_blocked, id=5884, stack(0x00000000181d0000,0x00000000182d0000)]
  0x0000000016d6b000 JavaThread "Signal Dispatcher" daemon [_thread_blocked, id=4500, stack(0x00000000180d0000,0x00000000181d0000)]
  0x0000000002227000 JavaThread "Finalizer" daemon [_thread_blocked, id=5600, stack(0x0000000017fd0000,0x00000000180d0000)]
  0x000000000221e000 JavaThread "Reference Handler" daemon [_thread_blocked, id=4840, stack(0x0000000017ed0000,0x0000000017fd0000)]

Other Threads:
  0x0000000016d35800 VMThread [stack: 0x0000000017dd0000,0x0000000017ed0000] [id=3668]
  0x0000000018603000 WatcherThread [stack: 0x0000000018ad0000,0x0000000018bd0000] [id=80]

VM state:not at safepoint (normal execution)

VM Mutex/Monitor currently owned by a thread: None

Heap:
 PSYoungGen      total 160768K, used 26713K [0x00000000d5e00000, 0x00000000e1c00000, 0x0000000100000000)
  eden space 136192K, 1% used [0x00000000d5e00000,0x00000000d6028210,0x00000000de300000)
  from space 24576K, 99% used [0x00000000dff00000,0x00000000e16ee550,0x00000000e1700000)
  to   space 28672K, 0% used [0x00000000de300000,0x00000000de300000,0x00000000dff00000)
 ParOldGen       total 93696K, used 68318K [0x0000000081a00000, 0x0000000087580000, 0x00000000d5e00000)
  object space 93696K, 72% used [0x0000000081a00000,0x0000000085cb7860,0x0000000087580000)
 Metaspace       used 21971K, capacity 22203K, committed 22448K, reserved 1069056K
  class space    used 2104K, capacity 2178K, committed 2304K, reserved 1048576K

Card table byte_map: [0x00000000115f0000,0x00000000119f0000] byte_map_base: 0x00000000111e3000

Marking Bits: (ParMarkBitMap*) 0x0000000077e1b460
 Begin Bits: [0x00000000120a0000, 0x0000000014038000)
 End Bits:   [0x0000000014038000, 0x0000000015fd0000)

Polling page: 0x00000000006b0000

CodeCache: size=245760Kb used=7832Kb max_used=7832Kb free=237927Kb
 bounds [0x0000000002230000, 0x00000000029e0000, 0x0000000011230000]
 total_blobs=3282 nmethods=2314 adapters=881
 compilation: enabled

Compilation events (10 events):
Event: 30.496 Thread 0x0000000016d90800 2568       3       processing.core.PApplet::max (47 bytes)
Event: 30.497 Thread 0x0000000016d90800 nmethod 2568 0x00000000029ddad0 code [0x00000000029ddc60, 0x00000000029ddfc8]
Event: 30.497 Thread 0x0000000016d90800 2569       3       java.util.AbstractCollection::retainAll (49 bytes)
Event: 30.599 Thread 0x0000000016d90800 nmethod 2569 0x00000000029de150 code [0x00000000029de340, 0x00000000029deab8]
Event: 30.599 Thread 0x0000000016d90800 2570       3       java.util.Collections::sort (8 bytes)
Event: 30.602 Thread 0x0000000016d90800 nmethod 2570 0x00000000029ded50 code [0x00000000029deec0, 0x00000000029df0c8]
Event: 30.620 Thread 0x0000000016d90800 2572       3       java.util.zip.Inflater::finalize (5 bytes)
Event: 30.621 Thread 0x0000000016d90800 nmethod 2572 0x00000000029df190 code [0x00000000029df300, 0x00000000029df4a8]
Event: 30.621 Thread 0x0000000016d90800 2573   !   3       java.util.zip.Inflater::end (50 bytes)
Event: 30.625 Thread 0x0000000016d90800 nmethod 2573 0x00000000029df550 code [0x00000000029df6e0, 0x00000000029dfb48]

GC Heap History (10 events):
Event: 9.555 GC heap before
{Heap before GC invocations=5 (full 1):
 PSYoungGen      total 71680K, used 66560K [0x00000000d5e00000, 0x00000000dea00000, 0x0000000100000000)
  eden space 66560K, 100% used [0x00000000d5e00000,0x00000000d9f00000,0x00000000d9f00000)
  from space 5120K, 0% used [0x00000000d9f00000,0x00000000d9f00000,0x00000000da400000)
  to   space 5120K, 0% used [0x00000000de500000,0x00000000de500000,0x00000000dea00000)
 ParOldGen       total 93696K, used 21693K [0x0000000081a00000, 0x0000000087580000, 0x00000000d5e00000)
  object space 93696K, 23% used [0x0000000081a00000,0x0000000082f2f400,0x0000000087580000)
 Metaspace       used 21386K, capacity 21597K, committed 21808K, reserved 1069056K
  class space    used 2097K, capacity 2173K, committed 2176K, reserved 1048576K
Event: 9.573 GC heap after
Heap after GC invocations=5 (full 1):
 PSYoungGen      total 87040K, used 5101K [0x00000000d5e00000, 0x00000000dea00000, 0x0000000100000000)
  eden space 81920K, 0% used [0x00000000d5e00000,0x00000000d5e00000,0x00000000dae00000)
  from space 5120K, 99% used [0x00000000de500000,0x00000000de9fb440,0x00000000dea00000)
  to   space 5120K, 0% used [0x00000000de000000,0x00000000de000000,0x00000000de500000)
 ParOldGen       total 93696K, used 25596K [0x0000000081a00000, 0x0000000087580000, 0x00000000d5e00000)
  object space 93696K, 27% used [0x0000000081a00000,0x00000000832ff260,0x0000000087580000)
 Metaspace       used 21386K, capacity 21597K, committed 21808K, reserved 1069056K
  class space    used 2097K, capacity 2173K, committed 2176K, reserved 1048576K
}
Event: 11.521 GC heap before
{Heap before GC invocations=6 (full 1):
 PSYoungGen      total 87040K, used 86894K [0x00000000d5e00000, 0x00000000dea00000, 0x0000000100000000)
  eden space 81920K, 99% used [0x00000000d5e00000,0x00000000dade0748,0x00000000dae00000)
  from space 5120K, 99% used [0x00000000de500000,0x00000000de9fb440,0x00000000dea00000)
  to   space 5120K, 0% used [0x00000000de000000,0x00000000de000000,0x00000000de500000)
 ParOldGen       total 93696K, used 25596K [0x0000000081a00000, 0x0000000087580000, 0x00000000d5e00000)
  object space 93696K, 27% used [0x0000000081a00000,0x00000000832ff260,0x0000000087580000)
 Metaspace       used 21572K, capacity 21749K, committed 21936K, reserved 1069056K
  class space    used 2101K, capacity 2177K, committed 2304K, reserved 1048576K
Event: 11.547 GC heap after
Heap after GC invocations=6 (full 1):
 PSYoungGen      total 103424K, used 5104K [0x00000000d5e00000, 0x00000000de580000, 0x0000000100000000)
  eden space 98304K, 0% used [0x00000000d5e00000,0x00000000d5e00000,0x00000000dbe00000)
  from space 5120K, 99% used [0x00000000de000000,0x00000000de4fc130,0x00000000de500000)
  to   space 512K, 0% used [0x00000000de500000,0x00000000de500000,0x00000000de580000)
 ParOldGen       total 93696K, used 34721K [0x0000000081a00000, 0x0000000087580000, 0x00000000d5e00000)
  object space 93696K, 37% used [0x0000000081a00000,0x0000000083be87a0,0x0000000087580000)
 Metaspace       used 21572K, capacity 21749K, committed 21936K, reserved 1069056K
  class space    used 2101K, capacity 2177K, committed 2304K, reserved 1048576K
}
Event: 14.533 GC heap before
{Heap before GC invocations=7 (full 1):
 PSYoungGen      total 103424K, used 95827K [0x00000000d5e00000, 0x00000000de580000, 0x0000000100000000)
  eden space 98304K, 92% used [0x00000000d5e00000,0x00000000db698b50,0x00000000dbe00000)
  from space 5120K, 99% used [0x00000000de000000,0x00000000de4fc130,0x00000000de500000)
  to   space 512K, 0% used [0x00000000de500000,0x00000000de500000,0x00000000de580000)
 ParOldGen       total 93696K, used 34721K [0x0000000081a00000, 0x0000000087580000, 0x00000000d5e00000)
  object space 93696K, 37% used [0x0000000081a00000,0x0000000083be87a0,0x0000000087580000)
 Metaspace       used 21700K, capacity 21883K, committed 22192K, reserved 1069056K
  class space    used 2104K, capacity 2178K, committed 2304K, reserved 1048576K
Event: 14.597 GC heap after
Heap after GC invocations=7 (full 1):
 PSYoungGen      total 117760K, used 480K [0x00000000d5e00000, 0x00000000dfa80000, 0x0000000100000000)
  eden space 117248K, 0% used [0x00000000d5e00000,0x00000000d5e00000,0x00000000dd080000)
  from space 512K, 93% used [0x00000000de500000,0x00000000de578010,0x00000000de580000)
  to   space 20992K, 0% used [0x00000000dd080000,0x00000000dd080000,0x00000000de500000)
 ParOldGen       total 93696K, used 50893K [0x0000000081a00000, 0x0000000087580000, 0x00000000d5e00000)
  object space 93696K, 54% used [0x0000000081a00000,0x0000000084bb3420,0x0000000087580000)
 Metaspace       used 21700K, capacity 21883K, committed 22192K, reserved 1069056K
  class space    used 2104K, capacity 2178K, committed 2304K, reserved 1048576K
}
Event: 17.794 GC heap before
{Heap before GC invocations=8 (full 1):
 PSYoungGen      total 117760K, used 117728K [0x00000000d5e00000, 0x00000000dfa80000, 0x0000000100000000)
  eden space 117248K, 100% used [0x00000000d5e00000,0x00000000dd080000,0x00000000dd080000)
  from space 512K, 93% used [0x00000000de500000,0x00000000de578010,0x00000000de580000)
  to   space 20992K, 0% used [0x00000000dd080000,0x00000000dd080000,0x00000000de500000)
 ParOldGen       total 93696K, used 50893K [0x0000000081a00000, 0x0000000087580000, 0x00000000d5e00000)
  object space 93696K, 54% used [0x0000000081a00000,0x0000000084bb3420,0x0000000087580000)
 Metaspace       used 21815K, capacity 22011K, committed 22192K, reserved 1069056K
  class space    used 2104K, capacity 2178K, committed 2304K, reserved 1048576K
Event: 17.853 GC heap after
Heap after GC invocations=8 (full 1):
 PSYoungGen      total 138240K, used 20940K [0x00000000d5e00000, 0x00000000e1700000, 0x0000000100000000)
  eden space 117248K, 0% used [0x00000000d5e00000,0x00000000d5e00000,0x00000000dd080000)
  from space 20992K, 99% used [0x00000000dd080000,0x00000000de4f3150,0x00000000de500000)
  to   space 24576K, 0% used [0x00000000dff00000,0x00000000dff00000,0x00000000e1700000)
 ParOldGen       total 93696K, used 56021K [0x0000000081a00000, 0x0000000087580000, 0x00000000d5e00000)
  object space 93696K, 59% used [0x0000000081a00000,0x00000000850b5560,0x0000000087580000)
 Metaspace       used 21815K, capacity 22011K, committed 22192K, reserved 1069056K
  class space    used 2104K, capacity 2178K, committed 2304K, reserved 1048576K
}
Event: 30.498 GC heap before
{Heap before GC invocations=9 (full 1):
 PSYoungGen      total 138240K, used 138188K [0x00000000d5e00000, 0x00000000e1700000, 0x0000000100000000)
  eden space 117248K, 100% used [0x00000000d5e00000,0x00000000dd080000,0x00000000dd080000)
  from space 20992K, 99% used [0x00000000dd080000,0x00000000de4f3150,0x00000000de500000)
  to   space 24576K, 0% used [0x00000000dff00000,0x00000000dff00000,0x00000000e1700000)
 ParOldGen       total 93696K, used 56021K [0x0000000081a00000, 0x0000000087580000, 0x00000000d5e00000)
  object space 93696K, 59% used [0x0000000081a00000,0x00000000850b5560,0x0000000087580000)
 Metaspace       used 21970K, capacity 22203K, committed 22448K, reserved 1069056K
  class space    used 2104K, capacity 2178K, committed 2304K, reserved 1048576K
Event: 30.596 GC heap after
Heap after GC invocations=9 (full 1):
 PSYoungGen      total 160768K, used 24505K [0x00000000d5e00000, 0x00000000e1c00000, 0x0000000100000000)
  eden space 136192K, 0% used [0x00000000d5e00000,0x00000000d5e00000,0x00000000de300000)
  from space 24576K, 99% used [0x00000000dff00000,0x00000000e16ee550,0x00000000e1700000)
  to   space 28672K, 0% used [0x00000000de300000,0x00000000de300000,0x00000000dff00000)
 ParOldGen       total 93696K, used 68318K [0x0000000081a00000, 0x0000000087580000, 0x00000000d5e00000)
  object space 93696K, 72% used [0x0000000081a00000,0x0000000085cb7860,0x0000000087580000)
 Metaspace       used 21970K, capacity 22203K, committed 22448K, reserved 1069056K
  class space    used 2104K, capacity 2178K, committed 2304K, reserved 1048576K
}

Deoptimization events (10 events):
Event: 4.693 Thread 0x0000000018ee6800 Uncommon trap: reason=predicate action=maybe_recompile pc=0x00000000025909f0 method=java.util.ArrayList.indexOf(Ljava/lang/Object;)I @ 44
Event: 6.976 Thread 0x00000000194f0000 Uncommon trap: reason=predicate action=maybe_recompile pc=0x0000000002670680 method=sun.awt.image.PNGImageDecoder.produceImage()V @ 960
Event: 7.127 Thread 0x0000000018ee6800 Uncommon trap: reason=class_check action=maybe_recompile pc=0x0000000002659314 method=com.jogamp.common.nio.Buffers.getDirectBufferByteOffset(Ljava/lang/Object;)I @ 42
Event: 7.889 Thread 0x0000000018ee6800 Uncommon trap: reason=class_check action=maybe_recompile pc=0x0000000002659314 method=com.jogamp.common.nio.Buffers.getDirectBufferByteOffset(Ljava/lang/Object;)I @ 42
Event: 7.952 Thread 0x0000000018ee6800 Uncommon trap: reason=class_check action=maybe_recompile pc=0x0000000002659314 method=com.jogamp.common.nio.Buffers.getDirectBufferByteOffset(Ljava/lang/Object;)I @ 42
Event: 8.032 Thread 0x0000000018ee6800 Uncommon trap: reason=class_check action=maybe_recompile pc=0x0000000002659314 method=com.jogamp.common.nio.Buffers.getDirectBufferByteOffset(Ljava/lang/Object;)I @ 42
Event: 8.154 Thread 0x000000001925f800 Uncommon trap: reason=bimorphic action=maybe_recompile pc=0x00000000026bf12c method=java.io.BufferedInputStream.read1([BII)I @ 39
Event: 8.163 Thread 0x0000000019266000 Uncommon trap: reason=bimorphic action=maybe_recompile pc=0x00000000026bf12c method=java.io.BufferedInputStream.read1([BII)I @ 39
Event: 8.166 Thread 0x0000000019266000 Uncommon trap: reason=bimorphic action=maybe_recompile pc=0x00000000026bf12c method=java.io.BufferedInputStream.read1([BII)I @ 39
Event: 8.177 Thread 0x0000000019264800 Uncommon trap: reason=bimorphic action=maybe_recompile pc=0x00000000026bf12c method=java.io.BufferedInputStream.read1([BII)I @ 39

Internal exceptions (10 events):
Event: 4.691 Thread 0x0000000018ee6800 Exception <a 'java/security/PrivilegedActionException'> (0x00000000d7b83d60) thrown at [D:\re\workspace\8-2-build-windows-amd64-cygwin\jdk8u20\1074\hotspot\src\share\vm\prims\jvm.cpp, line 1275]
Event: 4.691 Thread 0x0000000018ee6800 Exception <a 'java/security/PrivilegedActionException'> (0x00000000d7b88960) thrown at [D:\re\workspace\8-2-build-windows-amd64-cygwin\jdk8u20\1074\hotspot\src\share\vm\prims\jvm.cpp, line 1275]
Event: 4.693 Thread 0x0000000018ee6800 Exception <a 'java/security/PrivilegedActionException'> (0x00000000d7b90950) thrown at [D:\re\workspace\8-2-build-windows-amd64-cygwin\jdk8u20\1074\hotspot\src\share\vm\prims\jvm.cpp, line 1275]
Event: 4.779 Thread 0x0000000018ee6800 Exception <a 'java/security/PrivilegedActionException'> (0x00000000d5eb07e0) thrown at [D:\re\workspace\8-2-build-windows-amd64-cygwin\jdk8u20\1074\hotspot\src\share\vm\prims\jvm.cpp, line 1275]
Event: 5.272 Thread 0x0000000018ee6800 Exception <a 'java/security/PrivilegedActionException'> (0x00000000d61bddd8) thrown at [D:\re\workspace\8-2-build-windows-amd64-cygwin\jdk8u20\1074\hotspot\src\share\vm\prims\jvm.cpp, line 1275]
Event: 5.273 Thread 0x0000000018ee6800 Exception <a 'java/security/PrivilegedActionException'> (0x00000000d61c14d8) thrown at [D:\re\workspace\8-2-build-windows-amd64-cygwin\jdk8u20\1074\hotspot\src\share\vm\prims\jvm.cpp, line 1275]
Event: 5.968 Thread 0x0000000018ee6800 Exception <a 'java/security/PrivilegedActionException'> (0x00000000d6e3e420) thrown at [D:\re\workspace\8-2-build-windows-amd64-cygwin\jdk8u20\1074\hotspot\src\share\vm\prims\jvm.cpp, line 1275]
Event: 6.976 Thread 0x00000000194f0000 Implicit null exception at 0x000000000266c89a to 0x0000000002670604
Event: 7.717 Thread 0x0000000018ee6800 Exception <a 'java/security/PrivilegedActionException'> (0x00000000d6386620) thrown at [D:\re\workspace\8-2-build-windows-amd64-cygwin\jdk8u20\1074\hotspot\src\share\vm\prims\jvm.cpp, line 1275]
Event: 7.824 Thread 0x0000000018ee6800 Exception <a 'java/security/PrivilegedActionException'> (0x00000000d638f6c0) thrown at [D:\re\workspace\8-2-build-windows-amd64-cygwin\jdk8u20\1074\hotspot\src\share\vm\prims\jvm.cpp, line 1275]

Events (10 events):
Event: 25.308 Thread 0x00000000194f0000 Thread exited: 0x00000000194f0000
Event: 25.960 Thread 0x0000000018ee6800 DEOPT PACKING pc=0x000000000281cd09 sp=0x000000001b77dc90
Event: 25.960 Thread 0x0000000018ee6800 DEOPT UNPACKING pc=0x00000000022775bf sp=0x000000001b77da10 mode 0
Event: 26.963 Thread 0x0000000019263000 Thread exited: 0x0000000019263000
Event: 28.132 Executing VM operation: RevokeBias
Event: 28.132 Executing VM operation: RevokeBias done
Event: 29.360 Executing VM operation: RevokeBias
Event: 29.361 Executing VM operation: RevokeBias done
Event: 30.498 Executing VM operation: ParallelGCFailedAllocation
Event: 30.596 Executing VM operation: ParallelGCFailedAllocation done


Dynamic libraries:
0x00007ff698ed0000 - 0x00007ff698f04000 	C:\Program Files\Java\jdk1.8.0_20\jre\bin\java.exe
0x00007ffcf9470000 - 0x00007ffcf961c000 	C:\Windows\SYSTEM32\ntdll.dll
0x00007ffcf76d0000 - 0x00007ffcf780e000 	C:\Windows\system32\KERNEL32.DLL
0x00007ffcf69d0000 - 0x00007ffcf6ae5000 	C:\Windows\system32\KERNELBASE.dll
0x00007ffcf25c0000 - 0x00007ffcf264e000 	C:\Windows\system32\apphelp.dll
0x00007ffcf13d0000 - 0x00007ffcf1423000 	C:\Windows\AppPatch\AppPatch64\AcGenral.DLL
0x00007ffcf6b60000 - 0x00007ffcf6c0a000 	C:\Windows\system32\msvcrt.dll
0x00007ffcf63f0000 - 0x00007ffcf641e000 	C:\Windows\SYSTEM32\SspiCli.dll
0x00007ffcf7b50000 - 0x00007ffcf7ba4000 	C:\Windows\system32\SHLWAPI.dll
0x00007ffcf9290000 - 0x00007ffcf9407000 	C:\Windows\system32\USER32.dll
0x00007ffcf7330000 - 0x00007ffcf74c4000 	C:\Windows\system32\ole32.dll
0x00007ffcf7d70000 - 0x00007ffcf9288000 	C:\Windows\system32\SHELL32.dll
0x00007ffcf5d80000 - 0x00007ffcf5da1000 	C:\Windows\SYSTEM32\USERENV.dll
0x00007ffcf7610000 - 0x00007ffcf76ba000 	C:\Windows\system32\ADVAPI32.dll
0x00007ffce98e0000 - 0x00007ffce98fe000 	C:\Windows\SYSTEM32\MPR.dll
0x00007ffcf7000000 - 0x00007ffcf7141000 	C:\Windows\system32\RPCRT4.dll
0x00007ffcf6af0000 - 0x00007ffcf6b49000 	C:\Windows\SYSTEM32\sechost.dll
0x00007ffcf6de0000 - 0x00007ffcf6ff1000 	C:\Windows\SYSTEM32\combase.dll
0x00007ffcf6c80000 - 0x00007ffcf6dd1000 	C:\Windows\system32\GDI32.dll
0x00007ffcf65c0000 - 0x00007ffcf65d5000 	C:\Windows\SYSTEM32\profapi.dll
0x00007ffcf5110000 - 0x00007ffcf51c2000 	C:\Windows\SYSTEM32\SHCORE.dll
0x00007ffcf9430000 - 0x00007ffcf9466000 	C:\Windows\system32\IMM32.DLL
0x00007ffcf7c10000 - 0x00007ffcf7d61000 	C:\Windows\system32\MSCTF.dll
0x00007ffcf46c0000 - 0x00007ffcf493b000 	C:\Windows\WinSxS\amd64_microsoft.windows.common-controls_6595b64144ccf1df_6.0.9600.17415_none_6240486fecbd8abb\COMCTL32.dll
0x0000000077560000 - 0x0000000077632000 	C:\Program Files\Java\jdk1.8.0_20\jre\bin\msvcr100.dll
0x0000000077640000 - 0x0000000077e98000 	C:\Program Files\Java\jdk1.8.0_20\jre\bin\server\jvm.dll
0x00007ffcda860000 - 0x00007ffcda869000 	C:\Windows\SYSTEM32\WSOCK32.dll
0x00007ffcf4d30000 - 0x00007ffcf4d52000 	C:\Windows\SYSTEM32\WINMM.dll
0x00007ffcf76c0000 - 0x00007ffcf76c7000 	C:\Windows\system32\PSAPI.DLL
0x00007ffcf6c20000 - 0x00007ffcf6c7a000 	C:\Windows\system32\WS2_32.dll
0x00007ffcf3fc0000 - 0x00007ffcf3fea000 	C:\Windows\SYSTEM32\WINMMBASE.dll
0x00007ffcf6b50000 - 0x00007ffcf6b59000 	C:\Windows\system32\NSI.dll
0x00007ffcf67a0000 - 0x00007ffcf67ef000 	C:\Windows\SYSTEM32\cfgmgr32.dll
0x00007ffcf53b0000 - 0x00007ffcf53d8000 	C:\Windows\SYSTEM32\DEVOBJ.dll
0x0000000077550000 - 0x000000007755f000 	C:\Program Files\Java\jdk1.8.0_20\jre\bin\verify.dll
0x0000000077520000 - 0x0000000077548000 	C:\Program Files\Java\jdk1.8.0_20\jre\bin\java.dll
0x0000000077500000 - 0x0000000077516000 	C:\Program Files\Java\jdk1.8.0_20\jre\bin\zip.dll
0x0000000077320000 - 0x00000000774b8000 	C:\Program Files\Java\jdk1.8.0_20\jre\bin\awt.dll
0x00007ffcf7540000 - 0x00007ffcf7601000 	C:\Windows\system32\OLEAUT32.dll
0x00007ffcf4970000 - 0x00007ffcf4991000 	C:\Windows\system32\DWMAPI.DLL
0x00007ffcf5230000 - 0x00007ffcf5359000 	C:\Windows\system32\uxtheme.dll
0x00007ffcf5400000 - 0x00007ffcf540b000 	C:\Windows\SYSTEM32\kernel.appcore.dll
0x00007ffcf6490000 - 0x00007ffcf649b000 	C:\Windows\SYSTEM32\CRYPTBASE.dll
0x00007ffcf6420000 - 0x00007ffcf6483000 	C:\Windows\SYSTEM32\bcryptPrimitives.dll
0x00007ffcea560000 - 0x00007ffcea781000 	C:\Windows\system32\d3d9.dll
0x00007ffcf4b50000 - 0x00007ffcf4b5a000 	C:\Windows\SYSTEM32\VERSION.dll
0x00007ffcf3c50000 - 0x00007ffcf3db4000 	C:\Windows\SYSTEM32\nvumdshimx.dll
0x00007ffcf7150000 - 0x00007ffcf732a000 	C:\Windows\system32\SETUPAPI.dll
0x00007ffcf4fd0000 - 0x00007ffcf5002000 	C:\Windows\SYSTEM32\nvinitx.dll
0x00007ffcd6d70000 - 0x00007ffcd808f000 	C:\Windows\system32\igdumdim64.dll
0x00007ffceacc0000 - 0x00007ffceb645000 	C:\Windows\SYSTEM32\igdusc64.dll
0x00000000772d0000 - 0x0000000077317000 	C:\Program Files\Java\jdk1.8.0_20\jre\bin\fontmanager.dll
0x00007ffcf5ff0000 - 0x00007ffcf6010000 	C:\Windows\SYSTEM32\CRYPTSP.dll
0x00007ffcf5a70000 - 0x00007ffcf5aa6000 	C:\Windows\system32\rsaenh.dll
0x00007ffcf60e0000 - 0x00007ffcf6106000 	C:\Windows\SYSTEM32\bcrypt.dll
0x00000000774e0000 - 0x00000000774fa000 	C:\Program Files\Java\jdk1.8.0_20\jre\bin\net.dll
0x00007ffcf5d20000 - 0x00007ffcf5d79000 	C:\Windows\system32\mswsock.dll
0x00007ffcf2750000 - 0x00007ffcf277a000 	C:\Windows\SYSTEM32\IPHLPAPI.DLL
0x00007ffcf2740000 - 0x00007ffcf274a000 	C:\Windows\SYSTEM32\WINNSI.DLL
0x00007ffcee930000 - 0x00007ffcee946000 	C:\Windows\SYSTEM32\dhcpcsvc6.DLL
0x00007ffceeb30000 - 0x00007ffceeb4a000 	C:\Windows\SYSTEM32\dhcpcsvc.DLL
0x00000000774c0000 - 0x00000000774d1000 	C:\Program Files\Java\jdk1.8.0_20\jre\bin\nio.dll
0x00000000637c0000 - 0x00000000637cd000 	C:\Users\Aran\AppData\Local\Temp\jogamp_0000\file_cache\jln3835078578113082391\jln4166253736672927975\gluegen-rt.dll
0x0000000077230000 - 0x0000000077237000 	C:\Program Files\Java\jdk1.8.0_20\jre\bin\jawt.dll
0x000000006a440000 - 0x000000006a44d000 	C:\Users\Aran\AppData\Local\Temp\jogamp_0000\file_cache\jln3835078578113082391\jln4166253736672927975\nativewindow_awt.dll
0x000000006c100000 - 0x000000006c10f000 	C:\Users\Aran\AppData\Local\Temp\jogamp_0000\file_cache\jln3835078578113082391\jln4166253736672927975\nativewindow_win32.dll
0x00007ffce8f10000 - 0x00007ffce903b000 	C:\Windows\SYSTEM32\OpenGL32.dll
0x00007ffcf2f10000 - 0x00007ffcf2f3e000 	C:\Windows\SYSTEM32\GLU32.dll
0x00007ffceab10000 - 0x00007ffceac08000 	C:\Windows\SYSTEM32\DDRAW.dll
0x00007ffcf1d10000 - 0x00007ffcf1d19000 	C:\Windows\SYSTEM32\DCIMAN32.dll
0x0000000064500000 - 0x00000000645a0000 	C:\Users\Aran\AppData\Local\Temp\jogamp_0000\file_cache\jln3835078578113082391\jln4166253736672927975\jogl_desktop.dll
0x00007ffcf1100000 - 0x00007ffcf115b000 	C:\Windows\system32\NV\nvoglshim64.dll
0x00007ffcdb1e0000 - 0x00007ffcdba64000 	C:\Windows\system32\ig75icd64.dll
0x00007ffcf6560000 - 0x00007ffcf65a6000 	C:\Windows\SYSTEM32\powrprof.dll
0x0000000077280000 - 0x00000000772c1000 	C:\Program Files\Java\jdk1.8.0_20\jre\bin\t2k.dll
0x00007ffcf5b90000 - 0x00007ffcf5c34000 	C:\Windows\SYSTEM32\DNSAPI.dll
0x00007ffceca10000 - 0x00007ffceca1a000 	C:\Windows\System32\rasadhlp.dll
0x00007ffceea00000 - 0x00007ffceea6b000 	C:\Windows\System32\fwpuclnt.dll
0x00007ffcf3980000 - 0x00007ffcf3b0a000 	C:\Windows\SYSTEM32\dbghelp.dll

VM Arguments:
jvm_args: -Dfile.encoding=UTF-8 
java_command: programmingproject.ProgrammingProject
java_class_path (initial): C:\Users\Aran\Documents\NetBeansProjects\programming-project-group-3\ProgrammingProject\lib\core.jar;C:\Users\Aran\Documents\NetBeansProjects\programming-project-group-3\ProgrammingProject\lib\gluegen-rt-natives-linux-amd64.jar;C:\Users\Aran\Documents\NetBeansProjects\programming-project-group-3\ProgrammingProject\lib\gluegen-rt-natives-linux-armv6hf.jar;C:\Users\Aran\Documents\NetBeansProjects\programming-project-group-3\ProgrammingProject\lib\gluegen-rt-natives-linux-i586.jar;C:\Users\Aran\Documents\NetBeansProjects\programming-project-group-3\ProgrammingProject\lib\gluegen-rt-natives-macosx-universal.jar;C:\Users\Aran\Documents\NetBeansProjects\programming-project-group-3\ProgrammingProject\lib\gluegen-rt-natives-windows-amd64.jar;C:\Users\Aran\Documents\NetBeansProjects\programming-project-group-3\ProgrammingProject\lib\gluegen-rt-natives-windows-i586.jar;C:\Users\Aran\Documents\NetBeansProjects\programming-project-group-3\ProgrammingProject\lib\gluegen-rt.jar;C:\Users\Aran\Documents\NetBeansProjects\programming-project-group-3\ProgrammingProject\lib\jogl-all-natives-linux-amd64.jar;C:\Users\Aran\Documents\NetBeansProjects\programming-project-group-3\ProgrammingProject\lib\jogl-all-natives-linux-armv6hf.jar;C:\Users\Aran\Documents\NetBeansProjects\programming-project-group-3\ProgrammingProject\lib\jogl-all-natives-linux-i586.jar;C:\Users\Aran\Documents\NetBeansProjects\programming-project-group-3\ProgrammingProject\lib\jogl-all-natives-macosx-universal.jar;C:\Users\Aran\Documents\NetBeansProjects\programming-project-group-3\ProgrammingProject\lib\jogl-all-natives-windows-amd64.jar;C:\Users\Aran\Documents\NetBeansProjects\programming-project-group-3\ProgrammingProject\lib\jogl-all-natives-windows-i586.jar;C:\Users\Aran\Documents\NetBeansProjects\programming-project-group-3\ProgrammingProject\lib\jogl-all.jar;C:\Users\Aran\Documents\NetBeansProjects\programming-project-group-3\ProgrammingProject\lib\mysql-connector-java-5.1.34-bin.jar;
Launcher Type: SUN_STANDARD

Environment Variables:
PATH=C:\Users\Aran\Documents\Enviroment Variables;C:\Program Files\Haskell Platform\2014.2.0.0\bin;C:\Program Files\Haskell Platform\2014.2.0.0\lib\extralibs\bin;C:\Program Files\Haskell Platform\2014.2.0.0\bin;C:\Python34;C:\Program Files\Java\jdk1.8.0_20\bin;C:\ProgramData\Oracle\Java\javapath;C:\Windows\system32;C:\Windows;C:\Windows\System32\Wbem;C:\Windows\System32\WindowsPowerShell\v1.0\;C:\Program Files\Haskell Platform\2014.2.0.0\mingw\bin;C:\Program Files (x86)\MiKTeX 2.9\miktex\bin\;C:\Program Files (x86)\Windows Kits\8.1\Windows Performance Toolkit\;C:\Program Files\Microsoft SQL Server\110\Tools\Binn\;C:\Program Files (x86)\Microsoft SDKs\TypeScript\1.0\;C:\Program Files\Microsoft SQL Server\120\Tools\Binn\;C:\Program Files (x86)\Windows Live\Shared;C:\Program Files\MATLAB\R2014b\bin;C:\Program Files (x86)\Git\cmd;C:\Users\Aran\AppData\Roaming\cabal\bin;.;
USERNAME=Aran
OS=Windows_NT
PROCESSOR_IDENTIFIER=Intel64 Family 6 Model 60 Stepping 3, GenuineIntel



---------------  S Y S T E M  ---------------

OS: Windows 8.1 , 64 bit Build 9600 

CPU:total 4 (2 cores per cpu, 2 threads per core) family 6 model 60 stepping 3, cmov, cx8, fxsr, mmx, sse, sse2, sse3, ssse3, sse4.1, sse4.2, popcnt, avx, avx2, aes, clmul, erms, lzcnt, ht, tsc, tscinvbit, bmi1, bmi2

Memory: 4k page, physical 8281560k(3970076k free), swap 15166584k(10028500k free)

vm_info: Java HotSpot(TM) 64-Bit Server VM (25.20-b23) for windows-amd64 JRE (1.8.0_20-b26), built on Jul 30 2014 13:51:23 by "java_re" with MS VC++ 10.0 (VS2010)

time: Fri Mar 20 19:56:54 2015
elapsed time: 30 seconds (0d 0h 0m 30s)

