#
# A fatal error has been detected by the Java Runtime Environment:
#
#  EXCEPTION_ACCESS_VIOLATION (0xc0000005) at pc=0x00007ffcdb6ce24e, pid=1192, tid=1912
#
# JRE version: Java(TM) SE Runtime Environment (8.0_20-b26) (build 1.8.0_20-b26)
# Java VM: Java HotSpot(TM) 64-Bit Server VM (25.20-b23 mixed mode windows-amd64 compressed oops)
# Problematic frame:
# C  [ig75icd64.dll+0x4ee24e]
#
# Failed to write core dump. Minidumps are not enabled by default on client versions of Windows
#
# If you would like to submit a bug report, please visit:
#   http://bugreport.sun.com/bugreport/crash.jsp
# The crash happened outside the Java Virtual Machine in native code.
# See problematic frame for where to report the bug.
#

---------------  T H R E A D  ---------------

Current thread (0x0000000018c72800):  JavaThread "AWT-EventQueue-0" [_thread_in_native, id=1912, stack(0x000000001b440000,0x000000001b540000)]

siginfo: ExceptionCode=0xc0000005, reading address 0x0000000000000000

Registers:
RAX=0x0000000000000000, RBX=0x0000000020b279b0, RCX=0x0000000000000018, RDX=0x000000001bc54540
RSP=0x000000001b53cd50, RBP=0x0000000000000000, RSI=0x0000000020b27890, RDI=0x000000001bd28520
R8 =0x0000000000000007, R9 =0x0000000000008000, R10=0x0000000020af8410, R11=0x0000000000000000
R12=0x0000000000000000, R13=0x000000001c7f59c0, R14=0x000000001bcc9f68, R15=0x0000000000000000
RIP=0x00007ffcdb6ce24e, EFLAGS=0x0000000000010246

Top of Stack: (sp=0x000000001b53cd50)
0x000000001b53cd50:   000000001e658e00 000000001e66be40
0x000000001b53cd60:   0000000020b279b0 000000001bd28520
0x000000001b53cd70:   000000001bd28520 00007ffcdb353732
0x000000001b53cd80:   000000001e66be40 000000001bd28520
0x000000001b53cd90:   0000000000000000 000000001e658e00
0x000000001b53cda0:   000000001e66be40 00007ffcdb356d72
0x000000001b53cdb0:   0000000000000000 0000000020abce30
0x000000001b53cdc0:   000000001be17a90 000000001bd6be80
0x000000001b53cdd0:   0000000018c72800 0000000000000050
0x000000001b53cde0:   000000001bd6be80 00007ffcdb1f1bee
0x000000001b53cdf0:   0000000000000000 000000001e88bb60
0x000000001b53ce00:   000000001bd6be80 000000001bd6be80
0x000000001b53ce10:   0000000000000008 00007ffcdb34fe68
0x000000001b53ce20:   0000000020af8410 0000000000000000
0x000000001b53ce30:   0000000000000048 0000000000000009
0x000000001b53ce40:   000000000000000a 00007ffcdb1f1a1e 

Instructions: (pc=0x00007ffcdb6ce24e)
0x00007ffcdb6ce22e:   00 00 00 00 74 0d 48 8b cf 48 83 c4 20 5f e9 df
0x00007ffcdb6ce23e:   01 00 00 48 83 c4 20 5f c3 48 8b 82 78 7c 02 00
0x00007ffcdb6ce24e:   48 8b 08 48 39 4b 10 77 a8 48 8b 82 78 7c 02 00
0x00007ffcdb6ce25e:   48 8b 08 48 39 4b 18 77 98 80 bf f8 00 00 00 00 


Register to memory mapping:

RAX=0x0000000000000000 is an unknown value
RBX=0x0000000020b279b0 is an unknown value
RCX=0x0000000000000018 is an unknown value
RDX=0x000000001bc54540 is an unknown value
RSP=0x000000001b53cd50 is pointing into the stack for thread: 0x0000000018c72800
RBP=0x0000000000000000 is an unknown value
RSI=0x0000000020b27890 is an unknown value
RDI=0x000000001bd28520 is an unknown value
R8 =0x0000000000000007 is an unknown value
R9 =0x0000000000008000 is an unknown value
R10=0x0000000020af8410 is an unknown value
R11=0x0000000000000000 is an unknown value
R12=0x0000000000000000 is an unknown value
R13={method} {0x000000001c7f59c8} 'dispatch_wglDeleteContext0' '(JJ)Z' in 'jogamp/opengl/windows/wgl/WGL'
R14=0x000000001bcc9f68 is an unknown value
R15=0x0000000000000000 is an unknown value


Stack: [0x000000001b440000,0x000000001b540000],  sp=0x000000001b53cd50,  free space=1011k
Native frames: (J=compiled Java code, j=interpreted, Vv=VM code, C=native code)

Java frames: (J=compiled Java code, j=interpreted, Vv=VM code)
j  jogamp.opengl.windows.wgl.WGL.dispatch_wglDeleteContext0(JJ)Z+0
j  jogamp.opengl.windows.wgl.WGL.wglDeleteContext(J)Z+37
j  jogamp.opengl.windows.wgl.WindowsWGLContext.destroyImpl()V+10
j  jogamp.opengl.GLContextImpl.destroy()V+503
j  jogamp.opengl.GLDrawableHelper.disposeGL(Ljavax/media/opengl/GLAutoDrawable;Ljavax/media/opengl/GLContext;Z)V+128
j  javax.media.opengl.awt.GLCanvas$7.run()V+167
J 2788 C1 javax.media.opengl.Threading.invoke(ZLjava/lang/Runnable;Ljava/lang/Object;)V (39 bytes) @ 0x000000000287ac44 [0x000000000287a940+0x304]
j  javax.media.opengl.awt.GLCanvas.destroyImpl(Z)V+9
j  javax.media.opengl.awt.GLCanvas$2.run()V+5
j  com.jogamp.nativewindow.awt.AWTWindowClosingProtocol$WindowClosingAdapter.windowClosing(Ljava/awt/event/WindowEvent;)V+22
j  java.awt.Window.processWindowEvent(Ljava/awt/event/WindowEvent;)V+68
j  javax.swing.JFrame.processWindowEvent(Ljava/awt/event/WindowEvent;)V+2
j  java.awt.Window.processEvent(Ljava/awt/AWTEvent;)V+69
J 2920 C1 java.awt.Component.dispatchEventImpl(Ljava/awt/AWTEvent;)V (883 bytes) @ 0x00000000028f3de4 [0x00000000028ee8e0+0x5504]
j  java.awt.Container.dispatchEventImpl(Ljava/awt/AWTEvent;)V+42
j  java.awt.Window.dispatchEventImpl(Ljava/awt/AWTEvent;)V+19
J 2623 C1 java.awt.EventQueue.dispatchEventImpl(Ljava/awt/AWTEvent;Ljava/lang/Object;)V (149 bytes) @ 0x00000000027bee0c [0x00000000027bd780+0x168c]
J 2621 C1 java.awt.EventQueue$3.run()Ljava/lang/Void; (60 bytes) @ 0x00000000027bb58c [0x00000000027bb380+0x20c]
J 2620 C1 java.awt.EventQueue$3.run()Ljava/lang/Object; (5 bytes) @ 0x00000000027bbc4c [0x00000000027bbbc0+0x8c]
v  ~StubRoutines::call_stub
J 1876  java.security.AccessController.doPrivileged(Ljava/security/PrivilegedAction;Ljava/security/AccessControlContext;)Ljava/lang/Object; (0 bytes) @ 0x00000000025690e6 [0x0000000002569080+0x66]
J 2192 C1 java.security.ProtectionDomain$1.doIntersectionPrivilege(Ljava/security/PrivilegedAction;Ljava/security/AccessControlContext;Ljava/security/AccessControlContext;)Ljava/lang/Object; (32 bytes) @ 0x000000000265fe9c [0x000000000265fba0+0x2fc]
J 2938 C1 java.awt.EventQueue$4.run()Ljava/lang/Object; (5 bytes) @ 0x000000000290830c [0x0000000002907f20+0x3ec]
v  ~StubRoutines::call_stub
J 1876  java.security.AccessController.doPrivileged(Ljava/security/PrivilegedAction;Ljava/security/AccessControlContext;)Ljava/lang/Object; (0 bytes) @ 0x00000000025690e6 [0x0000000002569080+0x66]
J 2462 C1 java.awt.EventQueue.dispatchEvent(Ljava/awt/AWTEvent;)V (80 bytes) @ 0x000000000275f2f4 [0x000000000275e640+0xcb4]
J 2660 C1 java.awt.EventDispatchThread.pumpOneEventForFilters(I)V (295 bytes) @ 0x00000000027dd79c [0x00000000027dbc40+0x1b5c]
j  java.awt.EventDispatchThread.pumpEventsForFilter(ILjava/awt/Conditional;Ljava/awt/EventFilter;)V+35
j  java.awt.EventDispatchThread.pumpEventsForHierarchy(ILjava/awt/Conditional;Ljava/awt/Component;)V+11
j  java.awt.EventDispatchThread.pumpEvents(ILjava/awt/Conditional;)V+4
j  java.awt.EventDispatchThread.pumpEvents(Ljava/awt/Conditional;)V+3
j  java.awt.EventDispatchThread.run()V+9
v  ~StubRoutines::call_stub

---------------  P R O C E S S  ---------------

Java Threads: ( => current thread )
  0x000000001cb2c800 JavaThread "Abandoned connection cleanup thread" daemon [_thread_blocked, id=3640, stack(0x0000000021260000,0x0000000021360000)]
  0x000000001ca9b000 JavaThread "Animation Thread-SharedResourceRunner" daemon [_thread_blocked, id=5484, stack(0x000000001d850000,0x000000001d950000)]
  0x0000000001ece000 JavaThread "DestroyJavaVM" [_thread_blocked, id=4848, stack(0x0000000001d20000,0x0000000001e20000)]
  0x0000000018c79000 JavaThread "Animation Thread" [_thread_blocked, id=3792, stack(0x000000001c380000,0x000000001c480000)]
  0x0000000018c52000 JavaThread "D3D Screen Updater" daemon [_thread_blocked, id=5164, stack(0x000000001b640000,0x000000001b740000)]
=>0x0000000018c72800 JavaThread "AWT-EventQueue-0" [_thread_in_native, id=1912, stack(0x000000001b440000,0x000000001b540000)]
  0x000000001876e800 JavaThread "AWT-Windows" daemon [_thread_in_native, id=4008, stack(0x0000000019560000,0x0000000019660000)]
  0x000000001876d800 JavaThread "AWT-Shutdown" [_thread_blocked, id=148, stack(0x0000000019460000,0x0000000019560000)]
  0x000000001876c800 JavaThread "Java2D Disposer" daemon [_thread_blocked, id=3644, stack(0x0000000019360000,0x0000000019460000)]
  0x0000000016b6e000 JavaThread "Service Thread" daemon [_thread_blocked, id=580, stack(0x0000000018770000,0x0000000018870000)]
  0x0000000016b1a800 JavaThread "C1 CompilerThread2" daemon [_thread_blocked, id=4768, stack(0x0000000018270000,0x0000000018370000)]
  0x0000000016b12000 JavaThread "C2 CompilerThread1" daemon [_thread_blocked, id=1584, stack(0x0000000018170000,0x0000000018270000)]
  0x0000000016b0d800 JavaThread "C2 CompilerThread0" daemon [_thread_blocked, id=2812, stack(0x0000000018070000,0x0000000018170000)]
  0x0000000016b0b800 JavaThread "Attach Listener" daemon [_thread_blocked, id=4044, stack(0x0000000017f70000,0x0000000018070000)]
  0x0000000016b0a000 JavaThread "Signal Dispatcher" daemon [_thread_blocked, id=5260, stack(0x0000000017e70000,0x0000000017f70000)]
  0x0000000001fc7000 JavaThread "Finalizer" daemon [_thread_blocked, id=4144, stack(0x0000000017d70000,0x0000000017e70000)]
  0x0000000001fbe000 JavaThread "Reference Handler" daemon [_thread_blocked, id=568, stack(0x0000000017c70000,0x0000000017d70000)]

Other Threads:
  0x0000000016ad5800 VMThread [stack: 0x0000000017b70000,0x0000000017c70000] [id=3032]
  0x000000001838c000 WatcherThread [stack: 0x0000000018870000,0x0000000018970000] [id=4232]

VM state:not at safepoint (normal execution)

VM Mutex/Monitor currently owned by a thread: None

Heap:
 PSYoungGen      total 208896K, used 101013K [0x00000000d5e00000, 0x00000000e8300000, 0x0000000100000000)
  eden space 138752K, 34% used [0x00000000d5e00000,0x00000000d8cee2a0,0x00000000de580000)
  from space 70144K, 75% used [0x00000000e2f00000,0x00000000e62b7240,0x00000000e7380000)
  to   space 75264K, 0% used [0x00000000de580000,0x00000000de580000,0x00000000e2f00000)
 ParOldGen       total 218112K, used 92963K [0x0000000081a00000, 0x000000008ef00000, 0x00000000d5e00000)
  object space 218112K, 42% used [0x0000000081a00000,0x00000000874c8c18,0x000000008ef00000)
 Metaspace       used 22620K, capacity 22787K, committed 23040K, reserved 1071104K
  class space    used 2124K, capacity 2178K, committed 2304K, reserved 1048576K

Card table byte_map: [0x0000000011390000,0x0000000011790000] byte_map_base: 0x0000000010f83000

Marking Bits: (ParMarkBitMap*) 0x0000000077e1b460
 Begin Bits: [0x0000000011e40000, 0x0000000013dd8000)
 End Bits:   [0x0000000013dd8000, 0x0000000015d70000)

Polling page: 0x0000000001ce0000

CodeCache: size=245760Kb used=10543Kb max_used=10608Kb free=235216Kb
 bounds [0x0000000001fd0000, 0x0000000002a40000, 0x0000000010fd0000]
 total_blobs=3839 nmethods=2866 adapters=885
 compilation: enabled

Compilation events (10 events):
Event: 160.684 Thread 0x0000000016b1a800 3362       3       processing.opengl.PGraphicsOpenGL::same (17 bytes)
Event: 160.684 Thread 0x0000000016b1a800 nmethod 3362 0x00000000022b5590 code [0x00000000022b5700, 0x00000000022b5990]
Event: 160.976 Thread 0x0000000016b1a800 3363   !   3       sun.awt.GlobalCursorManager$NativeUpdater::run (43 bytes)
Event: 160.977 Thread 0x0000000016b1a800 nmethod 3363 0x0000000002a00350 code [0x0000000002a004c0, 0x0000000002a008e8]
Event: 161.095 Thread 0x0000000016b12000 3364       4       processing.opengl.PGraphicsOpenGL::getHint (27 bytes)
Event: 161.098 Thread 0x0000000016b12000 nmethod 3364 0x00000000029fff50 code [0x0000000002a000a0, 0x0000000002a00178]
Event: 162.068 Thread 0x0000000016b0d800 3365       4       processing.opengl.PGraphicsOpenGL$IndexCache::arrayCheck (40 bytes)
Event: 162.071 Thread 0x0000000016b0d800 nmethod 3365 0x0000000002551310 code [0x0000000002551480, 0x0000000002551590]
Event: 164.639 Thread 0x0000000016b12000 3366       4       processing.core.PApplet::popMatrix (22 bytes)
Event: 164.642 Thread 0x0000000016b12000 nmethod 3366 0x00000000025aff10 code [0x00000000025b0060, 0x00000000025b0128]

GC Heap History (10 events):
Event: 104.478 GC heap before
{Heap before GC invocations=12 (full 1):
 PSYoungGen      total 167424K, used 167417K [0x00000000d5e00000, 0x00000000e2f80000, 0x0000000100000000)
  eden space 134144K, 100% used [0x00000000d5e00000,0x00000000de100000,0x00000000de100000)
  from space 33280K, 99% used [0x00000000e0680000,0x00000000e26fe790,0x00000000e2700000)
  to   space 38400K, 0% used [0x00000000de100000,0x00000000de100000,0x00000000e0680000)
 ParOldGen       total 92672K, used 60606K [0x0000000081a00000, 0x0000000087480000, 0x00000000d5e00000)
  object space 92672K, 65% used [0x0000000081a00000,0x000000008552f850,0x0000000087480000)
 Metaspace       used 22501K, capacity 22723K, committed 23040K, reserved 1071104K
  class space    used 2111K, capacity 2178K, committed 2304K, reserved 1048576K
Event: 104.535 GC heap after
Heap after GC invocations=12 (full 1):
 PSYoungGen      total 172544K, used 38373K [0x00000000d5e00000, 0x00000000e4580000, 0x0000000100000000)
  eden space 134144K, 0% used [0x00000000d5e00000,0x00000000d5e00000,0x00000000de100000)
  from space 38400K, 99% used [0x00000000de100000,0x00000000e0679430,0x00000000e0680000)
  to   space 47616K, 0% used [0x00000000e1700000,0x00000000e1700000,0x00000000e4580000)
 ParOldGen       total 92672K, used 69121K [0x0000000081a00000, 0x0000000087480000, 0x00000000d5e00000)
  object space 92672K, 74% used [0x0000000081a00000,0x0000000085d80660,0x0000000087480000)
 Metaspace       used 22501K, capacity 22723K, committed 23040K, reserved 1071104K
  class space    used 2111K, capacity 2178K, committed 2304K, reserved 1048576K
}
Event: 125.665 GC heap before
{Heap before GC invocations=13 (full 1):
 PSYoungGen      total 172544K, used 172517K [0x00000000d5e00000, 0x00000000e4580000, 0x0000000100000000)
  eden space 134144K, 100% used [0x00000000d5e00000,0x00000000de100000,0x00000000de100000)
  from space 38400K, 99% used [0x00000000de100000,0x00000000e0679430,0x00000000e0680000)
  to   space 47616K, 0% used [0x00000000e1700000,0x00000000e1700000,0x00000000e4580000)
 ParOldGen       total 92672K, used 69121K [0x0000000081a00000, 0x0000000087480000, 0x00000000d5e00000)
  object space 92672K, 74% used [0x0000000081a00000,0x0000000085d80660,0x0000000087480000)
 Metaspace       used 22586K, capacity 22787K, committed 23040K, reserved 1071104K
  class space    used 2124K, capacity 2178K, committed 2304K, reserved 1048576K
Event: 125.821 GC heap after
Heap after GC invocations=13 (full 1):
 PSYoungGen      total 182272K, used 46256K [0x00000000d5e00000, 0x00000000e5380000, 0x0000000100000000)
  eden space 134656K, 0% used [0x00000000d5e00000,0x00000000d5e00000,0x00000000de180000)
  from space 47616K, 97% used [0x00000000e1700000,0x00000000e442c050,0x00000000e4580000)
  to   space 54784K, 0% used [0x00000000de180000,0x00000000de180000,0x00000000e1700000)
 ParOldGen       total 92672K, used 69282K [0x0000000081a00000, 0x0000000087480000, 0x00000000d5e00000)
  object space 92672K, 74% used [0x0000000081a00000,0x0000000085da8b00,0x0000000087480000)
 Metaspace       used 22586K, capacity 22787K, committed 23040K, reserved 1071104K
  class space    used 2124K, capacity 2178K, committed 2304K, reserved 1048576K
}
Event: 136.455 GC heap before
{Heap before GC invocations=14 (full 1):
 PSYoungGen      total 182272K, used 180912K [0x00000000d5e00000, 0x00000000e5380000, 0x0000000100000000)
  eden space 134656K, 100% used [0x00000000d5e00000,0x00000000de180000,0x00000000de180000)
  from space 47616K, 97% used [0x00000000e1700000,0x00000000e442c050,0x00000000e4580000)
  to   space 54784K, 0% used [0x00000000de180000,0x00000000de180000,0x00000000e1700000)
 ParOldGen       total 92672K, used 69282K [0x0000000081a00000, 0x0000000087480000, 0x00000000d5e00000)
  object space 92672K, 74% used [0x0000000081a00000,0x0000000085da8b00,0x0000000087480000)
 Metaspace       used 22594K, capacity 22787K, committed 23040K, reserved 1071104K
  class space    used 2124K, capacity 2178K, committed 2304K, reserved 1048576K
Event: 136.625 GC heap after
Heap after GC invocations=14 (full 1):
 PSYoungGen      total 189440K, used 54765K [0x00000000d5e00000, 0x00000000e7380000, 0x0000000100000000)
  eden space 134656K, 0% used [0x00000000d5e00000,0x00000000d5e00000,0x00000000de180000)
  from space 54784K, 99% used [0x00000000de180000,0x00000000e16fb688,0x00000000e1700000)
  to   space 70144K, 0% used [0x00000000e2f00000,0x00000000e2f00000,0x00000000e7380000)
 ParOldGen       total 92672K, used 87762K [0x0000000081a00000, 0x0000000087480000, 0x00000000d5e00000)
  object space 92672K, 94% used [0x0000000081a00000,0x0000000086fb4b00,0x0000000087480000)
 Metaspace       used 22594K, capacity 22787K, committed 23040K, reserved 1071104K
  class space    used 2124K, capacity 2178K, committed 2304K, reserved 1048576K
}
Event: 136.625 GC heap before
{Heap before GC invocations=15 (full 2):
 PSYoungGen      total 189440K, used 54765K [0x00000000d5e00000, 0x00000000e7380000, 0x0000000100000000)
  eden space 134656K, 0% used [0x00000000d5e00000,0x00000000d5e00000,0x00000000de180000)
  from space 54784K, 99% used [0x00000000de180000,0x00000000e16fb688,0x00000000e1700000)
  to   space 70144K, 0% used [0x00000000e2f00000,0x00000000e2f00000,0x00000000e7380000)
 ParOldGen       total 92672K, used 87762K [0x0000000081a00000, 0x0000000087480000, 0x00000000d5e00000)
  object space 92672K, 94% used [0x0000000081a00000,0x0000000086fb4b00,0x0000000087480000)
 Metaspace       used 22594K, capacity 22787K, committed 23040K, reserved 1071104K
  class space    used 2124K, capacity 2178K, committed 2304K, reserved 1048576K
Event: 137.329 GC heap after
Heap after GC invocations=15 (full 2):
 PSYoungGen      total 189440K, used 41457K [0x00000000d5e00000, 0x00000000e7380000, 0x0000000100000000)
  eden space 134656K, 0% used [0x00000000d5e00000,0x00000000d5e00000,0x00000000de180000)
  from space 54784K, 75% used [0x00000000de180000,0x00000000e09fc638,0x00000000e1700000)
  to   space 70144K, 0% used [0x00000000e2f00000,0x00000000e2f00000,0x00000000e7380000)
 ParOldGen       total 218112K, used 92667K [0x0000000081a00000, 0x000000008ef00000, 0x00000000d5e00000)
  object space 218112K, 42% used [0x0000000081a00000,0x000000008747ec08,0x000000008ef00000)
 Metaspace       used 22594K, capacity 22787K, committed 23040K, reserved 1071104K
  class space    used 2124K, capacity 2178K, committed 2304K, reserved 1048576K
}
Event: 154.923 GC heap before
{Heap before GC invocations=16 (full 2):
 PSYoungGen      total 189440K, used 176113K [0x00000000d5e00000, 0x00000000e7380000, 0x0000000100000000)
  eden space 134656K, 100% used [0x00000000d5e00000,0x00000000de180000,0x00000000de180000)
  from space 54784K, 75% used [0x00000000de180000,0x00000000e09fc638,0x00000000e1700000)
  to   space 70144K, 0% used [0x00000000e2f00000,0x00000000e2f00000,0x00000000e7380000)
 ParOldGen       total 218112K, used 92667K [0x0000000081a00000, 0x000000008ef00000, 0x00000000d5e00000)
  object space 218112K, 42% used [0x0000000081a00000,0x000000008747ec08,0x000000008ef00000)
 Metaspace       used 22608K, capacity 22787K, committed 23040K, reserved 1071104K
  class space    used 2124K, capacity 2178K, committed 2304K, reserved 1048576K
Event: 155.059 GC heap after
Heap after GC invocations=16 (full 2):
 PSYoungGen      total 208896K, used 52956K [0x00000000d5e00000, 0x00000000e8300000, 0x0000000100000000)
  eden space 138752K, 0% used [0x00000000d5e00000,0x00000000d5e00000,0x00000000de580000)
  from space 70144K, 75% used [0x00000000e2f00000,0x00000000e62b7240,0x00000000e7380000)
  to   space 75264K, 0% used [0x00000000de580000,0x00000000de580000,0x00000000e2f00000)
 ParOldGen       total 218112K, used 92963K [0x0000000081a00000, 0x000000008ef00000, 0x00000000d5e00000)
  object space 218112K, 42% used [0x0000000081a00000,0x00000000874c8c18,0x000000008ef00000)
 Metaspace       used 22608K, capacity 22787K, committed 23040K, reserved 1071104K
  class space    used 2124K, capacity 2178K, committed 2304K, reserved 1048576K
}

Deoptimization events (10 events):
Event: 98.822 Thread 0x0000000018c72800 Uncommon trap: reason=null_check action=make_not_entrant pc=0x000000000269d9c8 method=processing.opengl.FontTexture.getTexInfo(Lprocessing/core/PFont$Glyph;)Lprocessing/opengl/FontTexture$TextureInfo; @ 8
Event: 111.548 Thread 0x0000000018c72800 Uncommon trap: reason=null_check action=make_not_entrant pc=0x0000000002969b40 method=com.mysql.jdbc.ResultSetImpl.findColumn(Ljava/lang/String;)I @ 33
Event: 137.334 Thread 0x0000000018c72800 Uncommon trap: reason=unreached action=reinterpret pc=0x00000000027a7bd8 method=processing.opengl.PGraphicsOpenGL.textSize(F)V @ 4
Event: 137.334 Thread 0x0000000018c72800 Uncommon trap: reason=unreached action=reinterpret pc=0x00000000025bc740 method=java.awt.font.FontRenderContext.equals(Ljava/awt/font/FontRenderContext;)Z @ 2
Event: 137.336 Thread 0x0000000018c72800 Uncommon trap: reason=null_check action=make_not_entrant pc=0x0000000002542440 method=processing.opengl.PGraphicsOpenGL.getFontTexture(Lprocessing/core/PFont;)Lprocessing/opengl/FontTexture; @ 11
Event: 137.348 Thread 0x0000000018c72800 Uncommon trap: reason=predicate action=maybe_recompile pc=0x00000000027a3f5c method=processing.core.PGraphics.textLineImpl([CIIFF)V @ 6
Event: 138.560 Thread 0x0000000018c72800 Uncommon trap: reason=class_check action=maybe_recompile pc=0x00000000029bdec8 method=java.awt.EventQueue.coalesceEvent(Ljava/awt/AWTEvent;I)Z @ 77
Event: 138.561 Thread 0x0000000018c72800 Uncommon trap: reason=class_check action=maybe_recompile pc=0x00000000029bdec8 method=java.awt.EventQueue.coalesceEvent(Ljava/awt/AWTEvent;I)Z @ 77
Event: 138.562 Thread 0x0000000018c72800 Uncommon trap: reason=class_check action=maybe_recompile pc=0x00000000029bdec8 method=java.awt.EventQueue.coalesceEvent(Ljava/awt/AWTEvent;I)Z @ 77
Event: 138.562 Thread 0x0000000018c72800 Uncommon trap: reason=class_check action=maybe_recompile pc=0x00000000029bdec8 method=java.awt.EventQueue.coalesceEvent(Ljava/awt/AWTEvent;I)Z @ 77

Internal exceptions (10 events):
Event: 8.861 Thread 0x0000000019335000 Implicit null exception at 0x00000000023fb34e to 0x00000000023fcfc5
Event: 9.450 Thread 0x0000000018c72800 Exception <a 'java/security/PrivilegedActionException'> (0x00000000d64f8dd0) thrown at [D:\re\workspace\8-2-build-windows-amd64-cygwin\jdk8u20\1074\hotspot\src\share\vm\prims\jvm.cpp, line 1275]
Event: 9.554 Thread 0x0000000018c72800 Exception <a 'java/security/PrivilegedActionException'> (0x00000000d6501e70) thrown at [D:\re\workspace\8-2-build-windows-amd64-cygwin\jdk8u20\1074\hotspot\src\share\vm\prims\jvm.cpp, line 1275]
Event: 70.404 Thread 0x0000000018c72800 Implicit null exception at 0x00000000026385bb to 0x0000000002638829
Event: 70.769 Thread 0x0000000018c72800 Implicit null exception at 0x00000000026acded to 0x00000000026ad871
Event: 94.322 Thread 0x0000000018c72800 Exception <a 'java/security/PrivilegedActionException'> (0x00000000d99ac9f8) thrown at [D:\re\workspace\8-2-build-windows-amd64-cygwin\jdk8u20\1074\hotspot\src\share\vm\prims\jvm.cpp, line 1275]
Event: 94.420 Thread 0x0000000018c72800 Exception <a 'java/security/PrivilegedActionException'> (0x00000000d9dfe758) thrown at [D:\re\workspace\8-2-build-windows-amd64-cygwin\jdk8u20\1074\hotspot\src\share\vm\prims\jvm.cpp, line 1275]
Event: 98.822 Thread 0x0000000018c72800 Implicit null exception at 0x000000000269d061 to 0x000000000269d9b1
Event: 111.547 Thread 0x0000000018c72800 Implicit null exception at 0x0000000002969717 to 0x0000000002969b25
Event: 137.334 Thread 0x0000000018c72800 Implicit null exception at 0x00000000027a70be to 0x00000000027a7bc1

Events (10 events):
Event: 157.791 Thread 0x0000000016b0d800 flushing nmethod 0x00000000025c71d0
Event: 158.025 Thread 0x0000000016b12000 flushing nmethod 0x0000000002638390
Event: 158.026 Thread 0x0000000016b12000 flushing nmethod 0x000000000264c650
Event: 158.147 Thread 0x0000000016b0d800 flushing nmethod 0x00000000026acad0
Event: 158.318 Thread 0x0000000016b1a800 flushing nmethod 0x00000000027f2890
Event: 158.321 Thread 0x0000000016b1a800 flushing nmethod 0x000000000283d090
Event: 158.322 Thread 0x0000000016b1a800 flushing nmethod 0x000000000285b490
Event: 158.585 Thread 0x0000000018c72800 DEOPT PACKING pc=0x00000000024c366b sp=0x000000001b53d960
Event: 158.585 Thread 0x0000000018c72800 DEOPT UNPACKING pc=0x00000000020175bf sp=0x000000001b53d6b0 mode 0
Event: 158.662 Thread 0x0000000016b12000 flushing nmethod 0x00000000028c4690


Dynamic libraries:
0x00007ff698ed0000 - 0x00007ff698f04000 	C:\Program Files\Java\jdk1.8.0_20\jre\bin\java.exe
0x00007ffcf9470000 - 0x00007ffcf961c000 	C:\Windows\SYSTEM32\ntdll.dll
0x00007ffcf76d0000 - 0x00007ffcf780e000 	C:\Windows\system32\KERNEL32.DLL
0x00007ffcf69d0000 - 0x00007ffcf6ae5000 	C:\Windows\system32\KERNELBASE.dll
0x00007ffcf25c0000 - 0x00007ffcf264e000 	C:\Windows\system32\apphelp.dll
0x00007ffcf13d0000 - 0x00007ffcf1423000 	C:\Windows\AppPatch\AppPatch64\AcGenral.DLL
0x00007ffcf6b60000 - 0x00007ffcf6c0a000 	C:\Windows\system32\msvcrt.dll
0x00007ffcf63f0000 - 0x00007ffcf641e000 	C:\Windows\SYSTEM32\SspiCli.dll
0x00007ffcf7b50000 - 0x00007ffcf7ba4000 	C:\Windows\system32\SHLWAPI.dll
0x00007ffcf9290000 - 0x00007ffcf9407000 	C:\Windows\system32\USER32.dll
0x00007ffcf7330000 - 0x00007ffcf74c4000 	C:\Windows\system32\ole32.dll
0x00007ffcf7d70000 - 0x00007ffcf9288000 	C:\Windows\system32\SHELL32.dll
0x00007ffcf5d80000 - 0x00007ffcf5da1000 	C:\Windows\SYSTEM32\USERENV.dll
0x00007ffcf7610000 - 0x00007ffcf76ba000 	C:\Windows\system32\ADVAPI32.dll
0x00007ffce98e0000 - 0x00007ffce98fe000 	C:\Windows\SYSTEM32\MPR.dll
0x00007ffcf7000000 - 0x00007ffcf7141000 	C:\Windows\system32\RPCRT4.dll
0x00007ffcf6af0000 - 0x00007ffcf6b49000 	C:\Windows\SYSTEM32\sechost.dll
0x00007ffcf6de0000 - 0x00007ffcf6ff1000 	C:\Windows\SYSTEM32\combase.dll
0x00007ffcf6c80000 - 0x00007ffcf6dd1000 	C:\Windows\system32\GDI32.dll
0x00007ffcf65c0000 - 0x00007ffcf65d5000 	C:\Windows\SYSTEM32\profapi.dll
0x00007ffcf5110000 - 0x00007ffcf51c2000 	C:\Windows\SYSTEM32\SHCORE.dll
0x00007ffcf9430000 - 0x00007ffcf9466000 	C:\Windows\system32\IMM32.DLL
0x00007ffcf7c10000 - 0x00007ffcf7d61000 	C:\Windows\system32\MSCTF.dll
0x00007ffcf46c0000 - 0x00007ffcf493b000 	C:\Windows\WinSxS\amd64_microsoft.windows.common-controls_6595b64144ccf1df_6.0.9600.17415_none_6240486fecbd8abb\COMCTL32.dll
0x0000000077560000 - 0x0000000077632000 	C:\Program Files\Java\jdk1.8.0_20\jre\bin\msvcr100.dll
0x0000000077640000 - 0x0000000077e98000 	C:\Program Files\Java\jdk1.8.0_20\jre\bin\server\jvm.dll
0x00007ffcda860000 - 0x00007ffcda869000 	C:\Windows\SYSTEM32\WSOCK32.dll
0x00007ffcf4d30000 - 0x00007ffcf4d52000 	C:\Windows\SYSTEM32\WINMM.dll
0x00007ffcf76c0000 - 0x00007ffcf76c7000 	C:\Windows\system32\PSAPI.DLL
0x00007ffcf6c20000 - 0x00007ffcf6c7a000 	C:\Windows\system32\WS2_32.dll
0x00007ffcf3fc0000 - 0x00007ffcf3fea000 	C:\Windows\SYSTEM32\WINMMBASE.dll
0x00007ffcf6b50000 - 0x00007ffcf6b59000 	C:\Windows\system32\NSI.dll
0x00007ffcf67a0000 - 0x00007ffcf67ef000 	C:\Windows\SYSTEM32\cfgmgr32.dll
0x00007ffcf53b0000 - 0x00007ffcf53d8000 	C:\Windows\SYSTEM32\DEVOBJ.dll
0x0000000077550000 - 0x000000007755f000 	C:\Program Files\Java\jdk1.8.0_20\jre\bin\verify.dll
0x0000000077520000 - 0x0000000077548000 	C:\Program Files\Java\jdk1.8.0_20\jre\bin\java.dll
0x0000000077500000 - 0x0000000077516000 	C:\Program Files\Java\jdk1.8.0_20\jre\bin\zip.dll
0x0000000077320000 - 0x00000000774b8000 	C:\Program Files\Java\jdk1.8.0_20\jre\bin\awt.dll
0x00007ffcf7540000 - 0x00007ffcf7601000 	C:\Windows\system32\OLEAUT32.dll
0x00007ffcf4970000 - 0x00007ffcf4991000 	C:\Windows\system32\DWMAPI.DLL
0x00007ffcf5230000 - 0x00007ffcf5359000 	C:\Windows\system32\uxtheme.dll
0x00007ffcf5400000 - 0x00007ffcf540b000 	C:\Windows\SYSTEM32\kernel.appcore.dll
0x00007ffcf6490000 - 0x00007ffcf649b000 	C:\Windows\SYSTEM32\CRYPTBASE.dll
0x00007ffcf6420000 - 0x00007ffcf6483000 	C:\Windows\SYSTEM32\bcryptPrimitives.dll
0x00007ffcea560000 - 0x00007ffcea781000 	C:\Windows\system32\d3d9.dll
0x00007ffcf4b50000 - 0x00007ffcf4b5a000 	C:\Windows\SYSTEM32\VERSION.dll
0x00007ffcf3c50000 - 0x00007ffcf3db4000 	C:\Windows\SYSTEM32\nvumdshimx.dll
0x00007ffcf7150000 - 0x00007ffcf732a000 	C:\Windows\system32\SETUPAPI.dll
0x00007ffcf4fd0000 - 0x00007ffcf5002000 	C:\Windows\SYSTEM32\nvinitx.dll
0x00007ffcd6d70000 - 0x00007ffcd808f000 	C:\Windows\system32\igdumdim64.dll
0x00007ffceacc0000 - 0x00007ffceb645000 	C:\Windows\SYSTEM32\igdusc64.dll
0x00000000772d0000 - 0x0000000077317000 	C:\Program Files\Java\jdk1.8.0_20\jre\bin\fontmanager.dll
0x00007ffcf5ff0000 - 0x00007ffcf6010000 	C:\Windows\SYSTEM32\CRYPTSP.dll
0x00007ffcf5a70000 - 0x00007ffcf5aa6000 	C:\Windows\system32\rsaenh.dll
0x00007ffcf60e0000 - 0x00007ffcf6106000 	C:\Windows\SYSTEM32\bcrypt.dll
0x00000000774e0000 - 0x00000000774fa000 	C:\Program Files\Java\jdk1.8.0_20\jre\bin\net.dll
0x00007ffcf5d20000 - 0x00007ffcf5d79000 	C:\Windows\system32\mswsock.dll
0x00007ffcf2750000 - 0x00007ffcf277a000 	C:\Windows\SYSTEM32\IPHLPAPI.DLL
0x00007ffcf2740000 - 0x00007ffcf274a000 	C:\Windows\SYSTEM32\WINNSI.DLL
0x00007ffcee930000 - 0x00007ffcee946000 	C:\Windows\SYSTEM32\dhcpcsvc6.DLL
0x00007ffceeb30000 - 0x00007ffceeb4a000 	C:\Windows\SYSTEM32\dhcpcsvc.DLL
0x00000000774c0000 - 0x00000000774d1000 	C:\Program Files\Java\jdk1.8.0_20\jre\bin\nio.dll
0x00000000637c0000 - 0x00000000637cd000 	C:\Users\Aran\AppData\Local\Temp\jogamp_0000\file_cache\jln6640996286329455726\jln9017327623370522375\gluegen-rt.dll
0x0000000076680000 - 0x0000000076687000 	C:\Program Files\Java\jdk1.8.0_20\jre\bin\jawt.dll
0x000000006a440000 - 0x000000006a44d000 	C:\Users\Aran\AppData\Local\Temp\jogamp_0000\file_cache\jln6640996286329455726\jln9017327623370522375\nativewindow_awt.dll
0x000000006c100000 - 0x000000006c10f000 	C:\Users\Aran\AppData\Local\Temp\jogamp_0000\file_cache\jln6640996286329455726\jln9017327623370522375\nativewindow_win32.dll
0x00007ffce8f10000 - 0x00007ffce903b000 	C:\Windows\SYSTEM32\OpenGL32.dll
0x00007ffcf2f10000 - 0x00007ffcf2f3e000 	C:\Windows\SYSTEM32\GLU32.dll
0x00007ffceab10000 - 0x00007ffceac08000 	C:\Windows\SYSTEM32\DDRAW.dll
0x00007ffcf1d10000 - 0x00007ffcf1d19000 	C:\Windows\SYSTEM32\DCIMAN32.dll
0x0000000064500000 - 0x00000000645a0000 	C:\Users\Aran\AppData\Local\Temp\jogamp_0000\file_cache\jln6640996286329455726\jln9017327623370522375\jogl_desktop.dll
0x00007ffcf1100000 - 0x00007ffcf115b000 	C:\Windows\system32\NV\nvoglshim64.dll
0x00007ffcdb1e0000 - 0x00007ffcdba64000 	C:\Windows\system32\ig75icd64.dll
0x00007ffcf6560000 - 0x00007ffcf65a6000 	C:\Windows\SYSTEM32\powrprof.dll
0x0000000077280000 - 0x00000000772c1000 	C:\Program Files\Java\jdk1.8.0_20\jre\bin\t2k.dll
0x00007ffcf5b90000 - 0x00007ffcf5c34000 	C:\Windows\SYSTEM32\DNSAPI.dll
0x00007ffceca10000 - 0x00007ffceca1a000 	C:\Windows\System32\rasadhlp.dll
0x00007ffceea00000 - 0x00007ffceea6b000 	C:\Windows\System32\fwpuclnt.dll
0x00007ffcf3980000 - 0x00007ffcf3b0a000 	C:\Windows\SYSTEM32\dbghelp.dll

VM Arguments:
jvm_args: -Dfile.encoding=UTF-8 
java_command: programmingproject.ProgrammingProject
java_class_path (initial): C:\Users\Aran\Documents\NetBeansProjects\programming-project-group-3\ProgrammingProject\lib\core.jar;C:\Users\Aran\Documents\NetBeansProjects\programming-project-group-3\ProgrammingProject\lib\gluegen-rt-natives-linux-amd64.jar;C:\Users\Aran\Documents\NetBeansProjects\programming-project-group-3\ProgrammingProject\lib\gluegen-rt-natives-linux-armv6hf.jar;C:\Users\Aran\Documents\NetBeansProjects\programming-project-group-3\ProgrammingProject\lib\gluegen-rt-natives-linux-i586.jar;C:\Users\Aran\Documents\NetBeansProjects\programming-project-group-3\ProgrammingProject\lib\gluegen-rt-natives-macosx-universal.jar;C:\Users\Aran\Documents\NetBeansProjects\programming-project-group-3\ProgrammingProject\lib\gluegen-rt-natives-windows-amd64.jar;C:\Users\Aran\Documents\NetBeansProjects\programming-project-group-3\ProgrammingProject\lib\gluegen-rt-natives-windows-i586.jar;C:\Users\Aran\Documents\NetBeansProjects\programming-project-group-3\ProgrammingProject\lib\gluegen-rt.jar;C:\Users\Aran\Documents\NetBeansProjects\programming-project-group-3\ProgrammingProject\lib\jogl-all-natives-linux-amd64.jar;C:\Users\Aran\Documents\NetBeansProjects\programming-project-group-3\ProgrammingProject\lib\jogl-all-natives-linux-armv6hf.jar;C:\Users\Aran\Documents\NetBeansProjects\programming-project-group-3\ProgrammingProject\lib\jogl-all-natives-linux-i586.jar;C:\Users\Aran\Documents\NetBeansProjects\programming-project-group-3\ProgrammingProject\lib\jogl-all-natives-macosx-universal.jar;C:\Users\Aran\Documents\NetBeansProjects\programming-project-group-3\ProgrammingProject\lib\jogl-all-natives-windows-amd64.jar;C:\Users\Aran\Documents\NetBeansProjects\programming-project-group-3\ProgrammingProject\lib\jogl-all-natives-windows-i586.jar;C:\Users\Aran\Documents\NetBeansProjects\programming-project-group-3\ProgrammingProject\lib\jogl-all.jar;C:\Users\Aran\Documents\NetBeansProjects\programming-project-group-3\ProgrammingProject\lib\mysql-connector-java-5.1.34-bin.jar;
Launcher Type: SUN_STANDARD

Environment Variables:
PATH=C:\Users\Aran\Documents\Enviroment Variables;C:\Program Files\Haskell Platform\2014.2.0.0\bin;C:\Program Files\Haskell Platform\2014.2.0.0\lib\extralibs\bin;C:\Program Files\Haskell Platform\2014.2.0.0\bin;C:\Python34;C:\Program Files\Java\jdk1.8.0_20\bin;C:\ProgramData\Oracle\Java\javapath;C:\Windows\system32;C:\Windows;C:\Windows\System32\Wbem;C:\Windows\System32\WindowsPowerShell\v1.0\;C:\Program Files\Haskell Platform\2014.2.0.0\mingw\bin;C:\Program Files (x86)\MiKTeX 2.9\miktex\bin\;C:\Program Files (x86)\Windows Kits\8.1\Windows Performance Toolkit\;C:\Program Files\Microsoft SQL Server\110\Tools\Binn\;C:\Program Files (x86)\Microsoft SDKs\TypeScript\1.0\;C:\Program Files\Microsoft SQL Server\120\Tools\Binn\;C:\Program Files (x86)\Windows Live\Shared;C:\Program Files\MATLAB\R2014b\bin;C:\Program Files (x86)\Git\cmd;C:\Users\Aran\AppData\Roaming\cabal\bin;.;
USERNAME=Aran
OS=Windows_NT
PROCESSOR_IDENTIFIER=Intel64 Family 6 Model 60 Stepping 3, GenuineIntel



---------------  S Y S T E M  ---------------

OS: Windows 8.1 , 64 bit Build 9600 

CPU:total 4 (2 cores per cpu, 2 threads per core) family 6 model 60 stepping 3, cmov, cx8, fxsr, mmx, sse, sse2, sse3, ssse3, sse4.1, sse4.2, popcnt, avx, avx2, aes, clmul, erms, lzcnt, ht, tsc, tscinvbit, bmi1, bmi2

Memory: 4k page, physical 8281560k(3666524k free), swap 15166584k(9069528k free)

vm_info: Java HotSpot(TM) 64-Bit Server VM (25.20-b23) for windows-amd64 JRE (1.8.0_20-b26), built on Jul 30 2014 13:51:23 by "java_re" with MS VC++ 10.0 (VS2010)

time: Fri Mar 20 20:08:56 2015
elapsed time: 165 seconds (0d 0h 2m 45s)

