#
# A fatal error has been detected by the Java Runtime Environment:
#
#  EXCEPTION_ACCESS_VIOLATION (0xc0000005) at pc=0x00007ffcdb6ce24e, pid=6816, tid=6696
#
# JRE version: Java(TM) SE Runtime Environment (8.0_20-b26) (build 1.8.0_20-b26)
# Java VM: Java HotSpot(TM) 64-Bit Server VM (25.20-b23 mixed mode windows-amd64 compressed oops)
# Problematic frame:
# C  [ig75icd64.dll+0x4ee24e]
#
# Failed to write core dump. Minidumps are not enabled by default on client versions of Windows
#
# If you would like to submit a bug report, please visit:
#   http://bugreport.sun.com/bugreport/crash.jsp
# The crash happened outside the Java Virtual Machine in native code.
# See problematic frame for where to report the bug.
#

---------------  T H R E A D  ---------------

Current thread (0x0000000019a18000):  JavaThread "AWT-EventQueue-0" [_thread_in_native, id=6696, stack(0x000000001c190000,0x000000001c290000)]

siginfo: ExceptionCode=0xc0000005, reading address 0x0000000000000000

Registers:
RAX=0x0000000000000000, RBX=0x0000000021829420, RCX=0x0000000000000018, RDX=0x000000001ca58000
RSP=0x000000001c28cc10, RBP=0x0000000000000000, RSI=0x000000002182a200, RDI=0x000000001ca51e60
R8 =0x0000000000000007, R9 =0x0000000000008000, R10=0x000000001b690170, R11=0x0000000000000000
R12=0x0000000000000000, R13=0x000000001d546438, R14=0x000000001b67cbf8, R15=0x0000000000000000
RIP=0x00007ffcdb6ce24e, EFLAGS=0x0000000000010246

Top of Stack: (sp=0x000000001c28cc10)
0x000000001c28cc10:   00000000217d3c40 000000001f46c310
0x000000001c28cc20:   0000000021829420 000000001ca51e60
0x000000001c28cc30:   000000001ca51e60 00007ffcdb353732
0x000000001c28cc40:   000000001f46c310 000000001ca51e60
0x000000001c28cc50:   0000000000000000 00000000217d3c40
0x000000001c28cc60:   000000001f46c310 00007ffcdb356d72
0x000000001c28cc70:   0000000000000000 000000001f35cc70
0x000000001c28cc80:   000000001cb58790 000000001ca80680
0x000000001c28cc90:   0000000019a18000 0000000000000040
0x000000001c28cca0:   000000001ca80680 00007ffcdb1f1bee
0x000000001c28ccb0:   0000000000000000 000000001b68e560
0x000000001c28ccc0:   000000001ca80680 000000001ca80680
0x000000001c28ccd0:   0000000000000008 00007ffcdb34fe68
0x000000001c28cce0:   000000001b690170 0000000000000000
0x000000001c28ccf0:   0000000000000038 0000000000000007
0x000000001c28cd00:   0000000000000008 00007ffcdb1f1a1e 

Instructions: (pc=0x00007ffcdb6ce24e)
0x00007ffcdb6ce22e:   00 00 00 00 74 0d 48 8b cf 48 83 c4 20 5f e9 df
0x00007ffcdb6ce23e:   01 00 00 48 83 c4 20 5f c3 48 8b 82 78 7c 02 00
0x00007ffcdb6ce24e:   48 8b 08 48 39 4b 10 77 a8 48 8b 82 78 7c 02 00
0x00007ffcdb6ce25e:   48 8b 08 48 39 4b 18 77 98 80 bf f8 00 00 00 00 


Register to memory mapping:

RAX=0x0000000000000000 is an unknown value
RBX=0x0000000021829420 is an unknown value
RCX=0x0000000000000018 is an unknown value
RDX=0x000000001ca58000 is an unknown value
RSP=0x000000001c28cc10 is pointing into the stack for thread: 0x0000000019a18000
RBP=0x0000000000000000 is an unknown value
RSI=0x000000002182a200 is an unknown value
RDI=0x000000001ca51e60 is an unknown value
R8 =0x0000000000000007 is an unknown value
R9 =0x0000000000008000 is an unknown value
R10=0x000000001b690170 is an unknown value
R11=0x0000000000000000 is an unknown value
R12=0x0000000000000000 is an unknown value
R13={method} {0x000000001d546440} 'dispatch_wglDeleteContext0' '(JJ)Z' in 'jogamp/opengl/windows/wgl/WGL'
R14=0x000000001b67cbf8 is an unknown value
R15=0x0000000000000000 is an unknown value


Stack: [0x000000001c190000,0x000000001c290000],  sp=0x000000001c28cc10,  free space=1011k
Native frames: (J=compiled Java code, j=interpreted, Vv=VM code, C=native code)

Java frames: (J=compiled Java code, j=interpreted, Vv=VM code)
j  jogamp.opengl.windows.wgl.WGL.dispatch_wglDeleteContext0(JJ)Z+0
j  jogamp.opengl.windows.wgl.WGL.wglDeleteContext(J)Z+37
j  jogamp.opengl.windows.wgl.WindowsWGLContext.destroyImpl()V+10
j  jogamp.opengl.GLContextImpl.destroy()V+503
j  jogamp.opengl.GLDrawableHelper.disposeGL(Ljavax/media/opengl/GLAutoDrawable;Ljavax/media/opengl/GLContext;Z)V+128
j  javax.media.opengl.awt.GLCanvas$7.run()V+167
J 3085 C1 javax.media.opengl.Threading.invoke(ZLjava/lang/Runnable;Ljava/lang/Object;)V (39 bytes) @ 0x000000000377b684 [0x000000000377b380+0x304]
j  javax.media.opengl.awt.GLCanvas.destroyImpl(Z)V+9
j  javax.media.opengl.awt.GLCanvas$2.run()V+5
j  com.jogamp.nativewindow.awt.AWTWindowClosingProtocol$WindowClosingAdapter.windowClosing(Ljava/awt/event/WindowEvent;)V+22
j  java.awt.Window.processWindowEvent(Ljava/awt/event/WindowEvent;)V+68
j  javax.swing.JFrame.processWindowEvent(Ljava/awt/event/WindowEvent;)V+2
j  java.awt.Window.processEvent(Ljava/awt/AWTEvent;)V+69
J 3003 C1 java.awt.Component.dispatchEventImpl(Ljava/awt/AWTEvent;)V (883 bytes) @ 0x00000000036f8ba4 [0x00000000036f36a0+0x5504]
j  java.awt.Container.dispatchEventImpl(Ljava/awt/AWTEvent;)V+42
j  java.awt.Window.dispatchEventImpl(Ljava/awt/AWTEvent;)V+19
J 2716 C1 java.awt.EventQueue.dispatchEventImpl(Ljava/awt/AWTEvent;Ljava/lang/Object;)V (149 bytes) @ 0x00000000035f1a0c [0x00000000035f0380+0x168c]
J 2714 C1 java.awt.EventQueue$3.run()Ljava/lang/Void; (60 bytes) @ 0x00000000035e594c [0x00000000035e5740+0x20c]
J 2713 C1 java.awt.EventQueue$3.run()Ljava/lang/Object; (5 bytes) @ 0x00000000035e600c [0x00000000035e5f80+0x8c]
v  ~StubRoutines::call_stub
J 2066  java.security.AccessController.doPrivileged(Ljava/security/PrivilegedAction;Ljava/security/AccessControlContext;)Ljava/lang/Object; (0 bytes) @ 0x000000000339d566 [0x000000000339d500+0x66]
J 2103 C1 java.security.ProtectionDomain$1.doIntersectionPrivilege(Ljava/security/PrivilegedAction;Ljava/security/AccessControlContext;Ljava/security/AccessControlContext;)Ljava/lang/Object; (32 bytes) @ 0x00000000033c295c [0x00000000033c2660+0x2fc]
J 3011 C1 java.awt.EventQueue$4.run()Ljava/lang/Object; (5 bytes) @ 0x0000000003705a4c [0x0000000003705660+0x3ec]
v  ~StubRoutines::call_stub
J 2066  java.security.AccessController.doPrivileged(Ljava/security/PrivilegedAction;Ljava/security/AccessControlContext;)Ljava/lang/Object; (0 bytes) @ 0x000000000339d566 [0x000000000339d500+0x66]
J 2440 C1 java.awt.EventQueue.dispatchEvent(Ljava/awt/AWTEvent;)V (80 bytes) @ 0x00000000034fbbb4 [0x00000000034faf00+0xcb4]
J 2449 C1 java.awt.EventDispatchThread.pumpOneEventForFilters(I)V (295 bytes) @ 0x00000000035057dc [0x0000000003503c80+0x1b5c]
j  java.awt.EventDispatchThread.pumpEventsForFilter(ILjava/awt/Conditional;Ljava/awt/EventFilter;)V+35
j  java.awt.EventDispatchThread.pumpEventsForHierarchy(ILjava/awt/Conditional;Ljava/awt/Component;)V+11
j  java.awt.EventDispatchThread.pumpEvents(ILjava/awt/Conditional;)V+4
j  java.awt.EventDispatchThread.pumpEvents(Ljava/awt/Conditional;)V+3
j  java.awt.EventDispatchThread.run()V+9
v  ~StubRoutines::call_stub

---------------  P R O C E S S  ---------------

Java Threads: ( => current thread )
  0x0000000019ebb000 JavaThread "Abandoned connection cleanup thread" daemon [_thread_blocked, id=5852, stack(0x0000000021f90000,0x0000000022090000)]
  0x0000000019f34000 JavaThread "Animation Thread-SharedResourceRunner" daemon [_thread_blocked, id=1872, stack(0x000000001e5a0000,0x000000001e6a0000)]
  0x0000000002b7e000 JavaThread "DestroyJavaVM" [_thread_blocked, id=5568, stack(0x0000000002b80000,0x0000000002c80000)]
  0x0000000019a0c000 JavaThread "Animation Thread" [_thread_blocked, id=76, stack(0x000000001d0d0000,0x000000001d1d0000)]
  0x0000000019a09000 JavaThread "D3D Screen Updater" daemon [_thread_blocked, id=6564, stack(0x000000001c390000,0x000000001c490000)]
=>0x0000000019a18000 JavaThread "AWT-EventQueue-0" [_thread_in_native, id=6696, stack(0x000000001c190000,0x000000001c290000)]
  0x0000000019991000 JavaThread "AWT-Windows" daemon [_thread_in_native, id=4436, stack(0x000000001a310000,0x000000001a410000)]
  0x0000000019990000 JavaThread "AWT-Shutdown" [_thread_blocked, id=3976, stack(0x000000001a210000,0x000000001a310000)]
  0x0000000019519000 JavaThread "Java2D Disposer" daemon [_thread_blocked, id=4316, stack(0x000000001a110000,0x000000001a210000)]
  0x0000000019125800 JavaThread "Service Thread" daemon [_thread_blocked, id=5768, stack(0x0000000019520000,0x0000000019620000)]
  0x000000001791a800 JavaThread "C1 CompilerThread2" daemon [_thread_blocked, id=7080, stack(0x0000000019020000,0x0000000019120000)]
  0x00000000178d5000 JavaThread "C2 CompilerThread1" daemon [_thread_blocked, id=6092, stack(0x0000000018f20000,0x0000000019020000)]
  0x00000000178b9800 JavaThread "C2 CompilerThread0" daemon [_thread_blocked, id=1248, stack(0x0000000018e20000,0x0000000018f20000)]
  0x00000000178c8000 JavaThread "Attach Listener" daemon [_thread_blocked, id=5564, stack(0x0000000018d20000,0x0000000018e20000)]
  0x00000000178c7000 JavaThread "Signal Dispatcher" daemon [_thread_blocked, id=1296, stack(0x0000000018c20000,0x0000000018d20000)]
  0x0000000002d79000 JavaThread "Finalizer" daemon [_thread_blocked, id=5584, stack(0x0000000018b20000,0x0000000018c20000)]
  0x0000000002d70000 JavaThread "Reference Handler" daemon [_thread_blocked, id=6400, stack(0x0000000018a20000,0x0000000018b20000)]

Other Threads:
  0x0000000017885800 VMThread [stack: 0x0000000018920000,0x0000000018a20000] [id=4932]
  0x0000000019127800 WatcherThread [stack: 0x0000000019620000,0x0000000019720000] [id=4240]

VM state:not at safepoint (normal execution)

VM Mutex/Monitor currently owned by a thread: None

Heap:
 PSYoungGen      total 268800K, used 191734K [0x00000000d5e00000, 0x00000000efb80000, 0x0000000100000000)
  eden space 152064K, 59% used [0x00000000d5e00000,0x00000000db66ebf0,0x00000000df280000)
  from space 116736K, 86% used [0x00000000e7000000,0x00000000ed2cefd0,0x00000000ee200000)
  to   space 128512K, 0% used [0x00000000df280000,0x00000000df280000,0x00000000e7000000)
 ParOldGen       total 216064K, used 111879K [0x0000000081a00000, 0x000000008ed00000, 0x00000000d5e00000)
  object space 216064K, 51% used [0x0000000081a00000,0x0000000088741d08,0x000000008ed00000)
 Metaspace       used 22909K, capacity 23043K, committed 23296K, reserved 1071104K
  class space    used 2124K, capacity 2178K, committed 2304K, reserved 1048576K

Card table byte_map: [0x0000000012140000,0x0000000012540000] byte_map_base: 0x0000000011d33000

Marking Bits: (ParMarkBitMap*) 0x0000000077e1b460
 Begin Bits: [0x0000000012bf0000, 0x0000000014b88000)
 End Bits:   [0x0000000014b88000, 0x0000000016b20000)

Polling page: 0x0000000001200000

CodeCache: size=245760Kb used=11413Kb max_used=11424Kb free=234346Kb
 bounds [0x0000000002d80000, 0x00000000038c0000, 0x0000000011d80000]
 total_blobs=4114 nmethods=3137 adapters=889
 compilation: enabled

Compilation events (10 events):
Event: 256.153 Thread 0x000000001791a800 3716       3       com.mysql.jdbc.Buffer::readInt (44 bytes)
Event: 256.153 Thread 0x000000001791a800 nmethod 3716 0x000000000389cf50 code [0x000000000389d0a0, 0x000000000389d250]
Event: 256.153 Thread 0x000000001791a800 3717       3       com.mysql.jdbc.Buffer::setBufLength (6 bytes)
Event: 256.154 Thread 0x000000001791a800 nmethod 3717 0x0000000003513190 code [0x00000000035132e0, 0x0000000003513430]
Event: 256.168 Thread 0x000000001791a800 3718   !   3       com.mysql.jdbc.Field::getStringFromBytes (205 bytes)
Event: 256.173 Thread 0x000000001791a800 nmethod 3718 0x00000000038b6590 code [0x00000000038b6940, 0x00000000038b8d18]
Event: 264.416 Thread 0x00000000178d5000 3719       4       java.lang.ThreadLocal$ThreadLocalMap::set (136 bytes)
Event: 264.430 Thread 0x00000000178d5000 nmethod 3719 0x000000000351ed90 code [0x000000000351ef00, 0x000000000351f1f8]
Event: 266.027 Thread 0x00000000178b9800 3720       4       controlP5.Controller::inside (146 bytes)
Event: 266.033 Thread 0x00000000178b9800 nmethod 3720 0x00000000038ade90 code [0x00000000038ae000, 0x00000000038ae258]

GC Heap History (10 events):
Event: 220.967 GC heap before
{Heap before GC invocations=20 (full 2):
 PSYoungGen      total 215552K, used 213505K [0x00000000d5e00000, 0x00000000e8400000, 0x0000000100000000)
  eden space 155648K, 100% used [0x00000000d5e00000,0x00000000df600000,0x00000000df600000)
  from space 59904K, 96% used [0x00000000df600000,0x00000000e2e805e8,0x00000000e3080000)
  to   space 67584K, 0% used [0x00000000e4200000,0x00000000e4200000,0x00000000e8400000)
 ParOldGen       total 216064K, used 93646K [0x0000000081a00000, 0x000000008ed00000, 0x00000000d5e00000)
  object space 216064K, 43% used [0x0000000081a00000,0x0000000087573880,0x000000008ed00000)
 Metaspace       used 22906K, capacity 23043K, committed 23296K, reserved 1071104K
  class space    used 2124K, capacity 2178K, committed 2304K, reserved 1048576K
Event: 221.189 GC heap after
Heap after GC invocations=20 (full 2):
 PSYoungGen      total 219648K, used 67553K [0x00000000d5e00000, 0x00000000ea080000, 0x0000000100000000)
  eden space 152064K, 0% used [0x00000000d5e00000,0x00000000d5e00000,0x00000000df280000)
  from space 67584K, 99% used [0x00000000e4200000,0x00000000e83f87a8,0x00000000e8400000)
  to   space 81408K, 0% used [0x00000000df280000,0x00000000df280000,0x00000000e4200000)
 ParOldGen       total 216064K, used 105574K [0x0000000081a00000, 0x000000008ed00000, 0x00000000d5e00000)
  object space 216064K, 48% used [0x0000000081a00000,0x0000000088119b60,0x000000008ed00000)
 Metaspace       used 22906K, capacity 23043K, committed 23296K, reserved 1071104K
  class space    used 2124K, capacity 2178K, committed 2304K, reserved 1048576K
}
Event: 233.347 GC heap before
{Heap before GC invocations=21 (full 2):
 PSYoungGen      total 219648K, used 219617K [0x00000000d5e00000, 0x00000000ea080000, 0x0000000100000000)
  eden space 152064K, 100% used [0x00000000d5e00000,0x00000000df280000,0x00000000df280000)
  from space 67584K, 99% used [0x00000000e4200000,0x00000000e83f87a8,0x00000000e8400000)
  to   space 81408K, 0% used [0x00000000df280000,0x00000000df280000,0x00000000e4200000)
 ParOldGen       total 216064K, used 105574K [0x0000000081a00000, 0x000000008ed00000, 0x00000000d5e00000)
  object space 216064K, 48% used [0x0000000081a00000,0x0000000088119b60,0x000000008ed00000)
 Metaspace       used 22907K, capacity 23043K, committed 23296K, reserved 1071104K
  class space    used 2124K, capacity 2178K, committed 2304K, reserved 1048576K
Event: 233.418 GC heap after
Heap after GC invocations=21 (full 2):
 PSYoungGen      total 233472K, used 74458K [0x00000000d5e00000, 0x00000000eae80000, 0x0000000100000000)
  eden space 152064K, 0% used [0x00000000d5e00000,0x00000000d5e00000,0x00000000df280000)
  from space 81408K, 91% used [0x00000000df280000,0x00000000e3b36950,0x00000000e4200000)
  to   space 91136K, 0% used [0x00000000e5580000,0x00000000e5580000,0x00000000eae80000)
 ParOldGen       total 216064K, used 111879K [0x0000000081a00000, 0x000000008ed00000, 0x00000000d5e00000)
  object space 216064K, 51% used [0x0000000081a00000,0x0000000088741d08,0x000000008ed00000)
 Metaspace       used 22907K, capacity 23043K, committed 23296K, reserved 1071104K
  class space    used 2124K, capacity 2178K, committed 2304K, reserved 1048576K
}
Event: 239.693 GC heap before
{Heap before GC invocations=22 (full 2):
 PSYoungGen      total 233472K, used 226393K [0x00000000d5e00000, 0x00000000eae80000, 0x0000000100000000)
  eden space 152064K, 99% used [0x00000000d5e00000,0x00000000df25fae8,0x00000000df280000)
  from space 81408K, 91% used [0x00000000df280000,0x00000000e3b36950,0x00000000e4200000)
  to   space 91136K, 0% used [0x00000000e5580000,0x00000000e5580000,0x00000000eae80000)
 ParOldGen       total 216064K, used 111879K [0x0000000081a00000, 0x000000008ed00000, 0x00000000d5e00000)
  object space 216064K, 51% used [0x0000000081a00000,0x0000000088741d08,0x000000008ed00000)
 Metaspace       used 22907K, capacity 23043K, committed 23296K, reserved 1071104K
  class space    used 2124K, capacity 2178K, committed 2304K, reserved 1048576K
Event: 239.826 GC heap after
Heap after GC invocations=22 (full 2):
 PSYoungGen      total 241152K, used 87339K [0x00000000d5e00000, 0x00000000ec980000, 0x0000000100000000)
  eden space 150016K, 0% used [0x00000000d5e00000,0x00000000d5e00000,0x00000000df080000)
  from space 91136K, 95% used [0x00000000e5580000,0x00000000eaacac80,0x00000000eae80000)
  to   space 103424K, 0% used [0x00000000df080000,0x00000000df080000,0x00000000e5580000)
 ParOldGen       total 216064K, used 111879K [0x0000000081a00000, 0x000000008ed00000, 0x00000000d5e00000)
  object space 216064K, 51% used [0x0000000081a00000,0x0000000088741d08,0x000000008ed00000)
 Metaspace       used 22907K, capacity 23043K, committed 23296K, reserved 1071104K
  class space    used 2124K, capacity 2178K, committed 2304K, reserved 1048576K
}
Event: 244.072 GC heap before
{Heap before GC invocations=23 (full 2):
 PSYoungGen      total 241152K, used 237353K [0x00000000d5e00000, 0x00000000ec980000, 0x0000000100000000)
  eden space 150016K, 99% used [0x00000000d5e00000,0x00000000df07f840,0x00000000df080000)
  from space 91136K, 95% used [0x00000000e5580000,0x00000000eaacac80,0x00000000eae80000)
  to   space 103424K, 0% used [0x00000000df080000,0x00000000df080000,0x00000000e5580000)
 ParOldGen       total 216064K, used 111879K [0x0000000081a00000, 0x000000008ed00000, 0x00000000d5e00000)
  object space 216064K, 51% used [0x0000000081a00000,0x0000000088741d08,0x000000008ed00000)
 Metaspace       used 22907K, capacity 23043K, committed 23296K, reserved 1071104K
  class space    used 2124K, capacity 2178K, committed 2304K, reserved 1048576K
Event: 244.136 GC heap after
Heap after GC invocations=23 (full 2):
 PSYoungGen      total 253440K, used 97116K [0x00000000d5e00000, 0x00000000ee200000, 0x0000000100000000)
  eden space 150016K, 0% used [0x00000000d5e00000,0x00000000d5e00000,0x00000000df080000)
  from space 103424K, 93% used [0x00000000df080000,0x00000000e4f57310,0x00000000e5580000)
  to   space 116736K, 0% used [0x00000000e7000000,0x00000000e7000000,0x00000000ee200000)
 ParOldGen       total 216064K, used 111879K [0x0000000081a00000, 0x000000008ed00000, 0x00000000d5e00000)
  object space 216064K, 51% used [0x0000000081a00000,0x0000000088741d08,0x000000008ed00000)
 Metaspace       used 22907K, capacity 23043K, committed 23296K, reserved 1071104K
  class space    used 2124K, capacity 2178K, committed 2304K, reserved 1048576K
}
Event: 249.552 GC heap before
{Heap before GC invocations=24 (full 2):
 PSYoungGen      total 253440K, used 247132K [0x00000000d5e00000, 0x00000000ee200000, 0x0000000100000000)
  eden space 150016K, 100% used [0x00000000d5e00000,0x00000000df080000,0x00000000df080000)
  from space 103424K, 93% used [0x00000000df080000,0x00000000e4f57310,0x00000000e5580000)
  to   space 116736K, 0% used [0x00000000e7000000,0x00000000e7000000,0x00000000ee200000)
 ParOldGen       total 216064K, used 111879K [0x0000000081a00000, 0x000000008ed00000, 0x00000000d5e00000)
  object space 216064K, 51% used [0x0000000081a00000,0x0000000088741d08,0x000000008ed00000)
 Metaspace       used 22907K, capacity 23043K, committed 23296K, reserved 1071104K
  class space    used 2124K, capacity 2178K, committed 2304K, reserved 1048576K
Event: 249.689 GC heap after
Heap after GC invocations=24 (full 2):
 PSYoungGen      total 268800K, used 101179K [0x00000000d5e00000, 0x00000000efb80000, 0x0000000100000000)
  eden space 152064K, 0% used [0x00000000d5e00000,0x00000000d5e00000,0x00000000df280000)
  from space 116736K, 86% used [0x00000000e7000000,0x00000000ed2cefd0,0x00000000ee200000)
  to   space 128512K, 0% used [0x00000000df280000,0x00000000df280000,0x00000000e7000000)
 ParOldGen       total 216064K, used 111879K [0x0000000081a00000, 0x000000008ed00000, 0x00000000d5e00000)
  object space 216064K, 51% used [0x0000000081a00000,0x0000000088741d08,0x000000008ed00000)
 Metaspace       used 22907K, capacity 23043K, committed 23296K, reserved 1071104K
  class space    used 2124K, capacity 2178K, committed 2304K, reserved 1048576K
}

Deoptimization events (10 events):
Event: 188.746 Thread 0x0000000019a18000 Uncommon trap: reason=unreached action=reinterpret pc=0x00000000035b7998 method=processing.opengl.PGraphicsOpenGL.deleteFinalizedTextureObjects(Lprocessing/opengl/PGL;)V @ 127
Event: 204.917 Thread 0x0000000019a18000 Uncommon trap: reason=unreached action=reinterpret pc=0x000000000339a8ac method=processing.opengl.PGraphicsOpenGL$Tessellator.splitRawIndices(Z)V @ 625
Event: 262.487 Thread 0x0000000019a18000 Uncommon trap: reason=class_check action=maybe_recompile pc=0x00000000037ba568 method=controlP5.Controller.updateEvents()Ljava/lang/Object; @ 311
Event: 263.607 Thread 0x0000000019a18000 Uncommon trap: reason=class_check action=maybe_recompile pc=0x00000000037ba584 method=controlP5.Controller.updateEvents()Ljava/lang/Object; @ 342
Event: 264.248 Thread 0x0000000019a18000 Uncommon trap: reason=bimorphic action=maybe_recompile pc=0x00000000037b9b40 method=controlP5.Controller.inside()Z @ 121
Event: 264.248 Thread 0x0000000019a18000 Uncommon trap: reason=class_check action=maybe_recompile pc=0x00000000037ba568 method=controlP5.Controller.updateEvents()Ljava/lang/Object; @ 311
Event: 264.248 Thread 0x0000000019a18000 Uncommon trap: reason=bimorphic action=maybe_recompile pc=0x00000000037b9b40 method=controlP5.Controller.inside()Z @ 121
Event: 264.409 Thread 0x0000000019a18000 Uncommon trap: reason=bimorphic action=maybe_recompile pc=0x00000000037b9b40 method=controlP5.Controller.inside()Z @ 121
Event: 264.409 Thread 0x0000000019a18000 Uncommon trap: reason=bimorphic action=maybe_recompile pc=0x00000000037b9b40 method=controlP5.Controller.inside()Z @ 121
Event: 265.209 Thread 0x0000000019a18000 Uncommon trap: reason=class_check action=maybe_recompile pc=0x00000000037ba584 method=controlP5.Controller.updateEvents()Ljava/lang/Object; @ 342

Internal exceptions (10 events):
Event: 7.022 Thread 0x0000000019a18000 Exception <a 'java/security/PrivilegedActionException'> (0x00000000d6ee60f0) thrown at [D:\re\workspace\8-2-build-windows-amd64-cygwin\jdk8u20\1074\hotspot\src\share\vm\prims\jvm.cpp, line 1275]
Event: 7.934 Thread 0x000000001d78e000 Implicit null exception at 0x00000000031cb4da to 0x00000000031cf23c
Event: 9.282 Thread 0x0000000019a18000 Exception <a 'java/security/PrivilegedActionException'> (0x00000000d6386710) thrown at [D:\re\workspace\8-2-build-windows-amd64-cygwin\jdk8u20\1074\hotspot\src\share\vm\prims\jvm.cpp, line 1275]
Event: 9.316 Thread 0x0000000019a18000 Exception <a 'java/security/PrivilegedActionException'> (0x00000000d638f7b0) thrown at [D:\re\workspace\8-2-build-windows-amd64-cygwin\jdk8u20\1074\hotspot\src\share\vm\prims\jvm.cpp, line 1275]
Event: 27.858 Thread 0x0000000019a18000 Exception <a 'java/security/PrivilegedActionException'> (0x00000000d9c385a8) thrown at [D:\re\workspace\8-2-build-windows-amd64-cygwin\jdk8u20\1074\hotspot\src\share\vm\prims\jvm.cpp, line 1275]
Event: 27.924 Thread 0x0000000019a18000 Exception <a 'java/security/PrivilegedActionException'> (0x00000000d9e63fa8) thrown at [D:\re\workspace\8-2-build-windows-amd64-cygwin\jdk8u20\1074\hotspot\src\share\vm\prims\jvm.cpp, line 1275]
Event: 30.779 Thread 0x0000000019a18000 Implicit null exception at 0x00000000034c419f to 0x00000000034c59f9
Event: 35.840 Thread 0x0000000019a18000 Implicit null exception at 0x00000000035dd297 to 0x00000000035dd6a5
Event: 170.540 Thread 0x0000000019a18000 Implicit null exception at 0x0000000003200f2b to 0x0000000003200fc5
Event: 172.252 Thread 0x0000000019a18000 Exception <a 'java/security/PrivilegedActionException'> (0x00000000dab876b0) thrown at [D:\re\workspace\8-2-build-windows-amd64-cygwin\jdk8u20\1074\hotspot\src\share\vm\prims\jvm.cpp, line 1275]

Events (10 events):
Event: 264.248 Thread 0x0000000019a18000 DEOPT UNPACKING pc=0x0000000002dc556a sp=0x000000001c28d810 mode 2
Event: 264.409 Thread 0x0000000019a18000 Uncommon trap: trap_request=0xffffffc6 fr.pc=0x00000000037b9b40
Event: 264.409 Thread 0x0000000019a18000 DEOPT PACKING pc=0x00000000037b9b40 sp=0x000000001c28d880
Event: 264.409 Thread 0x0000000019a18000 DEOPT UNPACKING pc=0x0000000002dc556a sp=0x000000001c28d810 mode 2
Event: 264.409 Thread 0x0000000019a18000 Uncommon trap: trap_request=0xffffffc6 fr.pc=0x00000000037b9b40
Event: 264.409 Thread 0x0000000019a18000 DEOPT PACKING pc=0x00000000037b9b40 sp=0x000000001c28d880
Event: 264.409 Thread 0x0000000019a18000 DEOPT UNPACKING pc=0x0000000002dc556a sp=0x000000001c28d810 mode 2
Event: 265.209 Thread 0x0000000019a18000 Uncommon trap: trap_request=0xffffffde fr.pc=0x00000000037ba584
Event: 265.209 Thread 0x0000000019a18000 DEOPT PACKING pc=0x00000000037ba584 sp=0x000000001c28d8b0
Event: 265.209 Thread 0x0000000019a18000 DEOPT UNPACKING pc=0x0000000002dc556a sp=0x000000001c28d848 mode 2


Dynamic libraries:
0x00007ff7a7120000 - 0x00007ff7a7154000 	C:\Program Files\Java\jdk1.8.0_20\jre\bin\java.exe
0x00007ffcf9470000 - 0x00007ffcf961c000 	C:\Windows\SYSTEM32\ntdll.dll
0x00007ffcf76d0000 - 0x00007ffcf780e000 	C:\Windows\system32\KERNEL32.DLL
0x00007ffcf69d0000 - 0x00007ffcf6ae5000 	C:\Windows\system32\KERNELBASE.dll
0x00007ffcf25c0000 - 0x00007ffcf264e000 	C:\Windows\system32\apphelp.dll
0x00007ffcf3350000 - 0x00007ffcf33a3000 	C:\Windows\AppPatch\AppPatch64\AcGenral.DLL
0x00007ffcf6b60000 - 0x00007ffcf6c0a000 	C:\Windows\system32\msvcrt.dll
0x00007ffcf63f0000 - 0x00007ffcf641e000 	C:\Windows\SYSTEM32\SspiCli.dll
0x00007ffcf7b50000 - 0x00007ffcf7ba4000 	C:\Windows\system32\SHLWAPI.dll
0x00007ffcf9290000 - 0x00007ffcf9407000 	C:\Windows\system32\USER32.dll
0x00007ffcf7330000 - 0x00007ffcf74c4000 	C:\Windows\system32\ole32.dll
0x00007ffcf7d70000 - 0x00007ffcf9288000 	C:\Windows\system32\SHELL32.dll
0x00007ffcf5d80000 - 0x00007ffcf5da1000 	C:\Windows\SYSTEM32\USERENV.dll
0x00007ffcf7610000 - 0x00007ffcf76ba000 	C:\Windows\system32\ADVAPI32.dll
0x00007ffce98e0000 - 0x00007ffce98fe000 	C:\Windows\SYSTEM32\MPR.dll
0x00007ffcf7000000 - 0x00007ffcf7141000 	C:\Windows\system32\RPCRT4.dll
0x00007ffcf6af0000 - 0x00007ffcf6b49000 	C:\Windows\SYSTEM32\sechost.dll
0x00007ffcf6de0000 - 0x00007ffcf6ff1000 	C:\Windows\SYSTEM32\combase.dll
0x00007ffcf6c80000 - 0x00007ffcf6dd1000 	C:\Windows\system32\GDI32.dll
0x00007ffcf65c0000 - 0x00007ffcf65d5000 	C:\Windows\SYSTEM32\profapi.dll
0x00007ffcf5110000 - 0x00007ffcf51c2000 	C:\Windows\SYSTEM32\SHCORE.dll
0x00007ffcf9430000 - 0x00007ffcf9466000 	C:\Windows\system32\IMM32.DLL
0x00007ffcf7c10000 - 0x00007ffcf7d61000 	C:\Windows\system32\MSCTF.dll
0x00007ffcf46c0000 - 0x00007ffcf493b000 	C:\Windows\WinSxS\amd64_microsoft.windows.common-controls_6595b64144ccf1df_6.0.9600.17415_none_6240486fecbd8abb\COMCTL32.dll
0x0000000077560000 - 0x0000000077632000 	C:\Program Files\Java\jdk1.8.0_20\jre\bin\msvcr100.dll
0x0000000077640000 - 0x0000000077e98000 	C:\Program Files\Java\jdk1.8.0_20\jre\bin\server\jvm.dll
0x00007ffcda860000 - 0x00007ffcda869000 	C:\Windows\SYSTEM32\WSOCK32.dll
0x00007ffcf4c30000 - 0x00007ffcf4c52000 	C:\Windows\SYSTEM32\WINMM.dll
0x00007ffcf76c0000 - 0x00007ffcf76c7000 	C:\Windows\system32\PSAPI.DLL
0x00007ffcf6c20000 - 0x00007ffcf6c7a000 	C:\Windows\system32\WS2_32.dll
0x00007ffcf4bd0000 - 0x00007ffcf4bfa000 	C:\Windows\SYSTEM32\WINMMBASE.dll
0x00007ffcf6b50000 - 0x00007ffcf6b59000 	C:\Windows\system32\NSI.dll
0x00007ffcf67a0000 - 0x00007ffcf67ef000 	C:\Windows\SYSTEM32\cfgmgr32.dll
0x00007ffcf53b0000 - 0x00007ffcf53d8000 	C:\Windows\SYSTEM32\DEVOBJ.dll
0x0000000077550000 - 0x000000007755f000 	C:\Program Files\Java\jdk1.8.0_20\jre\bin\verify.dll
0x0000000077520000 - 0x0000000077548000 	C:\Program Files\Java\jdk1.8.0_20\jre\bin\java.dll
0x0000000077500000 - 0x0000000077516000 	C:\Program Files\Java\jdk1.8.0_20\jre\bin\zip.dll
0x0000000077320000 - 0x00000000774b8000 	C:\Program Files\Java\jdk1.8.0_20\jre\bin\awt.dll
0x00007ffcf7540000 - 0x00007ffcf7601000 	C:\Windows\system32\OLEAUT32.dll
0x00007ffcf4970000 - 0x00007ffcf4991000 	C:\Windows\system32\DWMAPI.DLL
0x00007ffcf5230000 - 0x00007ffcf5359000 	C:\Windows\system32\uxtheme.dll
0x00007ffcf5400000 - 0x00007ffcf540b000 	C:\Windows\SYSTEM32\kernel.appcore.dll
0x00007ffcf6490000 - 0x00007ffcf649b000 	C:\Windows\SYSTEM32\CRYPTBASE.dll
0x00007ffcf6420000 - 0x00007ffcf6483000 	C:\Windows\SYSTEM32\bcryptPrimitives.dll
0x00007ffcea560000 - 0x00007ffcea781000 	C:\Windows\system32\d3d9.dll
0x00007ffcf4b50000 - 0x00007ffcf4b5a000 	C:\Windows\SYSTEM32\VERSION.dll
0x00007ffcf3c50000 - 0x00007ffcf3db4000 	C:\Windows\SYSTEM32\nvumdshimx.dll
0x00007ffcf7150000 - 0x00007ffcf732a000 	C:\Windows\system32\SETUPAPI.dll
0x00007ffcf4db0000 - 0x00007ffcf4de2000 	C:\Windows\SYSTEM32\nvinitx.dll
0x00007ffcd83f0000 - 0x00007ffcd970f000 	C:\Windows\system32\igdumdim64.dll
0x00007ffceacc0000 - 0x00007ffceb645000 	C:\Windows\SYSTEM32\igdusc64.dll
0x00000000772d0000 - 0x0000000077317000 	C:\Program Files\Java\jdk1.8.0_20\jre\bin\fontmanager.dll
0x00007ffcf5ff0000 - 0x00007ffcf6010000 	C:\Windows\SYSTEM32\CRYPTSP.dll
0x00007ffcf5a70000 - 0x00007ffcf5aa6000 	C:\Windows\system32\rsaenh.dll
0x00007ffcf60e0000 - 0x00007ffcf6106000 	C:\Windows\SYSTEM32\bcrypt.dll
0x00000000774e0000 - 0x00000000774fa000 	C:\Program Files\Java\jdk1.8.0_20\jre\bin\net.dll
0x00007ffcf5d20000 - 0x00007ffcf5d79000 	C:\Windows\system32\mswsock.dll
0x00007ffcf2750000 - 0x00007ffcf277a000 	C:\Windows\SYSTEM32\IPHLPAPI.DLL
0x00007ffcf2740000 - 0x00007ffcf274a000 	C:\Windows\SYSTEM32\WINNSI.DLL
0x00007ffcee930000 - 0x00007ffcee946000 	C:\Windows\SYSTEM32\dhcpcsvc6.DLL
0x00007ffceeb30000 - 0x00007ffceeb4a000 	C:\Windows\SYSTEM32\dhcpcsvc.DLL
0x00000000774c0000 - 0x00000000774d1000 	C:\Program Files\Java\jdk1.8.0_20\jre\bin\nio.dll
0x00000000637c0000 - 0x00000000637cd000 	C:\Users\Aran\AppData\Local\Temp\jogamp_0000\file_cache\jln4074316923168344946\jln69760930976875815\gluegen-rt.dll
0x0000000076650000 - 0x0000000076657000 	C:\Program Files\Java\jdk1.8.0_20\jre\bin\jawt.dll
0x000000006a440000 - 0x000000006a44d000 	C:\Users\Aran\AppData\Local\Temp\jogamp_0000\file_cache\jln4074316923168344946\jln69760930976875815\nativewindow_awt.dll
0x000000006c100000 - 0x000000006c10f000 	C:\Users\Aran\AppData\Local\Temp\jogamp_0000\file_cache\jln4074316923168344946\jln69760930976875815\nativewindow_win32.dll
0x00007ffce8380000 - 0x00007ffce84ab000 	C:\Windows\SYSTEM32\OpenGL32.dll
0x00007ffcf1030000 - 0x00007ffcf105e000 	C:\Windows\SYSTEM32\GLU32.dll
0x00007ffce3640000 - 0x00007ffce3738000 	C:\Windows\SYSTEM32\DDRAW.dll
0x00007ffcf2f10000 - 0x00007ffcf2f19000 	C:\Windows\SYSTEM32\DCIMAN32.dll
0x0000000064500000 - 0x00000000645a0000 	C:\Users\Aran\AppData\Local\Temp\jogamp_0000\file_cache\jln4074316923168344946\jln69760930976875815\jogl_desktop.dll
0x00007ffcf4c60000 - 0x00007ffcf4cbb000 	C:\Windows\system32\NV\nvoglshim64.dll
0x00007ffcdb1e0000 - 0x00007ffcdba64000 	C:\Windows\system32\ig75icd64.dll
0x00007ffcf6560000 - 0x00007ffcf65a6000 	C:\Windows\SYSTEM32\powrprof.dll
0x0000000077280000 - 0x00000000772c1000 	C:\Program Files\Java\jdk1.8.0_20\jre\bin\t2k.dll
0x00007ffcf5b90000 - 0x00007ffcf5c34000 	C:\Windows\SYSTEM32\DNSAPI.dll
0x00007ffceca10000 - 0x00007ffceca1a000 	C:\Windows\System32\rasadhlp.dll
0x00007ffceea00000 - 0x00007ffceea6b000 	C:\Windows\System32\fwpuclnt.dll
0x00007ffcf3980000 - 0x00007ffcf3b0a000 	C:\Windows\SYSTEM32\dbghelp.dll

VM Arguments:
jvm_args: -Dfile.encoding=UTF-8 
java_command: programmingproject.ProgrammingProject
java_class_path (initial): C:\Users\Aran\Documents\NetBeansProjects\programming-project-group-3\ProgrammingProject\lib\core.jar;C:\Users\Aran\Documents\NetBeansProjects\programming-project-group-3\ProgrammingProject\lib\gluegen-rt-natives-linux-amd64.jar;C:\Users\Aran\Documents\NetBeansProjects\programming-project-group-3\ProgrammingProject\lib\gluegen-rt-natives-linux-armv6hf.jar;C:\Users\Aran\Documents\NetBeansProjects\programming-project-group-3\ProgrammingProject\lib\gluegen-rt-natives-linux-i586.jar;C:\Users\Aran\Documents\NetBeansProjects\programming-project-group-3\ProgrammingProject\lib\gluegen-rt-natives-macosx-universal.jar;C:\Users\Aran\Documents\NetBeansProjects\programming-project-group-3\ProgrammingProject\lib\gluegen-rt-natives-windows-amd64.jar;C:\Users\Aran\Documents\NetBeansProjects\programming-project-group-3\ProgrammingProject\lib\gluegen-rt-natives-windows-i586.jar;C:\Users\Aran\Documents\NetBeansProjects\programming-project-group-3\ProgrammingProject\lib\gluegen-rt.jar;C:\Users\Aran\Documents\NetBeansProjects\programming-project-group-3\ProgrammingProject\lib\jogl-all-natives-linux-amd64.jar;C:\Users\Aran\Documents\NetBeansProjects\programming-project-group-3\ProgrammingProject\lib\jogl-all-natives-linux-armv6hf.jar;C:\Users\Aran\Documents\NetBeansProjects\programming-project-group-3\ProgrammingProject\lib\jogl-all-natives-linux-i586.jar;C:\Users\Aran\Documents\NetBeansProjects\programming-project-group-3\ProgrammingProject\lib\jogl-all-natives-macosx-universal.jar;C:\Users\Aran\Documents\NetBeansProjects\programming-project-group-3\ProgrammingProject\lib\jogl-all-natives-windows-amd64.jar;C:\Users\Aran\Documents\NetBeansProjects\programming-project-group-3\ProgrammingProject\lib\jogl-all-natives-windows-i586.jar;C:\Users\Aran\Documents\NetBeansProjects\programming-project-group-3\ProgrammingProject\lib\jogl-all.jar;C:\Users\Aran\Documents\NetBeansProjects\programming-project-group-3\ProgrammingProject\lib\mysql-connector-java-5.1.34-bin.jar;
Launcher Type: SUN_STANDARD

Environment Variables:
PATH=C:\Users\Aran\Documents\Enviroment Variables;C:\Program Files\Haskell Platform\2014.2.0.0\bin;C:\Program Files\Haskell Platform\2014.2.0.0\lib\extralibs\bin;C:\Program Files\Haskell Platform\2014.2.0.0\bin;C:\Python34;C:\Program Files\Java\jdk1.8.0_20\bin;C:\ProgramData\Oracle\Java\javapath;C:\Windows\system32;C:\Windows;C:\Windows\System32\Wbem;C:\Windows\System32\WindowsPowerShell\v1.0\;C:\Program Files\Haskell Platform\2014.2.0.0\mingw\bin;C:\Program Files (x86)\MiKTeX 2.9\miktex\bin\;C:\Program Files (x86)\Windows Kits\8.1\Windows Performance Toolkit\;C:\Program Files\Microsoft SQL Server\110\Tools\Binn\;C:\Program Files (x86)\Microsoft SDKs\TypeScript\1.0\;C:\Program Files\Microsoft SQL Server\120\Tools\Binn\;C:\Program Files (x86)\Windows Live\Shared;C:\Program Files\MATLAB\R2014b\bin;C:\Program Files (x86)\Git\cmd;C:\Users\Aran\AppData\Roaming\cabal\bin;.;
USERNAME=Aran
OS=Windows_NT
PROCESSOR_IDENTIFIER=Intel64 Family 6 Model 60 Stepping 3, GenuineIntel



---------------  S Y S T E M  ---------------

OS: Windows 8.1 , 64 bit Build 9600 

CPU:total 4 (2 cores per cpu, 2 threads per core) family 6 model 60 stepping 3, cmov, cx8, fxsr, mmx, sse, sse2, sse3, ssse3, sse4.1, sse4.2, popcnt, avx, avx2, aes, clmul, erms, lzcnt, ht, tsc, tscinvbit, bmi1, bmi2

Memory: 4k page, physical 8281560k(3223124k free), swap 15187644k(7903688k free)

vm_info: Java HotSpot(TM) 64-Bit Server VM (25.20-b23) for windows-amd64 JRE (1.8.0_20-b26), built on Jul 30 2014 13:51:23 by "java_re" with MS VC++ 10.0 (VS2010)

time: Sun Mar 22 00:48:43 2015
elapsed time: 266 seconds (0d 0h 4m 26s)

