#
# A fatal error has been detected by the Java Runtime Environment:
#
#  EXCEPTION_ACCESS_VIOLATION (0xc0000005) at pc=0x00007ffcdb6ce24e, pid=6316, tid=6384
#
# JRE version: Java(TM) SE Runtime Environment (8.0_20-b26) (build 1.8.0_20-b26)
# Java VM: Java HotSpot(TM) 64-Bit Server VM (25.20-b23 mixed mode windows-amd64 compressed oops)
# Problematic frame:
# C  [ig75icd64.dll+0x4ee24e]
#
# Failed to write core dump. Minidumps are not enabled by default on client versions of Windows
#
# If you would like to submit a bug report, please visit:
#   http://bugreport.sun.com/bugreport/crash.jsp
# The crash happened outside the Java Virtual Machine in native code.
# See problematic frame for where to report the bug.
#

---------------  T H R E A D  ---------------

Current thread (0x000000001909f000):  JavaThread "AWT-EventQueue-0" [_thread_in_native, id=6384, stack(0x000000001b840000,0x000000001b940000)]

siginfo: ExceptionCode=0xc0000005, reading address 0x0000000000000000

Registers:
RAX=0x0000000000000000, RBX=0x000000001c070b60, RCX=0x0000000000000018, RDX=0x000000001c101fc0
RSP=0x000000001b93c9b0, RBP=0x0000000000000000, RSI=0x000000001c070bc0, RDI=0x000000001ad1e1f0
R8 =0x0000000000000007, R9 =0x0000000000008000, R10=0x000000001ea0b4c0, R11=0x0000000000000000
R12=0x0000000000000000, R13=0x000000001cbf5ca0, R14=0x000000001ada85e8, R15=0x0000000000000000
RIP=0x00007ffcdb6ce24e, EFLAGS=0x0000000000010246

Top of Stack: (sp=0x000000001b93c9b0)
0x000000001b93c9b0:   000000001ea48200 000000001ad50ab0
0x000000001b93c9c0:   000000001c070b60 000000001ad1e1f0
0x000000001b93c9d0:   000000001ad1e1f0 00007ffcdb353732
0x000000001b93c9e0:   000000001ad50ab0 000000001ad1e1f0
0x000000001b93c9f0:   0000000000000000 000000001ea48200
0x000000001b93ca00:   000000001ad50ab0 00007ffcdb356d72
0x000000001b93ca10:   0000000000000000 000000001ebe6b90
0x000000001b93ca20:   000000001c1d2710 000000001c212400
0x000000001b93ca30:   000000001909f000 0000000000000040
0x000000001b93ca40:   000000001c212400 00007ffcdb1f1bee
0x000000001b93ca50:   0000000000000000 000000001ed59af0
0x000000001b93ca60:   000000001c212400 000000001c212400
0x000000001b93ca70:   0000000000000008 00007ffcdb34fe68
0x000000001b93ca80:   000000001ea0b4c0 0000000000000000
0x000000001b93ca90:   0000000000000038 0000000000000007
0x000000001b93caa0:   0000000000000008 00007ffcdb1f1a1e 

Instructions: (pc=0x00007ffcdb6ce24e)
0x00007ffcdb6ce22e:   00 00 00 00 74 0d 48 8b cf 48 83 c4 20 5f e9 df
0x00007ffcdb6ce23e:   01 00 00 48 83 c4 20 5f c3 48 8b 82 78 7c 02 00
0x00007ffcdb6ce24e:   48 8b 08 48 39 4b 10 77 a8 48 8b 82 78 7c 02 00
0x00007ffcdb6ce25e:   48 8b 08 48 39 4b 18 77 98 80 bf f8 00 00 00 00 


Register to memory mapping:

RAX=0x0000000000000000 is an unknown value
RBX=0x000000001c070b60 is an unknown value
RCX=0x0000000000000018 is an unknown value
RDX=0x000000001c101fc0 is an unknown value
RSP=0x000000001b93c9b0 is pointing into the stack for thread: 0x000000001909f000
RBP=0x0000000000000000 is an unknown value
RSI=0x000000001c070bc0 is an unknown value
RDI=0x000000001ad1e1f0 is an unknown value
R8 =0x0000000000000007 is an unknown value
R9 =0x0000000000008000 is an unknown value
R10=0x000000001ea0b4c0 is an unknown value
R11=0x0000000000000000 is an unknown value
R12=0x0000000000000000 is an unknown value
R13={method} {0x000000001cbf5ca8} 'dispatch_wglDeleteContext0' '(JJ)Z' in 'jogamp/opengl/windows/wgl/WGL'
R14=0x000000001ada85e8 is an unknown value
R15=0x0000000000000000 is an unknown value


Stack: [0x000000001b840000,0x000000001b940000],  sp=0x000000001b93c9b0,  free space=1010k
Native frames: (J=compiled Java code, j=interpreted, Vv=VM code, C=native code)

Java frames: (J=compiled Java code, j=interpreted, Vv=VM code)
j  jogamp.opengl.windows.wgl.WGL.dispatch_wglDeleteContext0(JJ)Z+0
j  jogamp.opengl.windows.wgl.WGL.wglDeleteContext(J)Z+37
j  jogamp.opengl.windows.wgl.WindowsWGLContext.destroyImpl()V+10
j  jogamp.opengl.GLContextImpl.destroy()V+503
j  jogamp.opengl.GLDrawableHelper.disposeGL(Ljavax/media/opengl/GLAutoDrawable;Ljavax/media/opengl/GLContext;Z)V+128
j  javax.media.opengl.awt.GLCanvas$7.run()V+167
J 3118 C1 javax.media.opengl.Threading.invoke(ZLjava/lang/Runnable;Ljava/lang/Object;)V (39 bytes) @ 0x00000000028f0e44 [0x00000000028f0b40+0x304]
j  javax.media.opengl.awt.GLCanvas.destroyImpl(Z)V+9
j  javax.media.opengl.awt.GLCanvas$2.run()V+5
j  com.jogamp.nativewindow.awt.AWTWindowClosingProtocol$WindowClosingAdapter.windowClosing(Ljava/awt/event/WindowEvent;)V+22
j  java.awt.Window.processWindowEvent(Ljava/awt/event/WindowEvent;)V+68
j  javax.swing.JFrame.processWindowEvent(Ljava/awt/event/WindowEvent;)V+2
j  java.awt.Window.processEvent(Ljava/awt/AWTEvent;)V+69
J 3063 C1 java.awt.Component.dispatchEventImpl(Ljava/awt/AWTEvent;)V (883 bytes) @ 0x0000000002907c24 [0x0000000002902720+0x5504]
j  java.awt.Container.dispatchEventImpl(Ljava/awt/AWTEvent;)V+42
j  java.awt.Window.dispatchEventImpl(Ljava/awt/AWTEvent;)V+19
J 2663 C1 java.awt.EventQueue.dispatchEventImpl(Ljava/awt/AWTEvent;Ljava/lang/Object;)V (149 bytes) @ 0x0000000002ba4c0c [0x0000000002ba3580+0x168c]
J 2661 C1 java.awt.EventQueue$3.run()Ljava/lang/Void; (60 bytes) @ 0x0000000002ba2d8c [0x0000000002ba2b80+0x20c]
J 2660 C1 java.awt.EventQueue$3.run()Ljava/lang/Object; (5 bytes) @ 0x0000000002b98acc [0x0000000002b98a40+0x8c]
v  ~StubRoutines::call_stub
J 2392  java.security.AccessController.doPrivileged(Ljava/security/PrivilegedAction;Ljava/security/AccessControlContext;)Ljava/lang/Object; (0 bytes) @ 0x0000000002ad6be6 [0x0000000002ad6b80+0x66]
J 2085 C1 java.security.ProtectionDomain$1.doIntersectionPrivilege(Ljava/security/PrivilegedAction;Ljava/security/AccessControlContext;Ljava/security/AccessControlContext;)Ljava/lang/Object; (32 bytes) @ 0x00000000029da65c [0x00000000029da360+0x2fc]
J 3078 C1 java.awt.EventQueue$4.run()Ljava/lang/Object; (5 bytes) @ 0x00000000024d9b8c [0x00000000024d97a0+0x3ec]
v  ~StubRoutines::call_stub
J 2392  java.security.AccessController.doPrivileged(Ljava/security/PrivilegedAction;Ljava/security/AccessControlContext;)Ljava/lang/Object; (0 bytes) @ 0x0000000002ad6be6 [0x0000000002ad6b80+0x66]
J 2493 C1 java.awt.EventQueue.dispatchEvent(Ljava/awt/AWTEvent;)V (80 bytes) @ 0x0000000002b37034 [0x0000000002b36380+0xcb4]
J 2498 C1 java.awt.EventDispatchThread.pumpOneEventForFilters(I)V (295 bytes) @ 0x0000000002b434dc [0x0000000002b41980+0x1b5c]
j  java.awt.EventDispatchThread.pumpEventsForFilter(ILjava/awt/Conditional;Ljava/awt/EventFilter;)V+35
j  java.awt.EventDispatchThread.pumpEventsForHierarchy(ILjava/awt/Conditional;Ljava/awt/Component;)V+11
j  java.awt.EventDispatchThread.pumpEvents(ILjava/awt/Conditional;)V+4
j  java.awt.EventDispatchThread.pumpEvents(Ljava/awt/Conditional;)V+3
j  java.awt.EventDispatchThread.run()V+9
v  ~StubRoutines::call_stub

---------------  P R O C E S S  ---------------

Java Threads: ( => current thread )
  0x000000001ce02000 JavaThread "Abandoned connection cleanup thread" daemon [_thread_blocked, id=6532, stack(0x0000000020e10000,0x0000000020f10000)]
  0x000000001ccd5000 JavaThread "Animation Thread-SharedResourceRunner" daemon [_thread_blocked, id=6500, stack(0x000000001dc50000,0x000000001dd50000)]
  0x000000000210e000 JavaThread "DestroyJavaVM" [_thread_blocked, id=5424, stack(0x00000000021a0000,0x00000000022a0000)]
  0x00000000190d7000 JavaThread "Animation Thread" [_thread_blocked, id=6492, stack(0x000000001c780000,0x000000001c880000)]
  0x00000000190b1000 JavaThread "D3D Screen Updater" daemon [_thread_blocked, id=6212, stack(0x000000001ba40000,0x000000001bb40000)]
=>0x000000001909f000 JavaThread "AWT-EventQueue-0" [_thread_in_native, id=6384, stack(0x000000001b840000,0x000000001b940000)]
  0x000000001903d800 JavaThread "AWT-Windows" daemon [_thread_in_native, id=6436, stack(0x00000000199c0000,0x0000000019ac0000)]
  0x000000001903d000 JavaThread "AWT-Shutdown" [_thread_blocked, id=6444, stack(0x00000000198c0000,0x00000000199c0000)]
  0x0000000019039800 JavaThread "Java2D Disposer" daemon [_thread_blocked, id=6440, stack(0x00000000197c0000,0x00000000198c0000)]
  0x0000000018760800 JavaThread "Service Thread" daemon [_thread_blocked, id=6428, stack(0x0000000018b40000,0x0000000018c40000)]
  0x0000000016ee3000 JavaThread "C1 CompilerThread2" daemon [_thread_blocked, id=6416, stack(0x0000000018640000,0x0000000018740000)]
  0x0000000016ede000 JavaThread "C2 CompilerThread1" daemon [_thread_blocked, id=6424, stack(0x0000000018540000,0x0000000018640000)]
  0x0000000016ee9800 JavaThread "C2 CompilerThread0" daemon [_thread_blocked, id=6420, stack(0x0000000018440000,0x0000000018540000)]
  0x0000000016ee7000 JavaThread "Attach Listener" daemon [_thread_blocked, id=6388, stack(0x0000000018340000,0x0000000018440000)]
  0x0000000016ee6000 JavaThread "Signal Dispatcher" daemon [_thread_blocked, id=6404, stack(0x0000000018240000,0x0000000018340000)]
  0x0000000002397000 JavaThread "Finalizer" daemon [_thread_blocked, id=6392, stack(0x0000000018140000,0x0000000018240000)]
  0x000000000238e000 JavaThread "Reference Handler" daemon [_thread_blocked, id=6400, stack(0x0000000018040000,0x0000000018140000)]

Other Threads:
  0x0000000016ea5800 VMThread [stack: 0x0000000017f40000,0x0000000018040000] [id=6396]
  0x0000000018763800 WatcherThread [stack: 0x0000000018c40000,0x0000000018d40000] [id=6412]

VM state:not at safepoint (normal execution)

VM Mutex/Monitor currently owned by a thread: None

Heap:
 PSYoungGen      total 261120K, used 154317K [0x00000000d5e00000, 0x00000000ed900000, 0x0000000100000000)
  eden space 142336K, 60% used [0x00000000d5e00000,0x00000000db1da668,0x00000000de900000)
  from space 118784K, 57% used [0x00000000e6500000,0x00000000ea7d9040,0x00000000ed900000)
  to   space 122880K, 0% used [0x00000000de900000,0x00000000de900000,0x00000000e6100000)
 ParOldGen       total 658432K, used 631067K [0x0000000081a00000, 0x00000000a9d00000, 0x00000000d5e00000)
  object space 658432K, 95% used [0x0000000081a00000,0x00000000a8246d78,0x00000000a9d00000)
 Metaspace       used 22835K, capacity 22991K, committed 23296K, reserved 1071104K
  class space    used 2121K, capacity 2180K, committed 2304K, reserved 1048576K

Card table byte_map: [0x0000000011760000,0x0000000011b60000] byte_map_base: 0x0000000011353000

Marking Bits: (ParMarkBitMap*) 0x0000000077e1b460
 Begin Bits: [0x0000000012210000, 0x00000000141a8000)
 End Bits:   [0x00000000141a8000, 0x0000000016140000)

Polling page: 0x00000000020a0000

CodeCache: size=245760Kb used=10869Kb max_used=10884Kb free=234890Kb
 bounds [0x00000000023a0000, 0x0000000002e60000, 0x00000000113a0000]
 total_blobs=4009 nmethods=3033 adapters=888
 compilation: enabled

Compilation events (10 events):
Event: 230.482 Thread 0x0000000016ede000 3612       4       javax.media.opengl.GLContext::isGL2 (27 bytes)
Event: 230.483 Thread 0x0000000016ede000 nmethod 3612 0x00000000028eb090 code [0x00000000028eb1c0, 0x00000000028eb258]
Event: 230.682 Thread 0x0000000016ee9800 3613       4       processing.core.PGraphics::style (264 bytes)
Event: 230.743 Thread 0x0000000016ee9800 nmethod 3613 0x0000000002b3be10 code [0x0000000002b3c080, 0x0000000002b3ce28]
Event: 234.064 Thread 0x0000000016ee3000 3615       1       controlP5.ControllerGroup::preDraw (1 bytes)
Event: 234.064 Thread 0x0000000016ede000 3614       4       controlP5.Label$SinglelineLabel::draw (50 bytes)
Event: 234.064 Thread 0x0000000016ee3000 nmethod 3615 0x00000000027f8e10 code [0x00000000027f8f60, 0x00000000027f9070]
Event: 234.065 Thread 0x0000000016ee3000 3616       1       controlP5.ControllerGroup::postDraw (1 bytes)
Event: 234.065 Thread 0x0000000016ee3000 nmethod 3616 0x00000000028caf50 code [0x00000000028cb0a0, 0x00000000028cb1b0]
Event: 234.407 Thread 0x0000000016ede000 nmethod 3614 0x0000000002e524d0 code [0x0000000002e52aa0, 0x0000000002e557a0]

GC Heap History (10 events):
Event: 202.142 GC heap before
{Heap before GC invocations=64 (full 4):
 PSYoungGen      total 272384K, used 203428K [0x00000000d5e00000, 0x00000000eeb80000, 0x0000000100000000)
  eden space 135168K, 100% used [0x00000000d5e00000,0x00000000de200000,0x00000000de200000)
  from space 137216K, 49% used [0x00000000de200000,0x00000000e24a9040,0x00000000e6800000)
  to   space 134656K, 0% used [0x00000000e6800000,0x00000000e6800000,0x00000000eeb80000)
 ParOldGen       total 658432K, used 613226K [0x0000000081a00000, 0x00000000a9d00000, 0x00000000d5e00000)
  object space 658432K, 93% used [0x0000000081a00000,0x00000000a70daa08,0x00000000a9d00000)
 Metaspace       used 22825K, capacity 22991K, committed 23296K, reserved 1071104K
  class space    used 2121K, capacity 2180K, committed 2304K, reserved 1048576K
Event: 202.179 GC heap after
Heap after GC invocations=64 (full 4):
 PSYoungGen      total 267264K, used 69284K [0x00000000d5e00000, 0x00000000ee680000, 0x0000000100000000)
  eden space 137728K, 0% used [0x00000000d5e00000,0x00000000d5e00000,0x00000000de480000)
  from space 129536K, 53% used [0x00000000e6800000,0x00000000eaba9080,0x00000000ee680000)
  to   space 132096K, 0% used [0x00000000de480000,0x00000000de480000,0x00000000e6580000)
 ParOldGen       total 658432K, used 613250K [0x0000000081a00000, 0x00000000a9d00000, 0x00000000d5e00000)
  object space 658432K, 93% used [0x0000000081a00000,0x00000000a70e0a08,0x00000000a9d00000)
 Metaspace       used 22825K, capacity 22991K, committed 23296K, reserved 1071104K
  class space    used 2121K, capacity 2180K, committed 2304K, reserved 1048576K
}
Event: 203.507 GC heap before
{Heap before GC invocations=65 (full 4):
 PSYoungGen      total 267264K, used 207012K [0x00000000d5e00000, 0x00000000ee680000, 0x0000000100000000)
  eden space 137728K, 100% used [0x00000000d5e00000,0x00000000de480000,0x00000000de480000)
  from space 129536K, 53% used [0x00000000e6800000,0x00000000eaba9080,0x00000000ee680000)
  to   space 132096K, 0% used [0x00000000de480000,0x00000000de480000,0x00000000e6580000)
 ParOldGen       total 658432K, used 613250K [0x0000000081a00000, 0x00000000a9d00000, 0x00000000d5e00000)
  object space 658432K, 93% used [0x0000000081a00000,0x00000000a70e0a08,0x00000000a9d00000)
 Metaspace       used 22825K, capacity 22991K, committed 23296K, reserved 1071104K
  class space    used 2121K, capacity 2180K, committed 2304K, reserved 1048576K
Event: 203.543 GC heap after
Heap after GC invocations=65 (full 4):
 PSYoungGen      total 206336K, used 68260K [0x00000000d5e00000, 0x00000000ee300000, 0x0000000100000000)
  eden space 137728K, 0% used [0x00000000d5e00000,0x00000000d5e00000,0x00000000de480000)
  from space 68608K, 99% used [0x00000000de480000,0x00000000e2729040,0x00000000e2780000)
  to   space 129024K, 0% used [0x00000000e6500000,0x00000000e6500000,0x00000000ee300000)
 ParOldGen       total 658432K, used 613250K [0x0000000081a00000, 0x00000000a9d00000, 0x00000000d5e00000)
  object space 658432K, 93% used [0x0000000081a00000,0x00000000a70e0a08,0x00000000a9d00000)
 Metaspace       used 22825K, capacity 22991K, committed 23296K, reserved 1071104K
  class space    used 2121K, capacity 2180K, committed 2304K, reserved 1048576K
}
Event: 205.088 GC heap before
{Heap before GC invocations=66 (full 4):
 PSYoungGen      total 206336K, used 205914K [0x00000000d5e00000, 0x00000000ee300000, 0x0000000100000000)
  eden space 137728K, 99% used [0x00000000d5e00000,0x00000000de46da30,0x00000000de480000)
  from space 68608K, 99% used [0x00000000de480000,0x00000000e2729040,0x00000000e2780000)
  to   space 129024K, 0% used [0x00000000e6500000,0x00000000e6500000,0x00000000ee300000)
 ParOldGen       total 658432K, used 613506K [0x0000000081a00000, 0x00000000a9d00000, 0x00000000d5e00000)
  object space 658432K, 93% used [0x0000000081a00000,0x00000000a7120a18,0x00000000a9d00000)
 Metaspace       used 22827K, capacity 22991K, committed 23296K, reserved 1071104K
  class space    used 2121K, capacity 2180K, committed 2304K, reserved 1048576K
Event: 205.139 GC heap after
Heap after GC invocations=66 (full 4):
 PSYoungGen      total 266240K, used 62090K [0x00000000d5e00000, 0x00000000ee000000, 0x0000000100000000)
  eden space 140288K, 0% used [0x00000000d5e00000,0x00000000d5e00000,0x00000000de700000)
  from space 125952K, 49% used [0x00000000e6500000,0x00000000ea1a2ba0,0x00000000ee000000)
  to   space 127488K, 0% used [0x00000000de700000,0x00000000de700000,0x00000000e6380000)
 ParOldGen       total 658432K, used 620458K [0x0000000081a00000, 0x00000000a9d00000, 0x00000000d5e00000)
  object space 658432K, 94% used [0x0000000081a00000,0x00000000a77eabc8,0x00000000a9d00000)
 Metaspace       used 22827K, capacity 22991K, committed 23296K, reserved 1071104K
  class space    used 2121K, capacity 2180K, committed 2304K, reserved 1048576K
}
Event: 209.342 GC heap before
{Heap before GC invocations=67 (full 4):
 PSYoungGen      total 266240K, used 202378K [0x00000000d5e00000, 0x00000000ee000000, 0x0000000100000000)
  eden space 140288K, 100% used [0x00000000d5e00000,0x00000000de700000,0x00000000de700000)
  from space 125952K, 49% used [0x00000000e6500000,0x00000000ea1a2ba0,0x00000000ee000000)
  to   space 127488K, 0% used [0x00000000de700000,0x00000000de700000,0x00000000e6380000)
 ParOldGen       total 658432K, used 621006K [0x0000000081a00000, 0x00000000a9d00000, 0x00000000d5e00000)
  object space 658432K, 94% used [0x0000000081a00000,0x00000000a7873af8,0x00000000a9d00000)
 Metaspace       used 22827K, capacity 22991K, committed 23296K, reserved 1071104K
  class space    used 2121K, capacity 2180K, committed 2304K, reserved 1048576K
Event: 209.384 GC heap after
Heap after GC invocations=67 (full 4):
 PSYoungGen      total 267776K, used 54243K [0x00000000d5e00000, 0x00000000ee080000, 0x0000000100000000)
  eden space 140288K, 0% used [0x00000000d5e00000,0x00000000d5e00000,0x00000000de700000)
  from space 127488K, 42% used [0x00000000de700000,0x00000000e1bf8cd0,0x00000000e6380000)
  to   space 126464K, 0% used [0x00000000e6500000,0x00000000e6500000,0x00000000ee080000)
 ParOldGen       total 658432K, used 630523K [0x0000000081a00000, 0x00000000a9d00000, 0x00000000d5e00000)
  object space 658432K, 95% used [0x0000000081a00000,0x00000000a81bed58,0x00000000a9d00000)
 Metaspace       used 22827K, capacity 22991K, committed 23296K, reserved 1071104K
  class space    used 2121K, capacity 2180K, committed 2304K, reserved 1048576K
}
Event: 214.508 GC heap before
{Heap before GC invocations=68 (full 4):
 PSYoungGen      total 267776K, used 194506K [0x00000000d5e00000, 0x00000000ee080000, 0x0000000100000000)
  eden space 140288K, 99% used [0x00000000d5e00000,0x00000000de6f9df8,0x00000000de700000)
  from space 127488K, 42% used [0x00000000de700000,0x00000000e1bf8cd0,0x00000000e6380000)
  to   space 126464K, 0% used [0x00000000e6500000,0x00000000e6500000,0x00000000ee080000)
 ParOldGen       total 658432K, used 630523K [0x0000000081a00000, 0x00000000a9d00000, 0x00000000d5e00000)
  object space 658432K, 95% used [0x0000000081a00000,0x00000000a81bed58,0x00000000a9d00000)
 Metaspace       used 22828K, capacity 22991K, committed 23296K, reserved 1071104K
  class space    used 2121K, capacity 2180K, committed 2304K, reserved 1048576K
Event: 214.548 GC heap after
Heap after GC invocations=68 (full 4):
 PSYoungGen      total 261120K, used 68452K [0x00000000d5e00000, 0x00000000ed900000, 0x0000000100000000)
  eden space 142336K, 0% used [0x00000000d5e00000,0x00000000d5e00000,0x00000000de900000)
  from space 118784K, 57% used [0x00000000e6500000,0x00000000ea7d9040,0x00000000ed900000)
  to   space 122880K, 0% used [0x00000000de900000,0x00000000de900000,0x00000000e6100000)
 ParOldGen       total 658432K, used 631067K [0x0000000081a00000, 0x00000000a9d00000, 0x00000000d5e00000)
  object space 658432K, 95% used [0x0000000081a00000,0x00000000a8246d78,0x00000000a9d00000)
 Metaspace       used 22828K, capacity 22991K, committed 23296K, reserved 1071104K
  class space    used 2121K, capacity 2180K, committed 2304K, reserved 1048576K
}

Deoptimization events (10 events):
Event: 41.236 Thread 0x000000001909f000 Uncommon trap: reason=array_check action=maybe_recompile pc=0x0000000002b91480 method=java.util.Arrays.fill([Ljava/lang/Object;IILjava/lang/Object;)V @ 20
Event: 62.886 Thread 0x000000001909f000 Uncommon trap: reason=unreached action=reinterpret pc=0x0000000002c26870 method=com.mysql.jdbc.MysqlIO.readSingleRowSet(JIIZ[Lcom/mysql/jdbc/Field;)Lcom/mysql/jdbc/RowData; @ 80
Event: 69.160 Thread 0x000000001909f000 Uncommon trap: reason=unreached action=reinterpret pc=0x0000000002c86d38 method=com.mysql.jdbc.ResultSetImpl.next()Z @ 107
Event: 73.405 Thread 0x000000001909f000 Uncommon trap: reason=unloaded action=reinterpret pc=0x0000000002596b1c method=programmingproject.HeatMapGraph.draw(Lprocessing/opengl/PGraphics3D;)V @ 280
Event: 73.405 Thread 0x000000001909f000 Uncommon trap: reason=unloaded action=reinterpret pc=0x00000000028ef58c method=programmingproject.HeatMapGraph.draw(Lprocessing/opengl/PGraphics3D;)V @ 280
Event: 73.681 Thread 0x000000001909f000 Uncommon trap: reason=unreached action=reinterpret pc=0x00000000029d0c6c method=processing.opengl.PGraphicsOpenGL$Tessellator.splitRawIndices(Z)V @ 625
Event: 73.687 Thread 0x000000001909f000 Uncommon trap: reason=unreached action=reinterpret pc=0x0000000002a9d6c0 method=processing.opengl.PGraphicsOpenGL.updateGLProjmodelview()V @ 4
Event: 78.700 Thread 0x000000001909f000 Uncommon trap: reason=null_check action=make_not_entrant pc=0x0000000002ae3eac method=processing.opengl.FontTexture.getTexInfo(Lprocessing/core/PFont$Glyph;)Lprocessing/opengl/FontTexture$TextureInfo; @ 8
Event: 87.034 Thread 0x000000001909f000 Uncommon trap: reason=unreached action=reinterpret pc=0x00000000029e357c method=processing.opengl.PGL.bindTexture(II)V @ 10
Event: 147.324 Thread 0x000000001909f000 Uncommon trap: reason=unreached action=reinterpret pc=0x0000000002d7d764 method=processing.opengl.PGraphicsOpenGL.deleteFinalizedTextureObjects(Lprocessing/opengl/PGL;)V @ 127

Internal exceptions (10 events):
Event: 6.226 Thread 0x000000001909f000 Exception <a 'java/security/PrivilegedActionException'> (0x00000000d6d9cfc8) thrown at [D:\re\workspace\8-2-build-windows-amd64-cygwin\jdk8u20\1074\hotspot\src\share\vm\prims\jvm.cpp, line 1275]
Event: 7.169 Thread 0x00000000196ee800 Implicit null exception at 0x00000000027ddf9a to 0x00000000027e1cf0
Event: 10.123 Thread 0x000000001909f000 Exception <a 'java/security/PrivilegedActionException'> (0x00000000d63016b0) thrown at [D:\re\workspace\8-2-build-windows-amd64-cygwin\jdk8u20\1074\hotspot\src\share\vm\prims\jvm.cpp, line 1275]
Event: 10.224 Thread 0x000000001909f000 Exception <a 'java/security/PrivilegedActionException'> (0x00000000d630a750) thrown at [D:\re\workspace\8-2-build-windows-amd64-cygwin\jdk8u20\1074\hotspot\src\share\vm\prims\jvm.cpp, line 1275]
Event: 41.445 Thread 0x000000001909f000 Exception <a 'java/security/PrivilegedActionException'> (0x00000000d8a1d938) thrown at [D:\re\workspace\8-2-build-windows-amd64-cygwin\jdk8u20\1074\hotspot\src\share\vm\prims\jvm.cpp, line 1275]
Event: 62.887 Thread 0x000000001909f000 Exception <a 'java/security/PrivilegedActionException'> (0x00000000d66caf68) thrown at [D:\re\workspace\8-2-build-windows-amd64-cygwin\jdk8u20\1074\hotspot\src\share\vm\prims\jvm.cpp, line 1275]
Event: 73.687 Thread 0x000000001909f000 Implicit null exception at 0x0000000002a9cc2d to 0x0000000002a9d6b1
Event: 78.700 Thread 0x000000001909f000 Implicit null exception at 0x0000000002ae35ab to 0x0000000002ae3e95
Event: 87.034 Thread 0x000000001909f000 Implicit null exception at 0x00000000029e32fb to 0x00000000029e3569
Event: 105.630 Thread 0x000000001909f000 Exception <a 'java/security/PrivilegedActionException'> (0x00000000dbd0a4c0) thrown at [D:\re\workspace\8-2-build-windows-amd64-cygwin\jdk8u20\1074\hotspot\src\share\vm\prims\jvm.cpp, line 1275]

Events (10 events):
Event: 220.838 Executing VM operation: RevokeBias
Event: 220.838 Executing VM operation: RevokeBias done
Event: 220.838 Thread 0x000000001960d800 Thread exited: 0x000000001960d800
Event: 220.859 Executing VM operation: RevokeBias
Event: 220.859 Executing VM operation: RevokeBias done
Event: 220.859 Thread 0x0000000019610000 Thread exited: 0x0000000019610000
Event: 220.863 Executing VM operation: RevokeBias
Event: 220.863 Executing VM operation: RevokeBias done
Event: 220.863 Thread 0x000000001960f000 Thread exited: 0x000000001960f000
Event: 222.521 Thread 0x0000000019615800 Thread exited: 0x0000000019615800


Dynamic libraries:
0x00007ff7a7120000 - 0x00007ff7a7154000 	C:\Program Files\Java\jdk1.8.0_20\jre\bin\java.exe
0x00007ffcf9470000 - 0x00007ffcf961c000 	C:\Windows\SYSTEM32\ntdll.dll
0x00007ffcf76d0000 - 0x00007ffcf780e000 	C:\Windows\system32\KERNEL32.DLL
0x00007ffcf69d0000 - 0x00007ffcf6ae5000 	C:\Windows\system32\KERNELBASE.dll
0x00007ffcf25c0000 - 0x00007ffcf264e000 	C:\Windows\system32\apphelp.dll
0x00007ffcf3350000 - 0x00007ffcf33a3000 	C:\Windows\AppPatch\AppPatch64\AcGenral.DLL
0x00007ffcf6b60000 - 0x00007ffcf6c0a000 	C:\Windows\system32\msvcrt.dll
0x00007ffcf63f0000 - 0x00007ffcf641e000 	C:\Windows\SYSTEM32\SspiCli.dll
0x00007ffcf7b50000 - 0x00007ffcf7ba4000 	C:\Windows\system32\SHLWAPI.dll
0x00007ffcf9290000 - 0x00007ffcf9407000 	C:\Windows\system32\USER32.dll
0x00007ffcf7330000 - 0x00007ffcf74c4000 	C:\Windows\system32\ole32.dll
0x00007ffcf7d70000 - 0x00007ffcf9288000 	C:\Windows\system32\SHELL32.dll
0x00007ffcf5d80000 - 0x00007ffcf5da1000 	C:\Windows\SYSTEM32\USERENV.dll
0x00007ffcf7610000 - 0x00007ffcf76ba000 	C:\Windows\system32\ADVAPI32.dll
0x00007ffce98e0000 - 0x00007ffce98fe000 	C:\Windows\SYSTEM32\MPR.dll
0x00007ffcf7000000 - 0x00007ffcf7141000 	C:\Windows\system32\RPCRT4.dll
0x00007ffcf6af0000 - 0x00007ffcf6b49000 	C:\Windows\SYSTEM32\sechost.dll
0x00007ffcf6de0000 - 0x00007ffcf6ff1000 	C:\Windows\SYSTEM32\combase.dll
0x00007ffcf6c80000 - 0x00007ffcf6dd1000 	C:\Windows\system32\GDI32.dll
0x00007ffcf65c0000 - 0x00007ffcf65d5000 	C:\Windows\SYSTEM32\profapi.dll
0x00007ffcf5110000 - 0x00007ffcf51c2000 	C:\Windows\SYSTEM32\SHCORE.dll
0x00007ffcf9430000 - 0x00007ffcf9466000 	C:\Windows\system32\IMM32.DLL
0x00007ffcf7c10000 - 0x00007ffcf7d61000 	C:\Windows\system32\MSCTF.dll
0x00007ffcf46c0000 - 0x00007ffcf493b000 	C:\Windows\WinSxS\amd64_microsoft.windows.common-controls_6595b64144ccf1df_6.0.9600.17415_none_6240486fecbd8abb\COMCTL32.dll
0x0000000077560000 - 0x0000000077632000 	C:\Program Files\Java\jdk1.8.0_20\jre\bin\msvcr100.dll
0x0000000077640000 - 0x0000000077e98000 	C:\Program Files\Java\jdk1.8.0_20\jre\bin\server\jvm.dll
0x00007ffcda860000 - 0x00007ffcda869000 	C:\Windows\SYSTEM32\WSOCK32.dll
0x00007ffcf4c30000 - 0x00007ffcf4c52000 	C:\Windows\SYSTEM32\WINMM.dll
0x00007ffcf76c0000 - 0x00007ffcf76c7000 	C:\Windows\system32\PSAPI.DLL
0x00007ffcf6c20000 - 0x00007ffcf6c7a000 	C:\Windows\system32\WS2_32.dll
0x00007ffcf4bd0000 - 0x00007ffcf4bfa000 	C:\Windows\SYSTEM32\WINMMBASE.dll
0x00007ffcf6b50000 - 0x00007ffcf6b59000 	C:\Windows\system32\NSI.dll
0x00007ffcf67a0000 - 0x00007ffcf67ef000 	C:\Windows\SYSTEM32\cfgmgr32.dll
0x00007ffcf53b0000 - 0x00007ffcf53d8000 	C:\Windows\SYSTEM32\DEVOBJ.dll
0x0000000077550000 - 0x000000007755f000 	C:\Program Files\Java\jdk1.8.0_20\jre\bin\verify.dll
0x0000000077520000 - 0x0000000077548000 	C:\Program Files\Java\jdk1.8.0_20\jre\bin\java.dll
0x0000000077500000 - 0x0000000077516000 	C:\Program Files\Java\jdk1.8.0_20\jre\bin\zip.dll
0x0000000077320000 - 0x00000000774b8000 	C:\Program Files\Java\jdk1.8.0_20\jre\bin\awt.dll
0x00007ffcf7540000 - 0x00007ffcf7601000 	C:\Windows\system32\OLEAUT32.dll
0x00007ffcf4970000 - 0x00007ffcf4991000 	C:\Windows\system32\DWMAPI.DLL
0x00007ffcf5230000 - 0x00007ffcf5359000 	C:\Windows\system32\uxtheme.dll
0x00007ffcf5400000 - 0x00007ffcf540b000 	C:\Windows\SYSTEM32\kernel.appcore.dll
0x00007ffcf6490000 - 0x00007ffcf649b000 	C:\Windows\SYSTEM32\CRYPTBASE.dll
0x00007ffcf6420000 - 0x00007ffcf6483000 	C:\Windows\SYSTEM32\bcryptPrimitives.dll
0x00007ffcea560000 - 0x00007ffcea781000 	C:\Windows\system32\d3d9.dll
0x00007ffcf4b50000 - 0x00007ffcf4b5a000 	C:\Windows\SYSTEM32\VERSION.dll
0x00007ffcf3c50000 - 0x00007ffcf3db4000 	C:\Windows\SYSTEM32\nvumdshimx.dll
0x00007ffcf7150000 - 0x00007ffcf732a000 	C:\Windows\system32\SETUPAPI.dll
0x00007ffcf4db0000 - 0x00007ffcf4de2000 	C:\Windows\SYSTEM32\nvinitx.dll
0x00007ffcd6d70000 - 0x00007ffcd808f000 	C:\Windows\system32\igdumdim64.dll
0x00007ffceacc0000 - 0x00007ffceb645000 	C:\Windows\SYSTEM32\igdusc64.dll
0x00000000772d0000 - 0x0000000077317000 	C:\Program Files\Java\jdk1.8.0_20\jre\bin\fontmanager.dll
0x00007ffcf5ff0000 - 0x00007ffcf6010000 	C:\Windows\SYSTEM32\CRYPTSP.dll
0x00007ffcf5a70000 - 0x00007ffcf5aa6000 	C:\Windows\system32\rsaenh.dll
0x00007ffcf60e0000 - 0x00007ffcf6106000 	C:\Windows\SYSTEM32\bcrypt.dll
0x00000000774e0000 - 0x00000000774fa000 	C:\Program Files\Java\jdk1.8.0_20\jre\bin\net.dll
0x00007ffcf5d20000 - 0x00007ffcf5d79000 	C:\Windows\system32\mswsock.dll
0x00007ffcf2750000 - 0x00007ffcf277a000 	C:\Windows\SYSTEM32\IPHLPAPI.DLL
0x00007ffcf2740000 - 0x00007ffcf274a000 	C:\Windows\SYSTEM32\WINNSI.DLL
0x00007ffcee930000 - 0x00007ffcee946000 	C:\Windows\SYSTEM32\dhcpcsvc6.DLL
0x00007ffceeb30000 - 0x00007ffceeb4a000 	C:\Windows\SYSTEM32\dhcpcsvc.DLL
0x00000000774c0000 - 0x00000000774d1000 	C:\Program Files\Java\jdk1.8.0_20\jre\bin\nio.dll
0x00000000637c0000 - 0x00000000637cd000 	C:\Users\Aran\AppData\Local\Temp\jogamp_0000\file_cache\jln9185039842154177693\jln7909469276981799270\gluegen-rt.dll
0x0000000076650000 - 0x0000000076657000 	C:\Program Files\Java\jdk1.8.0_20\jre\bin\jawt.dll
0x000000006a440000 - 0x000000006a44d000 	C:\Users\Aran\AppData\Local\Temp\jogamp_0000\file_cache\jln9185039842154177693\jln7909469276981799270\nativewindow_awt.dll
0x000000006c100000 - 0x000000006c10f000 	C:\Users\Aran\AppData\Local\Temp\jogamp_0000\file_cache\jln9185039842154177693\jln7909469276981799270\nativewindow_win32.dll
0x00007ffce8380000 - 0x00007ffce84ab000 	C:\Windows\SYSTEM32\OpenGL32.dll
0x00007ffcf1030000 - 0x00007ffcf105e000 	C:\Windows\SYSTEM32\GLU32.dll
0x00007ffce3640000 - 0x00007ffce3738000 	C:\Windows\SYSTEM32\DDRAW.dll
0x00007ffcf2f10000 - 0x00007ffcf2f19000 	C:\Windows\SYSTEM32\DCIMAN32.dll
0x0000000064500000 - 0x00000000645a0000 	C:\Users\Aran\AppData\Local\Temp\jogamp_0000\file_cache\jln9185039842154177693\jln7909469276981799270\jogl_desktop.dll
0x00007ffcf4c60000 - 0x00007ffcf4cbb000 	C:\Windows\system32\NV\nvoglshim64.dll
0x00007ffcdb1e0000 - 0x00007ffcdba64000 	C:\Windows\system32\ig75icd64.dll
0x00007ffcf6560000 - 0x00007ffcf65a6000 	C:\Windows\SYSTEM32\powrprof.dll
0x0000000077280000 - 0x00000000772c1000 	C:\Program Files\Java\jdk1.8.0_20\jre\bin\t2k.dll
0x00007ffcf5b90000 - 0x00007ffcf5c34000 	C:\Windows\SYSTEM32\DNSAPI.dll
0x00007ffceca10000 - 0x00007ffceca1a000 	C:\Windows\System32\rasadhlp.dll
0x00007ffceea00000 - 0x00007ffceea6b000 	C:\Windows\System32\fwpuclnt.dll
0x00007ffcf3980000 - 0x00007ffcf3b0a000 	C:\Windows\SYSTEM32\dbghelp.dll

VM Arguments:
jvm_args: -Dfile.encoding=UTF-8 
java_command: programmingproject.ProgrammingProject
java_class_path (initial): C:\Users\Aran\Documents\NetBeansProjects\programming-project-group-3\ProgrammingProject\lib\core.jar;C:\Users\Aran\Documents\NetBeansProjects\programming-project-group-3\ProgrammingProject\lib\gluegen-rt-natives-linux-amd64.jar;C:\Users\Aran\Documents\NetBeansProjects\programming-project-group-3\ProgrammingProject\lib\gluegen-rt-natives-linux-armv6hf.jar;C:\Users\Aran\Documents\NetBeansProjects\programming-project-group-3\ProgrammingProject\lib\gluegen-rt-natives-linux-i586.jar;C:\Users\Aran\Documents\NetBeansProjects\programming-project-group-3\ProgrammingProject\lib\gluegen-rt-natives-macosx-universal.jar;C:\Users\Aran\Documents\NetBeansProjects\programming-project-group-3\ProgrammingProject\lib\gluegen-rt-natives-windows-amd64.jar;C:\Users\Aran\Documents\NetBeansProjects\programming-project-group-3\ProgrammingProject\lib\gluegen-rt-natives-windows-i586.jar;C:\Users\Aran\Documents\NetBeansProjects\programming-project-group-3\ProgrammingProject\lib\gluegen-rt.jar;C:\Users\Aran\Documents\NetBeansProjects\programming-project-group-3\ProgrammingProject\lib\jogl-all-natives-linux-amd64.jar;C:\Users\Aran\Documents\NetBeansProjects\programming-project-group-3\ProgrammingProject\lib\jogl-all-natives-linux-armv6hf.jar;C:\Users\Aran\Documents\NetBeansProjects\programming-project-group-3\ProgrammingProject\lib\jogl-all-natives-linux-i586.jar;C:\Users\Aran\Documents\NetBeansProjects\programming-project-group-3\ProgrammingProject\lib\jogl-all-natives-macosx-universal.jar;C:\Users\Aran\Documents\NetBeansProjects\programming-project-group-3\ProgrammingProject\lib\jogl-all-natives-windows-amd64.jar;C:\Users\Aran\Documents\NetBeansProjects\programming-project-group-3\ProgrammingProject\lib\jogl-all-natives-windows-i586.jar;C:\Users\Aran\Documents\NetBeansProjects\programming-project-group-3\ProgrammingProject\lib\jogl-all.jar;C:\Users\Aran\Documents\NetBeansProjects\programming-project-group-3\ProgrammingProject\lib\mysql-connector-java-5.1.34-bin.jar;
Launcher Type: SUN_STANDARD

Environment Variables:
PATH=C:\Users\Aran\Documents\Enviroment Variables;C:\Program Files\Haskell Platform\2014.2.0.0\bin;C:\Program Files\Haskell Platform\2014.2.0.0\lib\extralibs\bin;C:\Program Files\Haskell Platform\2014.2.0.0\bin;C:\Python34;C:\Program Files\Java\jdk1.8.0_20\bin;C:\ProgramData\Oracle\Java\javapath;C:\Windows\system32;C:\Windows;C:\Windows\System32\Wbem;C:\Windows\System32\WindowsPowerShell\v1.0\;C:\Program Files\Haskell Platform\2014.2.0.0\mingw\bin;C:\Program Files (x86)\MiKTeX 2.9\miktex\bin\;C:\Program Files (x86)\Windows Kits\8.1\Windows Performance Toolkit\;C:\Program Files\Microsoft SQL Server\110\Tools\Binn\;C:\Program Files (x86)\Microsoft SDKs\TypeScript\1.0\;C:\Program Files\Microsoft SQL Server\120\Tools\Binn\;C:\Program Files (x86)\Windows Live\Shared;C:\Program Files\MATLAB\R2014b\bin;C:\Program Files (x86)\Git\cmd;C:\Users\Aran\AppData\Roaming\cabal\bin;.;
USERNAME=Aran
OS=Windows_NT
PROCESSOR_IDENTIFIER=Intel64 Family 6 Model 60 Stepping 3, GenuineIntel



---------------  S Y S T E M  ---------------

OS: Windows 8.1 , 64 bit Build 9600 

CPU:total 4 (2 cores per cpu, 2 threads per core) family 6 model 60 stepping 3, cmov, cx8, fxsr, mmx, sse, sse2, sse3, ssse3, sse4.1, sse4.2, popcnt, avx, avx2, aes, clmul, erms, lzcnt, ht, tsc, tscinvbit, bmi1, bmi2

Memory: 4k page, physical 8281560k(1839888k free), swap 15166584k(7219968k free)

vm_info: Java HotSpot(TM) 64-Bit Server VM (25.20-b23) for windows-amd64 JRE (1.8.0_20-b26), built on Jul 30 2014 13:51:23 by "java_re" with MS VC++ 10.0 (VS2010)

time: Sat Mar 21 18:04:52 2015
elapsed time: 234 seconds (0d 0h 3m 54s)

