#
# A fatal error has been detected by the Java Runtime Environment:
#
#  EXCEPTION_ACCESS_VIOLATION (0xc0000005) at pc=0x00007ffcdb6ce24e, pid=3928, tid=3324
#
# JRE version: Java(TM) SE Runtime Environment (8.0_20-b26) (build 1.8.0_20-b26)
# Java VM: Java HotSpot(TM) 64-Bit Server VM (25.20-b23 mixed mode windows-amd64 compressed oops)
# Problematic frame:
# C  [ig75icd64.dll+0x4ee24e]
#
# Failed to write core dump. Minidumps are not enabled by default on client versions of Windows
#
# If you would like to submit a bug report, please visit:
#   http://bugreport.sun.com/bugreport/crash.jsp
# The crash happened outside the Java Virtual Machine in native code.
# See problematic frame for where to report the bug.
#

---------------  T H R E A D  ---------------

Current thread (0x0000000019708000):  JavaThread "AWT-EventQueue-0" [_thread_in_native, id=3324, stack(0x000000001beb0000,0x000000001bfb0000)]

siginfo: ExceptionCode=0xc0000005, reading address 0x0000000000000000

Registers:
RAX=0x0000000000000000, RBX=0x000000001f38e940, RCX=0x0000000000000018, RDX=0x000000001c6d3000
RSP=0x000000001bfaccd0, RBP=0x0000000000000000, RSI=0x000000001f38e4c0, RDI=0x000000001c6bff20
R8 =0x0000000000000007, R9 =0x0000000000008000, R10=0x000000001f376190, R11=0x0000000000000000
R12=0x0000000000000000, R13=0x000000001d265930, R14=0x000000001b415168, R15=0x0000000000000000
RIP=0x00007ffcdb6ce24e, EFLAGS=0x0000000000010246

Top of Stack: (sp=0x000000001bfaccd0)
0x000000001bfaccd0:   000000001c88b7e0 000000001b378720
0x000000001bfacce0:   000000001f38e940 000000001c6bff20
0x000000001bfaccf0:   000000001c6bff20 00007ffcdb353732
0x000000001bfacd00:   000000001b378720 000000001c6bff20
0x000000001bfacd10:   0000000000000000 000000001c88b7e0
0x000000001bfacd20:   000000001b378720 00007ffcdb356d72
0x000000001bfacd30:   0000000000000000 000000001b39d220
0x000000001bfacd40:   000000001c7e3b30 000000001f010080
0x000000001bfacd50:   0000000019708000 0000000000000050
0x000000001bfacd60:   000000001f010080 00007ffcdb1f1bee
0x000000001bfacd70:   0000000000000000 000000001f361e40
0x000000001bfacd80:   000000001f010080 000000001f010080
0x000000001bfacd90:   0000000000000008 00007ffcdb34fe68
0x000000001bfacda0:   000000001f376190 0000000000000000
0x000000001bfacdb0:   0000000000000048 0000000000000009
0x000000001bfacdc0:   000000000000000a 00007ffcdb1f1a1e 

Instructions: (pc=0x00007ffcdb6ce24e)
0x00007ffcdb6ce22e:   00 00 00 00 74 0d 48 8b cf 48 83 c4 20 5f e9 df
0x00007ffcdb6ce23e:   01 00 00 48 83 c4 20 5f c3 48 8b 82 78 7c 02 00
0x00007ffcdb6ce24e:   48 8b 08 48 39 4b 10 77 a8 48 8b 82 78 7c 02 00
0x00007ffcdb6ce25e:   48 8b 08 48 39 4b 18 77 98 80 bf f8 00 00 00 00 


Register to memory mapping:

RAX=0x0000000000000000 is an unknown value
RBX=0x000000001f38e940 is an unknown value
RCX=0x0000000000000018 is an unknown value
RDX=0x000000001c6d3000 is an unknown value
RSP=0x000000001bfaccd0 is pointing into the stack for thread: 0x0000000019708000
RBP=0x0000000000000000 is an unknown value
RSI=0x000000001f38e4c0 is an unknown value
RDI=0x000000001c6bff20 is an unknown value
R8 =0x0000000000000007 is an unknown value
R9 =0x0000000000008000 is an unknown value
R10=0x000000001f376190 is an unknown value
R11=0x0000000000000000 is an unknown value
R12=0x0000000000000000 is an unknown value
R13={method} {0x000000001d265938} 'dispatch_wglDeleteContext0' '(JJ)Z' in 'jogamp/opengl/windows/wgl/WGL'
R14=0x000000001b415168 is an unknown value
R15=0x0000000000000000 is an unknown value


Stack: [0x000000001beb0000,0x000000001bfb0000],  sp=0x000000001bfaccd0,  free space=1011k
Native frames: (J=compiled Java code, j=interpreted, Vv=VM code, C=native code)

Java frames: (J=compiled Java code, j=interpreted, Vv=VM code)
j  jogamp.opengl.windows.wgl.WGL.dispatch_wglDeleteContext0(JJ)Z+0
j  jogamp.opengl.windows.wgl.WGL.wglDeleteContext(J)Z+37
j  jogamp.opengl.windows.wgl.WindowsWGLContext.destroyImpl()V+10
j  jogamp.opengl.GLContextImpl.destroy()V+503
j  jogamp.opengl.GLDrawableHelper.disposeGL(Ljavax/media/opengl/GLAutoDrawable;Ljavax/media/opengl/GLContext;Z)V+128
j  javax.media.opengl.awt.GLCanvas$7.run()V+167
J 2841 C1 javax.media.opengl.Threading.invoke(ZLjava/lang/Runnable;Ljava/lang/Object;)V (39 bytes) @ 0x00000000032cf544 [0x00000000032cf240+0x304]
j  javax.media.opengl.awt.GLCanvas.destroyImpl(Z)V+9
j  javax.media.opengl.awt.GLCanvas$2.run()V+5
j  com.jogamp.nativewindow.awt.AWTWindowClosingProtocol$WindowClosingAdapter.windowClosing(Ljava/awt/event/WindowEvent;)V+22
j  java.awt.Window.processWindowEvent(Ljava/awt/event/WindowEvent;)V+68
j  javax.swing.JFrame.processWindowEvent(Ljava/awt/event/WindowEvent;)V+2
j  java.awt.Window.processEvent(Ljava/awt/AWTEvent;)V+69
j  java.awt.Component.dispatchEventImpl(Ljava/awt/AWTEvent;)V+589
j  java.awt.Container.dispatchEventImpl(Ljava/awt/AWTEvent;)V+42
j  java.awt.Window.dispatchEventImpl(Ljava/awt/AWTEvent;)V+19
J 2676 C1 java.awt.EventQueue.dispatchEventImpl(Ljava/awt/AWTEvent;Ljava/lang/Object;)V (149 bytes) @ 0x000000000321778c [0x0000000003216100+0x168c]
J 2674 C1 java.awt.EventQueue$3.run()Ljava/lang/Void; (60 bytes) @ 0x000000000321554c [0x0000000003215340+0x20c]
J 2673 C1 java.awt.EventQueue$3.run()Ljava/lang/Object; (5 bytes) @ 0x0000000003214fcc [0x0000000003214f40+0x8c]
v  ~StubRoutines::call_stub
J 2367  java.security.AccessController.doPrivileged(Ljava/security/PrivilegedAction;Ljava/security/AccessControlContext;)Ljava/lang/Object; (0 bytes) @ 0x0000000003124fa6 [0x0000000003124f40+0x66]
J 2469 C1 java.security.ProtectionDomain$1.doIntersectionPrivilege(Ljava/security/PrivilegedAction;Ljava/security/AccessControlContext;Ljava/security/AccessControlContext;)Ljava/lang/Object; (32 bytes) @ 0x000000000318de9c [0x000000000318dba0+0x2fc]
j  java.security.ProtectionDomain$1.doIntersectionPrivilege(Ljava/security/PrivilegedAction;Ljava/security/AccessControlContext;)Ljava/lang/Object;+6
j  java.awt.EventQueue$4.run()Ljava/lang/Void;+11
j  java.awt.EventQueue$4.run()Ljava/lang/Object;+1
v  ~StubRoutines::call_stub
J 2367  java.security.AccessController.doPrivileged(Ljava/security/PrivilegedAction;Ljava/security/AccessControlContext;)Ljava/lang/Object; (0 bytes) @ 0x0000000003124fa6 [0x0000000003124f40+0x66]
J 2567 C1 java.awt.EventQueue.dispatchEvent(Ljava/awt/AWTEvent;)V (80 bytes) @ 0x00000000031cddb4 [0x00000000031cd100+0xcb4]
J 2571 C1 java.awt.EventDispatchThread.pumpOneEventForFilters(I)V (295 bytes) @ 0x00000000031d099c [0x00000000031cee40+0x1b5c]
j  java.awt.EventDispatchThread.pumpEventsForFilter(ILjava/awt/Conditional;Ljava/awt/EventFilter;)V+35
j  java.awt.EventDispatchThread.pumpEventsForHierarchy(ILjava/awt/Conditional;Ljava/awt/Component;)V+11
j  java.awt.EventDispatchThread.pumpEvents(ILjava/awt/Conditional;)V+4
j  java.awt.EventDispatchThread.pumpEvents(Ljava/awt/Conditional;)V+3
j  java.awt.EventDispatchThread.run()V+9
v  ~StubRoutines::call_stub

---------------  P R O C E S S  ---------------

Java Threads: ( => current thread )
  0x000000001d48e800 JavaThread "Abandoned connection cleanup thread" daemon [_thread_blocked, id=5528, stack(0x0000000021460000,0x0000000021560000)]
  0x0000000019b0d000 JavaThread "Animation Thread-SharedResourceRunner" daemon [_thread_blocked, id=4416, stack(0x000000001e2c0000,0x000000001e3c0000)]
  0x000000000280e000 JavaThread "DestroyJavaVM" [_thread_blocked, id=5508, stack(0x0000000002810000,0x0000000002910000)]
  0x000000001974c800 JavaThread "Animation Thread" [_thread_blocked, id=3420, stack(0x000000001cdf0000,0x000000001cef0000)]
  0x0000000019712800 JavaThread "D3D Screen Updater" daemon [_thread_blocked, id=4300, stack(0x000000001c0b0000,0x000000001c1b0000)]
=>0x0000000019708000 JavaThread "AWT-EventQueue-0" [_thread_in_native, id=3324, stack(0x000000001beb0000,0x000000001bfb0000)]
  0x00000000196ae800 JavaThread "AWT-Windows" daemon [_thread_in_native, id=940, stack(0x000000001a030000,0x000000001a130000)]
  0x00000000196ad800 JavaThread "AWT-Shutdown" [_thread_blocked, id=6740, stack(0x0000000019f30000,0x000000001a030000)]
  0x000000001939e800 JavaThread "Java2D Disposer" daemon [_thread_blocked, id=6436, stack(0x0000000019e30000,0x0000000019f30000)]
  0x00000000175ab800 JavaThread "Service Thread" daemon [_thread_blocked, id=4468, stack(0x0000000018da0000,0x0000000018ea0000)]
  0x00000000175a5800 JavaThread "C1 CompilerThread2" daemon [_thread_blocked, id=6428, stack(0x0000000018ca0000,0x0000000018da0000)]
  0x000000001759f800 JavaThread "C2 CompilerThread1" daemon [_thread_blocked, id=6996, stack(0x0000000018ba0000,0x0000000018ca0000)]
  0x0000000017548800 JavaThread "C2 CompilerThread0" daemon [_thread_blocked, id=5424, stack(0x0000000018aa0000,0x0000000018ba0000)]
  0x0000000017558000 JavaThread "Attach Listener" daemon [_thread_blocked, id=1280, stack(0x00000000189a0000,0x0000000018aa0000)]
  0x0000000017557000 JavaThread "Signal Dispatcher" daemon [_thread_blocked, id=6864, stack(0x00000000188a0000,0x00000000189a0000)]
  0x0000000002a07000 JavaThread "Finalizer" daemon [_thread_blocked, id=6460, stack(0x00000000187a0000,0x00000000188a0000)]
  0x00000000029fe000 JavaThread "Reference Handler" daemon [_thread_blocked, id=6276, stack(0x00000000186a0000,0x00000000187a0000)]

Other Threads:
  0x0000000017515800 VMThread [stack: 0x00000000185a0000,0x00000000186a0000] [id=4164]
  0x00000000175ae800 WatcherThread [stack: 0x0000000018ea0000,0x0000000018fa0000] [id=428]

VM state:not at safepoint (normal execution)

VM Mutex/Monitor currently owned by a thread: None

Heap:
 PSYoungGen      total 156672K, used 145435K [0x00000000d5e00000, 0x00000000e2300000, 0x0000000100000000)
  eden space 129536K, 91% used [0x00000000d5e00000,0x00000000dd18ba70,0x00000000ddc80000)
  from space 27136K, 99% used [0x00000000dfe00000,0x00000000e187b2f0,0x00000000e1880000)
  to   space 34304K, 0% used [0x00000000ddc80000,0x00000000ddc80000,0x00000000dfe00000)
 ParOldGen       total 93184K, used 63370K [0x0000000081a00000, 0x0000000087500000, 0x00000000d5e00000)
  object space 93184K, 68% used [0x0000000081a00000,0x00000000857e2a80,0x0000000087500000)
 Metaspace       used 22322K, capacity 22531K, committed 22704K, reserved 1069056K
  class space    used 2113K, capacity 2178K, committed 2304K, reserved 1048576K

Card table byte_map: [0x0000000011dd0000,0x00000000121d0000] byte_map_base: 0x00000000119c3000

Marking Bits: (ParMarkBitMap*) 0x0000000077e1b460
 Begin Bits: [0x0000000012880000, 0x0000000014818000)
 End Bits:   [0x0000000014818000, 0x00000000167b0000)

Polling page: 0x0000000002700000

CodeCache: size=245760Kb used=9100Kb max_used=9106Kb free=236659Kb
 bounds [0x0000000002a10000, 0x0000000003310000, 0x0000000011a10000]
 total_blobs=3580 nmethods=2610 adapters=883
 compilation: enabled

Compilation events (10 events):
Event: 60.935 Thread 0x00000000175a5800 2895       1       java.awt.event.MouseEvent::getClickCount (5 bytes)
Event: 60.935 Thread 0x00000000175a5800 nmethod 2895 0x00000000032f2750 code [0x00000000032f28a0, 0x00000000032f29b0]
Event: 60.935 Thread 0x00000000175a5800 2896       1       java.awt.event.MouseEvent::getX (5 bytes)
Event: 60.935 Thread 0x00000000175a5800 nmethod 2896 0x00000000032f2490 code [0x00000000032f25e0, 0x00000000032f26f0]
Event: 60.935 Thread 0x00000000175a5800 2897       1       java.awt.event.MouseEvent::getY (5 bytes)
Event: 60.936 Thread 0x00000000175a5800 nmethod 2897 0x00000000032f21d0 code [0x00000000032f2320, 0x00000000032f2430]
Event: 61.034 Thread 0x00000000175a5800 2898       1       processing.event.MouseEvent::getButton (5 bytes)
Event: 61.034 Thread 0x00000000175a5800 nmethod 2898 0x00000000032f1f10 code [0x00000000032f2060, 0x00000000032f2170]
Event: 61.526 Thread 0x000000001759f800 2899       4       processing.opengl.PGraphicsOpenGL::popStyle (19 bytes)
Event: 61.596 Thread 0x000000001759f800 nmethod 2899 0x00000000032ff110 code [0x00000000032ff360, 0x00000000032ffee8]

GC Heap History (10 events):
Event: 10.477 GC heap before
{Heap before GC invocations=5 (full 1):
 PSYoungGen      total 71680K, used 66560K [0x00000000d5e00000, 0x00000000dea00000, 0x0000000100000000)
  eden space 66560K, 100% used [0x00000000d5e00000,0x00000000d9f00000,0x00000000d9f00000)
  from space 5120K, 0% used [0x00000000d9f00000,0x00000000d9f00000,0x00000000da400000)
  to   space 5120K, 0% used [0x00000000de500000,0x00000000de500000,0x00000000dea00000)
 ParOldGen       total 93184K, used 21551K [0x0000000081a00000, 0x0000000087500000, 0x00000000d5e00000)
  object space 93184K, 23% used [0x0000000081a00000,0x0000000082f0bfd0,0x0000000087500000)
 Metaspace       used 21529K, capacity 21661K, committed 21808K, reserved 1069056K
  class space    used 2106K, capacity 2173K, committed 2176K, reserved 1048576K
Event: 10.490 GC heap after
Heap after GC invocations=5 (full 1):
 PSYoungGen      total 88064K, used 5101K [0x00000000d5e00000, 0x00000000dea00000, 0x0000000100000000)
  eden space 82944K, 0% used [0x00000000d5e00000,0x00000000d5e00000,0x00000000daf00000)
  from space 5120K, 99% used [0x00000000de500000,0x00000000de9fb450,0x00000000dea00000)
  to   space 5120K, 0% used [0x00000000de000000,0x00000000de000000,0x00000000de500000)
 ParOldGen       total 93184K, used 27456K [0x0000000081a00000, 0x0000000087500000, 0x00000000d5e00000)
  object space 93184K, 29% used [0x0000000081a00000,0x00000000834d0140,0x0000000087500000)
 Metaspace       used 21529K, capacity 21661K, committed 21808K, reserved 1069056K
  class space    used 2106K, capacity 2173K, committed 2176K, reserved 1048576K
}
Event: 12.321 GC heap before
{Heap before GC invocations=6 (full 1):
 PSYoungGen      total 88064K, used 88045K [0x00000000d5e00000, 0x00000000dea00000, 0x0000000100000000)
  eden space 82944K, 100% used [0x00000000d5e00000,0x00000000daf00000,0x00000000daf00000)
  from space 5120K, 99% used [0x00000000de500000,0x00000000de9fb450,0x00000000dea00000)
  to   space 5120K, 0% used [0x00000000de000000,0x00000000de000000,0x00000000de500000)
 ParOldGen       total 93184K, used 27456K [0x0000000081a00000, 0x0000000087500000, 0x00000000d5e00000)
  object space 93184K, 29% used [0x0000000081a00000,0x00000000834d0140,0x0000000087500000)
 Metaspace       used 21716K, capacity 21941K, committed 22192K, reserved 1069056K
  class space    used 2110K, capacity 2177K, committed 2304K, reserved 1048576K
Event: 12.354 GC heap after
Heap after GC invocations=6 (full 1):
 PSYoungGen      total 107008K, used 5117K [0x00000000d5e00000, 0x00000000de880000, 0x0000000100000000)
  eden space 101888K, 0% used [0x00000000d5e00000,0x00000000d5e00000,0x00000000dc180000)
  from space 5120K, 99% used [0x00000000de000000,0x00000000de4ff450,0x00000000de500000)
  to   space 3584K, 0% used [0x00000000de500000,0x00000000de500000,0x00000000de880000)
 ParOldGen       total 93184K, used 38711K [0x0000000081a00000, 0x0000000087500000, 0x00000000d5e00000)
  object space 93184K, 41% used [0x0000000081a00000,0x0000000083fcdd90,0x0000000087500000)
 Metaspace       used 21716K, capacity 21941K, committed 22192K, reserved 1069056K
  class space    used 2110K, capacity 2177K, committed 2304K, reserved 1048576K
}
Event: 14.653 GC heap before
{Heap before GC invocations=7 (full 1):
 PSYoungGen      total 107008K, used 106975K [0x00000000d5e00000, 0x00000000de880000, 0x0000000100000000)
  eden space 101888K, 99% used [0x00000000d5e00000,0x00000000dc1787b0,0x00000000dc180000)
  from space 5120K, 99% used [0x00000000de000000,0x00000000de4ff450,0x00000000de500000)
  to   space 3584K, 0% used [0x00000000de500000,0x00000000de500000,0x00000000de880000)
 ParOldGen       total 93184K, used 38711K [0x0000000081a00000, 0x0000000087500000, 0x00000000d5e00000)
  object space 93184K, 41% used [0x0000000081a00000,0x0000000083fcdd90,0x0000000087500000)
 Metaspace       used 21847K, capacity 22069K, committed 22448K, reserved 1069056K
  class space    used 2112K, capacity 2177K, committed 2304K, reserved 1048576K
Event: 14.679 GC heap after
Heap after GC invocations=7 (full 1):
 PSYoungGen      total 118272K, used 3552K [0x00000000d5e00000, 0x00000000e0400000, 0x0000000100000000)
  eden space 114688K, 0% used [0x00000000d5e00000,0x00000000d5e00000,0x00000000dce00000)
  from space 3584K, 99% used [0x00000000de500000,0x00000000de8780f0,0x00000000de880000)
  to   space 23552K, 0% used [0x00000000dce00000,0x00000000dce00000,0x00000000de500000)
 ParOldGen       total 93184K, used 55914K [0x0000000081a00000, 0x0000000087500000, 0x00000000d5e00000)
  object space 93184K, 60% used [0x0000000081a00000,0x000000008509a8a0,0x0000000087500000)
 Metaspace       used 21847K, capacity 22069K, committed 22448K, reserved 1069056K
  class space    used 2112K, capacity 2177K, committed 2304K, reserved 1048576K
}
Event: 17.760 GC heap before
{Heap before GC invocations=8 (full 1):
 PSYoungGen      total 118272K, used 118240K [0x00000000d5e00000, 0x00000000e0400000, 0x0000000100000000)
  eden space 114688K, 100% used [0x00000000d5e00000,0x00000000dce00000,0x00000000dce00000)
  from space 3584K, 99% used [0x00000000de500000,0x00000000de8780f0,0x00000000de880000)
  to   space 23552K, 0% used [0x00000000dce00000,0x00000000dce00000,0x00000000de500000)
 ParOldGen       total 93184K, used 55914K [0x0000000081a00000, 0x0000000087500000, 0x00000000d5e00000)
  object space 93184K, 60% used [0x0000000081a00000,0x000000008509a8a0,0x0000000087500000)
 Metaspace       used 21967K, capacity 22203K, committed 22448K, reserved 1069056K
  class space    used 2112K, capacity 2178K, committed 2304K, reserved 1048576K
Event: 17.798 GC heap after
Heap after GC invocations=8 (full 1):
 PSYoungGen      total 138240K, used 23521K [0x00000000d5e00000, 0x00000000e1880000, 0x0000000100000000)
  eden space 114688K, 0% used [0x00000000d5e00000,0x00000000d5e00000,0x00000000dce00000)
  from space 23552K, 99% used [0x00000000dce00000,0x00000000de4f85e0,0x00000000de500000)
  to   space 27136K, 0% used [0x00000000dfe00000,0x00000000dfe00000,0x00000000e1880000)
 ParOldGen       total 93184K, used 56258K [0x0000000081a00000, 0x0000000087500000, 0x00000000d5e00000)
  object space 93184K, 60% used [0x0000000081a00000,0x00000000850f08b0,0x0000000087500000)
 Metaspace       used 21967K, capacity 22203K, committed 22448K, reserved 1069056K
  class space    used 2112K, capacity 2178K, committed 2304K, reserved 1048576K
}
Event: 37.939 GC heap before
{Heap before GC invocations=9 (full 1):
 PSYoungGen      total 138240K, used 138209K [0x00000000d5e00000, 0x00000000e1880000, 0x0000000100000000)
  eden space 114688K, 100% used [0x00000000d5e00000,0x00000000dce00000,0x00000000dce00000)
  from space 23552K, 99% used [0x00000000dce00000,0x00000000de4f85e0,0x00000000de500000)
  to   space 27136K, 0% used [0x00000000dfe00000,0x00000000dfe00000,0x00000000e1880000)
 ParOldGen       total 93184K, used 56258K [0x0000000081a00000, 0x0000000087500000, 0x00000000d5e00000)
  object space 93184K, 60% used [0x0000000081a00000,0x00000000850f08b0,0x0000000087500000)
 Metaspace       used 22137K, capacity 22339K, committed 22704K, reserved 1069056K
  class space    used 2113K, capacity 2178K, committed 2304K, reserved 1048576K
Event: 38.033 GC heap after
Heap after GC invocations=9 (full 1):
 PSYoungGen      total 156672K, used 27116K [0x00000000d5e00000, 0x00000000e2300000, 0x0000000100000000)
  eden space 129536K, 0% used [0x00000000d5e00000,0x00000000d5e00000,0x00000000ddc80000)
  from space 27136K, 99% used [0x00000000dfe00000,0x00000000e187b2f0,0x00000000e1880000)
  to   space 34304K, 0% used [0x00000000ddc80000,0x00000000ddc80000,0x00000000dfe00000)
 ParOldGen       total 93184K, used 63370K [0x0000000081a00000, 0x0000000087500000, 0x00000000d5e00000)
  object space 93184K, 68% used [0x0000000081a00000,0x00000000857e2a80,0x0000000087500000)
 Metaspace       used 22137K, capacity 22339K, committed 22704K, reserved 1069056K
  class space    used 2113K, capacity 2178K, committed 2304K, reserved 1048576K
}

Deoptimization events (10 events):
Event: 7.874 Thread 0x0000000019708000 Uncommon trap: reason=class_check action=maybe_recompile pc=0x0000000002e47dd4 method=com.jogamp.common.nio.Buffers.getDirectBufferByteOffset(Ljava/lang/Object;)I @ 42
Event: 8.927 Thread 0x0000000019708000 Uncommon trap: reason=unreached action=reinterpret pc=0x0000000002e42f10 method=processing.opengl.PGL.nativeToJavaARGB([III)V @ 260
Event: 8.943 Thread 0x0000000019708000 Uncommon trap: reason=class_check action=maybe_recompile pc=0x0000000002e47dd4 method=com.jogamp.common.nio.Buffers.getDirectBufferByteOffset(Ljava/lang/Object;)I @ 42
Event: 9.024 Thread 0x0000000019708000 Uncommon trap: reason=class_check action=maybe_recompile pc=0x0000000002e47dd4 method=com.jogamp.common.nio.Buffers.getDirectBufferByteOffset(Ljava/lang/Object;)I @ 42
Event: 9.105 Thread 0x0000000019708000 Uncommon trap: reason=class_check action=maybe_recompile pc=0x0000000002e47dd4 method=com.jogamp.common.nio.Buffers.getDirectBufferByteOffset(Ljava/lang/Object;)I @ 42
Event: 36.146 Thread 0x0000000019708000 Uncommon trap: reason=unreached action=reinterpret pc=0x0000000003043d3c method=processing.opengl.PGL.bindTexture(II)V @ 10
Event: 36.899 Thread 0x0000000019708000 Uncommon trap: reason=unreached action=reinterpret pc=0x000000000310f45c method=processing.opengl.PGraphicsOpenGL.updateGLProjmodelview()V @ 4
Event: 41.141 Thread 0x0000000019708000 Uncommon trap: reason=unreached action=reinterpret pc=0x0000000003106bc0 method=processing.opengl.PGraphicsOpenGL.updateGLProjmodelview()V @ 4
Event: 42.435 Thread 0x0000000019708000 Uncommon trap: reason=predicate action=maybe_recompile pc=0x0000000002f199a4 method=java.util.Arrays.fill([Ljava/lang/Object;IILjava/lang/Object;)V @ 16
Event: 42.464 Thread 0x0000000019708000 Uncommon trap: reason=array_check action=maybe_recompile pc=0x00000000031e8180 method=java.util.Arrays.fill([Ljava/lang/Object;IILjava/lang/Object;)V @ 20

Internal exceptions (10 events):
Event: 6.003 Thread 0x0000000019708000 Exception <a 'java/security/PrivilegedActionException'> (0x00000000d6219248) thrown at [D:\re\workspace\8-2-build-windows-amd64-cygwin\jdk8u20\1074\hotspot\src\share\vm\prims\jvm.cpp, line 1275]
Event: 6.629 Thread 0x0000000019708000 Exception <a 'java/security/PrivilegedActionException'> (0x00000000d6e96230) thrown at [D:\re\workspace\8-2-build-windows-amd64-cygwin\jdk8u20\1074\hotspot\src\share\vm\prims\jvm.cpp, line 1275]
Event: 7.454 Thread 0x0000000019c71000 Implicit null exception at 0x0000000002e3bb4e to 0x0000000002e3d7c5
Event: 8.759 Thread 0x0000000019708000 Exception <a 'java/security/PrivilegedActionException'> (0x00000000d6360f80) thrown at [D:\re\workspace\8-2-build-windows-amd64-cygwin\jdk8u20\1074\hotspot\src\share\vm\prims\jvm.cpp, line 1275]
Event: 8.874 Thread 0x0000000019708000 Exception <a 'java/security/PrivilegedActionException'> (0x00000000d636a020) thrown at [D:\re\workspace\8-2-build-windows-amd64-cygwin\jdk8u20\1074\hotspot\src\share\vm\prims\jvm.cpp, line 1275]
Event: 36.146 Thread 0x0000000019708000 Implicit null exception at 0x0000000003043abb to 0x0000000003043d29
Event: 36.899 Thread 0x0000000019708000 Implicit null exception at 0x000000000310db9f to 0x000000000310f44d
Event: 41.141 Thread 0x0000000019708000 Implicit null exception at 0x000000000310612d to 0x0000000003106bb1
Event: 58.507 Thread 0x0000000019708000 Exception <a 'java/lang/ClassCastException': controlP5.DropdownList cannot be cast to controlP5.Controller> (0x00000000dbf57de8) thrown at [D:\re\workspace\8-2-build-windows-amd64-cygwin\jdk8u20\1074\hotspot\src\share\vm\interpreter\interpreterRuntime.cpp,
Event: 58.507 Thread 0x0000000019708000 Exception <a 'java/lang/reflect/InvocationTargetException'> (0x00000000dbf58128) thrown at [D:\re\workspace\8-2-build-windows-amd64-cygwin\jdk8u20\1074\hotspot\src\share\vm\runtime\reflection.cpp, line 1079]

Events (10 events):
Event: 42.217 Thread 0x00000000175a5800 flushing nmethod 0x0000000002f19710
Event: 42.217 Thread 0x00000000175a5800 flushing nmethod 0x0000000002f1ba10
Event: 42.435 Thread 0x0000000019708000 Uncommon trap: trap_request=0xffffff86 fr.pc=0x0000000002f199a4
Event: 42.435 Thread 0x0000000019708000 DEOPT PACKING pc=0x0000000002f199a4 sp=0x000000001bfaddf0
Event: 42.435 Thread 0x0000000019708000 DEOPT UNPACKING pc=0x0000000002a5556a sp=0x000000001bfadd88 mode 2
Event: 42.464 Thread 0x0000000019708000 Uncommon trap: trap_request=0xffffffd6 fr.pc=0x00000000031e8180
Event: 42.464 Thread 0x0000000019708000 DEOPT PACKING pc=0x00000000031e8180 sp=0x000000001bfadbf0
Event: 42.464 Thread 0x0000000019708000 DEOPT UNPACKING pc=0x0000000002a5556a sp=0x000000001bfadb90 mode 2
Event: 49.528 Thread 0x0000000019708000 DEOPT PACKING pc=0x0000000003198bfd sp=0x000000001bfadd20
Event: 49.528 Thread 0x0000000019708000 DEOPT UNPACKING pc=0x0000000002a575bf sp=0x000000001bfadaf0 mode 0


Dynamic libraries:
0x00007ff7a7120000 - 0x00007ff7a7154000 	C:\Program Files\Java\jdk1.8.0_20\jre\bin\java.exe
0x00007ffcf9470000 - 0x00007ffcf961c000 	C:\Windows\SYSTEM32\ntdll.dll
0x00007ffcf76d0000 - 0x00007ffcf780e000 	C:\Windows\system32\KERNEL32.DLL
0x00007ffcf69d0000 - 0x00007ffcf6ae5000 	C:\Windows\system32\KERNELBASE.dll
0x00007ffcf25c0000 - 0x00007ffcf264e000 	C:\Windows\system32\apphelp.dll
0x00007ffcf3350000 - 0x00007ffcf33a3000 	C:\Windows\AppPatch\AppPatch64\AcGenral.DLL
0x00007ffcf6b60000 - 0x00007ffcf6c0a000 	C:\Windows\system32\msvcrt.dll
0x00007ffcf63f0000 - 0x00007ffcf641e000 	C:\Windows\SYSTEM32\SspiCli.dll
0x00007ffcf7b50000 - 0x00007ffcf7ba4000 	C:\Windows\system32\SHLWAPI.dll
0x00007ffcf9290000 - 0x00007ffcf9407000 	C:\Windows\system32\USER32.dll
0x00007ffcf7330000 - 0x00007ffcf74c4000 	C:\Windows\system32\ole32.dll
0x00007ffcf7d70000 - 0x00007ffcf9288000 	C:\Windows\system32\SHELL32.dll
0x00007ffcf5d80000 - 0x00007ffcf5da1000 	C:\Windows\SYSTEM32\USERENV.dll
0x00007ffcf7610000 - 0x00007ffcf76ba000 	C:\Windows\system32\ADVAPI32.dll
0x00007ffce98e0000 - 0x00007ffce98fe000 	C:\Windows\SYSTEM32\MPR.dll
0x00007ffcf7000000 - 0x00007ffcf7141000 	C:\Windows\system32\RPCRT4.dll
0x00007ffcf6af0000 - 0x00007ffcf6b49000 	C:\Windows\SYSTEM32\sechost.dll
0x00007ffcf6de0000 - 0x00007ffcf6ff1000 	C:\Windows\SYSTEM32\combase.dll
0x00007ffcf6c80000 - 0x00007ffcf6dd1000 	C:\Windows\system32\GDI32.dll
0x00007ffcf65c0000 - 0x00007ffcf65d5000 	C:\Windows\SYSTEM32\profapi.dll
0x00007ffcf5110000 - 0x00007ffcf51c2000 	C:\Windows\SYSTEM32\SHCORE.dll
0x00007ffcf9430000 - 0x00007ffcf9466000 	C:\Windows\system32\IMM32.DLL
0x00007ffcf7c10000 - 0x00007ffcf7d61000 	C:\Windows\system32\MSCTF.dll
0x00007ffcf46c0000 - 0x00007ffcf493b000 	C:\Windows\WinSxS\amd64_microsoft.windows.common-controls_6595b64144ccf1df_6.0.9600.17415_none_6240486fecbd8abb\COMCTL32.dll
0x0000000077560000 - 0x0000000077632000 	C:\Program Files\Java\jdk1.8.0_20\jre\bin\msvcr100.dll
0x0000000077640000 - 0x0000000077e98000 	C:\Program Files\Java\jdk1.8.0_20\jre\bin\server\jvm.dll
0x00007ffcda860000 - 0x00007ffcda869000 	C:\Windows\SYSTEM32\WSOCK32.dll
0x00007ffcf4c30000 - 0x00007ffcf4c52000 	C:\Windows\SYSTEM32\WINMM.dll
0x00007ffcf76c0000 - 0x00007ffcf76c7000 	C:\Windows\system32\PSAPI.DLL
0x00007ffcf6c20000 - 0x00007ffcf6c7a000 	C:\Windows\system32\WS2_32.dll
0x00007ffcf4bd0000 - 0x00007ffcf4bfa000 	C:\Windows\SYSTEM32\WINMMBASE.dll
0x00007ffcf6b50000 - 0x00007ffcf6b59000 	C:\Windows\system32\NSI.dll
0x00007ffcf67a0000 - 0x00007ffcf67ef000 	C:\Windows\SYSTEM32\cfgmgr32.dll
0x00007ffcf53b0000 - 0x00007ffcf53d8000 	C:\Windows\SYSTEM32\DEVOBJ.dll
0x0000000077550000 - 0x000000007755f000 	C:\Program Files\Java\jdk1.8.0_20\jre\bin\verify.dll
0x0000000077520000 - 0x0000000077548000 	C:\Program Files\Java\jdk1.8.0_20\jre\bin\java.dll
0x0000000077500000 - 0x0000000077516000 	C:\Program Files\Java\jdk1.8.0_20\jre\bin\zip.dll
0x0000000077320000 - 0x00000000774b8000 	C:\Program Files\Java\jdk1.8.0_20\jre\bin\awt.dll
0x00007ffcf7540000 - 0x00007ffcf7601000 	C:\Windows\system32\OLEAUT32.dll
0x00007ffcf4970000 - 0x00007ffcf4991000 	C:\Windows\system32\DWMAPI.DLL
0x00007ffcf5230000 - 0x00007ffcf5359000 	C:\Windows\system32\uxtheme.dll
0x00007ffcf5400000 - 0x00007ffcf540b000 	C:\Windows\SYSTEM32\kernel.appcore.dll
0x00007ffcf6490000 - 0x00007ffcf649b000 	C:\Windows\SYSTEM32\CRYPTBASE.dll
0x00007ffcf6420000 - 0x00007ffcf6483000 	C:\Windows\SYSTEM32\bcryptPrimitives.dll
0x00007ffcea560000 - 0x00007ffcea781000 	C:\Windows\system32\d3d9.dll
0x00007ffcf4b50000 - 0x00007ffcf4b5a000 	C:\Windows\SYSTEM32\VERSION.dll
0x00007ffcf3c50000 - 0x00007ffcf3db4000 	C:\Windows\SYSTEM32\nvumdshimx.dll
0x00007ffcf7150000 - 0x00007ffcf732a000 	C:\Windows\system32\SETUPAPI.dll
0x00007ffcf4db0000 - 0x00007ffcf4de2000 	C:\Windows\SYSTEM32\nvinitx.dll
0x00007ffcd83f0000 - 0x00007ffcd970f000 	C:\Windows\system32\igdumdim64.dll
0x00007ffceacc0000 - 0x00007ffceb645000 	C:\Windows\SYSTEM32\igdusc64.dll
0x00000000772d0000 - 0x0000000077317000 	C:\Program Files\Java\jdk1.8.0_20\jre\bin\fontmanager.dll
0x00007ffcf5ff0000 - 0x00007ffcf6010000 	C:\Windows\SYSTEM32\CRYPTSP.dll
0x00007ffcf5a70000 - 0x00007ffcf5aa6000 	C:\Windows\system32\rsaenh.dll
0x00007ffcf60e0000 - 0x00007ffcf6106000 	C:\Windows\SYSTEM32\bcrypt.dll
0x00000000774e0000 - 0x00000000774fa000 	C:\Program Files\Java\jdk1.8.0_20\jre\bin\net.dll
0x00007ffcf5d20000 - 0x00007ffcf5d79000 	C:\Windows\system32\mswsock.dll
0x00007ffcf2750000 - 0x00007ffcf277a000 	C:\Windows\SYSTEM32\IPHLPAPI.DLL
0x00007ffcf2740000 - 0x00007ffcf274a000 	C:\Windows\SYSTEM32\WINNSI.DLL
0x00007ffcee930000 - 0x00007ffcee946000 	C:\Windows\SYSTEM32\dhcpcsvc6.DLL
0x00007ffceeb30000 - 0x00007ffceeb4a000 	C:\Windows\SYSTEM32\dhcpcsvc.DLL
0x00000000774c0000 - 0x00000000774d1000 	C:\Program Files\Java\jdk1.8.0_20\jre\bin\nio.dll
0x00000000637c0000 - 0x00000000637cd000 	C:\Users\Aran\AppData\Local\Temp\jogamp_0000\file_cache\jln1282794281082951450\jln2109506654335570036\gluegen-rt.dll
0x0000000076650000 - 0x0000000076657000 	C:\Program Files\Java\jdk1.8.0_20\jre\bin\jawt.dll
0x000000006a440000 - 0x000000006a44d000 	C:\Users\Aran\AppData\Local\Temp\jogamp_0000\file_cache\jln1282794281082951450\jln2109506654335570036\nativewindow_awt.dll
0x000000006c100000 - 0x000000006c10f000 	C:\Users\Aran\AppData\Local\Temp\jogamp_0000\file_cache\jln1282794281082951450\jln2109506654335570036\nativewindow_win32.dll
0x00007ffce8380000 - 0x00007ffce84ab000 	C:\Windows\SYSTEM32\OpenGL32.dll
0x00007ffcf1030000 - 0x00007ffcf105e000 	C:\Windows\SYSTEM32\GLU32.dll
0x00007ffce3640000 - 0x00007ffce3738000 	C:\Windows\SYSTEM32\DDRAW.dll
0x00007ffcf2f10000 - 0x00007ffcf2f19000 	C:\Windows\SYSTEM32\DCIMAN32.dll
0x0000000064500000 - 0x00000000645a0000 	C:\Users\Aran\AppData\Local\Temp\jogamp_0000\file_cache\jln1282794281082951450\jln2109506654335570036\jogl_desktop.dll
0x00007ffceabd0000 - 0x00007ffceac2b000 	C:\Windows\system32\NV\nvoglshim64.dll
0x00007ffcdb1e0000 - 0x00007ffcdba64000 	C:\Windows\system32\ig75icd64.dll
0x00007ffcf6560000 - 0x00007ffcf65a6000 	C:\Windows\SYSTEM32\powrprof.dll
0x0000000077280000 - 0x00000000772c1000 	C:\Program Files\Java\jdk1.8.0_20\jre\bin\t2k.dll
0x00007ffcf5b90000 - 0x00007ffcf5c34000 	C:\Windows\SYSTEM32\DNSAPI.dll
0x00007ffceca10000 - 0x00007ffceca1a000 	C:\Windows\System32\rasadhlp.dll
0x00007ffceea00000 - 0x00007ffceea6b000 	C:\Windows\System32\fwpuclnt.dll
0x00007ffcf3980000 - 0x00007ffcf3b0a000 	C:\Windows\SYSTEM32\dbghelp.dll

VM Arguments:
jvm_args: -Dfile.encoding=UTF-8 
java_command: programmingproject.ProgrammingProject
java_class_path (initial): C:\Users\Aran\Documents\NetBeansProjects\programming-project-group-3\ProgrammingProject\lib\core.jar;C:\Users\Aran\Documents\NetBeansProjects\programming-project-group-3\ProgrammingProject\lib\gluegen-rt-natives-linux-amd64.jar;C:\Users\Aran\Documents\NetBeansProjects\programming-project-group-3\ProgrammingProject\lib\gluegen-rt-natives-linux-armv6hf.jar;C:\Users\Aran\Documents\NetBeansProjects\programming-project-group-3\ProgrammingProject\lib\gluegen-rt-natives-linux-i586.jar;C:\Users\Aran\Documents\NetBeansProjects\programming-project-group-3\ProgrammingProject\lib\gluegen-rt-natives-macosx-universal.jar;C:\Users\Aran\Documents\NetBeansProjects\programming-project-group-3\ProgrammingProject\lib\gluegen-rt-natives-windows-amd64.jar;C:\Users\Aran\Documents\NetBeansProjects\programming-project-group-3\ProgrammingProject\lib\gluegen-rt-natives-windows-i586.jar;C:\Users\Aran\Documents\NetBeansProjects\programming-project-group-3\ProgrammingProject\lib\gluegen-rt.jar;C:\Users\Aran\Documents\NetBeansProjects\programming-project-group-3\ProgrammingProject\lib\jogl-all-natives-linux-amd64.jar;C:\Users\Aran\Documents\NetBeansProjects\programming-project-group-3\ProgrammingProject\lib\jogl-all-natives-linux-armv6hf.jar;C:\Users\Aran\Documents\NetBeansProjects\programming-project-group-3\ProgrammingProject\lib\jogl-all-natives-linux-i586.jar;C:\Users\Aran\Documents\NetBeansProjects\programming-project-group-3\ProgrammingProject\lib\jogl-all-natives-macosx-universal.jar;C:\Users\Aran\Documents\NetBeansProjects\programming-project-group-3\ProgrammingProject\lib\jogl-all-natives-windows-amd64.jar;C:\Users\Aran\Documents\NetBeansProjects\programming-project-group-3\ProgrammingProject\lib\jogl-all-natives-windows-i586.jar;C:\Users\Aran\Documents\NetBeansProjects\programming-project-group-3\ProgrammingProject\lib\jogl-all.jar;C:\Users\Aran\Documents\NetBeansProjects\programming-project-group-3\ProgrammingProject\lib\mysql-connector-java-5.1.34-bin.jar;
Launcher Type: SUN_STANDARD

Environment Variables:
PATH=C:\Users\Aran\Documents\Enviroment Variables;C:\Program Files\Haskell Platform\2014.2.0.0\bin;C:\Program Files\Haskell Platform\2014.2.0.0\lib\extralibs\bin;C:\Program Files\Haskell Platform\2014.2.0.0\bin;C:\Python34;C:\Program Files\Java\jdk1.8.0_20\bin;C:\ProgramData\Oracle\Java\javapath;C:\Windows\system32;C:\Windows;C:\Windows\System32\Wbem;C:\Windows\System32\WindowsPowerShell\v1.0\;C:\Program Files\Haskell Platform\2014.2.0.0\mingw\bin;C:\Program Files (x86)\MiKTeX 2.9\miktex\bin\;C:\Program Files (x86)\Windows Kits\8.1\Windows Performance Toolkit\;C:\Program Files\Microsoft SQL Server\110\Tools\Binn\;C:\Program Files (x86)\Microsoft SDKs\TypeScript\1.0\;C:\Program Files\Microsoft SQL Server\120\Tools\Binn\;C:\Program Files (x86)\Windows Live\Shared;C:\Program Files\MATLAB\R2014b\bin;C:\Program Files (x86)\Git\cmd;C:\Users\Aran\AppData\Roaming\cabal\bin;.;
USERNAME=Aran
OS=Windows_NT
PROCESSOR_IDENTIFIER=Intel64 Family 6 Model 60 Stepping 3, GenuineIntel



---------------  S Y S T E M  ---------------

OS: Windows 8.1 , 64 bit Build 9600 

CPU:total 4 (2 cores per cpu, 2 threads per core) family 6 model 60 stepping 3, cmov, cx8, fxsr, mmx, sse, sse2, sse3, ssse3, sse4.1, sse4.2, popcnt, avx, avx2, aes, clmul, erms, lzcnt, ht, tsc, tscinvbit, bmi1, bmi2

Memory: 4k page, physical 8281560k(3578752k free), swap 15187644k(8313240k free)

vm_info: Java HotSpot(TM) 64-Bit Server VM (25.20-b23) for windows-amd64 JRE (1.8.0_20-b26), built on Jul 30 2014 13:51:23 by "java_re" with MS VC++ 10.0 (VS2010)

time: Sat Mar 21 22:12:18 2015
elapsed time: 62 seconds (0d 0h 1m 2s)

